[1693957682186] [Character] Creating Thomas
[1693957682533] [31m[createMemory][39m I should be asleep until 7am. [0]
[1693957682533] [31m[createMemory][39m It's my job to protect the village. [0]
[1693957682533] [31m[createMemory][39m I need to make sure everyone is safe. [0]
[1693957682534] [31m[createMemory][39m I do the work that no one else wants to do. [0]
[1693957682534] [31m[createMemory][39m I try to be as honest as possible. [0]
[1693957682534] [31m[createMemory][39m I'm not afraid of anything. [0]
[1693957682534] [31m[createMemory][39m I go to bed at 10pm. [0]
[1693957682534] [31m[createMemory][39m I like strawberries. [0]
[1693957682534] [31m[createMemory][39m The village location is 2, -58. [0]
[1693957682534] [31m[createMemory][39m The mine site is at 51, 17. [0]
[1693957682534] [31m[createMemory][39m The lumberyard is at 72, -55.1 [0]
[1693957682535] [31m[createMemory][39m The campsite is at 7, -8.3 [0]
[1693957682535] [31m[createMemory][39m The Nume River flows through the village. [0]
[1693957682535] [31m[createMemory][39m Nume Falls are north of the village, and west of the campsite. [0]
[1693957682535] [31m[createMemory][39m The area is surrounded by forested monutains, filled with wildlife, rivers, and lakes. [0]
[1693957688194] [Character] Thomas created (clm6yo0t10001vdsfxe3bobkw)
[1693957776908] [31m[createMemory][39m Thomas Smith picked up Wood at X: 48.801, Y: 10.02857 [72.8232956]
[1693957782295] [31m[createMemory][39m Thomas Smith picked up Wood at X: 50.83498, Y: 8.869627 [78.20086]
[1693957786711] [31m[createMemory][39m Thomas Smith picked up Wood at X: 53.37447, Y: 8.671637 [82.6413956]
[1693957793315] [31m[createMemory][39m Thomas Smith picked up Wood at X: 52.75897, Y: 12.43302 [89.24121]
