[1695427496708] [Character] Creating Thomas
[1695427497070] [31m[createMemory][39m I should be asleep until 7am. [0]
[1695427497071] [31m[createMemory][39m It's my job to protect the village. [0]
[1695427497071] [31m[createMemory][39m I need to make sure everyone is safe. [0]
[1695427497071] [31m[createMemory][39m I do the work that no one else wants to do. [0]
[1695427497071] [31m[createMemory][39m I try to be as honest as possible. [0]
[1695427497071] [31m[createMemory][39m I'm not afraid of anything. [0]
[1695427497071] [31m[createMemory][39m I go to bed at 10pm. [0]
[1695427497071] [31m[createMemory][39m I like strawberries. [0]
[1695427497071] [31m[createMemory][39m The village location is 2, -58. [0]
[1695427497071] [31m[createMemory][39m The mine site is at 51, 17. [0]
[1695427497071] [31m[createMemory][39m The lumberyard is at 72, -55.1 [0]
[1695427497071] [31m[createMemory][39m The campsite is at 7, -8.3 [0]
[1695427497071] [31m[createMemory][39m The Nume River flows through the village. [0]
[1695427497071] [31m[createMemory][39m Nume Falls are north of the village, and west of the campsite. [0]
[1695427497071] [31m[createMemory][39m The area is surrounded by forested monutains, filled with wildlife, rivers, and lakes. [0]
[1695427508173] [Character] Thomas created (clmv9r8yb0001vdhzo4ebzqkk)
[1695427554454] [31m[createMemory][39m Thomas Smith sees Tree Stump at X: 52.4, Y: -20.42. [0]
[1695427554481] [31m[createMemory][39m Thomas Smith sees Tree at X: 54.01, Y: -15.6. [0]
[1695427554485] [31m[createMemory][39m Thomas Smith sees Tree at X: 56.09, Y: -15.63. [0]
[1695427554514] [31m[createMemory][39m Thomas Smith sees Lucy Wilde at X: 56.59, Y: -18.82. [0]
[1695427554521] [31m[createMemory][39m Thomas Smith sees Tree at X: 59.01, Y: -15.07. [0]
