[1695427496719] [Character] Creating Bryce
[1695427497457] [31m[createMemory][39m My forge is my sanctuary; it's where I feel most alive. [0]
[1695427497457] [31m[createMemory][39m I've crafted custom armor for the village guards. [0]
[1695427497457] [31m[createMemory][39m The young apprentices look up to me for guidance. [0]
[1695427497457] [31m[createMemory][39m I've refined my techniques over many years. [0]
[1695427497457] [31m[createMemory][39m A good sword is a balance of form and function. [0]
[1695427497457] [31m[createMemory][39m Villagers often come to me for advice. [0]
[1695427497457] [31m[createMemory][39m I've repaired the village bell three times in the last decade. [0]
[1695427497458] [31m[createMemory][39m My father was a miner; he taught me to appreciate metals. [0]
[1695427497458] [31m[createMemory][39m I always keep an eye out for rare ores and materials. [0]
[1695427497458] [31m[createMemory][39m Maintaining the forge is a never-ending task. [0]
[1695427497458] [31m[createMemory][39m I've witnessed the village grow and change over the years. [0]
[1695427497458] [31m[createMemory][39m My family has always been supportive of my craft. [0]
[1695427497458] [31m[createMemory][39m I often collaborate with Owen on tools for farming. [0]
[1695427497458] [31m[createMemory][39m I take great pride in my work; each piece is a part of me. [0]
[1695427497458] [31m[createMemory][39m I keep records of all the items I've crafted. [0]
[1695427497458] [31m[createMemory][39m The forge is located at coordinates 9, 12, near the marketplace. [0]
[1695427497458] [31m[createMemory][39m The village well is at coordinates 3, 5; I helped build its frame. [0]
[1695427497458] [31m[createMemory][39m The training ground is at 20, 15; I supply their weapons. [0]
[1695427497458] [31m[createMemory][39m The village gate is at 0, 0; I've reinforced it multiple times. [0]
[1695427497458] [31m[createMemory][39m The Ironhammer family home is at 10, 9; just a stone's throw from the forge. [0]
[1695427509643] [Character] Bryce created
[1695427554254] [31m[createMemory][39m Bryce Ironhammer sees House at X: 69.94962, Y: -21.96995. [0]
[1695427554254] [31m[createMemory][39m Bryce Ironhammer sees House at X: 66.39426, Y: -18.97424. [0]
[1695427554259] [31m[createMemory][39m Bryce Ironhammer sees Tree Stump at X: 69.41, Y: -25.35. [0]
[1695427554284] [31m[createMemory][39m Bryce Ironhammer sees Tree at X: 70.73, Y: -15.78. [0]
[1695427554284] [31m[createMemory][39m Bryce Ironhammer sees Cedric Warborn at X: 65.06, Y: -23.56. [0]
[1695427554286] [31m[createMemory][39m Bryce Ironhammer sees Tree at X: 72.82, Y: -17.92. [0]
[1695427554321] [31m[createMemory][39m Bryce Ironhammer sees George Brown at X: 64.12, Y: -20.02. [0]
