[1695427496713] [Character] Creating Lucy
[1695427497443] [31m[createMemory][39m The feel of the axe in my hand is like an extension of myself. [0]
[1695427497443] [31m[createMemory][39m I remember the tallest tree I've ever felled, stood mighty for over a century. [0]
[1695427497443] [31m[createMemory][39m The forest whispers its secrets if you're patient enough to listen. [0]
[1695427497443] [31m[createMemory][39m The village depends on our timber, it's a responsibility I don't take lightly. [0]
[1695427497443] [31m[createMemory][39m Thomas once tried to chop wood, it was amusing to say the least. [0]
[1695427497443] [31m[createMemory][39m Nothing beats the smell of fresh-cut timber in the morning. [0]
[1695427497443] [31m[createMemory][39m I've carved symbols on some trees, marking special moments of my life. [0]
[1695427497443] [31m[createMemory][39m Will reminds me of when I was young, eager to learn and prove myself. [0]
[1695427497443] [31m[createMemory][39m I've saved more than a few animals stuck or hurt, the forest is their home. [0]
[1695427497443] [31m[createMemory][39m George and I have shared tales over campfires many nights. [0]
[1695427497443] [31m[createMemory][39m Rain or shine, the trees await and work must be done. [0]
[1695427497443] [31m[createMemory][39m I respect the forest, only taking what's necessary and planting twice as much. [0]
[1695427497443] [31m[createMemory][39m Every lumberjack has a favorite axe; mine's named 'Whisper'. [0]
[1695427497445] [31m[createMemory][39m The creaking sound a tree makes just before it falls is both eerie and beautiful. [0]
[1695427497445] [31m[createMemory][39m At times, the forest feels alive, watching, and I'm just a small part of its vast story. [0]
[1695427509513] [Character] Lucy created
[1695427553963] [31m[createMemory][39m Lucy Wilde sees House at X: 59.514, Y: -24.01099. [0]
[1695427553963] [31m[createMemory][39m Lucy Wilde sees Tree Stump at X: 52.4, Y: -20.42. [0]
[1695427553994] [31m[createMemory][39m Lucy Wilde sees Tree at X: 54.01, Y: -15.6. [0]
[1695427553995] [31m[createMemory][39m Lucy Wilde sees Tree at X: 59.01, Y: -15.07. [0]
[1695427553999] [31m[createMemory][39m Lucy Wilde sees Thomas Smith at X: 55.25, Y: -18.75. [0]
[1695427554000] [31m[createMemory][39m Lucy Wilde sees Tree at X: 56.09, Y: -15.63. [0]
