[1695427496718] [Character] Creating Eleanor
[1695427497398] [31m[createMemory][39m I never miss a target; my training ensures it. [0]
[1695427497398] [31m[createMemory][39m My bow, Windstrike, has been my companion since my teenage years. [0]
[1695427497398] [31m[createMemory][39m I've helped my village fend off countless bandit attacks. [0]
[1695427497398] [31m[createMemory][39m I can navigate the Everwood Forest without a map. [0]
[1695427497398] [31m[createMemory][39m Herbal remedies are as important to me as my arrows. [0]
[1695427497398] [31m[createMemory][39m I have a keen eye for strategy; it's saved us more than once. [0]
[1695427497398] [31m[createMemory][39m I've trained young archers in my village. [0]
[1695427497398] [31m[createMemory][39m The thrill of the hunt is a familiar friend. [0]
[1695427497398] [31m[createMemory][39m Loyalty to my allies is my unwavering principle. [0]
[1695427497398] [31m[createMemory][39m Understanding the terrain can turn the tide of any battle. [0]
[1695427497398] [31m[createMemory][39m I've crafted my own arrows from rare materials. [0]
[1695427497398] [31m[createMemory][39m I have a deep connection to the natural world around me. [0]
[1695427497398] [31m[createMemory][39m My family are renowned hunters; it runs in our blood. [0]
[1695427497398] [31m[createMemory][39m Enemy or prey, neither hear me approach. [0]
[1695427497398] [31m[createMemory][39m I keep a journal detailing different battle strategies. [0]
[1695427497398] [31m[createMemory][39m Our village is located by the Great Lake, coordinates 30, -20. [0]
[1695427497398] [31m[createMemory][39m The Everwood Forest is a sprawling wilderness at 60, 40. [0]
[1695427497398] [31m[createMemory][39m A hidden waterfall lies at the coordinates 35, -10; it's my sanctuary. [0]
[1695427497398] [31m[createMemory][39m Our enemies' base is at 50, 60. I've scouted it. [0]
[1695427497398] [31m[createMemory][39m The bustling market square is at 25, 0; where I buy rare arrow materials. [0]
[1695427509866] [Character] Eleanor created
[1695427553807] [31m[createMemory][39m Eleanor Wraithwind sees Tree at X: 38.63, Y: -11.64. [0]
[1695427553829] [31m[createMemory][39m Eleanor Wraithwind sees Tree at X: 38.75, Y: -9.01. [0]
[1695427553850] [31m[createMemory][39m Eleanor Wraithwind sees Tree at X: 41.03, Y: -11.7. [0]
[1695427553962] [31m[createMemory][39m Eleanor Wraithwind sees Tree at X: 48.84, Y: -7.200001. [0]
[1695427553994] [31m[createMemory][39m Eleanor Wraithwind sees Tree at X: 42.72, Y: -12.97. [0]
