[1694563181308] [Character] Creating George
[1694563181989] [31m[createMemory][39m George Brown is quite tired today. [0]
[1694563181989] [31m[createMemory][39m Working in the mines is tough but rewarding. [0]
[1694563181989] [31m[createMemory][39m I've been friends with Thomas for a long time. [0]
[1694563181989] [31m[createMemory][39m Safety in the mines is a top priority for me. [0]
[1694563181989] [31m[createMemory][39m I've discovered some rare minerals during my time here. [0]
[1694563181989] [31m[createMemory][39m I'm usually one of the first to arrive at the mine site. [0]
[1694563181989] [31m[createMemory][39m My family has been mining for generations. [0]
[1694563181989] [31m[createMemory][39m I enjoy a cold beverage after a long day in the mines. [0]
[1694563181989] [31m[createMemory][39m I've been taught traditional mining songs by the older miners. [0]
[1694563181989] [31m[createMemory][39m I've saved up to buy a house near the village. [0]
[1694563181989] [31m[createMemory][39m I know a secret tunnel in the mine that few know about. [0]
[1694563181989] [31m[createMemory][39m It's important to have the right tools for the job. [0]
[1694563181989] [31m[createMemory][39m I take pride in my work and look after my equipment. [0]
[1694563181989] [31m[createMemory][39m I sometimes join Thomas and others for a meal after work. [0]
[1694563181990] [31m[createMemory][39m I've had a few close calls, but always came out safe. [0]
[1694563181990] [31m[createMemory][39m The village festivities are something I look forward to every year. [0]
[1694563187937] [Character] George created
[1694563199887] [31m[createMemory][39m George Brown sees Tree at X: 18.81, Y: -50.7. [0.0199999921]
[1694563202738] --- Prompt ---
[1694563202740] Character: 
- ID: A2
- Name: George Brown
- Age: 28
- Occupation: Miner
- Personality: Hardworking, Loyal, Reserved

Location: 16.56, -56.03

Time: Day 0, 12:00 AM

Energy: Fully Rested

Hunger: Starving

Environment:
- Tree (Health: 10/10) [Location: 18.81, -50.7, Direction: W,  Distance: 5.8m]
- Tree Stump (Health: 5/5) [Location: 21.23, -50.62, Direction: NW,  Distance: 7.1m]
- Tree (Health: 10/10) [Location: 16.59, -48.77, Direction: W,  Distance: 7.3m]
- Tree (Health: 10/10) [Location: 12.6, -49.3, Direction: W,  Distance: 7.8m]
- Tree (Health: 10/10) [Location: 20.55, -48.68, Direction: NW,  Distance: 8.4m]

Inventory (4/10):
- Axe x 1
- Pickaxe x 1
- Sword x 1
- Berries x 1

Tasks:
[
  {
    "task": "Carry out your daily dutiies",
    "priority": 1
  },
  {
    "task": "Catch up with other villagers",
    "priority": 2
  },
  {
    "task": "Maintain a healthy lifestyle",
    "priority": 3
  }
]

Memories:
- I've been friends with Thomas for a long time. [0 minutes ago]
- Working in the mines is tough but rewarding. [0 minutes ago]
- It's important to have the right tools for the job. [0 minutes ago]
- I sometimes join Thomas and others for a meal after work. [0 minutes ago]
- George Brown is quite tired today. [0 minutes ago]
- I've had a few close calls, but always came out safe. [0 minutes ago]
- I've discovered some rare minerals during my time here. [0 minutes ago]
- I've been taught traditional mining songs by the older miners. [0 minutes ago]
- My family has been mining for generations. [0 minutes ago]
- I take pride in my work and look after my equipment. [0 minutes ago]
- George Brown sees Tree at X: 18.81, Y: -50.7. [in the future]

Available Actions:
- move_to: Move to a target location
- drop_axe: Drop Axe onto the ground.
- drop_pickaxe: Drop Pickaxe onto the ground.
- drop_sword: Drop Sword onto the ground.
- eat: Eat some food.
- drop_berries: Drop Berries onto the ground.

Given the available information, update your task list. Take into consideration the time of day, environment, personality of the character, and more. Replace the entire JSON array by removing completed tasks, updating existing tasks with new information and priorities, and create new tasks based on the provided info. Keep the list as concise as possible. Remember focus on the time of day to adjust priorities.
[1694563214280] --- Response ---
[1694563214280] Updated Tasks: 
[1694563214280] [
  {
    "task": "Eat some food",
    "priority": 1
  },
  {
    "task": "Carry out your daily duties",
    "priority": 2
  },
  {
    "task": "Find more food",
    "priority": 3
  },
  {
    "task": "Catch up with other villagers",
    "priority": 4
  },
  {
    "task": "Maintain a healthy lifestyle",
    "priority": 5
  }
]
[1694563216997] --- Prompt ---
[1694563216999] Character: 
- ID: A2
- Name: George Brown
- Age: 28
- Occupation: Miner
- Personality: Hardworking, Loyal, Reserved

Location: 16.56, -56.03

Time: Day 0, 12:00 AM

Energy: Fully Rested

Hunger: Starving

Environment:
- Tree (Health: 10/10) [Direction: W, Distance: 5.8m]
- Tree Stump (Health: 5/5) [Direction: NW, Distance: 7.1m]
- Tree (Health: 10/10) [Direction: W, Distance: 7.3m]
- Tree (Health: 10/10) [Direction: W, Distance: 7.8m]
- Tree (Health: 10/10) [Direction: NW, Distance: 8.4m]

Inventory (4/10):
- Axe x 1
- Pickaxe x 1
- Sword x 1
- Berries x 1

Tasks:
[
  {
    "task": "Carry out your daily dutiies",
    "priority": 1
  },
  {
    "task": "Catch up with other villagers",
    "priority": 2
  },
  {
    "task": "Maintain a healthy lifestyle",
    "priority": 3
  }
]

Memories:
- George Brown sees Tree at X: 18.81, Y: -50.7. [in the future]
- I've been taught traditional mining songs by the older miners. [0 minutes ago]
- I take pride in my work and look after my equipment. [0 minutes ago]
- My family has been mining for generations. [0 minutes ago]
- I've discovered some rare minerals during my time here. [0 minutes ago]
- I've had a few close calls, but always came out safe. [0 minutes ago]
- George Brown is quite tired today. [0 minutes ago]
- I sometimes join Thomas and others for a meal after work. [0 minutes ago]
- It's important to have the right tools for the job. [0 minutes ago]
- Working in the mines is tough but rewarding. [0 minutes ago]

Given the available information, pick the best available action function to accomplish your tasks.


[1694563216999] --- Action Functions ---
[1694563217004] [
  {
    "name": "move_to",
    "description": "Move to a target location",
    "parameters": {
      "type": "object",
      "properties": {
        "characterId": {
          "type": "string",
          "description": "The character ID of the character that is adding the item to the chest."
        },
        "x": {
          "type": "number",
          "description": "The X coordinate of the target location."
        },
        "y": {
          "type": "number",
          "description": "The Y coordinate of the target location."
        }
      }
    }
  },
  {
    "name": "drop_axe",
    "description": "Drop Axe onto the ground.",
    "parameters": {
      "type": "object",
      "properties": {
        "characterId": {
          "type": "string",
          "description": "The character ID of the character that is adding the item to the chest."
        },
        "itemId": {
          "type": "string",
          "description": "The item ID of the item that is being added to the chest. Must be lowercase.",
          "values": [
            "wood",
            "stone",
            "iron",
            "diamond",
            "copper",
            "coal",
            "axe",
            "pickaxe",
            "sword",
            "berries"
          ]
        }
      }
    }
  },
  {
    "name": "drop_pickaxe",
    "description": "Drop Pickaxe onto the ground.",
    "parameters": {
      "type": "object",
      "properties": {
        "characterId": {
          "type": "string",
          "description": "The character ID of the character that is adding the item to the chest."
        },
        "itemId": {
          "type": "string",
          "description": "The item ID of the item that is being added to the chest. Must be lowercase.",
          "values": [
            "wood",
            "stone",
            "iron",
            "diamond",
            "copper",
            "coal",
            "axe",
            "pickaxe",
            "sword",
            "berries"
          ]
        }
      }
    }
  },
  {
    "name": "drop_sword",
    "description": "Drop Sword onto the ground.",
    "parameters": {
      "type": "object",
      "properties": {
        "characterId": {
          "type": "string",
          "description": "The character ID of the character that is adding the item to the chest."
        },
        "itemId": {
          "type": "string",
          "description": "The item ID of the item that is being added to the chest. Must be lowercase.",
          "values": [
            "wood",
            "stone",
            "iron",
            "diamond",
            "copper",
            "coal",
            "axe",
            "pickaxe",
            "sword",
            "berries"
          ]
        }
      }
    }
  },
  {
    "name": "eat",
    "description": "Eat some food.",
    "parameters": {
      "type": "object",
      "properties": {
        "characterId": {
          "type": "string",
          "description": "The character ID of the character that is adding the item to the chest."
        },
        "foodId": {
          "type": "string",
          "description": "The food ID of the food to be eaten.",
          "values": [
            "berries"
          ]
        }
      }
    }
  },
  {
    "name": "drop_berries",
    "description": "Drop Berries onto the ground.",
    "parameters": {
      "type": "object",
      "properties": {
        "characterId": {
          "type": "string",
          "description": "The character ID of the character that is adding the item to the chest."
        },
        "itemId": {
          "type": "string",
          "description": "The item ID of the item that is being added to the chest. Must be lowercase.",
          "values": [
            "wood",
            "stone",
            "iron",
            "diamond",
            "copper",
            "coal",
            "axe",
            "pickaxe",
            "sword",
            "berries"
          ]
        }
      }
    }
  }
]
