[1695366321067] [Character] Creating Harold
[1695366321745] [31m[createMemory][39m Life on the sea teaches you the meaning of hard work and danger. [0]
[1695366321745] [31m[createMemory][39m I built my own fishing boat, took me two summers. [0]
[1695366321745] [31m[createMemory][39m Never underestimate the ocean. She’s as loving as she is fierce. [0]
[1695366321745] [31m[createMemory][39m The day I retired was bitter-sweet. I miss the sea, but I've earned my rest. [0]
[1695366321745] [31m[createMemory][39m Every wrinkle tells a story, and boy, do I have many. [0]
[1695366321745] [31m[createMemory][39m I once caught a fish so big, it could've fed the village for a week. [0]
[1695366321745] [31m[createMemory][39m Storms are nature's way of testing your mettle. I’ve faced my share. [0]
[1695366321745] [31m[createMemory][39m I've navigated by the stars, they're more reliable than any modern gadget. [0]
[1695366321745] [31m[createMemory][39m My grandson Eli reminds me of myself at his age, full of wonder. [0]
[1695366321745] [31m[createMemory][39m My old compass has never failed me. A gift from my late wife. [0]
[1695366321745] [31m[createMemory][39m You measure a man not by his words, but by his deeds. [0]
[1695366321745] [31m[createMemory][39m I’ve seen sunsets on the water that make you believe in a higher power. [0]
[1695366321745] [31m[createMemory][39m My hands may be weathered, but they’re strong and have stories to tell. [0]
[1695366321745] [31m[createMemory][39m Life has tides, high and low. The trick is to sail regardless. [0]
[1695366321745] [31m[createMemory][39m A good fisherman knows when to speak and when to listen. Mostly listen. [0]
[1695366332283] [Character] Harold created
[1695366474016] [31m[createMemory][39m Harold Smith sees Tree at X: 86.38, Y: -29.74. [0]
[1695366474016] [31m[createMemory][39m Harold Smith sees John Swift at X: 86.86, Y: -25.06. [0]
[1695366482605] --- Prompt ---
[1695366482606] Character: 
- ID: A7
- Name: Harold Smith
- Age: 75
- Occupation: Retired Fisherman
- Personality: Wise, Stoic, Resourceful

Location: 85.76, -25.2

Time: Day 0, 12:00 AM

Energy: Fully Rested

Hunger: Satisfied

Environment:
- John Swift (Health: 25/25) [Location: 86.86, -25.06, Direction: N,  Distance: 1.1m]
- Tree (Health: 10/10) [Location: 86.38, -29.74, Direction: N,  Distance: 4.6m]
- Tree (Health: 10/10) [Location: 84.09999, -17.98, Direction: N,  Distance: 7.4m]
- Tree (Health: 10/10) [Location: 90.05, -31.45, Direction: N,  Distance: 7.6m]
- Tree (Health: 10/10) [Location: 80.95, -18.12, Direction: N,  Distance: 8.6m]

Inventory (4/10):
- Axe x 1
- Pickaxe x 1
- Sword x 1
- Berries x 1

Tasks:
[
  {
    "task": "Carry out your daily dutiies",
    "priority": 1
  },
  {
    "task": "Catch up with other villagers",
    "priority": 2
  },
  {
    "task": "Maintain a healthy lifestyle",
    "priority": 3
  }
]

Memories:
- Every wrinkle tells a story, and boy, do I have many. [just now]
- Life has tides, high and low. The trick is to sail regardless. [just now]
- I built my own fishing boat, took me two summers. [just now]
- Storms are nature's way of testing your mettle. I’ve faced my share. [just now]
- I’ve seen sunsets on the water that make you believe in a higher power. [just now]
- You measure a man not by his words, but by his deeds. [just now]
- My old compass has never failed me. A gift from my late wife. [just now]
- I once caught a fish so big, it could've fed the village for a week. [just now]
- Never underestimate the ocean. She’s as loving as she is fierce. [just now]
- I've navigated by the stars, they're more reliable than any modern gadget. [just now]
- Harold Smith sees Tree at X: 86.38, Y: -29.74. [just now]
- Harold Smith sees John Swift at X: 86.86, Y: -25.06. [just now]

Available Actions:
- move_to: Move to a target location
- drop_axe: Drop Axe onto the ground.
- drop_pickaxe: Drop Pickaxe onto the ground.
- drop_sword: Drop Sword onto the ground.
- eat: Eat some food.
- drop_berries: Drop Berries onto the ground.
- start_conversation: Start a conversation with John Swift (ID: A8).

Hitbox (what you would hit with a swing based action):
- John Swift (Health: 25/25)

Given the available information, update your task list. Take into consideration the time of day, environment, personality of the character, and more. Replace the entire JSON array by removing completed tasks, updating existing tasks with new information and priorities, and create new tasks based on the provided info. Keep the list as concise as possible. Remember focus on the time of day to adjust priorities.
[1695366497427] --- Response ---
[1695366497427] Updated Tasks: 
[1695366497428] [
  {
    "task": "Start a conversation with John Swift",
    "priority": 1
  },
  {
    "task": "Carry out your daily duties",
    "priority": 2
  },
  {
    "task": "Maintain a healthy lifestyle",
    "priority": 3
  },
  {
    "task": "Relax and enjoy the nature around you",
    "priority": 4
  },
  {
    "task": "Catch up with other villagers",
    "priority": 5
  },
  {
    "task": "Reflect on past memories",
    "priority": 6
  }
]
[1695366500095] --- Prompt ---
[1695366500097] Character: 
- ID: A7
- Name: Harold Smith
- Age: 75
- Occupation: Retired Fisherman
- Personality: Wise, Stoic, Resourceful

Location: 85.76, -25.2

Time: Day 0, 12:00 AM

Energy: Fully Rested

Hunger: Satisfied

Environment:
- John Swift (Health: 25/25) [Direction: N, Distance: 1.1m]
- Tree (Health: 10/10) [Direction: N, Distance: 4.6m]
- Tree (Health: 10/10) [Direction: N, Distance: 7.4m]
- Tree (Health: 10/10) [Direction: N, Distance: 7.6m]
- Tree (Health: 10/10) [Direction: N, Distance: 8.6m]

Inventory (4/10):
- Axe x 1
- Pickaxe x 1
- Sword x 1
- Berries x 1

Tasks:
[
  {
    "task": "Carry out your daily dutiies",
    "priority": 1
  },
  {
    "task": "Catch up with other villagers",
    "priority": 2
  },
  {
    "task": "Maintain a healthy lifestyle",
    "priority": 3
  }
]

Memories:
- You measure a man not by his words, but by his deeds. [just now]
- Harold Smith sees John Swift at X: 86.86, Y: -25.06. [just now]
- Harold Smith sees Tree at X: 86.38, Y: -29.74. [just now]
- I've navigated by the stars, they're more reliable than any modern gadget. [just now]
- Never underestimate the ocean. She’s as loving as she is fierce. [just now]
- I once caught a fish so big, it could've fed the village for a week. [just now]
- My old compass has never failed me. A gift from my late wife. [just now]
- I’ve seen sunsets on the water that make you believe in a higher power. [just now]
- Storms are nature's way of testing your mettle. I’ve faced my share. [just now]
- I built my own fishing boat, took me two summers. [just now]

Hitbox (what you would hit with a swing based action):
- John Swift (Health: 25/25)

Given the available information, pick the best available action function to accomplish your tasks.


[1695366500097] --- Action Functions ---
[1695366500098] [
  {
    "name": "move_to",
    "description": "Move to a target location",
    "parameters": {
      "type": "object",
      "properties": {
        "characterId": {
          "type": "string",
          "description": "The character ID of the character that is adding the item to the chest."
        },
        "x": {
          "type": "number",
          "description": "The X coordinate of the target location."
        },
        "y": {
          "type": "number",
          "description": "The Y coordinate of the target location."
        }
      }
    }
  },
  {
    "name": "drop_axe",
    "description": "Drop Axe onto the ground.",
    "parameters": {
      "type": "object",
      "properties": {
        "characterId": {
          "type": "string",
          "description": "The character ID of the character that is adding the item to the chest."
        },
        "itemId": {
          "type": "string",
          "description": "The item ID of the item that is being added to the chest. Must be lowercase.",
          "values": [
            "wood",
            "stone",
            "iron",
            "diamond",
            "copper",
            "coal",
            "axe",
            "pickaxe",
            "sword",
            "berries"
          ]
        }
      }
    }
  },
  {
    "name": "drop_pickaxe",
    "description": "Drop Pickaxe onto the ground.",
    "parameters": {
      "type": "object",
      "properties": {
        "characterId": {
          "type": "string",
          "description": "The character ID of the character that is adding the item to the chest."
        },
        "itemId": {
          "type": "string",
          "description": "The item ID of the item that is being added to the chest. Must be lowercase.",
          "values": [
            "wood",
            "stone",
            "iron",
            "diamond",
            "copper",
            "coal",
            "axe",
            "pickaxe",
            "sword",
            "berries"
          ]
        }
      }
    }
  },
  {
    "name": "drop_sword",
    "description": "Drop Sword onto the ground.",
    "parameters": {
      "type": "object",
      "properties": {
        "characterId": {
          "type": "string",
          "description": "The character ID of the character that is adding the item to the chest."
        },
        "itemId": {
          "type": "string",
          "description": "The item ID of the item that is being added to the chest. Must be lowercase.",
          "values": [
            "wood",
            "stone",
            "iron",
            "diamond",
            "copper",
            "coal",
            "axe",
            "pickaxe",
            "sword",
            "berries"
          ]
        }
      }
    }
  },
  {
    "name": "eat",
    "description": "Eat some food.",
    "parameters": {
      "type": "object",
      "properties": {
        "characterId": {
          "type": "string",
          "description": "The character ID of the character that is adding the item to the chest."
        },
        "foodId": {
          "type": "string",
          "description": "The food ID of the food to be eaten.",
          "values": [
            "berries"
          ]
        }
      }
    }
  },
  {
    "name": "drop_berries",
    "description": "Drop Berries onto the ground.",
    "parameters": {
      "type": "object",
      "properties": {
        "characterId": {
          "type": "string",
          "description": "The character ID of the character that is adding the item to the chest."
        },
        "itemId": {
          "type": "string",
          "description": "The item ID of the item that is being added to the chest. Must be lowercase.",
          "values": [
            "wood",
            "stone",
            "iron",
            "diamond",
            "copper",
            "coal",
            "axe",
            "pickaxe",
            "sword",
            "berries"
          ]
        }
      }
    }
  },
  {
    "name": "start_conversation",
    "description": "Start a conversation with John Swift (ID: A8).",
    "parameters": {
      "type": "object",
      "properties": {
        "characterId": {
          "type": "string",
          "description": "The character ID of the character that is initiating the conversation."
        },
        "targetCharacterId": {
          "type": "string",
          "description": "The character ID of the target character."
        },
        "conversationGoal": {
          "type": "string",
          "description": "Describe a hypothesis for precisely what you hope to get out of this conversation with Human (7) in detail."
        }
      }
    }
  }
]
[1695366505522] [31mAgent A7 is already occupied. Skipping...[39m
[1695366505580] [31m[createMemory][39m John Swift started a conversation with me. [21.2286148]
[1695366517041] [35m[CORTEX] Harold Smith - Prior Message: [39mHarold, I found something interesting on the map. There are some ancient ruins in the west. Pack your gear, we're heading there tomorrow.
[1695366517041] [35m[CORTEX] Harold Smith - Patience: [39m100
[1695366517041] [35m[CORTEX] Harold Smith - Conversation Goal: [39mfiguring out why John Swift started a conversation with them.
[1695366517041] [35m[CORTEX] Harold Smith - Conversation Finished: [39mfalse
[1695366521412] [35m[CORTEX] Harold Smith - Feel: [39mI feel intrigued by the idea of exploring ancient ruins with John Swift. It's a fresh adventure.
[1695366528791] [35m[CORTEX] Harold Smith - Plan: [39m Harold Smith is planning to prepare his gear for the journey and make sure they are well-equipped for the exploration. He will also consider bringing his trusty old compass as it has always guided him well. He is thinking about the ancient ruins and what stories they might hold.
