[1695442423918] [Character] Creating Bryce
[1695442424653] [31m[createMemory][39m My forge is my sanctuary; it's where I feel most alive. [0]
[1695442424653] [31m[createMemory][39m I've crafted custom armor for the village guards. [0]
[1695442424653] [31m[createMemory][39m The young apprentices look up to me for guidance. [0]
[1695442424654] [31m[createMemory][39m I've refined my techniques over many years. [0]
[1695442424654] [31m[createMemory][39m A good sword is a balance of form and function. [0]
[1695442424654] [31m[createMemory][39m Villagers often come to me for advice. [0]
[1695442424654] [31m[createMemory][39m I've repaired the village bell three times in the last decade. [0]
[1695442424654] [31m[createMemory][39m My father was a miner; he taught me to appreciate metals. [0]
[1695442424654] [31m[createMemory][39m I always keep an eye out for rare ores and materials. [0]
[1695442424654] [31m[createMemory][39m Maintaining the forge is a never-ending task. [0]
[1695442424654] [31m[createMemory][39m I've witnessed the village grow and change over the years. [0]
[1695442424654] [31m[createMemory][39m My family has always been supportive of my craft. [0]
[1695442424654] [31m[createMemory][39m I often collaborate with Owen on tools for farming. [0]
[1695442424654] [31m[createMemory][39m I take great pride in my work; each piece is a part of me. [0]
[1695442424654] [31m[createMemory][39m I keep records of all the items I've crafted. [0]
[1695442424654] [31m[createMemory][39m The forge is located at coordinates 9, 12, near the marketplace. [0]
[1695442424654] [31m[createMemory][39m The village well is at coordinates 3, 5; I helped build its frame. [0]
[1695442424654] [31m[createMemory][39m The training ground is at 20, 15; I supply their weapons. [0]
[1695442424654] [31m[createMemory][39m The village gate is at 0, 0; I've reinforced it multiple times. [0]
[1695442424654] [31m[createMemory][39m The Ironhammer family home is at 10, 9; just a stone's throw from the forge. [0]
[1695442437748] [Character] Bryce created
[1695442451352] [31m[createMemory][39m Bryce Ironhammer sees Tree at X: 65.73, Y: -11.68. [0]
[1695442451354] [31m[createMemory][39m Bryce Ironhammer sees Tree at X: 69.89, Y: -6.34. [0]
[1695442451354] [31m[createMemory][39m Bryce Ironhammer sees Tree at X: 65.95998, Y: -9.210001. [0]
[1695442451354] [31m[createMemory][39m Bryce Ironhammer sees Stone Ore Deposit (Large) at X: 63.34, Y: -6.809999. [0]
[1695442451354] [31m[createMemory][39m Bryce Ironhammer sees Stone Ore Deposit (Small) at X: 62.05, Y: -5.25. [0]
[1695442451380] [31m[createMemory][39m Bryce Ironhammer sees Stone Ore Deposit (Medium) at X: 64.41, Y: -4.48. [0]
[1695442451383] [31m[createMemory][39m Bryce Ironhammer sees Tree at X: 68, Y: -5.779999. [0]
[1695442451384] [31m[createMemory][39m Bryce Ironhammer sees Tree at X: 60.96, Y: -10.67. [0]
[1695442459192] --- Prompt ---
[1695442459195] Character: 
- ID: A11
- Name: Bryce Ironhammer
- Age: 42
- Occupation: Blacksmith
- Personality: Skilled, Wise, Resilient

Location: 64.67, -7.09

Time: Day 0, 12:00 AM

Energy: Fully Rested

Hunger: Satisfied

Environment:
- Stone Ore Deposit (Large) (Health: 10/10) [Location: 63.34, -6.809999, Direction: N,  Distance: 1.4m]
- Tree (Health: 10/10) [Location: 65.95998, -9.210001, Direction: N,  Distance: 2.5m]
- Stone Ore Deposit (Medium) (Health: 10/10) [Location: 64.41, -4.48, Direction: N,  Distance: 2.6m]
- Stone Ore Deposit (Small) (Health: 5/5) [Location: 62.05, -5.25, Direction: N,  Distance: 3.2m]
- Tree (Health: 10/10) [Location: 68, -5.779999, Direction: N,  Distance: 3.6m]
- Tree (Health: 10/10) [Location: 65.73, -11.68, Direction: N,  Distance: 4.7m]
- Tree (Health: 10/10) [Location: 60.96, -10.67, Direction: N,  Distance: 5.2m]
- Tree (Health: 10/10) [Location: 69.89, -6.34, Direction: N,  Distance: 5.3m]
- Tree (Health: 10/10) [Location: 67.12999, -1.68, Direction: N,  Distance: 5.9m]
- Tree (Health: 10/10) [Location: 58.63, -7.990002, Direction: N,  Distance: 6.1m]
- Tree (Health: 10/10) [Location: 68.75, -2.540001, Direction: N,  Distance: 6.1m]
- Tree (Health: 10/10) [Location: 63.73, -1.009998, Direction: N,  Distance: 6.2m]
- Tree (Health: 10/10) [Location: 58.17, -6.02, Direction: N,  Distance: 6.6m]
- Tree (Health: 10/10) [Location: 63.59, -13.96, Direction: N,  Distance: 7.0m]
- Tree (Health: 10/10) [Location: 66.80001, -13.9, Direction: N,  Distance: 7.1m]
- Tree (Health: 10/10) [Location: 59.08, -2.57, Direction: N,  Distance: 7.2m]
- Tree (Health: 10/10) [Location: 61.84, -0.4499969, Direction: N,  Distance: 7.2m]
- Tree (Health: 10/10) [Location: 61.04, -13.46, Direction: N,  Distance: 7.3m]
- Tree (Health: 10/10) [Location: 58.3, -10.95, Direction: N,  Distance: 7.4m]
- Tree Stump (Health: 5/5) [Location: 68.98999, -1.02, Direction: N,  Distance: 7.5m]
- Tree (Health: 10/10) [Location: 72.33, -7.100002, Direction: N,  Distance: 7.7m]
- Tree (Health: 10/10) [Location: 72.39999, -5.129999, Direction: N,  Distance: 8.0m]
- Tree (Health: 10/10) [Location: 67.94, 0.3400002, Direction: N,  Distance: 8.1m]
- Tree (Health: 10/10) [Location: 56.58, -9.290001, Direction: N,  Distance: 8.4m]
- Tree (Health: 10/10) [Location: 59.15, -0.5999985, Direction: N,  Distance: 8.5m]
- Tree (Health: 10/10) [Location: 56.85, -3.309999, Direction: N,  Distance: 8.7m]

Inventory (4/10):
- Axe x 1
- Pickaxe x 1
- Sword x 1
- Berries x 1

Tasks:
[
  {
    "task": "Mine stone",
    "priority": 1
  },
  {
    "task": "Catch up with other villagers",
    "priority": 2
  },
  {
    "task": "Maintain a healthy lifestyle",
    "priority": 3
  }
]

Memories:
- The village gate is at 0, 0; I've reinforced it multiple times. [just now]
- The Ironhammer family home is at 10, 9; just a stone's throw from the forge. [just now]
- I keep records of all the items I've crafted. [just now]
- The training ground is at 20, 15; I supply their weapons. [just now]
- Villagers often come to me for advice. [just now]
- The village well is at coordinates 3, 5; I helped build its frame. [just now]
- My family has always been supportive of my craft. [just now]
- My father was a miner; he taught me to appreciate metals. [just now]
- I've witnessed the village grow and change over the years. [just now]
- The forge is located at coordinates 9, 12, near the marketplace. [just now]

Available Actions:
- move_to: Move to a target location
- swing_axe: Swing Axe.
- drop_axe: Drop Axe onto the ground.
- swing_pickaxe: Swing Pickaxe.
- drop_pickaxe: Drop Pickaxe onto the ground.
- swing_sword: Swing sword.
- drop_sword: Drop Sword onto the ground.
- eat: Eat some food.
- drop_berries: Drop Berries onto the ground.

Given the available information, update your task list. Take into consideration the time of day, environment, personality of the character, and more. Replace the entire JSON array by removing completed tasks, updating existing tasks with new information and priorities, and create new tasks based on the provided info. Keep the list as concise as possible. Remember focus on the time of day to adjust priorities.
