[1695442424666] [31m[createMemory][39m Today was my first day in the mines. [0]
[1695442424666] [31m[createMemory][39m George and Thomas have been really helpful. [0]
[1695442424666] [31m[createMemory][39m The depth and darkness of the mines can be intimidating. [0]
[1695442424666] [31m[createMemory][39m I accidentally broke a pickaxe on my first day. [0]
[1695442424666] [31m[createMemory][39m The older miners have so many stories to tell. [0]
[1695442424666] [31m[createMemory][39m I've always dreamed of being a miner like my father. [0]
[1695442424666] [31m[createMemory][39m The echo in the mines is fascinating. [0]
[1695442424666] [31m[createMemory][39m I need to remember to wear my helmet at all times. [0]
[1695442424666] [31m[createMemory][39m The village has been supportive of my new journey. [0]
[1695442424666] [31m[createMemory][39m I'm still learning the different routes in the mine. [0]
[1695442424666] [31m[createMemory][39m I was startled by the sound of a mine cart today. [0]
[1695442424666] [31m[createMemory][39m It's tiring, but I'm determined to make everyone proud. [0]
[1695442424666] [31m[createMemory][39m I hope to find a rare gem or mineral soon. [0]
[1695442424666] [31m[createMemory][39m The lanterns light up the mines in such a mysterious way. [0]
[1695442424666] [31m[createMemory][39m I can't wait to tell my family about my adventures here. [0]
[1695442424666] [31m[createMemory][39m Nume Village is located west of the crossroads at 2, -58. [0]
[1695442424666] [31m[createMemory][39m I grew up in Nume Village, it's my home and located at (2, -58) [0]
[1695442424666] [31m[createMemory][39m The mine site is north east of Nume Village, through the forest at 51, 17. [0]
[1695442424666] [31m[createMemory][39m The lumberyard is straight east of Nume Village and located at 72, -55.1 [0]
[1695442424666] [31m[createMemory][39m The campsite is North, but slightly west at 7, -8.3. You'll take a left at the fork in the road. [0]
[1695442437847] [Character] Will created
[1695442451497] [31m[createMemory][39m Will Turner sees Tree at X: 66.29, Y: -52.3. [0]
[1695442451520] [31m[createMemory][39m Will Turner sees Tree Stump at X: 68.73, Y: -53.03. [0]
[1695442451520] [31m[createMemory][39m Will Turner sees Tree at X: 70.29, Y: -49.06001. [0]
[1695442451528] [31m[createMemory][39m Will Turner sees Tree at X: 67.4, Y: -46.53. [0]
[1695442451529] [31m[createMemory][39m Will Turner sees Tree Stump at X: 67.37, Y: -55.27. [0]
[1695442451529] [31m[createMemory][39m Will Turner sees Tree at X: 69.62001, Y: -46.21999. [0]
[1695442451531] [31m[createMemory][39m Will Turner sees Eli Green at X: 67.36, Y: -53.94. [0]
[1695442451532] [31m[createMemory][39m Will Turner sees Chest at X: 72.52, Y: -55.49. [0]
[1695442451535] [31m[createMemory][39m Will Turner sees Tree at X: 74.62, Y: -48.26. [0]
[1695442451609] [31m[createMemory][39m Will Turner sees Tree at X: 74.53, Y: -46.29. [0]
[1695442451638] [31m[createMemory][39m Will Turner sees Tree Stump at X: 73.29, Y: -51.72. [0]
[1695442451639] [31m[createMemory][39m Will Turner sees Tree at X: 65.75, Y: -50.43999. [0]
[1695442451642] [31m[createMemory][39m Will Turner sees Tree at X: 72.12001, Y: -46.02. [0]
[1695442451654] [31m[createMemory][39m Will Turner sees Tree at X: 72.41, Y: -49.68999. [0]
[1695442451655] [31m[createMemory][39m Will Turner sees Tree at X: 75.17, Y: -50.73. [0]
[1695442451655] [31m[createMemory][39m Will Turner sees Tree Stump at X: 75.94, Y: -52.3. [0]
[1695442451666] [31m[createMemory][39m Will Turner sees Tree at X: 67.01, Y: -48.93. [0]
[1695442451682] [31m[createMemory][39m Will Turner sees Tree at X: 68.67, Y: -50.72. [0]
[1695442459404] --- Prompt ---
[1695442459404] Character: 
- ID: A3
- Name: Will Turner
- Age: 19
- Occupation: Apprentice Miner
- Personality: Curious, Eager, Naive

Location: 70.75, -50.73

Time: Day 0, 12:00 AM

Energy: Fully Rested

Hunger: Full

Environment:
- Tree (Health: 10/10) [Location: 70.29, -49.06001, Direction: NW,  Distance: 1.7m]
- Tree (Health: 10/10) [Location: 72.41, -49.68999, Direction: NW,  Distance: 2.0m]
- Tree (Health: 10/10) [Location: 68.67, -50.72, Direction: NW,  Distance: 2.1m]
- Tree Stump (Health: 5/5) [Location: 73.29, -51.72, Direction: NW,  Distance: 2.7m]
- Tree Stump (Health: 5/5) [Location: 68.73, -53.03, Direction: NW,  Distance: 3.1m]
- Tree (Health: 10/10) [Location: 67.01, -48.93, Direction: NW,  Distance: 4.2m]
- Tree (Health: 10/10) [Location: 75.17, -50.73, Direction: NW,  Distance: 4.4m]
- Tree (Health: 10/10) [Location: 74.62, -48.26, Direction: NW,  Distance: 4.6m]
- Tree (Health: 10/10) [Location: 69.62001, -46.21999, Direction: NW,  Distance: 4.6m]
- Eli Green (Health: 25/25) [Location: 67.36, -53.94, Direction: NW,  Distance: 4.7m]
- Tree (Health: 10/10) [Location: 66.29, -52.3, Direction: NW,  Distance: 4.7m]
- Tree (Health: 10/10) [Location: 72.12001, -46.02, Direction: NW,  Distance: 4.9m]
- Tree (Health: 10/10) [Location: 65.75, -50.43999, Direction: NW,  Distance: 5.0m]
- Chest (Health: 10/10) [Location: 72.52, -55.49, Direction: NW,  Distance: 5.1m]
- Tree (Health: 10/10) [Location: 67.4, -46.53, Direction: NW,  Distance: 5.4m]
- Tree Stump (Health: 5/5) [Location: 75.94, -52.3, Direction: NW,  Distance: 5.4m]
- Tree Stump (Health: 5/5) [Location: 67.37, -55.27, Direction: NW,  Distance: 5.7m]
- Tree Stump (Health: 5/5) [Location: 75.36, -54.3, Direction: NW,  Distance: 5.8m]
- Tree (Health: 10/10) [Location: 74.53, -46.29, Direction: NW,  Distance: 5.8m]
- Tree (Health: 10/10) [Location: 65.21, -54.15, Direction: NW,  Distance: 6.5m]
- Tree (Health: 10/10) [Location: 77.33, -49.67, Direction: NW,  Distance: 6.7m]
- Tree (Health: 10/10) [Location: 64.11, -48.97, Direction: NW,  Distance: 6.9m]
- Tree (Health: 10/10) [Location: 77.75, -52.04, Direction: NW,  Distance: 7.1m]
- Eleanor Wraithwind (Health: 25/25) [Location: 77.56, -53.35, Direction: NW,  Distance: 7.3m]
- Tree (Health: 10/10) [Location: 70.58001, -43.32, Direction: NW,  Distance: 7.4m]
- Tree (Health: 10/10) [Location: 67.46999, -43.96, Direction: NW,  Distance: 7.5m]
- Tree (Health: 10/10) [Location: 64.61001, -46.29, Direction: NW,  Distance: 7.6m]
- Tree (Health: 10/10) [Location: 74.19, -43.71, Direction: NW,  Distance: 7.8m]
- Tree Stump (Health: 5/5) [Location: 77.95, -54.21, Direction: NW,  Distance: 8.0m]
- Tree Stump (Health: 5/5) [Location: 76.91, -56.28, Direction: NW,  Distance: 8.3m]
- Tree (Health: 10/10) [Location: 76.3, -44.38, Direction: NW,  Distance: 8.4m]
- Tree (Health: 10/10) [Location: 65.4, -57.25, Direction: NW,  Distance: 8.4m]
- Tree (Health: 10/10) [Location: 77.95, -45.96, Direction: NW,  Distance: 8.6m]

Inventory (4/10):
- Axe x 1
- Pickaxe x 1
- Sword x 1
- Berries x 1

Tasks:
[
  {
    "task": "Chop wood with Eleanor Wraithwind",
    "priority": 1
  },
  {
    "task": "Catch up with other villagers",
    "priority": 2
  },
  {
    "task": "Maintain a healthy lifestyle",
    "priority": 3
  }
]

Memories:
- I accidentally broke a pickaxe on my first day. [just now]
- The echo in the mines is fascinating. [just now]
- The depth and darkness of the mines can be intimidating. [just now]
- I was startled by the sound of a mine cart today. [just now]
- The lumberyard is straight east of Nume Village and located at 72, -55.1 [just now]
- It's tiring, but I'm determined to make everyone proud. [just now]
- I need to remember to wear my helmet at all times. [just now]
- I grew up in Nume Village, it's my home and located at (2, -58) [just now]
- I'm still learning the different routes in the mine. [just now]
- The campsite is North, but slightly west at 7, -8.3. You'll take a left at the fork in the road. [just now]
- I hope to find a rare gem or mineral soon. [just now]
- I've always dreamed of being a miner like my father. [just now]
- Will Turner sees Tree at X: 69.62001, Y: -46.21999. [just now]
- Will Turner sees Tree Stump at X: 67.37, Y: -55.27. [just now]
- Will Turner sees Tree Stump at X: 73.29, Y: -51.72. [just now]

Available Actions:
- move_to: Move to a target location
- swing_axe: Swing Axe.
- drop_axe: Drop Axe onto the ground.
- swing_pickaxe: Swing Pickaxe.
- drop_pickaxe: Drop Pickaxe onto the ground.
- swing_sword: Swing sword.
- drop_sword: Drop Sword onto the ground.
- eat: Eat some food.
- drop_berries: Drop Berries onto the ground.

Given the available information, update your task list. Take into consideration the time of day, environment, personality of the character, and more. Replace the entire JSON array by removing completed tasks, updating existing tasks with new information and priorities, and create new tasks based on the provided info. Keep the list as concise as possible. Remember focus on the time of day to adjust priorities.
