[1695442423914] [Character] Creating Eli
[1695442424575] [31m[createMemory][39m I need to let Thomas know I'm going to explore. He's asked me in the past to let him know just in case I get hurt or lost. [0]
[1695442424575] [31m[createMemory][39m I once found a secret clearing in the woods, it's my personal hideout now. [0]
[1695442424575] [31m[createMemory][39m The world feels so big and full of wonders, I want to see them all! [0]
[1695442424575] [31m[createMemory][39m I saw a deer up close once, our eyes met and we just stared for a moment. [0]
[1695442424575] [31m[createMemory][39m Climbing trees is my favorite! The higher I go, the bigger the world looks. [0]
[1695442424575] [31m[createMemory][39m Lucy showed me how to listen to the forest, it's like it's telling stories. [0]
[1695442424575] [31m[createMemory][39m Every rock and leaf, every bird and bug, feels like a friend to me. [0]
[1695442424575] [31m[createMemory][39m I once got lost, but the stars guided me home. They're like nature's map! [0]
[1695442424576] [31m[createMemory][39m George tells me tales of old, turning every tree and hill into an adventure. [0]
[1695442424576] [31m[createMemory][39m I made a whistle out of a reed! Nature is full of surprises. [0]
[1695442424576] [31m[createMemory][39m The woods in autumn is my favorite. All those colors... like nature's painting! [0]
[1695442424576] [31m[createMemory][39m I wish I could talk to animals. Imagine the stories they'd tell! [0]
[1695442424576] [31m[createMemory][39m I've learned to move silently. That way, nature doesn’t hide from me. [0]
[1695442424576] [31m[createMemory][39m Lucy once said every tree has a story. I'm trying to learn them all. [0]
[1695442424576] [31m[createMemory][39m Rainy days? That's when the forest sings its loudest song! [0]
[1695442424576] [31m[createMemory][39m I dreamt I could fly like a bird, seeing the world from above. Maybe one day... [0]
[1695442437763] [Character] Eli created
[1695442451682] [31m[createMemory][39m Eli Green sees Tree at X: 64.11, Y: -48.97. [0]
[1695442451688] [31m[createMemory][39m Eli Green sees Tree Stump at X: 68.73, Y: -53.03. [0]
[1695442451695] [31m[createMemory][39m Eli Green sees Tree at X: 66.29, Y: -52.3. [0]
[1695442451708] [31m[createMemory][39m Eli Green sees Will Turner at X: 70.75, Y: -50.73. [0]
[1695442451708] [31m[createMemory][39m Eli Green sees Tree at X: 65.21, Y: -54.15. [0]
[1695442451708] [31m[createMemory][39m Eli Green sees Tree at X: 65.4, Y: -57.25. [0]
[1695442451708] [31m[createMemory][39m Eli Green sees Tree Stump at X: 67.37, Y: -55.27. [0]
[1695442451708] [31m[createMemory][39m Eli Green sees Tree at X: 61.99, Y: -53.82. [0]
[1695442451708] [31m[createMemory][39m Eli Green sees Tree at X: 62.7, Y: -56.02. [0]
[1695442451719] [31m[createMemory][39m Eli Green sees Chest at X: 72.52, Y: -55.49. [0]
[1695442451725] [31m[createMemory][39m Eli Green sees Tree at X: 70.29, Y: -49.06001. [0]
[1695442451752] [31m[createMemory][39m Eli Green sees Tree at X: 68.67, Y: -50.72. [0]
[1695442451773] [31m[createMemory][39m Eli Green sees Tree at X: 61.99, Y: -53.82. [0]
[1695442451773] [31m[createMemory][39m Eli Green sees Tree at X: 67.51, Y: -58.39. [0]
[1695442451773] [31m[createMemory][39m Eli Green sees Tree at X: 65.75, Y: -50.43999. [0]
[1695442451773] [31m[createMemory][39m Eli Green sees Tree at X: 67.01, Y: -48.93. [0]
[1695442459400] --- Prompt ---
[1695442459403] Character: 
- ID: A5
- Name: Eli Green
- Age: 12
- Occupation: Explorer
- Personality: Curious, Energetic, Kind-hearted

Location: 67.36, -53.94

Time: Day 0, 12:00 AM

Energy: Fully Rested

Hunger: Full

Environment:
- Tree Stump (Health: 5/5) [Location: 67.37, -55.27, Direction: NW,  Distance: 1.3m]
- Tree Stump (Health: 5/5) [Location: 68.73, -53.03, Direction: NW,  Distance: 1.6m]
- Tree (Health: 10/10) [Location: 66.29, -52.3, Direction: NW,  Distance: 2.0m]
- Tree (Health: 10/10) [Location: 65.21, -54.15, Direction: NW,  Distance: 2.2m]
- Tree (Health: 10/10) [Location: 68.67, -50.72, Direction: NW,  Distance: 3.5m]
- Tree (Health: 10/10) [Location: 65.4, -57.25, Direction: NW,  Distance: 3.8m]
- Tree (Health: 10/10) [Location: 65.75, -50.43999, Direction: NW,  Distance: 3.9m]
- Tree (Health: 10/10) [Location: 67.51, -58.39, Direction: NW,  Distance: 4.5m]
- Will Turner (Health: 25/25) [Location: 70.75, -50.73, Direction: NW,  Distance: 4.7m]
- Tree (Health: 10/10) [Location: 67.01, -48.93, Direction: NW,  Distance: 5.0m]
- Tree (Health: 10/10) [Location: 62.7, -56.02, Direction: NW,  Distance: 5.1m]
- Tree (Health: 10/10) [Location: 61.99, -53.82, Direction: NW,  Distance: 5.4m]
- Tree (Health: 10/10) [Location: 61.99, -53.82, Direction: NW,  Distance: 5.4m]
- Chest (Health: 10/10) [Location: 72.52, -55.49, Direction: NW,  Distance: 5.4m]
- Tree (Health: 10/10) [Location: 70.29, -49.06001, Direction: NW,  Distance: 5.7m]
- Tree (Health: 10/10) [Location: 64.11, -48.97, Direction: NW,  Distance: 5.9m]
- Tree Stump (Health: 5/5) [Location: 64.45, -59.23, Direction: NW,  Distance: 6.0m]
- Tree (Health: 10/10) [Location: 61.65, -51.64, Direction: NW,  Distance: 6.2m]
- Tree Stump (Health: 5/5) [Location: 73.29, -51.72, Direction: NW,  Distance: 6.3m]
- Tree (Health: 10/10) [Location: 72.41, -49.68999, Direction: NW,  Distance: 6.6m]
- Tree (Health: 10/10) [Location: 67.4, -46.53, Direction: NW,  Distance: 7.4m]
- Thomas Smith (Health: 25/25) [Location: 69.63, -61.26, Direction: NW,  Distance: 7.7m]
- Tree Stump (Health: 5/5) [Location: 59.69, -55.25, Direction: NW,  Distance: 7.8m]
- Tree Stump (Health: 5/5) [Location: 75.36, -54.3, Direction: NW,  Distance: 8.0m]
- Tree (Health: 10/10) [Location: 69.62001, -46.21999, Direction: NW,  Distance: 8.0m]
- Tree (Health: 10/10) [Location: 64.61001, -46.29, Direction: NW,  Distance: 8.1m]
- Tree (Health: 10/10) [Location: 59.4, -51.64, Direction: NW,  Distance: 8.3m]
- Tree (Health: 10/10) [Location: 74.12, -58.91, Direction: NW,  Distance: 8.4m]
- Tree Stump (Health: 5/5) [Location: 61.81, -60.27, Direction: NW,  Distance: 8.4m]
- Tree (Health: 10/10) [Location: 75.17, -50.73, Direction: NW,  Distance: 8.4m]
- Tree (Health: 10/10) [Location: 59.77, -49.52, Direction: NW,  Distance: 8.8m]

Inventory (4/10):
- Axe x 1
- Pickaxe x 1
- Sword x 1
- Berries x 1

Tasks:
[
  {
    "task": "Chop wood for the village.",
    "priority": 1
  },
  {
    "task": "Catch up with other villagers",
    "priority": 2
  },
  {
    "task": "Maintain a healthy lifestyle",
    "priority": 3
  }
]

Memories:
- George tells me tales of old, turning every tree and hill into an adventure. [just now]
- I made a whistle out of a reed! Nature is full of surprises. [just now]
- I saw a deer up close once, our eyes met and we just stared for a moment. [just now]
- Every rock and leaf, every bird and bug, feels like a friend to me. [just now]
- I dreamt I could fly like a bird, seeing the world from above. Maybe one day... [just now]
- Rainy days? That's when the forest sings its loudest song! [just now]
- I wish I could talk to animals. Imagine the stories they'd tell! [just now]
- I once found a secret clearing in the woods, it's my personal hideout now. [just now]
- Lucy showed me how to listen to the forest, it's like it's telling stories. [just now]
- Climbing trees is my favorite! The higher I go, the bigger the world looks. [just now]
- Eli Green sees Tree at X: 67.51, Y: -58.39. [just now]
- Eli Green sees Tree Stump at X: 67.37, Y: -55.27. [just now]
- Eli Green sees Tree at X: 61.99, Y: -53.82. [just now]
- Eli Green sees Chest at X: 72.52, Y: -55.49. [just now]
- Eli Green sees Tree at X: 66.29, Y: -52.3. [just now]

Available Actions:
- move_to: Move to a target location
- swing_axe: Swing Axe.
- drop_axe: Drop Axe onto the ground.
- swing_pickaxe: Swing Pickaxe.
- drop_pickaxe: Drop Pickaxe onto the ground.
- swing_sword: Swing sword.
- drop_sword: Drop Sword onto the ground.
- eat: Eat some food.
- drop_berries: Drop Berries onto the ground.

Given the available information, update your task list. Take into consideration the time of day, environment, personality of the character, and more. Replace the entire JSON array by removing completed tasks, updating existing tasks with new information and priorities, and create new tasks based on the provided info. Keep the list as concise as possible. Remember focus on the time of day to adjust priorities.
