[1695442424555] [31m[createMemory][39m I never miss a target; my training ensures it. [0]
[1695442424556] [31m[createMemory][39m My bow, Windstrike, has been my companion since my teenage years. [0]
[1695442424556] [31m[createMemory][39m I've helped my village fend off countless bandit attacks. [0]
[1695442424556] [31m[createMemory][39m I can navigate the Everwood Forest without a map. [0]
[1695442424556] [31m[createMemory][39m Herbal remedies are as important to me as my arrows. [0]
[1695442424557] [31m[createMemory][39m I have a keen eye for strategy; it's saved us more than once. [0]
[1695442424557] [31m[createMemory][39m I've trained young archers in my village. [0]
[1695442424557] [31m[createMemory][39m The thrill of the hunt is a familiar friend. [0]
[1695442424557] [31m[createMemory][39m Loyalty to my allies is my unwavering principle. [0]
[1695442424557] [31m[createMemory][39m Understanding the terrain can turn the tide of any battle. [0]
[1695442424557] [31m[createMemory][39m I've crafted my own arrows from rare materials. [0]
[1695442424557] [31m[createMemory][39m I have a deep connection to the natural world around me. [0]
[1695442424557] [31m[createMemory][39m My family are renowned hunters; it runs in our blood. [0]
[1695442424557] [31m[createMemory][39m Enemy or prey, neither hear me approach. [0]
[1695442424557] [31m[createMemory][39m I keep a journal detailing different battle strategies. [0]
[1695442424557] [31m[createMemory][39m Our village is located by the Great Lake, coordinates 30, -20. [0]
[1695442424557] [31m[createMemory][39m The Everwood Forest is a sprawling wilderness at 60, 40. [0]
[1695442424557] [31m[createMemory][39m A hidden waterfall lies at the coordinates 35, -10; it's my sanctuary. [0]
[1695442424558] [31m[createMemory][39m Our enemies' base is at 50, 60. I've scouted it. [0]
[1695442424558] [31m[createMemory][39m The bustling market square is at 25, 0; where I buy rare arrow materials. [0]
[1695442437610] [Character] Eleanor created
[1695442451350] [31m[createMemory][39m Eleanor Wraithwind sees Tree at X: 81.41, Y: -49.29. [0]
[1695442451353] [31m[createMemory][39m Eleanor Wraithwind sees Tree Stump at X: 76.91, Y: -56.28. [0]
[1695442451367] [31m[createMemory][39m Eleanor Wraithwind sees Tree at X: 79.46, Y: -57.43999. [0]
[1695442451367] [31m[createMemory][39m Eleanor Wraithwind sees Tree at X: 74.62, Y: -48.26. [0]
[1695442451367] [31m[createMemory][39m Eleanor Wraithwind sees Tree at X: 77.33, Y: -49.67. [0]
[1695442451367] [31m[createMemory][39m Eleanor Wraithwind sees Chest at X: 72.52, Y: -55.49. [0]
[1695442451468] [31m[createMemory][39m Eleanor Wraithwind sees Tree Stump at X: 75.36, Y: -54.3. [0]
[1695442451487] [31m[createMemory][39m Eleanor Wraithwind sees Tree at X: 75.17, Y: -50.73. [0]
[1695442451487] [31m[createMemory][39m Eleanor Wraithwind sees Tree Stump at X: 75.94, Y: -52.3. [0]
[1695442451487] [31m[createMemory][39m Eleanor Wraithwind sees Tree at X: 82.63, Y: -51.18. [0]
[1695442451494] [31m[createMemory][39m Eleanor Wraithwind sees Tree Stump at X: 73.29, Y: -51.72. [0]
[1695442451497] [31m[createMemory][39m Eleanor Wraithwind sees Tree Stump at X: 77.95, Y: -54.21. [0]
[1695442451497] [31m[createMemory][39m Eleanor Wraithwind sees Tree at X: 83.26, Y: -53.14. [0]
[1695442451500] [31m[createMemory][39m Eleanor Wraithwind sees Tree at X: 79.84, Y: -54.62. [0]
[1695442451520] [31m[createMemory][39m Eleanor Wraithwind sees Tree at X: 77.75, Y: -52.04. [0]
[1695442451520] [31m[createMemory][39m Eleanor Wraithwind sees Tree at X: 80.34, Y: -51.63. [0]
[1695442459088] --- Prompt ---
[1695442459090] Character: 
- ID: A9
- Name: Eleanor Wraithwind
- Age: 25
- Occupation: Archer
- Personality: Calm, Strategic, Loyal

Location: 77.56, -53.35

Time: Day 0, 12:00 AM

Energy: Fully Rested

Hunger: Starving

Environment:
- Tree Stump (Health: 5/5) [Location: 77.95, -54.21, Direction: NW,  Distance: 0.94m]
- Tree (Health: 10/10) [Location: 77.75, -52.04, Direction: NW,  Distance: 1.3m]
- Tree Stump (Health: 5/5) [Location: 75.94, -52.3, Direction: NW,  Distance: 1.9m]
- Tree Stump (Health: 5/5) [Location: 75.36, -54.3, Direction: NW,  Distance: 2.4m]
- Tree (Health: 10/10) [Location: 79.84, -54.62, Direction: NW,  Distance: 2.6m]
- Tree Stump (Health: 5/5) [Location: 76.91, -56.28, Direction: NW,  Distance: 3.0m]
- Tree (Health: 10/10) [Location: 80.34, -51.63, Direction: NW,  Distance: 3.3m]
- Tree (Health: 10/10) [Location: 75.17, -50.73, Direction: NW,  Distance: 3.5m]
- Tree (Health: 10/10) [Location: 77.33, -49.67, Direction: NW,  Distance: 3.7m]
- Tree (Health: 10/10) [Location: 79.46, -57.43999, Direction: NW,  Distance: 4.5m]
- Tree Stump (Health: 5/5) [Location: 73.29, -51.72, Direction: NW,  Distance: 4.6m]
- Chest (Health: 10/10) [Location: 72.52, -55.49, Direction: NW,  Distance: 5.5m]
- Tree (Health: 10/10) [Location: 82.63, -51.18, Direction: NW,  Distance: 5.5m]
- Tree (Health: 10/10) [Location: 81.41, -49.29, Direction: NW,  Distance: 5.6m]
- Tree (Health: 10/10) [Location: 83.26, -53.14, Direction: NW,  Distance: 5.7m]
- Tree (Health: 10/10) [Location: 74.62, -48.26, Direction: NW,  Distance: 5.9m]
- Tree (Health: 10/10) [Location: 77.47, -59.41, Direction: NW,  Distance: 6.1m]
- Tree (Health: 10/10) [Location: 82.95, -56.33, Direction: NW,  Distance: 6.2m]
- Tree (Health: 10/10) [Location: 72.41, -49.68999, Direction: NW,  Distance: 6.3m]
- Tree (Health: 10/10) [Location: 74.12, -58.91, Direction: NW,  Distance: 6.5m]
- Tree (Health: 10/10) [Location: 84.22, -54.91, Direction: NW,  Distance: 6.8m]
- Tree Stump (Health: 5/5) [Location: 75.18, -59.97, Direction: NW,  Distance: 7.0m]
- Tree (Health: 10/10) [Location: 80.12, -46.78, Direction: NW,  Distance: 7.1m]
- Tree (Health: 10/10) [Location: 84.64, -51.63, Direction: NW,  Distance: 7.3m]
- Will Turner (Health: 25/25) [Location: 70.75, -50.73, Direction: NW,  Distance: 7.3m]
- Tree (Health: 10/10) [Location: 77.95, -45.96, Direction: NW,  Distance: 7.4m]
- Tree (Health: 10/10) [Location: 74.53, -46.29, Direction: NW,  Distance: 7.7m]
- Tree (Health: 10/10) [Location: 83.83, -48.74999, Direction: NW,  Distance: 7.8m]
- Tree Stump (Health: 5/5) [Location: 84.88, -50.10999, Direction: NW,  Distance: 8.0m]
- Tree (Health: 10/10) [Location: 80.15, -60.99, Direction: NW,  Distance: 8.1m]
- Tree (Health: 10/10) [Location: 82.79001, -59.57, Direction: NW,  Distance: 8.1m]
- Tree (Health: 10/10) [Location: 84.66, -57.67001, Direction: NW,  Distance: 8.3m]
- Tree (Health: 10/10) [Location: 70.29, -49.06001, Direction: NW,  Distance: 8.4m]
- Tree Stump (Health: 5/5) [Location: 77.12, -61.78, Direction: NW,  Distance: 8.4m]
- Tree (Health: 10/10) [Location: 82.63, -46.49999, Direction: NW,  Distance: 8.5m]

Inventory (4/10):
- Axe x 1
- Pickaxe x 1
- Sword x 1
- Berries x 1

Tasks:
[
  {
    "task": "Chop wood with Will Turner",
    "priority": 1
  },
  {
    "task": "Catch up with other villagers",
    "priority": 2
  },
  {
    "task": "Maintain a healthy lifestyle",
    "priority": 3
  }
]

Memories:
- I never miss a target; my training ensures it. [just now]
- Understanding the terrain can turn the tide of any battle. [just now]
- I keep a journal detailing different battle strategies. [just now]
- A hidden waterfall lies at the coordinates 35, -10; it's my sanctuary. [just now]
- The Everwood Forest is a sprawling wilderness at 60, 40. [just now]
- I've crafted my own arrows from rare materials. [just now]
- Enemy or prey, neither hear me approach. [just now]
- Loyalty to my allies is my unwavering principle. [just now]
- I can navigate the Everwood Forest without a map. [just now]
- I have a deep connection to the natural world around me. [just now]
- Eleanor Wraithwind sees Tree at X: 75.17, Y: -50.73. [just now]
- Eleanor Wraithwind sees Tree Stump at X: 75.94, Y: -52.3. [just now]
- Eleanor Wraithwind sees Tree Stump at X: 77.95, Y: -54.21. [just now]
- Eleanor Wraithwind sees Chest at X: 72.52, Y: -55.49. [just now]

Available Actions:
- move_to: Move to a target location
- swing_axe: Swing Axe.
- drop_axe: Drop Axe onto the ground.
- swing_pickaxe: Swing Pickaxe.
- drop_pickaxe: Drop Pickaxe onto the ground.
- swing_sword: Swing sword.
- drop_sword: Drop Sword onto the ground.
- eat: Eat some food.
- drop_berries: Drop Berries onto the ground.

Given the available information, update your task list. Take into consideration the time of day, environment, personality of the character, and more. Replace the entire JSON array by removing completed tasks, updating existing tasks with new information and priorities, and create new tasks based on the provided info. Keep the list as concise as possible. Remember focus on the time of day to adjust priorities.
