[1695370115902] [Character] Creating John
[1695370116596] [31m[createMemory][39m I've scaled the highest peak in the Blackspire Range. [0]
[1695370116596] [31m[createMemory][39m My travels have taken me to forgotten civilizations. [0]
[1695370116596] [31m[createMemory][39m I've escaped several near-death situations. [0]
[1695370116596] [31m[createMemory][39m Found a rare artifact in an ancient ruin. [0]
[1695370116596] [31m[createMemory][39m My compass is more than a tool; it's a lifeline. [0]
[1695370116596] [31m[createMemory][39m I often rely on my wits rather than a weapon. [0]
[1695370116596] [31m[createMemory][39m My pack contains only the essentials for survival. [0]
[1695370116596] [31m[createMemory][39m The thrill of discovery fuels me. [0]
[1695370116596] [31m[createMemory][39m I trust no one completely; the road has taught me that. [0]
[1695370116597] [31m[createMemory][39m Navigating treacherous landscapes is second nature to me. [0]
[1695370116597] [31m[createMemory][39m I've learned a lot about local cultures and their legends. [0]
[1695370116597] [31m[createMemory][39m I've traded stories with adventurers and locals alike. [0]
[1695370116597] [31m[createMemory][39m Survival skills are as crucial as courage. [0]
[1695370116597] [31m[createMemory][39m Maps are useful, but instincts are invaluable. [0]
[1695370116597] [31m[createMemory][39m I keep a journal of my adventures; it'll be my legacy. [0]
[1695370116597] [31m[createMemory][39m Basecamp Alpha is my main hub, located at 43, 12. [0]
[1695370116597] [31m[createMemory][39m I've journeyed through the Dark Forest, its coordinates are 24, 68. [0]
[1695370116597] [31m[createMemory][39m The treacherous Snake Gorge is located at 53, -22. [0]
[1695370116597] [31m[createMemory][39m There's a hidden temple at 11, 9; it took me months to find it. [0]
[1695370116597] [31m[createMemory][39m The market at Skyline city is a great place to resupply; located at 78, 54. [0]
[1695370129567] [Character] John created
[1695370169560] [31m[createMemory][39m John Swift sees Tree at X: 86.38, Y: -29.74. [0.0199999921]
[1695370169560] [31m[createMemory][39m John Swift sees Harold Smith at X: 85.76, Y: -25.2. [0.0199999921]
[1695370177020] --- Prompt ---
[1695370177020] Character: 
- ID: A8
- Name: John Swift
- Age: 28
- Occupation: Adventurer
- Personality: Courageous, Resourceful, Independent

Location: 86.86, -25.06

Time: Day 0, 12:00 AM

Energy: Fully Rested

Hunger: Well-fed

Environment:
- Harold Smith (Health: 25/25) [Location: 85.76, -25.2, Direction: N,  Distance: 1.1m]
- Tree (Health: 10/10) [Location: 86.38, -29.74, Direction: N,  Distance: 4.7m]
- Tree (Health: 10/10) [Location: 90.05, -31.45, Direction: N,  Distance: 7.1m]
- Tree (Health: 10/10) [Location: 84.09999, -17.98, Direction: N,  Distance: 7.6m]

Inventory (4/10):
- Axe x 1
- Pickaxe x 1
- Sword x 1
- Berries x 1

Tasks:
[
  {
    "task": "Carry out your daily dutiies",
    "priority": 1
  },
  {
    "task": "Catch up with other villagers",
    "priority": 2
  },
  {
    "task": "Maintain a healthy lifestyle",
    "priority": 3
  }
]

Memories:
- I trust no one completely; the road has taught me that. [0 minutes ago]
- Navigating treacherous landscapes is second nature to me. [0 minutes ago]
- My pack contains only the essentials for survival. [0 minutes ago]
- Basecamp Alpha is my main hub, located at 43, 12. [0 minutes ago]
- The treacherous Snake Gorge is located at 53, -22. [0 minutes ago]
- I keep a journal of my adventures; it'll be my legacy. [0 minutes ago]
- Maps are useful, but instincts are invaluable. [0 minutes ago]
- There's a hidden temple at 11, 9; it took me months to find it. [0 minutes ago]
- The thrill of discovery fuels me. [0 minutes ago]
- My travels have taken me to forgotten civilizations. [0 minutes ago]
- John Swift sees Tree at X: 86.38, Y: -29.74. [in the future]

Available Actions:
- move_to: Move to a target location
- drop_axe: Drop Axe onto the ground.
- drop_pickaxe: Drop Pickaxe onto the ground.
- drop_sword: Drop Sword onto the ground.
- eat: Eat some food.
- drop_berries: Drop Berries onto the ground.
- start_conversation: Start a conversation with Harold Smith (ID: A7).

Given the available information, update your task list. Take into consideration the time of day, environment, personality of the character, and more. Replace the entire JSON array by removing completed tasks, updating existing tasks with new information and priorities, and create new tasks based on the provided info. Keep the list as concise as possible. Remember focus on the time of day to adjust priorities.
[1695370196348] [31m[createMemory][39m Harold Smith started a conversation with me. [21.2097282]
[1695370201912] --- Response ---
[1695370201913] Updated Tasks: 
[1695370201915] [
  {
    "task": "Start a conversation with Harold Smith",
    "priority": 1
  },
  {
    "task": "Move to basecamp Alpha",
    "priority": 2
  },
  {
    "task": "Maintain a healthy lifestyle",
    "priority": 3
  },
  {
    "task": "Carry out daily duties",
    "priority": 4
  },
  {
    "task": "Map the location of trees found",
    "priority": 5
  },
  {
    "task": "Check the hidden temple at 11,9",
    "priority": 6
  },
  {
    "task": "Carefully avoid the Snake Gorge at 53,-22",
    "priority": 7
  },
  {
    "task": "Log today's adventures in the journal",
    "priority": 8
  },
  {
    "task": "Catch up with other villagers",
    "priority": 9
  }
]
[1695370204510] --- Prompt ---
[1695370204510] Character: 
- ID: A8
- Name: John Swift
- Age: 28
- Occupation: Adventurer
- Personality: Courageous, Resourceful, Independent

Location: 86.86, -25.06

Time: Day 0, 12:00 AM

Energy: Fully Rested

Hunger: Well-fed

Environment:
- Harold Smith (Health: 25/25) [Direction: N, Distance: 1.1m]
- Tree (Health: 10/10) [Direction: N, Distance: 4.7m]
- Tree (Health: 10/10) [Direction: N, Distance: 7.1m]
- Tree (Health: 10/10) [Direction: N, Distance: 7.6m]

Inventory (4/10):
- Axe x 1
- Pickaxe x 1
- Sword x 1
- Berries x 1

Tasks:
[
  {
    "task": "Carry out your daily dutiies",
    "priority": 1
  },
  {
    "task": "Catch up with other villagers",
    "priority": 2
  },
  {
    "task": "Maintain a healthy lifestyle",
    "priority": 3
  }
]

Memories:
- John Swift sees Tree at X: 86.38, Y: -29.74. [in the future]
- My travels have taken me to forgotten civilizations. [0 minutes ago]
- The thrill of discovery fuels me. [0 minutes ago]
- There's a hidden temple at 11, 9; it took me months to find it. [0 minutes ago]
- I keep a journal of my adventures; it'll be my legacy. [0 minutes ago]
- The treacherous Snake Gorge is located at 53, -22. [0 minutes ago]
- Basecamp Alpha is my main hub, located at 43, 12. [0 minutes ago]
- My pack contains only the essentials for survival. [0 minutes ago]
- Navigating treacherous landscapes is second nature to me. [0 minutes ago]
- I trust no one completely; the road has taught me that. [0 minutes ago]

Given the available information, pick the best available action function to accomplish your tasks.


[1695370204510] --- Action Functions ---
[1695370204512] [
  {
    "name": "move_to",
    "description": "Move to a target location",
    "parameters": {
      "type": "object",
      "properties": {
        "characterId": {
          "type": "string",
          "description": "The character ID of the character that is adding the item to the chest."
        },
        "x": {
          "type": "number",
          "description": "The X coordinate of the target location."
        },
        "y": {
          "type": "number",
          "description": "The Y coordinate of the target location."
        }
      }
    }
  },
  {
    "name": "drop_axe",
    "description": "Drop Axe onto the ground.",
    "parameters": {
      "type": "object",
      "properties": {
        "characterId": {
          "type": "string",
          "description": "The character ID of the character that is adding the item to the chest."
        },
        "itemId": {
          "type": "string",
          "description": "The item ID of the item that is being added to the chest. Must be lowercase.",
          "values": [
            "wood",
            "stone",
            "iron",
            "diamond",
            "copper",
            "coal",
            "axe",
            "pickaxe",
            "sword",
            "berries"
          ]
        }
      }
    }
  },
  {
    "name": "drop_pickaxe",
    "description": "Drop Pickaxe onto the ground.",
    "parameters": {
      "type": "object",
      "properties": {
        "characterId": {
          "type": "string",
          "description": "The character ID of the character that is adding the item to the chest."
        },
        "itemId": {
          "type": "string",
          "description": "The item ID of the item that is being added to the chest. Must be lowercase.",
          "values": [
            "wood",
            "stone",
            "iron",
            "diamond",
            "copper",
            "coal",
            "axe",
            "pickaxe",
            "sword",
            "berries"
          ]
        }
      }
    }
  },
  {
    "name": "drop_sword",
    "description": "Drop Sword onto the ground.",
    "parameters": {
      "type": "object",
      "properties": {
        "characterId": {
          "type": "string",
          "description": "The character ID of the character that is adding the item to the chest."
        },
        "itemId": {
          "type": "string",
          "description": "The item ID of the item that is being added to the chest. Must be lowercase.",
          "values": [
            "wood",
            "stone",
            "iron",
            "diamond",
            "copper",
            "coal",
            "axe",
            "pickaxe",
            "sword",
            "berries"
          ]
        }
      }
    }
  },
  {
    "name": "eat",
    "description": "Eat some food.",
    "parameters": {
      "type": "object",
      "properties": {
        "characterId": {
          "type": "string",
          "description": "The character ID of the character that is adding the item to the chest."
        },
        "foodId": {
          "type": "string",
          "description": "The food ID of the food to be eaten.",
          "values": [
            "berries"
          ]
        }
      }
    }
  },
  {
    "name": "drop_berries",
    "description": "Drop Berries onto the ground.",
    "parameters": {
      "type": "object",
      "properties": {
        "characterId": {
          "type": "string",
          "description": "The character ID of the character that is adding the item to the chest."
        },
        "itemId": {
          "type": "string",
          "description": "The item ID of the item that is being added to the chest. Must be lowercase.",
          "values": [
            "wood",
            "stone",
            "iron",
            "diamond",
            "copper",
            "coal",
            "axe",
            "pickaxe",
            "sword",
            "berries"
          ]
        }
      }
    }
  },
  {
    "name": "start_conversation",
    "description": "Start a conversation with Harold Smith (ID: A7).",
    "parameters": {
      "type": "object",
      "properties": {
        "characterId": {
          "type": "string",
          "description": "The character ID of the character that is initiating the conversation."
        },
        "targetCharacterId": {
          "type": "string",
          "description": "The character ID of the target character."
        },
        "conversationGoal": {
          "type": "string",
          "description": "Describe a hypothesis for precisely what you hope to get out of this conversation with Human (6) in detail."
        }
      }
    }
  }
]
[1695370209366] [31mAgent A8 is already occupied. Skipping...[39m
[1695370210633] [35m[CORTEX] John Swift - Prior Message: [39mLife is like the sea, John. Calm one moment, stormy the next. You just gotta stay afloat.
[1695370210633] [35m[CORTEX] John Swift - Patience: [39m100
[1695370210633] [35m[CORTEX] John Swift - Conversation Goal: [39mfiguring out why Harold Smith started a conversation with them.
[1695370210633] [35m[CORTEX] John Swift - Conversation Finished: [39mfalse
[1695370216180] [35m[CORTEX] John Swift - Feel: [39mHarold's analogy of life being like the sea rings true. Amidst the calm and storms, staying afloat is what I've always done.
[1695370222206] [35m[CORTEX] John Swift - Plan: [39m John Swift plans to acknowledge the wisdom in Harold's words and relate it to his own experiences as an adventurer. Navigating both calm and stormy seas of life is akin to his exploration of treacherous terrains.
[1695370226979] [35m[CORTEX] John Swift - Say: [39mYou got that right, Harold. Life is a lot like navigating uncharted territories. All you can do is brace yourself and ride the waves.

