[1695447339478] [Character] Creating Thomas
[1695447339803] [31m[createMemory][39m I should be asleep until 7am. [0]
[1695447339803] [31m[createMemory][39m It's my job to protect the village. [0]
[1695447339803] [31m[createMemory][39m I need to make sure everyone is safe. [0]
[1695447339803] [31m[createMemory][39m I do the work that no one else wants to do. [0]
[1695447339803] [31m[createMemory][39m I try to be as honest as possible. [0]
[1695447339803] [31m[createMemory][39m I'm not afraid of anything. [0]
[1695447339804] [31m[createMemory][39m I go to bed at 10pm. [0]
[1695447339804] [31m[createMemory][39m I like strawberries. [0]
[1695447339804] [31m[createMemory][39m The village location is 2, -58. [0]
[1695447339804] [31m[createMemory][39m The mine site is at 51, 17. [0]
[1695447339804] [31m[createMemory][39m The lumberyard is at 72, -55.1 [0]
[1695447339804] [31m[createMemory][39m The campsite is at 7, -8.3 [0]
[1695447339804] [31m[createMemory][39m The Nume River flows through the village. [0]
[1695447339804] [31m[createMemory][39m Nume Falls are north of the village, and west of the campsite. [0]
[1695447339804] [31m[createMemory][39m The area is surrounded by forested monutains, filled with wildlife, rivers, and lakes. [0]
[1695447352106] [Character] Thomas created (clmvlkjqn0001vdr64qyatw47)
[1695447364128] [31m[createMemory][39m Thomas Smith dropped Axe at X: 52.79, Y: -72.51 [2.429837]
[1695447364541] [31m[createMemory][39m Thomas Smith dropped Wood at X: 52.79, Y: -72.51 [3.619642]
[1695447365325] [31m[createMemory][39m Thomas Smith dropped Sword at X: 51.39001, Y: -72.51 [5.4821105]
[1695447368060] [31m[createMemory][39m Thomas Smith picked up Sword at X: 50.44501, Y: -72.51 [8.484569]
