[1694659807796] [Character] Creating Harold
[1694659808948] [31m[createMemory][39m Life on the sea teaches you the meaning of hard work and danger. [0]
[1694659808948] [31m[createMemory][39m I built my own fishing boat, took me two summers. [0]
[1694659808948] [31m[createMemory][39m Never underestimate the ocean. She’s as loving as she is fierce. [0]
[1694659808948] [31m[createMemory][39m The day I retired was bitter-sweet. I miss the sea, but I've earned my rest. [0]
[1694659808948] [31m[createMemory][39m Every wrinkle tells a story, and boy, do I have many. [0]
[1694659808948] [31m[createMemory][39m I once caught a fish so big, it could've fed the village for a week. [0]
[1694659808948] [31m[createMemory][39m Storms are nature's way of testing your mettle. I’ve faced my share. [0]
[1694659808948] [31m[createMemory][39m I've navigated by the stars, they're more reliable than any modern gadget. [0]
[1694659808948] [31m[createMemory][39m My grandson Eli reminds me of myself at his age, full of wonder. [0]
[1694659808948] [31m[createMemory][39m My old compass has never failed me. A gift from my late wife. [0]
[1694659808948] [31m[createMemory][39m You measure a man not by his words, but by his deeds. [0]
[1694659808948] [31m[createMemory][39m I’ve seen sunsets on the water that make you believe in a higher power. [0]
[1694659808948] [31m[createMemory][39m My hands may be weathered, but they’re strong and have stories to tell. [0]
[1694659808948] [31m[createMemory][39m Life has tides, high and low. The trick is to sail regardless. [0]
[1694659808948] [31m[createMemory][39m A good fisherman knows when to speak and when to listen. Mostly listen. [0]
[1694659822947] [Character] Harold created
[1694660200802] [31m[createMemory][39m Harold Smith sees Tree at X: -6.989999, Y: -4.169998. [0]
[1694660200802] [31m[createMemory][39m Harold Smith sees Tree at X: -6.989999, Y: -4.169998. [0]
[1694660200802] [31m[createMemory][39m Harold Smith sees Tree at X: -11.54, Y: -4.139999. [0]
[1694660200802] [31m[createMemory][39m Harold Smith sees James McAllister at X: -8.1, Y: -7.9. [0]
[1694660200802] [31m[createMemory][39m Harold Smith sees Tree at X: -4.79, Y: -10.59. [0]
[1694660200802] [31m[createMemory][39m Harold Smith sees Tree at X: -9.29, Y: -3.6. [0]
[1694660208477] --- Prompt ---
[1694660208477] Character: 
- ID: A7
- Name: Harold Smith
- Age: 75
- Occupation: Retired Fisherman
- Personality: Wise, Stoic, Resourceful

Location: -9.27, -7.93

Time: Day 0, 12:00 AM

Energy: Fully Rested

Hunger: Hungry

Environment:
- James McAllister (Health: 25/25) [Location: -8.1, -7.9, Direction: SW,  Distance: 1.2m]
- Tree (Health: 10/10) [Location: -9.29, -3.6, Direction: S,  Distance: 4.3m]
- Tree (Health: 10/10) [Location: -6.989999, -4.169998, Direction: SW,  Distance: 4.4m]
- Tree (Health: 10/10) [Location: -6.989999, -4.169998, Direction: SW,  Distance: 4.4m]
- Tree (Health: 10/10) [Location: -11.54, -4.139999, Direction: S,  Distance: 4.4m]
- Tree (Health: 10/10) [Location: -4.79, -10.59, Direction: SW,  Distance: 5.2m]
- Tree (Health: 10/10) [Location: -10.61, -1.99, Direction: S,  Distance: 6.1m]
- Tree (Health: 10/10) [Location: -4.83, -3.610001, Direction: SW,  Distance: 6.2m]
- Tree (Health: 10/10) [Location: -4.83, -3.610001, Direction: SW,  Distance: 6.2m]
- Tree (Health: 10/10) [Location: -2.84, -8.939999, Direction: W,  Distance: 6.5m]
- Tree (Health: 10/10) [Location: -6.809999, -1.599998, Direction: S,  Distance: 6.8m]
- Tree (Health: 10/10) [Location: -6.809999, -1.599998, Direction: S,  Distance: 6.8m]
- Tree (Health: 10/10) [Location: -12.18, -0.8199997, Direction: S,  Distance: 7.7m]
- Tree (Health: 10/10) [Location: -9.660001, -0.2000008, Direction: S,  Distance: 7.7m]
- Tree (Health: 10/10) [Location: -2.11, -3.52, Direction: SW,  Distance: 8.4m]
- Tree (Health: 10/10) [Location: -2.11, -3.52, Direction: SW,  Distance: 8.4m]
- Tree (Health: 10/10) [Location: -1.23, -5.309999, Direction: W,  Distance: 8.5m]
- Tree (Health: 10/10) [Location: -7.910001, 0.5200005, Direction: S,  Distance: 8.6m]
- Tree (Health: 10/10) [Location: -5.140001, -0.25, Direction: S,  Distance: 8.7m]
- Tree (Health: 10/10) [Location: -5.140001, -0.25, Direction: S,  Distance: 8.7m]

Inventory (4/10):
- Axe x 1
- Pickaxe x 1
- Sword x 1
- Berries x 1

Tasks:
[
  {
    "task": "Carry out your daily dutiies",
    "priority": 1
  },
  {
    "task": "Catch up with other villagers",
    "priority": 2
  },
  {
    "task": "Maintain a healthy lifestyle",
    "priority": 3
  }
]

Memories:
- Life on the sea teaches you the meaning of hard work and danger. [just now]
- Storms are nature's way of testing your mettle. I’ve faced my share. [just now]
- I've navigated by the stars, they're more reliable than any modern gadget. [just now]
- My grandson Eli reminds me of myself at his age, full of wonder. [just now]
- You measure a man not by his words, but by his deeds. [just now]
- Life has tides, high and low. The trick is to sail regardless. [just now]
- Never underestimate the ocean. She’s as loving as she is fierce. [just now]
- I’ve seen sunsets on the water that make you believe in a higher power. [just now]
- The day I retired was bitter-sweet. I miss the sea, but I've earned my rest. [just now]
- Every wrinkle tells a story, and boy, do I have many. [just now]

Available Actions:
- move_to: Move to a target location
- drop_axe: Drop Axe onto the ground.
- drop_pickaxe: Drop Pickaxe onto the ground.
- drop_sword: Drop Sword onto the ground.
- eat: Eat some food.
- drop_berries: Drop Berries onto the ground.
- start_conversation: Start a conversation with James McAllister (ID: A6).

Hitbox (what you would hit with a swing based action):
- James McAllister (Health: 25/25)

Given the available information, update your task list. Take into consideration the time of day, environment, personality of the character, and more. Replace the entire JSON array by removing completed tasks, updating existing tasks with new information and priorities, and create new tasks based on the provided info. Keep the list as concise as possible. Remember focus on the time of day to adjust priorities.
