[1694114460102] [Character] Creating George
[1694114460937] [31m[createMemory][39m Working in the mines is tough but rewarding. [0]
[1694114460937] [31m[createMemory][39m I've been friends with Thomas for a long time. [0]
[1694114460937] [31m[createMemory][39m Safety in the mines is a top priority for me. [0]
[1694114460937] [31m[createMemory][39m I've discovered some rare minerals during my time here. [0]
[1694114460937] [31m[createMemory][39m I'm usually one of the first to arrive at the mine site. [0]
[1694114460937] [31m[createMemory][39m My family has been mining for generations. [0]
[1694114460937] [31m[createMemory][39m I enjoy a cold beverage after a long day in the mines. [0]
[1694114460937] [31m[createMemory][39m I've been taught traditional mining songs by the older miners. [0]
[1694114460937] [31m[createMemory][39m I've saved up to buy a house near the village. [0]
[1694114460937] [31m[createMemory][39m I know a secret tunnel in the mine that few know about. [0]
[1694114460937] [31m[createMemory][39m It's important to have the right tools for the job. [0]
[1694114460937] [31m[createMemory][39m I take pride in my work and look after my equipment. [0]
[1694114460937] [31m[createMemory][39m I sometimes join Thomas and others for a meal after work. [0]
[1694114460937] [31m[createMemory][39m I've had a few close calls, but always came out safe. [0]
[1694114460937] [31m[createMemory][39m The village festivities are something I look forward to every year. [0]
[1694114469127] [Character] George created
[1694114479589] --- Prompt ---
[1694114479589] Character: 
- ID: A2
- Name: George Brown
- Age: 28
- Occupation: Miner
- Personality: Hardworking, Loyal, Reserved

Location: 20.76, -62.03

Time: Day 0, 12:00 AM

Energy: Fully Rested

Hunger: Starving

Environment:

Inventory (4/10):
- Axe x 1
- Pickaxe x 1
- Sword x 1
- Berries x 1

Tasks:
[
  {
    "task": "Carry out your daily dutiies",
    "priority": 1
  },
  {
    "task": "Catch up with other villagers",
    "priority": 2
  },
  {
    "task": "Maintain a healthy lifestyle",
    "priority": 3
  }
]

Memories:
- I'm usually one of the first to arrive at the mine site. [0 minutes ago]
- I've had a few close calls, but always came out safe. [0 minutes ago]
- It's important to have the right tools for the job. [0 minutes ago]
- I take pride in my work and look after my equipment. [0 minutes ago]
- Safety in the mines is a top priority for me. [0 minutes ago]
- I know a secret tunnel in the mine that few know about. [0 minutes ago]
- I sometimes join Thomas and others for a meal after work. [0 minutes ago]
- My family has been mining for generations. [0 minutes ago]
- I've been friends with Thomas for a long time. [0 minutes ago]
- The village festivities are something I look forward to every year. [0 minutes ago]

Available Actions:
- move_to: Move to a target location
- drop_axe: Drop Axe onto the ground.
- drop_pickaxe: Drop Pickaxe onto the ground.
- drop_sword: Drop Sword onto the ground.
- eat: Eat some food.
- drop_berries: Drop Berries onto the ground.

Given the available information, update your task list. Take into consideration the time of day, environment, personality of the character, and more. Replace the entire JSON array by removing completed tasks, updating existing tasks with new information and priorities, and create new tasks based on the provided info. Keep the list as concise as possible. Remember focus on the time of day to adjust priorities.
[1694114488538] --- Response ---
[1694114488538] Updated Tasks: 
[1694114488538] [
  {
    "task": "Eat some food",
    "priority": 1
  },
  {
    "task": "Carry out your daily duties",
    "priority": 2
  },
  {
    "task": "Catch up with other villagers",
    "priority": 3
  },
  {
    "task": "Maintain a healthy lifestyle",
    "priority": 4
  },
  {
    "task": "Find more food",
    "priority": 5
  }
]
[1694114492770] --- Prompt ---
[1694114492770] Character: 
- ID: A2
- Name: George Brown
- Age: 28
- Occupation: Miner
- Personality: Hardworking, Loyal, Reserved

Location: 20.76, -62.03

Time: Day 0, 12:00 AM

Energy: Fully Rested

Hunger: Starving

Environment:

Inventory (4/10):
- Axe x 1
- Pickaxe x 1
- Sword x 1
- Berries x 1

Tasks:
[
  {
    "task": "Carry out your daily dutiies",
    "priority": 1
  },
  {
    "task": "Catch up with other villagers",
    "priority": 2
  },
  {
    "task": "Maintain a healthy lifestyle",
    "priority": 3
  }
]

Memories:
- The village festivities are something I look forward to every year. [0 minutes ago]
- I've been friends with Thomas for a long time. [0 minutes ago]
- My family has been mining for generations. [0 minutes ago]
- I sometimes join Thomas and others for a meal after work. [0 minutes ago]
- I know a secret tunnel in the mine that few know about. [0 minutes ago]
- Safety in the mines is a top priority for me. [0 minutes ago]
- I take pride in my work and look after my equipment. [0 minutes ago]
- It's important to have the right tools for the job. [0 minutes ago]
- I've had a few close calls, but always came out safe. [0 minutes ago]
- I'm usually one of the first to arrive at the mine site. [0 minutes ago]

Given the available information, pick the best available action function to accomplish your tasks.


[1694114492770] --- Action Functions ---
[1694114492770] [
  {
    "name": "move_to",
    "description": "Move to a target location",
    "parameters": {
      "type": "object",
      "properties": {
        "characterId": {
          "type": "string",
          "description": "The character ID of the character that is adding the item to the chest."
        },
        "x": {
          "type": "number",
          "description": "The X coordinate of the target location."
        },
        "y": {
          "type": "number",
          "description": "The Y coordinate of the target location."
        }
      }
    }
  },
  {
    "name": "drop_axe",
    "description": "Drop Axe onto the ground.",
    "parameters": {
      "type": "object",
      "properties": {
        "characterId": {
          "type": "string",
          "description": "The character ID of the character that is adding the item to the chest."
        },
        "itemId": {
          "type": "string",
          "description": "The item ID of the item that is being added to the chest. Must be lowercase.",
          "values": [
            "wood",
            "stone",
            "iron",
            "diamond",
            "copper",
            "coal",
            "axe",
            "pickaxe",
            "sword",
            "berries"
          ]
        }
      }
    }
  },
  {
    "name": "drop_pickaxe",
    "description": "Drop Pickaxe onto the ground.",
    "parameters": {
      "type": "object",
      "properties": {
        "characterId": {
          "type": "string",
          "description": "The character ID of the character that is adding the item to the chest."
        },
        "itemId": {
          "type": "string",
          "description": "The item ID of the item that is being added to the chest. Must be lowercase.",
          "values": [
            "wood",
            "stone",
            "iron",
            "diamond",
            "copper",
            "coal",
            "axe",
            "pickaxe",
            "sword",
            "berries"
          ]
        }
      }
    }
  },
  {
    "name": "drop_sword",
    "description": "Drop Sword onto the ground.",
    "parameters": {
      "type": "object",
      "properties": {
        "characterId": {
          "type": "string",
          "description": "The character ID of the character that is adding the item to the chest."
        },
        "itemId": {
          "type": "string",
          "description": "The item ID of the item that is being added to the chest. Must be lowercase.",
          "values": [
            "wood",
            "stone",
            "iron",
            "diamond",
            "copper",
            "coal",
            "axe",
            "pickaxe",
            "sword",
            "berries"
          ]
        }
      }
    }
  },
  {
    "name": "eat",
    "description": "Eat some food.",
    "parameters": {
      "type": "object",
      "properties": {
        "characterId": {
          "type": "string",
          "description": "The character ID of the character that is adding the item to the chest."
        },
        "foodId": {
          "type": "string",
          "description": "The food ID of the food to be eaten.",
          "values": [
            "berries"
          ]
        }
      }
    }
  },
  {
    "name": "drop_berries",
    "description": "Drop Berries onto the ground.",
    "parameters": {
      "type": "object",
      "properties": {
        "characterId": {
          "type": "string",
          "description": "The character ID of the character that is adding the item to the chest."
        },
        "itemId": {
          "type": "string",
          "description": "The item ID of the item that is being added to the chest. Must be lowercase.",
          "values": [
            "wood",
            "stone",
            "iron",
            "diamond",
            "copper",
            "coal",
            "axe",
            "pickaxe",
            "sword",
            "berries"
          ]
        }
      }
    }
  }
]
