[1694114460106] [Character] Creating Will
[1694114460972] [31m[createMemory][39m Today was my first day in the mines. [0]
[1694114460973] [31m[createMemory][39m George and Thomas have been really helpful. [0]
[1694114460973] [31m[createMemory][39m The depth and darkness of the mines can be intimidating. [0]
[1694114460973] [31m[createMemory][39m I accidentally broke a pickaxe on my first day. [0]
[1694114460973] [31m[createMemory][39m The older miners have so many stories to tell. [0]
[1694114460973] [31m[createMemory][39m I've always dreamed of being a miner like my father. [0]
[1694114460973] [31m[createMemory][39m The echo in the mines is fascinating. [0]
[1694114460973] [31m[createMemory][39m I need to remember to wear my helmet at all times. [0]
[1694114460973] [31m[createMemory][39m The village has been supportive of my new journey. [0]
[1694114460973] [31m[createMemory][39m I'm still learning the different routes in the mine. [0]
[1694114460973] [31m[createMemory][39m I was startled by the sound of a mine cart today. [0]
[1694114460973] [31m[createMemory][39m It's tiring, but I'm determined to make everyone proud. [0]
[1694114460973] [31m[createMemory][39m I hope to find a rare gem or mineral soon. [0]
[1694114460973] [31m[createMemory][39m The lanterns light up the mines in such a mysterious way. [0]
[1694114460973] [31m[createMemory][39m I can't wait to tell my family about my adventures here. [0]
[1694114469222] [Character] Will created
[1694114471123] [31m[createMemory][39m Will Turner sees Tree at X: 44.35, Y: -46.47. [0]
[1694114471123] [31m[createMemory][39m Will Turner sees Tree at X: 44.75, Y: -48.82. [0]
[1694114471123] [31m[createMemory][39m Will Turner sees Tree at X: 42.62, Y: -48.29. [0]
[1694114471123] [31m[createMemory][39m Will Turner sees Tree at X: 38.28, Y: -45.67. [0]
[1694114471123] [31m[createMemory][39m Will Turner sees Chest at X: 37.52, Y: -48.22. [0]
[1694114471123] [31m[createMemory][39m Will Turner sees Tree at X: 40.72, Y: -46.88. [0]
[1694114471123] [31m[createMemory][39m Will Turner sees Tree at X: 41.96, Y: -50.43. [0]
[1694114471123] [31m[createMemory][39m Will Turner sees Tree at X: 36.04, Y: -47.68999. [0]
[1694114471123] [31m[createMemory][39m Will Turner sees Tree at X: 43.53, Y: -51.61. [0]
[1694114471123] [31m[createMemory][39m Will Turner sees Tree at X: 45.95, Y: -51.07. [0]
[1694114471123] [31m[createMemory][39m Will Turner sees Tree Stump at X: 38.7, Y: -50.07. [0]
[1694114471123] [31m[createMemory][39m Will Turner sees Tree at X: 39.4, Y: -48.08. [0]
[1694114479061] --- Prompt ---
[1694114479074] Character: 
- ID: A3
- Name: Will Turner
- Age: 19
- Occupation: Apprentice Miner
- Personality: Curious, Eager, Naive

Location: 40.7, -50.62

Time: Day 0, 12:00 AM

Energy: Fully Rested

Hunger: Starving

Environment:
- Tree (Health: 10/10) [Location: 41.96, -50.43, Direction: NW,  Distance: 1.3m]
- Tree Stump (Health: 5/5) [Location: 38.7, -50.07, Direction: NW,  Distance: 2.1m]
- Tree (Health: 10/10) [Location: 39.4, -48.08, Direction: NW,  Distance: 2.9m]
- Tree (Health: 10/10) [Location: 43.53, -51.61, Direction: NW,  Distance: 3.0m]
- Tree (Health: 10/10) [Location: 42.62, -48.29, Direction: NW,  Distance: 3.0m]
- Tree (Health: 10/10) [Location: 40.72, -46.88, Direction: NW,  Distance: 3.7m]
- Chest (Health: 10/10) [Location: 37.52, -48.22, Direction: NW,  Distance: 4.0m]
- Tree (Health: 10/10) [Location: 44.75, -48.82, Direction: NW,  Distance: 4.4m]
- Tree (Health: 10/10) [Location: 45.95, -51.07, Direction: NW,  Distance: 5.3m]
- Tree (Health: 10/10) [Location: 36.04, -47.68999, Direction: NW,  Distance: 5.5m]
- Tree (Health: 10/10) [Location: 38.28, -45.67, Direction: NW,  Distance: 5.5m]
- Tree (Health: 10/10) [Location: 44.35, -46.47, Direction: NW,  Distance: 5.5m]
- Tree (Health: 10/10) [Location: 42.65, -44.83, Direction: NW,  Distance: 6.1m]
- Tree Stump (Health: 5/5) [Location: 36.50999, -46.03, Direction: NW,  Distance: 6.2m]
- Tree (Health: 10/10) [Location: 46.71, -48.82, Direction: NW,  Distance: 6.3m]
- Tree (Health: 10/10) [Location: 39.8, -44.33, Direction: NW,  Distance: 6.4m]
- Tree Stump (Health: 5/5) [Location: 47, -52.43, Direction: NW,  Distance: 6.6m]
- Tree (Health: 10/10) [Location: 46.48, -46.86, Direction: NW,  Distance: 6.9m]
- Tree (Health: 10/10) [Location: 44.46999, -44.24, Direction: NW,  Distance: 7.4m]
- Tree (Health: 10/10) [Location: 36.37, -44.45, Direction: NW,  Distance: 7.5m]
- Tree (Health: 10/10) [Location: 41.31, -42.68, Direction: NW,  Distance: 8.0m]
- Tree (Health: 10/10) [Location: 41.31, -42.68, Direction: NW,  Distance: 8.0m]
- Tree (Health: 10/10) [Location: 48.96, -48.82, Direction: NW,  Distance: 8.5m]
- Tree (Health: 10/10) [Location: 49.3, -51, Direction: NW,  Distance: 8.6m]
- Tree (Health: 10/10) [Location: 49.3, -51, Direction: NW,  Distance: 8.6m]
- Tree (Health: 10/10) [Location: 44.22, -42.59, Direction: NW,  Distance: 8.8m]

Inventory (4/10):
- Axe x 1
- Pickaxe x 1
- Sword x 1
- Berries x 1

Tasks:
[
  {
    "task": "Carry out your daily dutiies",
    "priority": 1
  },
  {
    "task": "Catch up with other villagers",
    "priority": 2
  },
  {
    "task": "Maintain a healthy lifestyle",
    "priority": 3
  }
]

Memories:
- I accidentally broke a pickaxe on my first day. [just now]
- The older miners have so many stories to tell. [just now]
- I was startled by the sound of a mine cart today. [just now]
- I need to remember to wear my helmet at all times. [just now]
- I hope to find a rare gem or mineral soon. [just now]
- I've always dreamed of being a miner like my father. [just now]
- The echo in the mines is fascinating. [just now]
- I can't wait to tell my family about my adventures here. [just now]
- George and Thomas have been really helpful. [just now]
- The lanterns light up the mines in such a mysterious way. [just now]
- Will Turner sees Tree at X: 39.4, Y: -48.08. [just now]
- Will Turner sees Tree Stump at X: 38.7, Y: -50.07. [just now]
- Will Turner sees Chest at X: 37.52, Y: -48.22. [just now]
- Will Turner sees Tree at X: 44.35, Y: -46.47. [just now]

Available Actions:
- move_to: Move to a target location
- swing_axe: Swing Axe.
- drop_axe: Drop Axe onto the ground.
- swing_pickaxe: Swing Pickaxe.
- drop_pickaxe: Drop Pickaxe onto the ground.
- swing_sword: Swing sword.
- drop_sword: Drop Sword onto the ground.
- eat: Eat some food.
- drop_berries: Drop Berries onto the ground.

Given the available information, update your task list. Take into consideration the time of day, environment, personality of the character, and more. Replace the entire JSON array by removing completed tasks, updating existing tasks with new information and priorities, and create new tasks based on the provided info. Keep the list as concise as possible. Remember focus on the time of day to adjust priorities.
