[1695427141445] [31m[createMemory][39m The feel of the axe in my hand is like an extension of myself. [0]
[1695427141445] [31m[createMemory][39m I remember the tallest tree I've ever felled, stood mighty for over a century. [0]
[1695427141445] [31m[createMemory][39m The forest whispers its secrets if you're patient enough to listen. [0]
[1695427141445] [31m[createMemory][39m The village depends on our timber, it's a responsibility I don't take lightly. [0]
[1695427141445] [31m[createMemory][39m Thomas once tried to chop wood, it was amusing to say the least. [0]
[1695427141445] [31m[createMemory][39m Nothing beats the smell of fresh-cut timber in the morning. [0]
[1695427141445] [31m[createMemory][39m I've carved symbols on some trees, marking special moments of my life. [0]
[1695427141445] [31m[createMemory][39m Will reminds me of when I was young, eager to learn and prove myself. [0]
[1695427141445] [31m[createMemory][39m I've saved more than a few animals stuck or hurt, the forest is their home. [0]
[1695427141446] [31m[createMemory][39m George and I have shared tales over campfires many nights. [0]
[1695427141446] [31m[createMemory][39m Rain or shine, the trees await and work must be done. [0]
[1695427141446] [31m[createMemory][39m I respect the forest, only taking what's necessary and planting twice as much. [0]
[1695427141446] [31m[createMemory][39m Every lumberjack has a favorite axe; mine's named 'Whisper'. [0]
[1695427141446] [31m[createMemory][39m The creaking sound a tree makes just before it falls is both eerie and beautiful. [0]
[1695427141446] [31m[createMemory][39m At times, the forest feels alive, watching, and I'm just a small part of its vast story. [0]
[1695427157531] [31m[createMemory][39m Lucy Wilde sees Thomas Smith at X: 55.25, Y: -18.75. [0]
[1695427157531] [31m[createMemory][39m Lucy Wilde sees Tree Stump at X: 52.4, Y: -20.42. [0]
[1695427157531] [31m[createMemory][39m Lucy Wilde sees Tree at X: 54.01, Y: -15.6. [0]
[1695427157590] [31m[createMemory][39m Lucy Wilde sees House at X: 59.514, Y: -24.01099. [0]
[1695427157590] [31m[createMemory][39m Lucy Wilde sees Tree at X: 59.01, Y: -15.07. [0]
[1695427157590] [31m[createMemory][39m Lucy Wilde sees Tree at X: 56.09, Y: -15.63. [0]
[1695427158396] [Character] Lucy created
[1695427161550] --- Prompt ---
[1695427161551] Character: 
- ID: A4
- Name: Lucy Wilde
- Age: 35
- Occupation: Lumberjack
- Personality: Stoic, Resourceful, Witty

Location: 56.59, -18.82

Time: Day 0, 12:00 AM

Energy: Fully Rested

Hunger: Starving

Environment:
- Thomas Smith (Health: 25/25) [Location: 55.25, -18.75, Direction: N,  Distance: 1.3m]
- Tree (Health: 10/10) [Location: 56.09, -15.63, Direction: N,  Distance: 3.2m]
- Tree (Health: 10/10) [Location: 54.01, -15.6, Direction: N,  Distance: 4.1m]
- Tree (Health: 10/10) [Location: 59.01, -15.07, Direction: N,  Distance: 4.5m]
- Tree Stump (Health: 5/5) [Location: 52.4, -20.42, Direction: N,  Distance: 4.5m]
- Tree (Health: 10/10) [Location: 58.89, -24.2, Direction: N,  Distance: 5.9m]
- House (Health: 100/100) [Location: 59.514, -24.01099, Direction: N,  Distance: 6.0m]
- Tree (Health: 10/10) [Location: 57.2, -12.75, Direction: N,  Distance: 6.1m]
- Tree (Health: 10/10) [Location: 54.59, -12.8, Direction: N,  Distance: 6.3m]
- Tree (Health: 10/10) [Location: 61.04, -13.46, Direction: N,  Distance: 7.0m]
- Tree (Health: 10/10) [Location: 59.02, -26.06, Direction: NW,  Distance: 7.6m]
- Tree (Health: 10/10) [Location: 52.03, -12.2, Direction: N,  Distance: 8.0m]
- Tree (Health: 10/10) [Location: 58.3, -10.95, Direction: N,  Distance: 8.1m]
- Tree (Health: 10/10) [Location: 54.53, -10.85, Direction: N,  Distance: 8.2m]
- Tree (Health: 10/10) [Location: 63.59, -13.96, Direction: N,  Distance: 8.5m]

Inventory (4/10):
- Axe x 1
- Pickaxe x 1
- Sword x 1
- Berries x 1

Tasks:
[
  {
    "task": "Catch up with Thomas",
    "priority": 1
  },
  {
    "task": "Catch up with other villagers",
    "priority": 2
  },
  {
    "task": "Maintain a healthy lifestyle",
    "priority": 3
  }
]

Memories:
- I've saved more than a few animals stuck or hurt, the forest is their home. [just now]
- The feel of the axe in my hand is like an extension of myself. [just now]
- Nothing beats the smell of fresh-cut timber in the morning. [just now]
- I respect the forest, only taking what's necessary and planting twice as much. [just now]
- Rain or shine, the trees await and work must be done. [just now]
- Every lumberjack has a favorite axe; mine's named 'Whisper'. [just now]
- I've carved symbols on some trees, marking special moments of my life. [just now]
- Will reminds me of when I was young, eager to learn and prove myself. [just now]
- At times, the forest feels alive, watching, and I'm just a small part of its vast story. [just now]
- George and I have shared tales over campfires many nights. [just now]
- Lucy Wilde sees Tree Stump at X: 52.4, Y: -20.42. [just now]
- Lucy Wilde sees House at X: 59.514, Y: -24.01099. [just now]
- Lucy Wilde sees Tree at X: 59.01, Y: -15.07. [just now]

Available Actions:
- move_to: Move to a target location
- drop_axe: Drop Axe onto the ground.
- drop_pickaxe: Drop Pickaxe onto the ground.
- drop_sword: Drop Sword onto the ground.
- eat: Eat some food.
- drop_berries: Drop Berries onto the ground.
- start_conversation: Start a conversation with Thomas Smith (ID: A1).

Given the available information, update your task list. Take into consideration the time of day, environment, personality of the character, and more. Replace the entire JSON array by removing completed tasks, updating existing tasks with new information and priorities, and create new tasks based on the provided info. Keep the list as concise as possible. Remember focus on the time of day to adjust priorities.
[1695427173128] --- Response ---
[1695427173129] Updated Tasks: 
[1695427173135] {}
[1695427173135] --- Prompt ---
[1695427173136] Character: 
- ID: A4
- Name: Lucy Wilde
- Age: 35
- Occupation: Lumberjack
- Personality: Stoic, Resourceful, Witty

Location: 56.59, -18.82

Time: Day 0, 12:00 AM

Energy: Fully Rested

Hunger: Starving

Environment:
- Thomas Smith (Health: 25/25) [Location: 55.25, -18.75, Direction: N,  Distance: 1.3m]
- Tree (Health: 10/10) [Location: 56.09, -15.63, Direction: N,  Distance: 3.2m]
- Tree (Health: 10/10) [Location: 54.01, -15.6, Direction: N,  Distance: 4.1m]
- Tree (Health: 10/10) [Location: 59.01, -15.07, Direction: N,  Distance: 4.5m]
- Tree Stump (Health: 5/5) [Location: 52.4, -20.42, Direction: N,  Distance: 4.5m]
- Tree (Health: 10/10) [Location: 58.89, -24.2, Direction: N,  Distance: 5.9m]
- House (Health: 100/100) [Location: 59.514, -24.01099, Direction: N,  Distance: 6.0m]
- Tree (Health: 10/10) [Location: 57.2, -12.75, Direction: N,  Distance: 6.1m]
- Tree (Health: 10/10) [Location: 54.59, -12.8, Direction: N,  Distance: 6.3m]
- Tree (Health: 10/10) [Location: 61.04, -13.46, Direction: N,  Distance: 7.0m]
- Tree (Health: 10/10) [Location: 59.02, -26.06, Direction: NW,  Distance: 7.6m]
- Tree (Health: 10/10) [Location: 52.03, -12.2, Direction: N,  Distance: 8.0m]
- Tree (Health: 10/10) [Location: 58.3, -10.95, Direction: N,  Distance: 8.1m]
- Tree (Health: 10/10) [Location: 54.53, -10.85, Direction: N,  Distance: 8.2m]
- Tree (Health: 10/10) [Location: 63.59, -13.96, Direction: N,  Distance: 8.5m]

Inventory (4/10):
- Axe x 1
- Pickaxe x 1
- Sword x 1
- Berries x 1

Tasks:
[
  {
    "task": "Catch up with Thomas",
    "priority": 1
  },
  {
    "task": "Catch up with other villagers",
    "priority": 2
  },
  {
    "task": "Maintain a healthy lifestyle",
    "priority": 3
  }
]

Memories:
- I've saved more than a few animals stuck or hurt, the forest is their home. [just now]
- The feel of the axe in my hand is like an extension of myself. [just now]
- Nothing beats the smell of fresh-cut timber in the morning. [just now]
- I respect the forest, only taking what's necessary and planting twice as much. [just now]
- Rain or shine, the trees await and work must be done. [just now]
- Every lumberjack has a favorite axe; mine's named 'Whisper'. [just now]
- I've carved symbols on some trees, marking special moments of my life. [just now]
- Will reminds me of when I was young, eager to learn and prove myself. [just now]
- At times, the forest feels alive, watching, and I'm just a small part of its vast story. [just now]
- George and I have shared tales over campfires many nights. [just now]
- Lucy Wilde sees Tree Stump at X: 52.4, Y: -20.42. [just now]
- Lucy Wilde sees House at X: 59.514, Y: -24.01099. [just now]
- Lucy Wilde sees Tree at X: 59.01, Y: -15.07. [just now]

Available Actions:
- move_to: Move to a target location
- drop_axe: Drop Axe onto the ground.
- drop_pickaxe: Drop Pickaxe onto the ground.
- drop_sword: Drop Sword onto the ground.
- eat: Eat some food.
- drop_berries: Drop Berries onto the ground.
- start_conversation: Start a conversation with Thomas Smith (ID: A1).

Given the available information, update your task list. Take into consideration the time of day, environment, personality of the character, and more. Replace the entire JSON array by removing completed tasks, updating existing tasks with new information and priorities, and create new tasks based on the provided info. Keep the list as concise as possible. Remember focus on the time of day to adjust priorities.
[1695427175246] Occupied agent A4
[1695427175519] [31m[createMemory][39m Thomas Smith started a conversation with me. [20.8316536]
[1695427183228] --- Response ---
[1695427183228] Updated Tasks: 
[1695427183230] [
  {
    "task": "Eat the berries",
    "priority": 1
  },
  {
    "task": "Catch up with Thomas",
    "priority": 2
  },
  {
    "task": "Chop down a tree for firewood",
    "priority": 3
  },
  {
    "task": "Move to house",
    "priority": 4
  },
  {
    "task": "Check in with other villagers",
    "priority": 5
  },
  {
    "task": "Plant new trees",
    "priority": 6
  },
  {
    "task": "Maintain a healthy lifestyle",
    "priority": 7
  }
]
[1695427188272] [35m[CORTEX] Lucy Wilde - Prior Message: [39mLucy, dear, how have you been? How are the greens growing in your garden? Still struggling with those pesky rabbits?
[1695427188272] [35m[CORTEX] Lucy Wilde - Patience: [39m100
[1695427188272] [35m[CORTEX] Lucy Wilde - Conversation Goal: [39mfiguring out why Thomas Smith started a conversation with them.
[1695427188272] [35m[CORTEX] Lucy Wilde - Conversation Finished: [39mfalse
[1695427189814] --- Prompt ---
[1695427189817] Character: 
- ID: A4
- Name: Lucy Wilde
- Age: 35
- Occupation: Lumberjack
- Personality: Stoic, Resourceful, Witty

Location: 56.59, -18.82

Time: Day 0, 12:00 AM

Energy: Fully Rested

Hunger: Starving

Environment:
- Thomas Smith (Health: 25/25) [Direction: N, Distance: 1.3m]
- Tree (Health: 10/10) [Direction: N, Distance: 3.2m]
- Tree (Health: 10/10) [Direction: N, Distance: 4.1m]
- Tree (Health: 10/10) [Direction: N, Distance: 4.5m]
- Tree Stump (Health: 5/5) [Direction: N, Distance: 4.5m]
- Tree (Health: 10/10) [Direction: N, Distance: 5.9m]
- House (Health: 100/100) [Direction: N, Distance: 6.0m]
- Tree (Health: 10/10) [Direction: N, Distance: 6.1m]
- Tree (Health: 10/10) [Direction: N, Distance: 6.3m]
- Tree (Health: 10/10) [Direction: N, Distance: 7.0m]
- Tree (Health: 10/10) [Direction: NW, Distance: 7.6m]
- Tree (Health: 10/10) [Direction: N, Distance: 8.0m]
- Tree (Health: 10/10) [Direction: N, Distance: 8.1m]
- Tree (Health: 10/10) [Direction: N, Distance: 8.2m]
- Tree (Health: 10/10) [Direction: N, Distance: 8.5m]

Inventory (4/10):
- Axe x 1
- Pickaxe x 1
- Sword x 1
- Berries x 1

Tasks:
[
  {
    "task": "Eat the berries",
    "priority": 1
  },
  {
    "task": "Catch up with Thomas",
    "priority": 2
  },
  {
    "task": "Chop down a tree for firewood",
    "priority": 3
  },
  {
    "task": "Move to house",
    "priority": 4
  },
  {
    "task": "Check in with other villagers",
    "priority": 5
  },
  {
    "task": "Plant new trees",
    "priority": 6
  },
  {
    "task": "Maintain a healthy lifestyle",
    "priority": 7
  }
]

Memories:
- Thomas Smith started a conversation with me. [in the future]
- Lucy Wilde sees Tree at X: 59.01, Y: -15.07. [just now]
- Lucy Wilde sees House at X: 59.514, Y: -24.01099. [just now]
- Lucy Wilde sees Tree at X: 56.09, Y: -15.63. [just now]
- Lucy Wilde sees Thomas Smith at X: 55.25, Y: -18.75. [just now]
- Will reminds me of when I was young, eager to learn and prove myself. [just now]
- I've carved symbols on some trees, marking special moments of my life. [just now]
- I respect the forest, only taking what's necessary and planting twice as much. [just now]
- Nothing beats the smell of fresh-cut timber in the morning. [just now]
- The feel of the axe in my hand is like an extension of myself. [just now]

Given the available information, pick the best available action function to accomplish your tasks.


[1695427189817] --- Action Functions ---
[1695427189825] [
  {
    "name": "move_to",
    "description": "Move to a target location",
    "parameters": {
      "type": "object",
      "properties": {
        "characterId": {
          "type": "string",
          "description": "The character ID of the character that is adding the item to the chest."
        },
        "x": {
          "type": "number",
          "description": "The X coordinate of the target location."
        },
        "y": {
          "type": "number",
          "description": "The Y coordinate of the target location."
        }
      }
    }
  },
  {
    "name": "drop_axe",
    "description": "Drop Axe onto the ground.",
    "parameters": {
      "type": "object",
      "properties": {
        "characterId": {
          "type": "string",
          "description": "The character ID of the character that is adding the item to the chest."
        },
        "itemId": {
          "type": "string",
          "description": "The item ID of the item that is being added to the chest. Must be lowercase.",
          "values": [
            "wood",
            "stone",
            "iron",
            "diamond",
            "copper",
            "coal",
            "axe",
            "pickaxe",
            "sword",
            "berries"
          ]
        }
      }
    }
  },
  {
    "name": "drop_pickaxe",
    "description": "Drop Pickaxe onto the ground.",
    "parameters": {
      "type": "object",
      "properties": {
        "characterId": {
          "type": "string",
          "description": "The character ID of the character that is adding the item to the chest."
        },
        "itemId": {
          "type": "string",
          "description": "The item ID of the item that is being added to the chest. Must be lowercase.",
          "values": [
            "wood",
            "stone",
            "iron",
            "diamond",
            "copper",
            "coal",
            "axe",
            "pickaxe",
            "sword",
            "berries"
          ]
        }
      }
    }
  },
  {
    "name": "drop_sword",
    "description": "Drop Sword onto the ground.",
    "parameters": {
      "type": "object",
      "properties": {
        "characterId": {
          "type": "string",
          "description": "The character ID of the character that is adding the item to the chest."
        },
        "itemId": {
          "type": "string",
          "description": "The item ID of the item that is being added to the chest. Must be lowercase.",
          "values": [
            "wood",
            "stone",
            "iron",
            "diamond",
            "copper",
            "coal",
            "axe",
            "pickaxe",
            "sword",
            "berries"
          ]
        }
      }
    }
  },
  {
    "name": "eat",
    "description": "Eat some food.",
    "parameters": {
      "type": "object",
      "properties": {
        "characterId": {
          "type": "string",
          "description": "The character ID of the character that is adding the item to the chest."
        },
        "foodId": {
          "type": "string",
          "description": "The food ID of the food to be eaten.",
          "values": [
            "berries"
          ]
        }
      }
    }
  },
  {
    "name": "drop_berries",
    "description": "Drop Berries onto the ground.",
    "parameters": {
      "type": "object",
      "properties": {
        "characterId": {
          "type": "string",
          "description": "The character ID of the character that is adding the item to the chest."
        },
        "itemId": {
          "type": "string",
          "description": "The item ID of the item that is being added to the chest. Must be lowercase.",
          "values": [
            "wood",
            "stone",
            "iron",
            "diamond",
            "copper",
            "coal",
            "axe",
            "pickaxe",
            "sword",
            "berries"
          ]
        }
      }
    }
  },
  {
    "name": "start_conversation",
    "description": "Start a conversation with Thomas Smith (ID: A1).",
    "parameters": {
      "type": "object",
      "properties": {
        "characterId": {
          "type": "string",
          "description": "The character ID of the character that is initiating the conversation."
        },
        "targetCharacterId": {
          "type": "string",
          "description": "The character ID of the target character."
        },
        "conversationGoal": {
          "type": "string",
          "description": "Describe a hypothesis for precisely what you hope to get out of this conversation with Human in detail."
        }
      }
    }
  }
]
[1695427191583] Checking if agent is occupied...
[1695427191583] [31mAgent A4 is already occupied. Skipping...[39m
[1695427192165] [35m[CORTEX] Lucy Wilde - Feel: [39mThomas Smith's friendly inquiries into her well-being and her garden made Lucy feel a warm sense of community and shared experiences.
[1695427194197] [35m[CORTEX] Lucy Wilde - Plan: [39m Lucy would tell Thomas about the state of her garden and the persistent rabbit issue.
[1695427196507] [35m[CORTEX] Lucy Wilde - Say: [39mAh Thomas, your timing is impeccable. The greens are fighting for their lives against those rascally rabbits. Got any good solutions?

[1695427229996] [31m[createMemory][39m Inquiring about the state of my garden [20.8115482]
[1695427229999] [31m[createMemory][39m The struggle with pesky rabbits [20.8115482]
[1695427229999] [31m[createMemory][39m Thomas Smith's friendly demeanor during our conversation [20.8115482]
[1695427245048] --- Conversation Task Update Prompt ---
[1695427245049] Character: 
- ID: A4
- Name: Lucy Wilde
- Age: 35
- Occupation: Lumberjack
- Personality: Stoic, Resourceful, Witty

Action items & memories from conversation just now:
- Inquiring about the state of my garden
- The struggle with pesky rabbits
- Thomas Smith's friendly demeanor during our conversation
Tasks:
[
  {
    "task": "Eat the berries",
    "priority": 1
  },
  {
    "task": "Catch up with Thomas",
    "priority": 2
  },
  {
    "task": "Chop down a tree for firewood",
    "priority": 3
  },
  {
    "task": "Move to house",
    "priority": 4
  },
  {
    "task": "Check in with other villagers",
    "priority": 5
  },
  {
    "task": "Plant new trees",
    "priority": 6
  },
  {
    "task": "Maintain a healthy lifestyle",
    "priority": 7
  }
]

Given the available information from a conversation you just had, update your task list, placing priority on the conversation action items & memories. Replace the entire JSON array by removing completed tasks, updating existing tasks with new information and priorities, and create new tasks based on the provided info. Keep the list as concise as possible. The result must be sorted by priority, with the highest priority task at the top.
[1695427258218] --- Response ---
[1695427258218] Updated Tasks: 
[1695427258219] [
  {
    "task": "Figure out a way to deal with the pesky rabbits",
    "priority": 1
  },
  {
    "task": "Eat the berries",
    "priority": 2
  },
  {
    "task": "Catch up with Thomas",
    "priority": 3
  },
  {
    "task": "Chop down a tree for firewood",
    "priority": 4
  },
  {
    "task": "Move to house",
    "priority": 5
  },
  {
    "task": "Check the state of your garden",
    "priority": 6
  },
  {
    "task": "Check in with other villagers",
    "priority": 7
  },
  {
    "task": "Plant new trees",
    "priority": 8
  },
  {
    "task": "Maintain a healthy lifestyle",
    "priority": 9
  }
]
