[1695368351237] [Character] Creating Owen
[1695368351902] [31m[createMemory][39m Harvest season is always a community event; everyone helps out. [0]
[1695368351902] [31m[createMemory][39m My farm has been in my family for generations. [0]
[1695368351902] [31m[createMemory][39m I take pride in the quality of my crops. [0]
[1695368351902] [31m[createMemory][39m Watering the fields at dawn is my daily ritual. [0]
[1695368351902] [31m[createMemory][39m I've helped build the village barn for community storage. [0]
[1695368351902] [31m[createMemory][39m My optimism helps people through tough winters. [0]
[1695368351902] [31m[createMemory][39m I've learned weather patterns to maximize crop yield. [0]
[1695368351902] [31m[createMemory][39m I've taught my children the value of hard work. [0]
[1695368351902] [31m[createMemory][39m We celebrate every successful harvest with a village feast. [0]
[1695368351902] [31m[createMemory][39m I often exchange farming tips with other local farmers. [0]
[1695368351902] [31m[createMemory][39m My tools are my most prized possessions; they've seen years of work. [0]
[1695368351903] [31m[createMemory][39m The community market is where I sell my produce. [0]
[1695368351903] [31m[createMemory][39m I've started experimenting with new types of seeds. [0]
[1695368351903] [31m[createMemory][39m I remember how my parents taught me to respect the land. [0]
[1695368351903] [31m[createMemory][39m I keep records of each harvest; helps in planning the next. [0]
[1695368351903] [31m[createMemory][39m My farm's coordinates are 15, 28; right next to the creek. [0]
[1695368351903] [31m[createMemory][39m The village square is at 5, 10; where the market is held. [0]
[1695368351903] [31m[createMemory][39m The nearby forest is at 30, 40; it's a source of wild berries. [0]
[1695368351903] [31m[createMemory][39m The village granary is at 2, 6; where we store excess produce. [0]
[1695368351903] [31m[createMemory][39m The creek that feeds my farm flows from the north at 17, 35. [0]
[1695368364085] [Character] Owen created
[1695368895834] [31m[createMemory][39m Owen Greenfield sees Tree at X: 58.3, Y: -10.95. [0]
[1695368895841] [31m[createMemory][39m Owen Greenfield sees Stone Ore Deposit (Large) at X: 63.34, Y: -6.809999. [0]
[1695368895843] [31m[createMemory][39m Owen Greenfield sees Tree at X: 58.17, Y: -6.02. [0]
[1695368895851] [31m[createMemory][39m Owen Greenfield sees Tree at X: 65.95998, Y: -9.210001. [0]
[1695368895851] [31m[createMemory][39m Owen Greenfield sees Tree at X: 68, Y: -5.779999. [0]
[1695368895859] [31m[createMemory][39m Owen Greenfield sees Stone Ore Deposit (Small) at X: 62.05, Y: -5.25. [0]
[1695368895877] [31m[createMemory][39m Owen Greenfield sees Stone Ore Deposit (Medium) at X: 64.41, Y: -4.48. [0]
[1695368895900] [31m[createMemory][39m Owen Greenfield sees Tree at X: 65.73, Y: -11.68. [0]
[1695368895900] [31m[createMemory][39m Owen Greenfield sees Tree at X: 60.96, Y: -10.67. [0]
[1695368895931] [31m[createMemory][39m Owen Greenfield sees Tree at X: 58.63, Y: -7.990002. [0]
