[1695368351232] [Character] Creating Eli
[1695368351949] [31m[createMemory][39m I need to let Thomas know I'm going to explore. He's asked me in the past to let him know just in case I get hurt or lost. [0]
[1695368351950] [31m[createMemory][39m I once found a secret clearing in the woods, it's my personal hideout now. [0]
[1695368351950] [31m[createMemory][39m The world feels so big and full of wonders, I want to see them all! [0]
[1695368351950] [31m[createMemory][39m I saw a deer up close once, our eyes met and we just stared for a moment. [0]
[1695368351950] [31m[createMemory][39m Climbing trees is my favorite! The higher I go, the bigger the world looks. [0]
[1695368351950] [31m[createMemory][39m Lucy showed me how to listen to the forest, it's like it's telling stories. [0]
[1695368351950] [31m[createMemory][39m Every rock and leaf, every bird and bug, feels like a friend to me. [0]
[1695368351950] [31m[createMemory][39m I once got lost, but the stars guided me home. They're like nature's map! [0]
[1695368351950] [31m[createMemory][39m George tells me tales of old, turning every tree and hill into an adventure. [0]
[1695368351950] [31m[createMemory][39m I made a whistle out of a reed! Nature is full of surprises. [0]
[1695368351950] [31m[createMemory][39m The woods in autumn is my favorite. All those colors... like nature's painting! [0]
[1695368351950] [31m[createMemory][39m I wish I could talk to animals. Imagine the stories they'd tell! [0]
[1695368351950] [31m[createMemory][39m I've learned to move silently. That way, nature doesn’t hide from me. [0]
[1695368351950] [31m[createMemory][39m Lucy once said every tree has a story. I'm trying to learn them all. [0]
[1695368351950] [31m[createMemory][39m Rainy days? That's when the forest sings its loudest song! [0]
[1695368351950] [31m[createMemory][39m I dreamt I could fly like a bird, seeing the world from above. Maybe one day... [0]
[1695368364153] [Character] Eli created
[1695368895285] [31m[createMemory][39m Eli Green sees Tree Stump at X: 36.50999, Y: -46.03. [0]
[1695368895455] [31m[createMemory][39m Eli Green sees Tree at X: 38.28, Y: -45.67. [0]
[1695368895493] [31m[createMemory][39m Eli Green sees Tree at X: 40.72, Y: -46.88. [0]
[1695368895494] [31m[createMemory][39m Eli Green sees Tree at X: 36.04, Y: -47.68999. [0]
[1695368895494] [31m[createMemory][39m Eli Green sees Chest at X: 37.52, Y: -48.22. [0]
[1695368895494] [31m[createMemory][39m Eli Green sees Tree at X: 41.96, Y: -50.43. [0]
[1695368895495] [31m[createMemory][39m Eli Green sees Tree Stump at X: 38.7, Y: -50.07. [0]
[1695368895495] [31m[createMemory][39m Eli Green sees Tree at X: 42.62, Y: -48.29. [0]
[1695368895496] [31m[createMemory][39m Eli Green sees Tree at X: 43.53, Y: -51.61. [0]
[1695368895497] [31m[createMemory][39m Eli Green sees Tree at X: 39.4, Y: -48.08. [0]
