[1695368351232] [Character] Creating James
[1695368351897] [31m[createMemory][39m First sale I ever made was a pocket watch. Still got the knack for timepieces. [0]
[1695368351897] [31m[createMemory][39m I've visited so many towns, I could draw a map from memory. [0]
[1695368351897] [31m[createMemory][39m Every road has its bumps. Literally. My cart’s wheels are proof. [0]
[1695368351898] [31m[createMemory][39m I always have a joke up my sleeve. Lightens the mood and loosens wallets. [0]
[1695368351898] [31m[createMemory][39m I have a sixth sense for what people want. Makes for good business. [0]
[1695368351898] [31m[createMemory][39m Harold once told me, 'Even a salesman could learn from the sea.' He’s not wrong. [0]
[1695368351898] [31m[createMemory][39m If I’m not selling, I’m learning. Everyone’s got something to teach. [0]
[1695368351898] [31m[createMemory][39m Eli’s curiosity reminds me of my younger days. Hope he keeps it. [0]
[1695368351898] [31m[createMemory][39m Met a craftsman who made the most exquisite jewelry. Talked him into a partnership. [0]
[1695368351898] [31m[createMemory][39m You can't just sell a product; you sell dreams, comfort, a better tomorrow. [0]
[1695368351898] [31m[createMemory][39m I carry a lucky coin. Hasn’t failed me yet. [0]
[1695368351898] [31m[createMemory][39m Some folks call it selling. I call it helping people make decisions. [0]
[1695368351899] [31m[createMemory][39m My biggest sale? A grand piano. Don't ask how I managed to carry it. [0]
[1695368351899] [31m[createMemory][39m No one knows it, but I can play the harmonica. Helps pass the lonely roads. [0]
[1695368351900] [31m[createMemory][39m I’ve learned to spot a deal from a dud. The eyes always give it away. [0]
[1695368364003] [Character] James created
[1695368895286] [31m[createMemory][39m James McAllister sees Tree at X: 43.32, Y: -33.08. [0]
[1695368895291] [31m[createMemory][39m James McAllister sees Tree at X: 42.42, Y: -26.71. [0]
[1695368895291] [31m[createMemory][39m James McAllister sees Tree at X: 43.59, Y: -35.38. [0]
[1695368895304] [31m[createMemory][39m James McAllister sees Tree at X: 43.32, Y: -33.08. [0]
[1695368895305] [31m[createMemory][39m James McAllister sees Tree at X: 39.9, Y: -26.17. [0]
[1695368895309] [31m[createMemory][39m James McAllister sees Tree at X: 36.84, Y: -29.19. [0]
[1695368895330] [31m[createMemory][39m James McAllister sees Tree at X: 39.58, Y: -34.11. [0]
[1695368895331] [31m[createMemory][39m James McAllister sees Tree at X: 45.36, Y: -32.92. [0]
[1695368895424] [31m[createMemory][39m James McAllister sees Tree at X: 43.59, Y: -35.38. [0]
[1695368895460] [31m[createMemory][39m James McAllister sees Tree at X: 44.62, Y: -26.27. [0]
[1695368895460] [31m[createMemory][39m James McAllister sees Tree at X: 38.98, Y: -28.7. [0]
[1695368895460] [31m[createMemory][39m James McAllister sees Tree at X: 38.2, Y: -27.17. [0]
