[1695368924674] [Character] Creating Owen
[1695368925343] [31m[createMemory][39m Harvest season is always a community event; everyone helps out. [0]
[1695368925343] [31m[createMemory][39m My farm has been in my family for generations. [0]
[1695368925343] [31m[createMemory][39m I take pride in the quality of my crops. [0]
[1695368925343] [31m[createMemory][39m Watering the fields at dawn is my daily ritual. [0]
[1695368925343] [31m[createMemory][39m I've helped build the village barn for community storage. [0]
[1695368925343] [31m[createMemory][39m My optimism helps people through tough winters. [0]
[1695368925343] [31m[createMemory][39m I've learned weather patterns to maximize crop yield. [0]
[1695368925343] [31m[createMemory][39m I've taught my children the value of hard work. [0]
[1695368925343] [31m[createMemory][39m We celebrate every successful harvest with a village feast. [0]
[1695368925343] [31m[createMemory][39m I often exchange farming tips with other local farmers. [0]
[1695368925343] [31m[createMemory][39m My tools are my most prized possessions; they've seen years of work. [0]
[1695368925343] [31m[createMemory][39m The community market is where I sell my produce. [0]
[1695368925343] [31m[createMemory][39m I've started experimenting with new types of seeds. [0]
[1695368925343] [31m[createMemory][39m I remember how my parents taught me to respect the land. [0]
[1695368925343] [31m[createMemory][39m I keep records of each harvest; helps in planning the next. [0]
[1695368925343] [31m[createMemory][39m My farm's coordinates are 15, 28; right next to the creek. [0]
[1695368925343] [31m[createMemory][39m The village square is at 5, 10; where the market is held. [0]
[1695368925343] [31m[createMemory][39m The nearby forest is at 30, 40; it's a source of wild berries. [0]
[1695368925343] [31m[createMemory][39m The village granary is at 2, 6; where we store excess produce. [0]
[1695368925343] [31m[createMemory][39m The creek that feeds my farm flows from the north at 17, 35. [0]
[1695368937913] [Character] Owen created
[1695369093336] [31m[createMemory][39m Owen Greenfield sees Tree at X: 68, Y: -5.779999. [0]
[1695369093339] [31m[createMemory][39m Owen Greenfield sees Tree at X: 58.3, Y: -10.95. [0]
[1695369093339] [31m[createMemory][39m Owen Greenfield sees Tree at X: 58.17, Y: -6.02. [0]
[1695369093347] [31m[createMemory][39m Owen Greenfield sees Stone Ore Deposit (Small) at X: 62.05, Y: -5.25. [0]
[1695369093347] [31m[createMemory][39m Owen Greenfield sees Stone Ore Deposit (Large) at X: 63.34, Y: -6.809999. [0]
[1695369093378] [31m[createMemory][39m Owen Greenfield sees Tree at X: 60.96, Y: -10.67. [0]
[1695369093385] [31m[createMemory][39m Owen Greenfield sees Stone Ore Deposit (Medium) at X: 64.41, Y: -4.48. [0]
[1695369093385] [31m[createMemory][39m Owen Greenfield sees Tree at X: 65.95998, Y: -9.210001. [0]
[1695369093385] [31m[createMemory][39m Owen Greenfield sees Tree at X: 65.73, Y: -11.68. [0]
[1695369093396] [31m[createMemory][39m Owen Greenfield sees Tree at X: 58.63, Y: -7.990002. [0]
[1695369102693] --- Prompt ---
[1695369102694] Character: 
- ID: A10
- Name: Owen Greenfield
- Age: 33
- Occupation: Farmer
- Personality: Hardworking, Optimistic, Community-Oriented

Location: 63.2, -8.26

Time: Day 0, 12:00 AM

Energy: Fully Rested

Hunger: Full

Environment:
- Stone Ore Deposit (Large) (Health: 10/10) [Location: 63.34, -6.809999, Direction: N,  Distance: 1.5m]
- Tree (Health: 10/10) [Location: 65.95998, -9.210001, Direction: N,  Distance: 2.9m]
- Stone Ore Deposit (Small) (Health: 5/5) [Location: 62.05, -5.25, Direction: N,  Distance: 3.2m]
- Tree (Health: 10/10) [Location: 60.96, -10.67, Direction: N,  Distance: 3.3m]
- Stone Ore Deposit (Medium) (Health: 10/10) [Location: 64.41, -4.48, Direction: N,  Distance: 4.0m]
- Tree (Health: 10/10) [Location: 65.73, -11.68, Direction: N,  Distance: 4.3m]
- Tree (Health: 10/10) [Location: 58.63, -7.990002, Direction: N,  Distance: 4.6m]
- Tree (Health: 10/10) [Location: 68, -5.779999, Direction: N,  Distance: 5.4m]
- Tree (Health: 10/10) [Location: 58.17, -6.02, Direction: N,  Distance: 5.5m]
- Tree (Health: 10/10) [Location: 58.3, -10.95, Direction: N,  Distance: 5.6m]
- Tree (Health: 10/10) [Location: 61.04, -13.46, Direction: N,  Distance: 5.6m]
- Tree (Health: 10/10) [Location: 63.59, -13.96, Direction: N,  Distance: 5.7m]
- Tree (Health: 10/10) [Location: 66.80001, -13.9, Direction: N,  Distance: 6.7m]
- Tree (Health: 10/10) [Location: 56.58, -9.290001, Direction: N,  Distance: 6.7m]
- Tree (Health: 10/10) [Location: 69.89, -6.34, Direction: N,  Distance: 7.0m]
- Tree (Health: 10/10) [Location: 59.08, -2.57, Direction: N,  Distance: 7.0m]
- Tree (Health: 10/10) [Location: 63.73, -1.009998, Direction: N,  Distance: 7.3m]
- Tree (Health: 10/10) [Location: 57.2, -12.75, Direction: N,  Distance: 7.5m]
- Tree (Health: 10/10) [Location: 67.12999, -1.68, Direction: N,  Distance: 7.7m]
- Tree (Health: 10/10) [Location: 61.84, -0.4499969, Direction: N,  Distance: 7.9m]
- Tree (Health: 10/10) [Location: 68.75, -2.540001, Direction: N,  Distance: 8.0m]
- Tree (Health: 10/10) [Location: 59.01, -15.07, Direction: N,  Distance: 8.0m]
- Tree (Health: 10/10) [Location: 56.85, -3.309999, Direction: N,  Distance: 8.1m]
- Tree (Health: 10/10) [Location: 55.07, -7.26, Direction: N,  Distance: 8.2m]
- Tree Stump (Health: 5/5) [Location: 55.31, -5.74, Direction: N,  Distance: 8.3m]
- Tree (Health: 10/10) [Location: 59.15, -0.5999985, Direction: N,  Distance: 8.7m]

Inventory (4/10):
- Axe x 1
- Pickaxe x 1
- Sword x 1
- Berries x 1

Tasks:
[
  {
    "task": "Carry out your daily dutiies",
    "priority": 1
  },
  {
    "task": "Catch up with other villagers",
    "priority": 2
  },
  {
    "task": "Maintain a healthy lifestyle",
    "priority": 3
  }
]

Memories:
- I've taught my children the value of hard work. [just now]
- My tools are my most prized possessions; they've seen years of work. [just now]
- I remember how my parents taught me to respect the land. [just now]
- The village square is at 5, 10; where the market is held. [just now]
- I take pride in the quality of my crops. [just now]
- I've learned weather patterns to maximize crop yield. [just now]
- I've started experimenting with new types of seeds. [just now]
- Watering the fields at dawn is my daily ritual. [just now]
- My optimism helps people through tough winters. [just now]
- The community market is where I sell my produce. [just now]
- Owen Greenfield sees Stone Ore Deposit (Large) at X: 63.34, Y: -6.809999. [just now]
- Owen Greenfield sees Tree at X: 65.95998, Y: -9.210001. [just now]
- Owen Greenfield sees Stone Ore Deposit (Medium) at X: 64.41, Y: -4.48. [just now]
- Owen Greenfield sees Stone Ore Deposit (Small) at X: 62.05, Y: -5.25. [just now]

Available Actions:
- move_to: Move to a target location
- drop_axe: Drop Axe onto the ground.
- drop_pickaxe: Drop Pickaxe onto the ground.
- drop_sword: Drop Sword onto the ground.
- eat: Eat some food.
- drop_berries: Drop Berries onto the ground.

Given the available information, update your task list. Take into consideration the time of day, environment, personality of the character, and more. Replace the entire JSON array by removing completed tasks, updating existing tasks with new information and priorities, and create new tasks based on the provided info. Keep the list as concise as possible. Remember focus on the time of day to adjust priorities.
