[1695368924674] [Character] Creating Bryce
[1695368925344] [31m[createMemory][39m My forge is my sanctuary; it's where I feel most alive. [0]
[1695368925344] [31m[createMemory][39m I've crafted custom armor for the village guards. [0]
[1695368925344] [31m[createMemory][39m The young apprentices look up to me for guidance. [0]
[1695368925344] [31m[createMemory][39m I've refined my techniques over many years. [0]
[1695368925344] [31m[createMemory][39m A good sword is a balance of form and function. [0]
[1695368925344] [31m[createMemory][39m Villagers often come to me for advice. [0]
[1695368925344] [31m[createMemory][39m I've repaired the village bell three times in the last decade. [0]
[1695368925344] [31m[createMemory][39m My father was a miner; he taught me to appreciate metals. [0]
[1695368925344] [31m[createMemory][39m I always keep an eye out for rare ores and materials. [0]
[1695368925344] [31m[createMemory][39m Maintaining the forge is a never-ending task. [0]
[1695368925344] [31m[createMemory][39m I've witnessed the village grow and change over the years. [0]
[1695368925344] [31m[createMemory][39m My family has always been supportive of my craft. [0]
[1695368925344] [31m[createMemory][39m I often collaborate with Owen on tools for farming. [0]
[1695368925345] [31m[createMemory][39m I take great pride in my work; each piece is a part of me. [0]
[1695368925345] [31m[createMemory][39m I keep records of all the items I've crafted. [0]
[1695368925345] [31m[createMemory][39m The forge is located at coordinates 9, 12, near the marketplace. [0]
[1695368925345] [31m[createMemory][39m The village well is at coordinates 3, 5; I helped build its frame. [0]
[1695368925345] [31m[createMemory][39m The training ground is at 20, 15; I supply their weapons. [0]
[1695368925345] [31m[createMemory][39m The village gate is at 0, 0; I've reinforced it multiple times. [0]
[1695368925345] [31m[createMemory][39m The Ironhammer family home is at 10, 9; just a stone's throw from the forge. [0]
[1695368937908] [Character] Bryce created
[1695369092744] [31m[createMemory][39m Bryce Ironhammer sees House at X: 69.94962, Y: -21.96995. [0]
[1695369092745] [31m[createMemory][39m Bryce Ironhammer sees George Brown at X: 64.12, Y: -20.02. [0]
[1695369092745] [31m[createMemory][39m Bryce Ironhammer sees Tree at X: 72.82, Y: -17.92. [0]
[1695369092745] [31m[createMemory][39m Bryce Ironhammer sees Cedric Warborn at X: 65.06, Y: -23.56. [0]
[1695369092745] [31m[createMemory][39m Bryce Ironhammer sees Tree at X: 70.73, Y: -15.78. [0]
[1695369092745] [31m[createMemory][39m Bryce Ironhammer sees Tree Stump at X: 69.41, Y: -25.35. [0]
[1695369092901] [31m[createMemory][39m Bryce Ironhammer sees House at X: 66.39426, Y: -18.97424. [0]
[1695369102367] --- Prompt ---
[1695369102367] Character: 
- ID: A11
- Name: Bryce Ironhammer
- Age: 42
- Occupation: Blacksmith
- Personality: Skilled, Wise, Resilient

Location: 68.71, -21.16

Time: Day 0, 12:00 AM

Energy: Fully Rested

Hunger: Satisfied

Environment:
- House (Health: 100/100) [Location: 69.94962, -21.96995, Direction: N,  Distance: 1.5m]
- House (Health: 100/100) [Location: 66.39426, -18.97424, Direction: N,  Distance: 3.2m]
- Tree Stump (Health: 5/5) [Location: 69.41, -25.35, Direction: N,  Distance: 4.2m]
- Cedric Warborn (Health: 25/25) [Location: 65.06, -23.56, Direction: N,  Distance: 4.4m]
- George Brown (Health: 25/25) [Location: 64.12, -20.02, Direction: N,  Distance: 4.7m]
- Tree (Health: 10/10) [Location: 72.82, -17.92, Direction: N,  Distance: 5.2m]
- Tree (Health: 10/10) [Location: 70.73, -15.78, Direction: N,  Distance: 5.7m]
- Tree (Health: 10/10) [Location: 68.84, -15.22, Direction: N,  Distance: 5.9m]
- Tree (Health: 10/10) [Location: 65.64, -26.4, Direction: N,  Distance: 6.1m]
- Tree (Health: 10/10) [Location: 63.72, -25.02, Direction: N,  Distance: 6.3m]
- Tree (Health: 10/10) [Location: 75.56, -21.2, Direction: N,  Distance: 6.9m]
- Tree (Health: 10/10) [Location: 73.32999, -15.79, Direction: N,  Distance: 7.1m]
- Tree (Health: 10/10) [Location: 70.71, -14.14, Direction: N,  Distance: 7.3m]
- Tree (Health: 10/10) [Location: 66.80001, -13.9, Direction: N,  Distance: 7.5m]
- Tree (Health: 10/10) [Location: 66.48, -28.55, Direction: NW,  Distance: 7.7m]
- Tree (Health: 10/10) [Location: 76.91999, -19.12, Direction: N,  Distance: 8.5m]
- Tree (Health: 10/10) [Location: 76.27, -17.36, Direction: N,  Distance: 8.5m]
- Tree (Health: 10/10) [Location: 63.59, -13.96, Direction: N,  Distance: 8.8m]
- House (Health: 100/100) [Location: 59.514, -24.01099, Direction: N,  Distance: 9.6m]

Inventory (4/10):
- Axe x 1
- Pickaxe x 1
- Sword x 1
- Berries x 1

Tasks:
[
  {
    "task": "Mine stone",
    "priority": 1
  },
  {
    "task": "Catch up with other villagers",
    "priority": 2
  },
  {
    "task": "Maintain a healthy lifestyle",
    "priority": 3
  }
]

Memories:
- My father was a miner; he taught me to appreciate metals. [just now]
- I've witnessed the village grow and change over the years. [just now]
- A good sword is a balance of form and function. [just now]
- The village well is at coordinates 3, 5; I helped build its frame. [just now]
- I've crafted custom armor for the village guards. [just now]
- I take great pride in my work; each piece is a part of me. [just now]
- My family has always been supportive of my craft. [just now]
- The young apprentices look up to me for guidance. [just now]
- I keep records of all the items I've crafted. [just now]
- I often collaborate with Owen on tools for farming. [just now]
- The forge is located at coordinates 9, 12, near the marketplace. [just now]
- Bryce Ironhammer sees House at X: 69.94962, Y: -21.96995. [just now]
- Bryce Ironhammer sees Tree at X: 72.82, Y: -17.92. [just now]

Available Actions:
- move_to: Move to a target location
- swing_axe: Swing Axe.
- drop_axe: Drop Axe onto the ground.
- swing_pickaxe: Swing Pickaxe.
- drop_pickaxe: Drop Pickaxe onto the ground.
- swing_sword: Swing sword.
- drop_sword: Drop Sword onto the ground.
- eat: Eat some food.
- drop_berries: Drop Berries onto the ground.

Given the available information, update your task list. Take into consideration the time of day, environment, personality of the character, and more. Replace the entire JSON array by removing completed tasks, updating existing tasks with new information and priorities, and create new tasks based on the provided info. Keep the list as concise as possible. Remember focus on the time of day to adjust priorities.
