[1695368925361] [31m[createMemory][39m I’ve fought in three major campaigns during my youth. [0]
[1695368925361] [31m[createMemory][39m I spend my mornings meditating, reflecting on life’s complexities. [0]
[1695368925361] [31m[createMemory][39m I’ve mentored several of the village’s young men and women. [0]
[1695368925361] [31m[createMemory][39m My home has a collection of artifacts from my time as a soldier. [0]
[1695368925361] [31m[createMemory][39m The village festival every spring is a tradition I helped start. [0]
[1695368925361] [31m[createMemory][39m People often seek my counsel for settling disputes. [0]
[1695368925361] [31m[createMemory][39m I’ve learned the value of diplomacy over brute force. [0]
[1695368925361] [31m[createMemory][39m I've authored several scrolls on strategy and leadership. [0]
[1695368925362] [31m[createMemory][39m The woods to the north are full of medicinal herbs. [0]
[1695368925362] [31m[createMemory][39m I have an old battle wound that acts up during the winter. [0]
[1695368925362] [31m[createMemory][39m I enjoy listening to the blacksmith’s tales; reminds me of the forge of life. [0]
[1695368925362] [31m[createMemory][39m I've seen leaders rise and fall; humility is key to greatness. [0]
[1695368925362] [31m[createMemory][39m My children have moved to distant lands; they write often. [0]
[1695368925362] [31m[createMemory][39m I've helped construct some of the village’s most iconic structures. [0]
[1695368925362] [31m[createMemory][39m I find solace in reading the ancient texts kept in the village library. [0]
[1695368925362] [31m[createMemory][39m My abode is at coordinates 8, 17; near the Wisdom Oak tree. [0]
[1695368925362] [31m[createMemory][39m The village library is at coordinates 12, 6; I visit often. [0]
[1695368925362] [31m[createMemory][39m The Wisdom Oak tree stands tall at 6, 20; a symbol of the village's age. [0]
[1695368925362] [31m[createMemory][39m The old battleground is at 35, 40; a reminder of past conflicts. [0]
[1695368925362] [31m[createMemory][39m The village cemetery is at 1, 28; I've laid many old friends to rest there. [0]
[1695368937872] [Character] Cedric created
[1695369092726] [31m[createMemory][39m Cedric Warborn sees Tree at X: 63.72, Y: -25.02. [0]
[1695369092726] [31m[createMemory][39m Cedric Warborn sees Tree at X: 66.48, Y: -28.55. [0]
[1695369092747] [31m[createMemory][39m Cedric Warborn sees House at X: 59.514, Y: -24.01099. [0]
[1695369092747] [31m[createMemory][39m Cedric Warborn sees George Brown at X: 64.12, Y: -20.02. [0]
[1695369092757] [31m[createMemory][39m Cedric Warborn sees Tree at X: 65.64, Y: -26.4. [0]
[1695369092761] [31m[createMemory][39m Cedric Warborn sees Tree Stump at X: 69.41, Y: -25.35. [0]
[1695369092761] [31m[createMemory][39m Cedric Warborn sees Bryce Ironhammer at X: 68.71, Y: -21.16. [0]
[1695369092772] [31m[createMemory][39m Cedric Warborn sees House at X: 66.39426, Y: -18.97424. [0]
[1695369101805] --- Prompt ---
[1695369101811] Character: 
- ID: A12
- Name: Cedric Warborn
- Age: 65
- Occupation: Retired Soldier, Village Mentor
- Personality: Sage, Observant, Stoic

Location: 65.06, -23.56

Time: Day 0, 12:00 AM

Energy: Fully Rested

Hunger: Satisfied

Environment:
- Tree (Health: 10/10) [Location: 63.72, -25.02, Direction: N,  Distance: 2.0m]
- Tree (Health: 10/10) [Location: 65.64, -26.4, Direction: N,  Distance: 2.9m]
- George Brown (Health: 25/25) [Location: 64.12, -20.02, Direction: N,  Distance: 3.7m]
- Bryce Ironhammer (Health: 25/25) [Location: 68.71, -21.16, Direction: N,  Distance: 4.4m]
- Tree Stump (Health: 5/5) [Location: 69.41, -25.35, Direction: N,  Distance: 4.7m]
- House (Health: 100/100) [Location: 66.39426, -18.97424, Direction: N,  Distance: 4.8m]
- House (Health: 100/100) [Location: 69.94962, -21.96995, Direction: N,  Distance: 5.1m]
- Tree (Health: 10/10) [Location: 66.48, -28.55, Direction: NW,  Distance: 5.2m]
- House (Health: 100/100) [Location: 59.514, -24.01099, Direction: N,  Distance: 5.6m]
- Tree (Health: 10/10) [Location: 63.17, -28.96, Direction: NW,  Distance: 5.7m]
- Tree (Health: 10/10) [Location: 58.89, -24.2, Direction: N,  Distance: 6.2m]
- Tree (Health: 10/10) [Location: 59.02, -26.06, Direction: NW,  Distance: 6.5m]
- Tree (Health: 10/10) [Location: 64.81, -30.56, Direction: NW,  Distance: 7.0m]
- Tree (Health: 10/10) [Location: 58.26, -28.31, Direction: NW,  Distance: 8.3m]
- Tree Stump (Health: 5/5) [Location: 59.31, -29.67, Direction: NW,  Distance: 8.4m]

Inventory (4/10):
- Axe x 1
- Pickaxe x 1
- Sword x 1
- Berries x 1

Tasks:
[
  {
    "task": "Carry out your daily dutiies",
    "priority": 1
  },
  {
    "task": "Catch up with other villagers",
    "priority": 2
  },
  {
    "task": "Maintain a healthy lifestyle",
    "priority": 3
  }
]

Memories:
- The village library is at coordinates 12, 6; I visit often. [just now]
- I've authored several scrolls on strategy and leadership. [just now]
- The village festival every spring is a tradition I helped start. [just now]
- I’ve fought in three major campaigns during my youth. [just now]
- I’ve learned the value of diplomacy over brute force. [just now]
- The village cemetery is at 1, 28; I've laid many old friends to rest there. [just now]
- The woods to the north are full of medicinal herbs. [just now]
- I spend my mornings meditating, reflecting on life’s complexities. [just now]
- I've seen leaders rise and fall; humility is key to greatness. [just now]
- My children have moved to distant lands; they write often. [just now]
- I’ve mentored several of the village’s young men and women. [just now]
- My abode is at coordinates 8, 17; near the Wisdom Oak tree. [just now]
- I've helped construct some of the village’s most iconic structures. [just now]
- Cedric Warborn sees Tree at X: 63.72, Y: -25.02. [just now]
- Cedric Warborn sees Tree at X: 65.64, Y: -26.4. [just now]

Available Actions:
- move_to: Move to a target location
- drop_axe: Drop Axe onto the ground.
- drop_pickaxe: Drop Pickaxe onto the ground.
- drop_sword: Drop Sword onto the ground.
- eat: Eat some food.
- drop_berries: Drop Berries onto the ground.

Given the available information, update your task list. Take into consideration the time of day, environment, personality of the character, and more. Replace the entire JSON array by removing completed tasks, updating existing tasks with new information and priorities, and create new tasks based on the provided info. Keep the list as concise as possible. Remember focus on the time of day to adjust priorities.
