[1695368924672] [Character] Creating George
[1695368925287] [31m[createMemory][39m George Brown is quite tired today. [0]
[1695368925288] [31m[createMemory][39m Working in the mines is tough but rewarding. [0]
[1695368925288] [31m[createMemory][39m I've been friends with Thomas for a long time. [0]
[1695368925288] [31m[createMemory][39m Safety in the mines is a top priority for me. [0]
[1695368925288] [31m[createMemory][39m I've discovered some rare minerals during my time here. [0]
[1695368925288] [31m[createMemory][39m I'm usually one of the first to arrive at the mine site. [0]
[1695368925288] [31m[createMemory][39m My family has been mining for generations. [0]
[1695368925288] [31m[createMemory][39m I enjoy a cold beverage after a long day in the mines. [0]
[1695368925288] [31m[createMemory][39m I've been taught traditional mining songs by the older miners. [0]
[1695368925288] [31m[createMemory][39m I've saved up to buy a house near the village. [0]
[1695368925288] [31m[createMemory][39m I know a secret tunnel in the mine that few know about. [0]
[1695368925288] [31m[createMemory][39m It's important to have the right tools for the job. [0]
[1695368925288] [31m[createMemory][39m I take pride in my work and look after my equipment. [0]
[1695368925288] [31m[createMemory][39m I sometimes join Thomas and others for a meal after work. [0]
[1695368925288] [31m[createMemory][39m I've had a few close calls, but always came out safe. [0]
[1695368925288] [31m[createMemory][39m The village festivities are something I look forward to every year. [0]
[1695368937537] [Character] George created
[1695369093262] [31m[createMemory][39m George Brown sees House at X: 59.514, Y: -24.01099. [0]
[1695369093280] [31m[createMemory][39m George Brown sees Cedric Warborn at X: 65.06, Y: -23.56. [0]
[1695369093283] [31m[createMemory][39m George Brown sees House at X: 66.39426, Y: -18.97424. [0]
[1695369093283] [31m[createMemory][39m George Brown sees Tree at X: 63.72, Y: -25.02. [0]
[1695369093284] [31m[createMemory][39m George Brown sees Bryce Ironhammer at X: 68.71, Y: -21.16. [0]
[1695369102617] --- Prompt ---
[1695369102619] Character: 
- ID: A2
- Name: George Brown
- Age: 28
- Occupation: Miner
- Personality: Hardworking, Loyal, Reserved

Location: 64.12, -20.02

Time: Day 0, 12:00 AM

Energy: Fully Rested

Hunger: Starving

Environment:
- House (Health: 100/100) [Location: 66.39426, -18.97424, Direction: N,  Distance: 2.5m]
- Cedric Warborn (Health: 25/25) [Location: 65.06, -23.56, Direction: N,  Distance: 3.7m]
- Bryce Ironhammer (Health: 25/25) [Location: 68.71, -21.16, Direction: N,  Distance: 4.7m]
- Tree (Health: 10/10) [Location: 63.72, -25.02, Direction: N,  Distance: 5.0m]
- Tree (Health: 10/10) [Location: 63.59, -13.96, Direction: N,  Distance: 6.1m]
- House (Health: 100/100) [Location: 59.514, -24.01099, Direction: N,  Distance: 6.1m]
- House (Health: 100/100) [Location: 69.94962, -21.96995, Direction: N,  Distance: 6.1m]
- Tree (Health: 10/10) [Location: 65.64, -26.4, Direction: N,  Distance: 6.6m]
- Tree (Health: 10/10) [Location: 66.80001, -13.9, Direction: N,  Distance: 6.7m]
- Tree (Health: 10/10) [Location: 58.89, -24.2, Direction: N,  Distance: 6.7m]
- Tree (Health: 10/10) [Location: 68.84, -15.22, Direction: N,  Distance: 6.7m]
- Tree (Health: 10/10) [Location: 59.01, -15.07, Direction: N,  Distance: 7.1m]
- Tree (Health: 10/10) [Location: 61.04, -13.46, Direction: N,  Distance: 7.2m]
- Tree Stump (Health: 5/5) [Location: 69.41, -25.35, Direction: N,  Distance: 7.5m]
- Lucy Wilde (Health: 25/25) [Location: 56.59, -18.82, Direction: N,  Distance: 7.6m]
- Tree (Health: 10/10) [Location: 70.73, -15.78, Direction: N,  Distance: 7.9m]
- Tree (Health: 10/10) [Location: 59.02, -26.06, Direction: NW,  Distance: 7.9m]
- Tree (Health: 10/10) [Location: 65.73, -11.68, Direction: N,  Distance: 8.5m]
- Tree (Health: 10/10) [Location: 70.71, -14.14, Direction: N,  Distance: 8.8m]

Inventory (4/10):
- Axe x 1
- Pickaxe x 1
- Sword x 1
- Berries x 1

Tasks:
[
  {
    "task": "Carry out your daily dutiies",
    "priority": 1
  },
  {
    "task": "Catch up with other villagers",
    "priority": 2
  },
  {
    "task": "Maintain a healthy lifestyle",
    "priority": 3
  }
]

Memories:
- I'm usually one of the first to arrive at the mine site. [just now]
- I've been friends with Thomas for a long time. [just now]
- Safety in the mines is a top priority for me. [just now]
- I've saved up to buy a house near the village. [just now]
- I've been taught traditional mining songs by the older miners. [just now]
- I know a secret tunnel in the mine that few know about. [just now]
- It's important to have the right tools for the job. [just now]
- I enjoy a cold beverage after a long day in the mines. [just now]
- I've had a few close calls, but always came out safe. [just now]
- The village festivities are something I look forward to every year. [just now]
- George Brown sees House at X: 66.39426, Y: -18.97424. [just now]
- George Brown sees Bryce Ironhammer at X: 68.71, Y: -21.16. [just now]
- George Brown sees Tree at X: 63.72, Y: -25.02. [just now]
- George Brown sees Cedric Warborn at X: 65.06, Y: -23.56. [just now]

Available Actions:
- move_to: Move to a target location
- drop_axe: Drop Axe onto the ground.
- drop_pickaxe: Drop Pickaxe onto the ground.
- drop_sword: Drop Sword onto the ground.
- eat: Eat some food.
- drop_berries: Drop Berries onto the ground.

Given the available information, update your task list. Take into consideration the time of day, environment, personality of the character, and more. Replace the entire JSON array by removing completed tasks, updating existing tasks with new information and priorities, and create new tasks based on the provided info. Keep the list as concise as possible. Remember focus on the time of day to adjust priorities.
