[1695368925238] [31m[createMemory][39m I need to let Thomas know I'm going to explore. He's asked me in the past to let him know just in case I get hurt or lost. [0]
[1695368925239] [31m[createMemory][39m I once found a secret clearing in the woods, it's my personal hideout now. [0]
[1695368925239] [31m[createMemory][39m The world feels so big and full of wonders, I want to see them all! [0]
[1695368925239] [31m[createMemory][39m I saw a deer up close once, our eyes met and we just stared for a moment. [0]
[1695368925239] [31m[createMemory][39m Climbing trees is my favorite! The higher I go, the bigger the world looks. [0]
[1695368925239] [31m[createMemory][39m Lucy showed me how to listen to the forest, it's like it's telling stories. [0]
[1695368925239] [31m[createMemory][39m Every rock and leaf, every bird and bug, feels like a friend to me. [0]
[1695368925239] [31m[createMemory][39m I once got lost, but the stars guided me home. They're like nature's map! [0]
[1695368925239] [31m[createMemory][39m George tells me tales of old, turning every tree and hill into an adventure. [0]
[1695368925239] [31m[createMemory][39m I made a whistle out of a reed! Nature is full of surprises. [0]
[1695368925239] [31m[createMemory][39m The woods in autumn is my favorite. All those colors... like nature's painting! [0]
[1695368925239] [31m[createMemory][39m I wish I could talk to animals. Imagine the stories they'd tell! [0]
[1695368925239] [31m[createMemory][39m I've learned to move silently. That way, nature doesn’t hide from me. [0]
[1695368925239] [31m[createMemory][39m Lucy once said every tree has a story. I'm trying to learn them all. [0]
[1695368925239] [31m[createMemory][39m Rainy days? That's when the forest sings its loudest song! [0]
[1695368925239] [31m[createMemory][39m I dreamt I could fly like a bird, seeing the world from above. Maybe one day... [0]
[1695368937833] [Character] Eli created
[1695369092911] [31m[createMemory][39m Eli Green sees Tree at X: 40.72, Y: -46.88. [0]
[1695369092913] [31m[createMemory][39m Eli Green sees Tree Stump at X: 36.50999, Y: -46.03. [0]
[1695369092930] [31m[createMemory][39m Eli Green sees Tree at X: 41.96, Y: -50.43. [0]
[1695369092935] [31m[createMemory][39m Eli Green sees Tree Stump at X: 38.7, Y: -50.07. [0]
[1695369092944] [31m[createMemory][39m Eli Green sees Tree at X: 38.28, Y: -45.67. [0]
[1695369092944] [31m[createMemory][39m Eli Green sees Tree at X: 39.4, Y: -48.08. [0]
[1695369092945] [31m[createMemory][39m Eli Green sees Tree at X: 43.53, Y: -51.61. [0]
[1695369093006] [31m[createMemory][39m Eli Green sees Tree at X: 42.62, Y: -48.29. [0]
[1695369093037] [31m[createMemory][39m Eli Green sees Tree at X: 36.04, Y: -47.68999. [0]
[1695369093041] [31m[createMemory][39m Eli Green sees Chest at X: 37.52, Y: -48.22. [0]
[1695369102450] --- Prompt ---
[1695369102455] Character: 
- ID: A5
- Name: Eli Green
- Age: 12
- Occupation: Explorer
- Personality: Curious, Energetic, Kind-hearted

Location: 38.33, -50.93

Time: Day 0, 12:00 AM

Energy: Fully Rested

Hunger: Full

Environment:
- Tree Stump (Health: 5/5) [Location: 38.7, -50.07, Direction: NW,  Distance: 0.94m]
- Chest (Health: 10/10) [Location: 37.52, -48.22, Direction: NW,  Distance: 2.8m]
- Tree (Health: 10/10) [Location: 39.4, -48.08, Direction: NW,  Distance: 3.0m]
- Tree (Health: 10/10) [Location: 41.96, -50.43, Direction: NW,  Distance: 3.7m]
- Tree (Health: 10/10) [Location: 36.04, -47.68999, Direction: NW,  Distance: 4.0m]
- Tree (Health: 10/10) [Location: 40.72, -46.88, Direction: NW,  Distance: 4.7m]
- Tree (Health: 10/10) [Location: 42.62, -48.29, Direction: NW,  Distance: 5.0m]
- Tree Stump (Health: 5/5) [Location: 36.50999, -46.03, Direction: NW,  Distance: 5.2m]
- Tree (Health: 10/10) [Location: 43.53, -51.61, Direction: NW,  Distance: 5.2m]
- Tree (Health: 10/10) [Location: 38.28, -45.67, Direction: NW,  Distance: 5.3m]
- Tree (Health: 10/10) [Location: 44.75, -48.82, Direction: NW,  Distance: 6.8m]
- Tree (Health: 10/10) [Location: 39.8, -44.33, Direction: NW,  Distance: 6.8m]
- Tree (Health: 10/10) [Location: 36.37, -44.45, Direction: NW,  Distance: 6.8m]
- Tree (Health: 10/10) [Location: 42.65, -44.83, Direction: NW,  Distance: 7.5m]
- Tree (Health: 10/10) [Location: 44.35, -46.47, Direction: NW,  Distance: 7.5m]
- Tree (Health: 10/10) [Location: 45.95, -51.07, Direction: NW,  Distance: 7.6m]
- Tree (Health: 10/10) [Location: 46.71, -48.82, Direction: NW,  Distance: 8.6m]
- Tree (Health: 10/10) [Location: 41.31, -42.68, Direction: NW,  Distance: 8.8m]
- Tree (Health: 10/10) [Location: 41.31, -42.68, Direction: NW,  Distance: 8.8m]

Inventory (4/10):
- Axe x 1
- Pickaxe x 1
- Sword x 1
- Berries x 1

Tasks:
[
  {
    "task": "Carry out your daily dutiies",
    "priority": 1
  },
  {
    "task": "Catch up with other villagers",
    "priority": 2
  },
  {
    "task": "Maintain a healthy lifestyle",
    "priority": 3
  }
]

Memories:
- Every rock and leaf, every bird and bug, feels like a friend to me. [just now]
- I need to let Thomas know I'm going to explore. He's asked me in the past to let him know just in case I get hurt or lost. [just now]
- Lucy once said every tree has a story. I'm trying to learn them all. [just now]
- George tells me tales of old, turning every tree and hill into an adventure. [just now]
- The woods in autumn is my favorite. All those colors... like nature's painting! [just now]
- I once got lost, but the stars guided me home. They're like nature's map! [just now]
- I once found a secret clearing in the woods, it's my personal hideout now. [just now]
- I've learned to move silently. That way, nature doesn’t hide from me. [just now]
- I wish I could talk to animals. Imagine the stories they'd tell! [just now]
- I dreamt I could fly like a bird, seeing the world from above. Maybe one day... [just now]
- Eli Green sees Tree at X: 41.96, Y: -50.43. [just now]
- Eli Green sees Tree at X: 40.72, Y: -46.88. [just now]
- Eli Green sees Tree Stump at X: 38.7, Y: -50.07. [just now]
- Eli Green sees Chest at X: 37.52, Y: -48.22. [just now]
- Eli Green sees Tree at X: 39.4, Y: -48.08. [just now]

Available Actions:
- move_to: Move to a target location
- swing_axe: Swing Axe.
- drop_axe: Drop Axe onto the ground.
- swing_pickaxe: Swing Pickaxe.
- drop_pickaxe: Drop Pickaxe onto the ground.
- swing_sword: Swing sword.
- drop_sword: Drop Sword onto the ground.
- eat: Eat some food.
- drop_berries: Drop Berries onto the ground.

Given the available information, update your task list. Take into consideration the time of day, environment, personality of the character, and more. Replace the entire JSON array by removing completed tasks, updating existing tasks with new information and priorities, and create new tasks based on the provided info. Keep the list as concise as possible. Remember focus on the time of day to adjust priorities.
