[1695368924673] [Character] Creating James
[1695368925324] [31m[createMemory][39m First sale I ever made was a pocket watch. Still got the knack for timepieces. [0]
[1695368925324] [31m[createMemory][39m I've visited so many towns, I could draw a map from memory. [0]
[1695368925324] [31m[createMemory][39m Every road has its bumps. Literally. My cart’s wheels are proof. [0]
[1695368925324] [31m[createMemory][39m I always have a joke up my sleeve. Lightens the mood and loosens wallets. [0]
[1695368925324] [31m[createMemory][39m I have a sixth sense for what people want. Makes for good business. [0]
[1695368925324] [31m[createMemory][39m Harold once told me, 'Even a salesman could learn from the sea.' He’s not wrong. [0]
[1695368925324] [31m[createMemory][39m If I’m not selling, I’m learning. Everyone’s got something to teach. [0]
[1695368925324] [31m[createMemory][39m Eli’s curiosity reminds me of my younger days. Hope he keeps it. [0]
[1695368925325] [31m[createMemory][39m Met a craftsman who made the most exquisite jewelry. Talked him into a partnership. [0]
[1695368925325] [31m[createMemory][39m You can't just sell a product; you sell dreams, comfort, a better tomorrow. [0]
[1695368925325] [31m[createMemory][39m I carry a lucky coin. Hasn’t failed me yet. [0]
[1695368925325] [31m[createMemory][39m Some folks call it selling. I call it helping people make decisions. [0]
[1695368925325] [31m[createMemory][39m My biggest sale? A grand piano. Don't ask how I managed to carry it. [0]
[1695368925325] [31m[createMemory][39m No one knows it, but I can play the harmonica. Helps pass the lonely roads. [0]
[1695368925325] [31m[createMemory][39m I’ve learned to spot a deal from a dud. The eyes always give it away. [0]
[1695368937727] [Character] James created
[1695369092749] [31m[createMemory][39m James McAllister sees Tree at X: 43.32, Y: -33.08. [0]
[1695369092754] [31m[createMemory][39m James McAllister sees Tree at X: 43.59, Y: -35.38. [0]
[1695369092754] [31m[createMemory][39m James McAllister sees Tree at X: 36.84, Y: -29.19. [0]
[1695369092758] [31m[createMemory][39m James McAllister sees Tree at X: 43.32, Y: -33.08. [0]
[1695369092758] [31m[createMemory][39m James McAllister sees Tree at X: 43.59, Y: -35.38. [0]
[1695369092761] [31m[createMemory][39m James McAllister sees Tree at X: 39.58, Y: -34.11. [0]
[1695369092762] [31m[createMemory][39m James McAllister sees Tree at X: 42.42, Y: -26.71. [0]
[1695369092865] [31m[createMemory][39m James McAllister sees Tree at X: 39.9, Y: -26.17. [0]
[1695369092895] [31m[createMemory][39m James McAllister sees Tree at X: 38.2, Y: -27.17. [0]
[1695369092901] [31m[createMemory][39m James McAllister sees Tree at X: 45.36, Y: -32.92. [0]
[1695369092901] [31m[createMemory][39m James McAllister sees Tree at X: 44.62, Y: -26.27. [0]
[1695369092901] [31m[createMemory][39m James McAllister sees Tree at X: 38.98, Y: -28.7. [0]
[1695369101964] --- Prompt ---
[1695369101965] Character: 
- ID: A6
- Name: James McAllister
- Age: 42
- Occupation: Traveling Salesman
- Personality: Charming, Shrewd, Optimistic

Location: 41.39, -31

Time: Day 0, 12:00 AM

Energy: Fully Rested

Hunger: Satisfied

Environment:
- Tree (Health: 10/10) [Location: 43.32, -33.08, Direction: NW,  Distance: 2.8m]
- Tree (Health: 10/10) [Location: 43.32, -33.08, Direction: NW,  Distance: 2.8m]
- Tree (Health: 10/10) [Location: 38.98, -28.7, Direction: NW,  Distance: 3.3m]
- Tree (Health: 10/10) [Location: 39.58, -34.11, Direction: NW,  Distance: 3.6m]
- Tree (Health: 10/10) [Location: 45.36, -32.92, Direction: NW,  Distance: 4.4m]
- Tree (Health: 10/10) [Location: 42.42, -26.71, Direction: NW,  Distance: 4.4m]
- Tree (Health: 10/10) [Location: 36.84, -29.19, Direction: NW,  Distance: 4.9m]
- Tree (Health: 10/10) [Location: 43.59, -35.38, Direction: NW,  Distance: 4.9m]
- Tree (Health: 10/10) [Location: 43.59, -35.38, Direction: NW,  Distance: 4.9m]
- Tree (Health: 10/10) [Location: 38.2, -27.17, Direction: NW,  Distance: 5.0m]
- Tree (Health: 10/10) [Location: 39.9, -26.17, Direction: NW,  Distance: 5.1m]
- Tree (Health: 10/10) [Location: 41.59, -36.24, Direction: NW,  Distance: 5.2m]
- Tree (Health: 10/10) [Location: 44.62, -26.27, Direction: NW,  Distance: 5.7m]
- Tree (Health: 10/10) [Location: 36.21, -34.08, Direction: NW,  Distance: 6.0m]
- Tree (Health: 10/10) [Location: 38.22, -36.24, Direction: NW,  Distance: 6.1m]
- Tree (Health: 10/10) [Location: 46.5, -35.29, Direction: NW,  Distance: 6.7m]
- Tree (Health: 10/10) [Location: 40.7, -37.74, Direction: NW,  Distance: 6.8m]
- Tree (Health: 10/10) [Location: 48.24, -32.62, Direction: NW,  Distance: 7.0m]
- Tree (Health: 10/10) [Location: 44.05, -37.59, Direction: NW,  Distance: 7.1m]
- Tree (Health: 10/10) [Location: 36.09, -35.85, Direction: NW,  Distance: 7.2m]
- Tree (Health: 10/10) [Location: 34.25, -29.19, Direction: NW,  Distance: 7.4m]
- Tree (Health: 10/10) [Location: 34.39, -34.21, Direction: NW,  Distance: 7.7m]
- Tree (Health: 10/10) [Location: 36.84, -24.76, Direction: NW,  Distance: 7.7m]
- Tree (Health: 10/10) [Location: 46.5, -36.84, Direction: NW,  Distance: 7.8m]
- Tree (Health: 10/10) [Location: 44.01, -23.64, Direction: NW,  Distance: 7.8m]
- Tree (Health: 10/10) [Location: 41.06, -23.01, Direction: NW,  Distance: 8.0m]
- Tree (Health: 10/10) [Location: 45.95, -24.29, Direction: NW,  Distance: 8.1m]
- Tree (Health: 10/10) [Location: 37.45, -38.2, Direction: NW,  Distance: 8.2m]
- Tree (Health: 10/10) [Location: 34.25, -26.66, Direction: NW,  Distance: 8.4m]
- Tree (Health: 10/10) [Location: 33.12, -33.14, Direction: NW,  Distance: 8.5m]
- Tree (Health: 10/10) [Location: 49.14, -34.84, Direction: NW,  Distance: 8.6m]

Inventory (4/10):
- Axe x 1
- Pickaxe x 1
- Sword x 1
- Berries x 1

Tasks:
[
  {
    "task": "Carry out your daily dutiies",
    "priority": 1
  },
  {
    "task": "Catch up with other villagers",
    "priority": 2
  },
  {
    "task": "Maintain a healthy lifestyle",
    "priority": 3
  }
]

Memories:
- I have a sixth sense for what people want. Makes for good business. [just now]
- Eli’s curiosity reminds me of my younger days. Hope he keeps it. [just now]
- No one knows it, but I can play the harmonica. Helps pass the lonely roads. [just now]
- Some folks call it selling. I call it helping people make decisions. [just now]
- I've visited so many towns, I could draw a map from memory. [just now]
- I always have a joke up my sleeve. Lightens the mood and loosens wallets. [just now]
- You can't just sell a product; you sell dreams, comfort, a better tomorrow. [just now]
- Every road has its bumps. Literally. My cart’s wheels are proof. [just now]
- My biggest sale? A grand piano. Don't ask how I managed to carry it. [just now]
- Harold once told me, 'Even a salesman could learn from the sea.' He’s not wrong. [just now]
- James McAllister sees Tree at X: 45.36, Y: -32.92. [just now]
- James McAllister sees Tree at X: 38.98, Y: -28.7. [just now]

Available Actions:
- move_to: Move to a target location
- drop_axe: Drop Axe onto the ground.
- drop_pickaxe: Drop Pickaxe onto the ground.
- drop_sword: Drop Sword onto the ground.
- eat: Eat some food.
- drop_berries: Drop Berries onto the ground.

Given the available information, update your task list. Take into consideration the time of day, environment, personality of the character, and more. Replace the entire JSON array by removing completed tasks, updating existing tasks with new information and priorities, and create new tasks based on the provided info. Keep the list as concise as possible. Remember focus on the time of day to adjust priorities.
