[1695368925379] [31m[createMemory][39m I never miss a target; my training ensures it. [0]
[1695368925379] [31m[createMemory][39m My bow, Windstrike, has been my companion since my teenage years. [0]
[1695368925379] [31m[createMemory][39m I've helped my village fend off countless bandit attacks. [0]
[1695368925379] [31m[createMemory][39m I can navigate the Everwood Forest without a map. [0]
[1695368925379] [31m[createMemory][39m Herbal remedies are as important to me as my arrows. [0]
[1695368925379] [31m[createMemory][39m I have a keen eye for strategy; it's saved us more than once. [0]
[1695368925379] [31m[createMemory][39m I've trained young archers in my village. [0]
[1695368925379] [31m[createMemory][39m The thrill of the hunt is a familiar friend. [0]
[1695368925379] [31m[createMemory][39m Loyalty to my allies is my unwavering principle. [0]
[1695368925379] [31m[createMemory][39m Understanding the terrain can turn the tide of any battle. [0]
[1695368925379] [31m[createMemory][39m I've crafted my own arrows from rare materials. [0]
[1695368925380] [31m[createMemory][39m I have a deep connection to the natural world around me. [0]
[1695368925380] [31m[createMemory][39m My family are renowned hunters; it runs in our blood. [0]
[1695368925380] [31m[createMemory][39m Enemy or prey, neither hear me approach. [0]
[1695368925380] [31m[createMemory][39m I keep a journal detailing different battle strategies. [0]
[1695368925380] [31m[createMemory][39m Our village is located by the Great Lake, coordinates 30, -20. [0]
[1695368925380] [31m[createMemory][39m The Everwood Forest is a sprawling wilderness at 60, 40. [0]
[1695368925380] [31m[createMemory][39m A hidden waterfall lies at the coordinates 35, -10; it's my sanctuary. [0]
[1695368925380] [31m[createMemory][39m Our enemies' base is at 50, 60. I've scouted it. [0]
[1695368925380] [31m[createMemory][39m The bustling market square is at 25, 0; where I buy rare arrow materials. [0]
[1695368937811] [Character] Eleanor created
[1695369093087] [31m[createMemory][39m Eleanor Wraithwind sees Tree at X: 38.63, Y: -11.64. [0]
[1695369093112] [31m[createMemory][39m Eleanor Wraithwind sees Tree at X: 48.84, Y: -7.200001. [0]
[1695369093112] [31m[createMemory][39m Eleanor Wraithwind sees Tree at X: 42.72, Y: -12.97. [0]
[1695369093112] [31m[createMemory][39m Eleanor Wraithwind sees Tree at X: 38.75, Y: -9.01. [0]
[1695369093112] [31m[createMemory][39m Eleanor Wraithwind sees Tree at X: 41.03, Y: -11.7. [0]
[1695369102303] --- Prompt ---
[1695369102304] Character: 
- ID: A9
- Name: Eleanor Wraithwind
- Age: 25
- Occupation: Archer
- Personality: Calm, Strategic, Loyal

Location: 43.18, -8.45

Time: Day 0, 12:00 AM

Energy: Fully Rested

Hunger: Starving

Environment:
- Tree (Health: 10/10) [Location: 41.03, -11.7, Direction: N,  Distance: 3.9m]
- Tree (Health: 10/10) [Location: 38.75, -9.01, Direction: N,  Distance: 4.5m]
- Tree (Health: 10/10) [Location: 42.72, -12.97, Direction: N,  Distance: 4.5m]
- Tree (Health: 10/10) [Location: 38.63, -11.64, Direction: N,  Distance: 5.6m]
- Tree (Health: 10/10) [Location: 44.48, -14.04, Direction: N,  Distance: 5.7m]
- Tree (Health: 10/10) [Location: 48.84, -7.200001, Direction: N,  Distance: 5.8m]
- Tree (Health: 10/10) [Location: 40.96, -14.27, Direction: N,  Distance: 6.2m]
- Tree (Health: 10/10) [Location: 49.51, -10.13, Direction: N,  Distance: 6.5m]
- Tree (Health: 10/10) [Location: 48.91, -5.23, Direction: N,  Distance: 6.6m]
- Tree (Health: 10/10) [Location: 44.56, -1.91, Direction: N,  Distance: 6.7m]
- Tree (Health: 10/10) [Location: 46.88, -2.68, Direction: N,  Distance: 6.9m]
- Tree (Health: 10/10) [Location: 36.64, -10.67, Direction: N,  Distance: 6.9m]
- Tree (Health: 10/10) [Location: 36.24, -8.09, Direction: N,  Distance: 6.9m]
- Tree (Health: 10/10) [Location: 36.7, -12.62, Direction: N,  Distance: 7.7m]
- Tree (Health: 10/10) [Location: 41.43, -16, Direction: N,  Distance: 7.8m]
- Tree (Health: 10/10) [Location: 38.39, -14.58, Direction: N,  Distance: 7.8m]
- Tree (Health: 10/10) [Location: 45.66, -15.94, Direction: N,  Distance: 7.9m]
- Tree (Health: 10/10) [Location: 43.22001, -16.37, Direction: N,  Distance: 7.9m]
- Tree (Health: 10/10) [Location: 42, -0.3199997, Direction: N,  Distance: 8.2m]
- Tree (Health: 10/10) [Location: 51.52, -10.15, Direction: N,  Distance: 8.5m]
- Tree (Health: 10/10) [Location: 49.87, -2.939999, Direction: N,  Distance: 8.7m]
- Tree (Health: 10/10) [Location: 51.85, -8.290001, Direction: N,  Distance: 8.7m]
- Tree (Health: 10/10) [Location: 47.63, -0.7000008, Direction: N,  Distance: 8.9m]

Inventory (4/10):
- Axe x 1
- Pickaxe x 1
- Sword x 1
- Berries x 1

Tasks:
[
  {
    "task": "Chop wood with Will Turner",
    "priority": 1
  },
  {
    "task": "Catch up with other villagers",
    "priority": 2
  },
  {
    "task": "Maintain a healthy lifestyle",
    "priority": 3
  }
]

Memories:
- I can navigate the Everwood Forest without a map. [just now]
- I keep a journal detailing different battle strategies. [just now]
- The bustling market square is at 25, 0; where I buy rare arrow materials. [just now]
- A hidden waterfall lies at the coordinates 35, -10; it's my sanctuary. [just now]
- Herbal remedies are as important to me as my arrows. [just now]
- I have a deep connection to the natural world around me. [just now]
- Loyalty to my allies is my unwavering principle. [just now]
- My family are renowned hunters; it runs in our blood. [just now]
- Enemy or prey, neither hear me approach. [just now]
- Our village is located by the Great Lake, coordinates 30, -20. [just now]
- Eleanor Wraithwind sees Tree at X: 42.72, Y: -12.97. [just now]

Available Actions:
- move_to: Move to a target location
- drop_axe: Drop Axe onto the ground.
- drop_pickaxe: Drop Pickaxe onto the ground.
- drop_sword: Drop Sword onto the ground.
- eat: Eat some food.
- drop_berries: Drop Berries onto the ground.

Given the available information, update your task list. Take into consideration the time of day, environment, personality of the character, and more. Replace the entire JSON array by removing completed tasks, updating existing tasks with new information and priorities, and create new tasks based on the provided info. Keep the list as concise as possible. Remember focus on the time of day to adjust priorities.
