[1694655531695] [Character] Creating Thomas
[1694655532755] [31m[createMemory][39m I should be asleep until 7am. [0]
[1694655532755] [31m[createMemory][39m It's my job to protect the village. [0]
[1694655532755] [31m[createMemory][39m I need to make sure everyone is safe. [0]
[1694655532755] [31m[createMemory][39m I do the work that no one else wants to do. [0]
[1694655532755] [31m[createMemory][39m I try to be as honest as possible. [0]
[1694655532755] [31m[createMemory][39m I'm not afraid of anything. [0]
[1694655532755] [31m[createMemory][39m I go to bed at 10pm. [0]
[1694655532756] [31m[createMemory][39m I like strawberries. [0]
[1694655532756] [31m[createMemory][39m The village location is 2, -58. [0]
[1694655532756] [31m[createMemory][39m The mine site is at 51, 17. [0]
[1694655532756] [31m[createMemory][39m The lumberyard is at 72, -55.1 [0]
[1694655532756] [31m[createMemory][39m The campsite is at 7, -8.3 [0]
[1694655532756] [31m[createMemory][39m The Nume River flows through the village. [0]
[1694655532756] [31m[createMemory][39m Nume Falls are north of the village, and west of the campsite. [0]
[1694655532756] [31m[createMemory][39m The area is surrounded by forested monutains, filled with wildlife, rivers, and lakes. [0]
[1694655543540] [Character] Thomas created (clmii5dcu0006vd6kj5s9519w)
[1694655547902] [31m[createMemory][39m Thomas Smith sees Tree at X: 42.12, Y: 5.77. [0]
[1694655547902] [31m[createMemory][39m Thomas Smith sees Tree at X: 33.51, Y: 4.43. [0]
[1694655547903] [31m[createMemory][39m Thomas Smith sees Tree at X: 42, Y: -0.3199997. [0]
[1694655547903] [31m[createMemory][39m Thomas Smith sees Tree at X: 34.32, Y: 1.549999. [0]
[1694655547903] [31m[createMemory][39m Thomas Smith sees Tree Stump at X: 34.56, Y: 3.07. [0]
[1694655547904] [31m[createMemory][39m Thomas Smith sees Tree at X: 42.32, Y: 1.859999. [0]
[1694655547904] [31m[createMemory][39m Thomas Smith sees Tree at X: 32.7, Y: 2.41. [0]
[1694655552740] --- Prompt ---
[1694655552743] Character: 
- ID: A1
- Name: Thomas Smith
- Age: 32
- Occupation: Village Leader
- Personality: Brave, Calm, Honest

Location: 38.16, 1.48

Time: Day 0, 12:00 AM

Energy: Fully Rested

Hunger: Hungry

Environment:
- Tree (Health: 10/10) [Location: 34.32, 1.549999, Direction: N,  Distance: 3.8m]
- Tree Stump (Health: 5/5) [Location: 34.56, 3.07, Direction: N,  Distance: 3.9m]
- Tree (Health: 10/10) [Location: 42.32, 1.859999, Direction: N,  Distance: 4.2m]
- Tree (Health: 10/10) [Location: 42, -0.3199997, Direction: N,  Distance: 4.2m]
- Tree (Health: 10/10) [Location: 33.51, 4.43, Direction: N,  Distance: 5.5m]
- Tree (Health: 10/10) [Location: 32.7, 2.41, Direction: N,  Distance: 5.5m]
- Tree (Health: 10/10) [Location: 33.01, -0.9500008, Direction: N,  Distance: 5.7m]
- Tree (Health: 10/10) [Location: 42.12, 5.77, Direction: N,  Distance: 5.8m]
- Tree (Health: 10/10) [Location: 33.75, -2.73, Direction: N,  Distance: 6.1m]
- Tree (Health: 10/10) [Location: 44.99, 2.73, Direction: N,  Distance: 6.9m]
- Tree (Health: 10/10) [Location: 31.03, 1.059999, Direction: N,  Distance: 7.1m]
- Tree (Health: 10/10) [Location: 44.56, -1.91, Direction: N,  Distance: 7.2m]
- Tree (Health: 10/10) [Location: 45.86, 0.8400002, Direction: N,  Distance: 7.7m]
- Tree (Health: 10/10) [Location: 30.85, -1.51, Direction: N,  Distance: 7.9m]
- Tree (Health: 10/10) [Location: 33.43, -4.91, Direction: N,  Distance: 8.0m]
- Tree (Health: 10/10) [Location: 31.59, -3.289999, Direction: N,  Distance: 8.1m]
- Tree (Health: 10/10) [Location: 29.93, 3.18, Direction: N,  Distance: 8.4m]
- Tree (Health: 10/10) [Location: 45.84, 5.299999, Direction: N,  Distance: 8.6m]

Inventory (4/10):
- Axe x 1
- Pickaxe x 1
- Sword x 1
- Berries x 1

Tasks:
[
  {
    "task": "Carry out your daily dutiies",
    "priority": 1
  },
  {
    "task": "Catch up with other villagers",
    "priority": 2
  },
  {
    "task": "Maintain a healthy lifestyle",
    "priority": 3
  }
]

Memories:
- The lumberyard is at 72, -55.1 [just now]
- I like strawberries. [just now]
- The area is surrounded by forested monutains, filled with wildlife, rivers, and lakes. [just now]
- Nume Falls are north of the village, and west of the campsite. [just now]
- I try to be as honest as possible. [just now]
- I go to bed at 10pm. [just now]
- I need to make sure everyone is safe. [just now]
- I should be asleep until 7am. [just now]
- The campsite is at 7, -8.3 [just now]
- The village location is 2, -58. [just now]
- Thomas Smith sees Tree at X: 42.12, Y: 5.77. [just now]
- Thomas Smith sees Tree at X: 32.7, Y: 2.41. [just now]
- Thomas Smith sees Tree at X: 42.32, Y: 1.859999. [just now]

Available Actions:
- move_to: Move to a target location
- drop_axe: Drop Axe onto the ground.
- drop_pickaxe: Drop Pickaxe onto the ground.
- drop_sword: Drop Sword onto the ground.
- eat: Eat some food.
- drop_berries: Drop Berries onto the ground.

Given the available information, update your task list. Take into consideration the time of day, environment, personality of the character, and more. Replace the entire JSON array by removing completed tasks, updating existing tasks with new information and priorities, and create new tasks based on the provided info. Keep the list as concise as possible. Remember focus on the time of day to adjust priorities.
