[1694655532756] [31m[createMemory][39m George Brown is quite tired today. [0]
[1694655532756] [31m[createMemory][39m Working in the mines is tough but rewarding. [0]
[1694655532756] [31m[createMemory][39m I've been friends with Thomas for a long time. [0]
[1694655532756] [31m[createMemory][39m Safety in the mines is a top priority for me. [0]
[1694655532756] [31m[createMemory][39m I've discovered some rare minerals during my time here. [0]
[1694655532756] [31m[createMemory][39m I'm usually one of the first to arrive at the mine site. [0]
[1694655532756] [31m[createMemory][39m My family has been mining for generations. [0]
[1694655532756] [31m[createMemory][39m I enjoy a cold beverage after a long day in the mines. [0]
[1694655532756] [31m[createMemory][39m I've been taught traditional mining songs by the older miners. [0]
[1694655532756] [31m[createMemory][39m I've saved up to buy a house near the village. [0]
[1694655532756] [31m[createMemory][39m I know a secret tunnel in the mine that few know about. [0]
[1694655532756] [31m[createMemory][39m It's important to have the right tools for the job. [0]
[1694655532756] [31m[createMemory][39m I take pride in my work and look after my equipment. [0]
[1694655532756] [31m[createMemory][39m I sometimes join Thomas and others for a meal after work. [0]
[1694655532756] [31m[createMemory][39m I've had a few close calls, but always came out safe. [0]
[1694655532756] [31m[createMemory][39m The village festivities are something I look forward to every year. [0]
[1694655543642] [Character] George created
[1694655547869] [31m[createMemory][39m George Brown sees Copper Ore Deposit (Medium) at X: 52.01, Y: 23.05. [0]
[1694655547870] [31m[createMemory][39m George Brown sees Copper Ore Deposit (Small) at X: 50.43, Y: 20.71. [0]
[1694655547870] [31m[createMemory][39m George Brown sees Copper Ore Deposit (Large) at X: 47.23, Y: 25.46. [0]
[1694655547871] [31m[createMemory][39m George Brown sees Copper Ore Deposit (Large) at X: 53.13, Y: 26.69. [0]
[1694655547871] [31m[createMemory][39m George Brown sees Copper Ore Deposit (Large) at X: 49.04, Y: 28.68. [0]
[1694655547871] [31m[createMemory][39m George Brown sees Copper Ore Deposit (Small) at X: 57.1, Y: 24.45. [0]
[1694655547872] [31m[createMemory][39m George Brown sees Copper Ore Deposit (Medium) at X: 54.06, Y: 24.46. [0]
[1694655547907] [31m[createMemory][39m George Brown sees Copper Ore Deposit (Large) at X: 50.38, Y: 26.11. [0]
[1694655547907] [31m[createMemory][39m George Brown sees Copper Ore Deposit (Large) at X: 55.12, Y: 28.15. [0]
[1694655547907] [31m[createMemory][39m George Brown sees Copper Ore Deposit (Medium) at X: 53.76, Y: 21.7. [0]
[1694655547921] [31m[createMemory][39m George Brown sees Copper Ore Deposit (Small) at X: 49.03, Y: 23.52. [0]
[1694655552487] --- Prompt ---
[1694655552499] Character: 
- ID: A2
- Name: George Brown
- Age: 28
- Occupation: Miner
- Personality: Hardworking, Loyal, Reserved

Location: 51.8, 25

Time: Day 0, 12:00 AM

Energy: Fully Rested

Hunger: Starving

Environment:
- Copper Ore Deposit (Large) (Health: 20/20) [Location: 50.38, 26.11, Direction: NE,  Distance: 1.8m]
- Copper Ore Deposit (Medium) (Health: 10/10) [Location: 52.01, 23.05, Direction: NE,  Distance: 2.0m]
- Copper Ore Deposit (Large) (Health: 20/20) [Location: 53.13, 26.69, Direction: NE,  Distance: 2.2m]
- Copper Ore Deposit (Medium) (Health: 10/10) [Location: 54.06, 24.46, Direction: NE,  Distance: 2.3m]
- Copper Ore Deposit (Small) (Health: 5/5) [Location: 49.03, 23.52, Direction: NE,  Distance: 3.1m]
- Copper Ore Deposit (Medium) (Health: 10/10) [Location: 53.76, 21.7, Direction: N,  Distance: 3.8m]
- Copper Ore Deposit (Small) (Health: 5/5) [Location: 50.43, 20.71, Direction: N,  Distance: 4.5m]
- Copper Ore Deposit (Large) (Health: 20/20) [Location: 55.12, 28.15, Direction: NE,  Distance: 4.6m]
- Copper Ore Deposit (Large) (Health: 20/20) [Location: 47.23, 25.46, Direction: NE,  Distance: 4.6m]
- Copper Ore Deposit (Large) (Health: 20/20) [Location: 49.04, 28.68, Direction: NE,  Distance: 4.6m]
- Copper Ore Deposit (Small) (Health: 5/5) [Location: 57.1, 24.45, Direction: NE,  Distance: 5.3m]
- Copper Ore Deposit (Small) (Health: 5/5) [Location: 53.88, 19.83, Direction: N,  Distance: 5.6m]
- Stone Ore Deposit (Small) (Health: 5/5) [Location: 46.53, 21.65, Direction: NE,  Distance: 6.2m]
- Diamond Ore Deposit (Large) (Health: 30/30) [Location: 58.32, 26.61, Direction: NE,  Distance: 6.7m]
- Copper Ore Deposit (Small) (Health: 5/5) [Location: 45.17, 23.28, Direction: NE,  Distance: 6.8m]
- Diamond Ore Deposit (Small) (Health: 1/1) [Location: 58.32, 22.87, Direction: N,  Distance: 6.9m]
- Stone Ore Deposit (Small) (Health: 5/5) [Location: 47.58, 19.17, Direction: N,  Distance: 7.2m]
- Diamond Ore Deposit (Large) (Health: 30/30) [Location: 60.38, 24.68, Direction: N,  Distance: 8.6m]
- Stone Ore Deposit (Large) (Health: 10/10) [Location: 44.3, 20.36, Direction: NE,  Distance: 8.8m]

Inventory (4/10):
- Axe x 1
- Pickaxe x 1
- Sword x 1
- Berries x 1

Tasks:
[
  {
    "task": "Carry out your daily dutiies",
    "priority": 1
  },
  {
    "task": "Catch up with other villagers",
    "priority": 2
  },
  {
    "task": "Maintain a healthy lifestyle",
    "priority": 3
  }
]

Memories:
- Safety in the mines is a top priority for me. [just now]
- It's important to have the right tools for the job. [just now]
- I enjoy a cold beverage after a long day in the mines. [just now]
- My family has been mining for generations. [just now]
- I've discovered some rare minerals during my time here. [just now]
- I know a secret tunnel in the mine that few know about. [just now]
- I sometimes join Thomas and others for a meal after work. [just now]
- I take pride in my work and look after my equipment. [just now]
- I've saved up to buy a house near the village. [just now]
- Working in the mines is tough but rewarding. [just now]
- George Brown sees Copper Ore Deposit (Small) at X: 50.43, Y: 20.71. [just now]
- George Brown sees Copper Ore Deposit (Large) at X: 49.04, Y: 28.68. [just now]

Available Actions:
- move_to: Move to a target location
- swing_axe: Swing Axe.
- drop_axe: Drop Axe onto the ground.
- swing_pickaxe: Swing Pickaxe.
- drop_pickaxe: Drop Pickaxe onto the ground.
- swing_sword: Swing sword.
- drop_sword: Drop Sword onto the ground.
- eat: Eat some food.
- drop_berries: Drop Berries onto the ground.

Given the available information, update your task list. Take into consideration the time of day, environment, personality of the character, and more. Replace the entire JSON array by removing completed tasks, updating existing tasks with new information and priorities, and create new tasks based on the provided info. Keep the list as concise as possible. Remember focus on the time of day to adjust priorities.
