[1695447146204] [31m[createMemory][39m I should be asleep until 7am. [0]
[1695447146204] [31m[createMemory][39m It's my job to protect the village. [0]
[1695447146205] [31m[createMemory][39m I need to make sure everyone is safe. [0]
[1695447146205] [31m[createMemory][39m I do the work that no one else wants to do. [0]
[1695447146205] [31m[createMemory][39m I try to be as honest as possible. [0]
[1695447146205] [31m[createMemory][39m I'm not afraid of anything. [0]
[1695447146205] [31m[createMemory][39m I go to bed at 10pm. [0]
[1695447146205] [31m[createMemory][39m I like strawberries. [0]
[1695447146205] [31m[createMemory][39m The village location is 2, -58. [0]
[1695447146205] [31m[createMemory][39m The mine site is at 51, 17. [0]
[1695447146205] [31m[createMemory][39m The lumberyard is at 72, -55.1 [0]
[1695447146205] [31m[createMemory][39m The campsite is at 7, -8.3 [0]
[1695447146205] [31m[createMemory][39m The Nume River flows through the village. [0]
[1695447146205] [31m[createMemory][39m Nume Falls are north of the village, and west of the campsite. [0]
[1695447146205] [31m[createMemory][39m The area is surrounded by forested monutains, filled with wildlife, rivers, and lakes. [0]
[1695447157689] [Character] Thomas created (clmvlgebc0001vdkop707vjo3)
[1695447191107] [31m[createMemory][39m Thomas Smith dropped Axe at X: 52.79, Y: -72.51 [4.061938]
[1695447191941] [31m[createMemory][39m Thomas Smith dropped Wood at X: 52.79, Y: -72.51 [6.41976]
[1695447193938] [31m[createMemory][39m Thomas Smith dropped Sword at X: 51.04001, Y: -72.51 [8.44556]
[1695447196937] [31m[createMemory][39m Thomas Smith picked up Sword at X: 49.71001, Y: -72.51 [11.4477682]
