[1694758795205] [31m[createMemory][39m First sale I ever made was a pocket watch. Still got the knack for timepieces. [0]
[1694758795205] [31m[createMemory][39m I've visited so many towns, I could draw a map from memory. [0]
[1694758795205] [31m[createMemory][39m Every road has its bumps. Literally. My cart’s wheels are proof. [0]
[1694758795205] [31m[createMemory][39m I always have a joke up my sleeve. Lightens the mood and loosens wallets. [0]
[1694758795205] [31m[createMemory][39m I have a sixth sense for what people want. Makes for good business. [0]
[1694758795205] [31m[createMemory][39m Harold once told me, 'Even a salesman could learn from the sea.' He’s not wrong. [0]
[1694758795205] [31m[createMemory][39m If I’m not selling, I’m learning. Everyone’s got something to teach. [0]
[1694758795205] [31m[createMemory][39m Eli’s curiosity reminds me of my younger days. Hope he keeps it. [0]
[1694758795206] [31m[createMemory][39m Met a craftsman who made the most exquisite jewelry. Talked him into a partnership. [0]
[1694758795206] [31m[createMemory][39m You can't just sell a product; you sell dreams, comfort, a better tomorrow. [0]
[1694758795206] [31m[createMemory][39m I carry a lucky coin. Hasn’t failed me yet. [0]
[1694758795206] [31m[createMemory][39m Some folks call it selling. I call it helping people make decisions. [0]
[1694758795206] [31m[createMemory][39m My biggest sale? A grand piano. Don't ask how I managed to carry it. [0]
[1694758795206] [31m[createMemory][39m No one knows it, but I can play the harmonica. Helps pass the lonely roads. [0]
[1694758795206] [31m[createMemory][39m I’ve learned to spot a deal from a dud. The eyes always give it away. [0]
[1694758806649] [Character] James created
[1694758872232] [35m[CORTEX] James McAllister - Prior Message: [39mJames, I've been thinking. Your ideas have merit, we should consider them deeper. It's crucial to involve everyone in our decisions, don't you agree?
[1694758872232] [35m[CORTEX] James McAllister - Patience: [39m100
[1694758872233] [35m[CORTEX] James McAllister - Conversation Goal: [39mfiguring out why Thomas Smith started a conversation with them.
[1694758872233] [35m[CORTEX] James McAllister - Conversation Finished: [39mfalse
[1694758878253] [35m[CORTEX] James McAllister - Feel: [39mJames, I've been thinking. Your ideas have merit, we should consider them deeper. It's crucial to involve everyone in our decisions, don't you agree?
[1694758886323] [35m[CORTEX] James McAllister - Plan: [39m James listens to Thomas's comments and agrees with him about the importance of involving everyone in the decision-making process. He plans to contribute his ideas more assertively and to encourage others to do the same. He also intends to use his sales skills to help facilitate this by convincing others of the merit of different ideas and bridging any gaps in understanding or agreement.
[1694758891111] [35m[CORTEX] James McAllister - Say: [39mYou're right, Thomas. Everyone's input is crucial for thorough decisions. Each person brings unique insights. I'm glad we see eye to eye on this.

