[1694758794481] [Character] Creating Eleanor
[1694758795144] [31m[createMemory][39m I never miss a target; my training ensures it. [0]
[1694758795144] [31m[createMemory][39m My bow, Windstrike, has been my companion since my teenage years. [0]
[1694758795144] [31m[createMemory][39m I've helped my village fend off countless bandit attacks. [0]
[1694758795144] [31m[createMemory][39m I can navigate the Everwood Forest without a map. [0]
[1694758795144] [31m[createMemory][39m Herbal remedies are as important to me as my arrows. [0]
[1694758795144] [31m[createMemory][39m I have a keen eye for strategy; it's saved us more than once. [0]
[1694758795144] [31m[createMemory][39m I've trained young archers in my village. [0]
[1694758795144] [31m[createMemory][39m The thrill of the hunt is a familiar friend. [0]
[1694758795144] [31m[createMemory][39m Loyalty to my allies is my unwavering principle. [0]
[1694758795144] [31m[createMemory][39m Understanding the terrain can turn the tide of any battle. [0]
[1694758795144] [31m[createMemory][39m I've crafted my own arrows from rare materials. [0]
[1694758795144] [31m[createMemory][39m I have a deep connection to the natural world around me. [0]
[1694758795145] [31m[createMemory][39m My family are renowned hunters; it runs in our blood. [0]
[1694758795145] [31m[createMemory][39m Enemy or prey, neither hear me approach. [0]
[1694758795145] [31m[createMemory][39m I keep a journal detailing different battle strategies. [0]
[1694758795145] [31m[createMemory][39m Our village is located by the Great Lake, coordinates 30, -20. [0]
[1694758795145] [31m[createMemory][39m The Everwood Forest is a sprawling wilderness at 60, 40. [0]
[1694758795145] [31m[createMemory][39m A hidden waterfall lies at the coordinates 35, -10; it's my sanctuary. [0]
[1694758795145] [31m[createMemory][39m Our enemies' base is at 50, 60. I've scouted it. [0]
[1694758795145] [31m[createMemory][39m The bustling market square is at 25, 0; where I buy rare arrow materials. [0]
[1694758806698] [Character] Eleanor created
[1694758829310] [31m[createMemory][39m Eleanor Wraithwind sees Tree at X: 22.96, Y: -45.28001. [0]
[1694758829310] [31m[createMemory][39m Eleanor Wraithwind sees Tree at X: 21.22, Y: -46.31001. [0]
[1694758829310] [31m[createMemory][39m Eleanor Wraithwind sees Tree at X: 20.55, Y: -48.68. [0]
[1694758829310] [31m[createMemory][39m Eleanor Wraithwind sees Tree Stump at X: 21.23, Y: -50.62. [0]
[1694758829310] [31m[createMemory][39m Eleanor Wraithwind sees Eli Green at X: 22.46, Y: -53.84. [0]
[1694758829310] [31m[createMemory][39m Eleanor Wraithwind sees Tree at X: 18.81, Y: -50.7. [0]
[1694758829310] [31m[createMemory][39m Eleanor Wraithwind sees Tree at X: 18.55, Y: -53.24. [0]
[1694758829310] [31m[createMemory][39m Eleanor Wraithwind sees Tree at X: 18.72, Y: -46.62. [0]
[1694758829310] [31m[createMemory][39m Eleanor Wraithwind sees Tree at X: 22.45, Y: -48.68. [0]
[1694758834871] --- Prompt ---
[1694758834877] Character: 
- ID: A9
- Name: Eleanor Wraithwind
- Age: 25
- Occupation: Archer
- Personality: Calm, Strategic, Loyal

Location: 22.82, -50.29

Time: Day 0, 12:00 AM

Energy: Fully Rested

Hunger: Starving

Environment:
- Tree Stump (Health: 5/5) [Location: 21.23, -50.62, Direction: NW,  Distance: 1.6m]
- Tree (Health: 10/10) [Location: 22.45, -48.68, Direction: NW,  Distance: 1.7m]
- Tree (Health: 10/10) [Location: 20.55, -48.68, Direction: NW,  Distance: 2.8m]
- Eli Green (Health: 25/25) [Location: 22.46, -53.84, Direction: NW,  Distance: 3.6m]
- Tree (Health: 10/10) [Location: 18.81, -50.7, Direction: W,  Distance: 4.0m]
- Tree (Health: 10/10) [Location: 21.22, -46.31001, Direction: NW,  Distance: 4.3m]
- Tree (Health: 10/10) [Location: 22.96, -45.28001, Direction: NW,  Distance: 5.0m]
- Tree (Health: 10/10) [Location: 18.55, -53.24, Direction: W,  Distance: 5.2m]
- Tree (Health: 10/10) [Location: 18.72, -46.62, Direction: W,  Distance: 5.5m]
- Tree (Health: 10/10) [Location: 16.59, -48.77, Direction: W,  Distance: 6.4m]
- Tree (Health: 10/10) [Location: 25.76, -44.33, Direction: NW,  Distance: 6.6m]
- Tree (Health: 10/10) [Location: 20.9, -43.26, Direction: NW,  Distance: 7.3m]
- Tree (Health: 10/10) [Location: 23.13, -42.43, Direction: NW,  Distance: 7.9m]
- Tree (Health: 10/10) [Location: 18.4, -43.46, Direction: NW,  Distance: 8.1m]
- Tree (Health: 10/10) [Location: 15.83, -45.28211, Direction: W,  Distance: 8.6m]
- Tree (Health: 10/10) [Location: 25.76, -42.09, Direction: NW,  Distance: 8.7m]
- House (Health: 100/100) [Location: 14.06, -56.01, Direction: W,  Distance: 10m]

Inventory (4/10):
- Axe x 1
- Pickaxe x 1
- Sword x 1
- Berries x 1

Tasks:
[
  {
    "task": "Carry out your daily dutiies",
    "priority": 1
  },
  {
    "task": "Catch up with other villagers",
    "priority": 2
  },
  {
    "task": "Maintain a healthy lifestyle",
    "priority": 3
  }
]

Memories:
- I keep a journal detailing different battle strategies. [just now]
- Herbal remedies are as important to me as my arrows. [just now]
- Our enemies' base is at 50, 60. I've scouted it. [just now]
- I have a deep connection to the natural world around me. [just now]
- Enemy or prey, neither hear me approach. [just now]
- My bow, Windstrike, has been my companion since my teenage years. [just now]
- I have a keen eye for strategy; it's saved us more than once. [just now]
- I can navigate the Everwood Forest without a map. [just now]
- I've crafted my own arrows from rare materials. [just now]
- A hidden waterfall lies at the coordinates 35, -10; it's my sanctuary. [just now]
- Our village is located by the Great Lake, coordinates 30, -20. [just now]
- Eleanor Wraithwind sees Tree Stump at X: 21.23, Y: -50.62. [just now]
- Eleanor Wraithwind sees Tree at X: 18.81, Y: -50.7. [just now]
- Eleanor Wraithwind sees Tree at X: 22.96, Y: -45.28001. [just now]

Available Actions:
- move_to: Move to a target location
- drop_axe: Drop Axe onto the ground.
- drop_pickaxe: Drop Pickaxe onto the ground.
- drop_sword: Drop Sword onto the ground.
- eat: Eat some food.
- drop_berries: Drop Berries onto the ground.

Given the available information, update your task list. Take into consideration the time of day, environment, personality of the character, and more. Replace the entire JSON array by removing completed tasks, updating existing tasks with new information and priorities, and create new tasks based on the provided info. Keep the list as concise as possible. Remember focus on the time of day to adjust priorities.
[1694758857014] --- Response ---
[1694758857014] Updated Tasks: 
[1694758857018] {}
[1694758857018] --- Prompt ---
[1694758857019] Character: 
- ID: A9
- Name: Eleanor Wraithwind
- Age: 25
- Occupation: Archer
- Personality: Calm, Strategic, Loyal

Location: 22.82, -50.29

Time: Day 0, 12:00 AM

Energy: Fully Rested

Hunger: Starving

Environment:
- Tree Stump (Health: 5/5) [Location: 21.23, -50.62, Direction: NW,  Distance: 1.6m]
- Tree (Health: 10/10) [Location: 22.45, -48.68, Direction: NW,  Distance: 1.7m]
- Tree (Health: 10/10) [Location: 20.55, -48.68, Direction: NW,  Distance: 2.8m]
- Eli Green (Health: 25/25) [Location: 22.46, -53.84, Direction: NW,  Distance: 3.6m]
- Tree (Health: 10/10) [Location: 18.81, -50.7, Direction: W,  Distance: 4.0m]
- Tree (Health: 10/10) [Location: 21.22, -46.31001, Direction: NW,  Distance: 4.3m]
- Tree (Health: 10/10) [Location: 22.96, -45.28001, Direction: NW,  Distance: 5.0m]
- Tree (Health: 10/10) [Location: 18.55, -53.24, Direction: W,  Distance: 5.2m]
- Tree (Health: 10/10) [Location: 18.72, -46.62, Direction: W,  Distance: 5.5m]
- Tree (Health: 10/10) [Location: 16.59, -48.77, Direction: W,  Distance: 6.4m]
- Tree (Health: 10/10) [Location: 25.76, -44.33, Direction: NW,  Distance: 6.6m]
- Tree (Health: 10/10) [Location: 20.9, -43.26, Direction: NW,  Distance: 7.3m]
- Tree (Health: 10/10) [Location: 23.13, -42.43, Direction: NW,  Distance: 7.9m]
- Tree (Health: 10/10) [Location: 18.4, -43.46, Direction: NW,  Distance: 8.1m]
- Tree (Health: 10/10) [Location: 15.83, -45.28211, Direction: W,  Distance: 8.6m]
- Tree (Health: 10/10) [Location: 25.76, -42.09, Direction: NW,  Distance: 8.7m]
- House (Health: 100/100) [Location: 14.06, -56.01, Direction: W,  Distance: 10m]

Inventory (4/10):
- Axe x 1
- Pickaxe x 1
- Sword x 1
- Berries x 1

Tasks:
[
  {
    "task": "Carry out your daily dutiies",
    "priority": 1
  },
  {
    "task": "Catch up with other villagers",
    "priority": 2
  },
  {
    "task": "Maintain a healthy lifestyle",
    "priority": 3
  }
]

Memories:
- I keep a journal detailing different battle strategies. [just now]
- Herbal remedies are as important to me as my arrows. [just now]
- Our enemies' base is at 50, 60. I've scouted it. [just now]
- I have a deep connection to the natural world around me. [just now]
- Enemy or prey, neither hear me approach. [just now]
- My bow, Windstrike, has been my companion since my teenage years. [just now]
- I have a keen eye for strategy; it's saved us more than once. [just now]
- I can navigate the Everwood Forest without a map. [just now]
- I've crafted my own arrows from rare materials. [just now]
- A hidden waterfall lies at the coordinates 35, -10; it's my sanctuary. [just now]
- Our village is located by the Great Lake, coordinates 30, -20. [just now]
- Eleanor Wraithwind sees Tree Stump at X: 21.23, Y: -50.62. [just now]
- Eleanor Wraithwind sees Tree at X: 18.81, Y: -50.7. [just now]
- Eleanor Wraithwind sees Tree at X: 22.96, Y: -45.28001. [just now]

Available Actions:
- move_to: Move to a target location
- drop_axe: Drop Axe onto the ground.
- drop_pickaxe: Drop Pickaxe onto the ground.
- drop_sword: Drop Sword onto the ground.
- eat: Eat some food.
- drop_berries: Drop Berries onto the ground.

Given the available information, update your task list. Take into consideration the time of day, environment, personality of the character, and more. Replace the entire JSON array by removing completed tasks, updating existing tasks with new information and priorities, and create new tasks based on the provided info. Keep the list as concise as possible. Remember focus on the time of day to adjust priorities.
[1694758871179] [31m[createMemory][39m Eli Green started a conversation with me. [34.8801765]
[1694758881399] --- Response ---
[1694758881399] Updated Tasks: 
[1694758881399] [
  {
    "task": "Eat Berries",
    "priority": 1
  },
  {
    "task": "Move to Tree Stump at X: 21.23, Y: -50.62 to gather wood",
    "priority": 2
  },
  {
    "task": "Catch up with Eli Green at X: 22.46, Y: -53.84",
    "priority": 3
  },
  {
    "task": "Move to House at X: 14.06, Y: -56.01 for shelter",
    "priority": 4
  },
  {
    "task": "Plan strategy for potential battles",
    "priority": 5
  },
  {
    "task": "Maintain a healthy lifestyle",
    "priority": 6
  },
  {
    "task": "Write in tactical journal",
    "priority": 7
  },
  {
    "task": "Prepare for a potential visit to the enemy base at 50, 60",
    "priority": 8
  }
]
[1694758883964] --- Prompt ---
[1694758883965] Character: 
- ID: A9
- Name: Eleanor Wraithwind
- Age: 25
- Occupation: Archer
- Personality: Calm, Strategic, Loyal

Location: 22.82, -50.29

Time: Day 0, 12:00 AM

Energy: Fully Rested

Hunger: Starving

Environment:
- Tree Stump (Health: 5/5) [Direction: NW, Distance: 1.6m]
- Tree (Health: 10/10) [Direction: NW, Distance: 1.7m]
- Tree (Health: 10/10) [Direction: NW, Distance: 2.8m]
- Eli Green (Health: 25/25) [Direction: NW, Distance: 3.6m]
- Tree (Health: 10/10) [Direction: W, Distance: 4.0m]
- Tree (Health: 10/10) [Direction: NW, Distance: 4.3m]
- Tree (Health: 10/10) [Direction: NW, Distance: 5.0m]
- Tree (Health: 10/10) [Direction: W, Distance: 5.2m]
- Tree (Health: 10/10) [Direction: W, Distance: 5.5m]
- Tree (Health: 10/10) [Direction: W, Distance: 6.4m]
- Tree (Health: 10/10) [Direction: NW, Distance: 6.6m]
- Tree (Health: 10/10) [Direction: NW, Distance: 7.3m]
- Tree (Health: 10/10) [Direction: NW, Distance: 7.9m]
- Tree (Health: 10/10) [Direction: NW, Distance: 8.1m]
- Tree (Health: 10/10) [Direction: W, Distance: 8.6m]
- Tree (Health: 10/10) [Direction: NW, Distance: 8.7m]
- House (Health: 100/100) [Direction: W, Distance: 10m]

Inventory (4/10):
- Axe x 1
- Pickaxe x 1
- Sword x 1
- Berries x 1

Tasks:
[
  {
    "task": "Carry out your daily dutiies",
    "priority": 1
  },
  {
    "task": "Catch up with other villagers",
    "priority": 2
  },
  {
    "task": "Maintain a healthy lifestyle",
    "priority": 3
  }
]

Memories:
- Eleanor Wraithwind sees Tree at X: 22.96, Y: -45.28001. [just now]
- Eleanor Wraithwind sees Tree at X: 18.81, Y: -50.7. [just now]
- Our village is located by the Great Lake, coordinates 30, -20. [just now]
- I've crafted my own arrows from rare materials. [just now]
- I have a keen eye for strategy; it's saved us more than once. [just now]
- My bow, Windstrike, has been my companion since my teenage years. [just now]
- I have a deep connection to the natural world around me. [just now]
- Our enemies' base is at 50, 60. I've scouted it. [just now]
- Herbal remedies are as important to me as my arrows. [just now]
- I keep a journal detailing different battle strategies. [just now]

Given the available information, pick the best available action function to accomplish your tasks.


[1694758883965] --- Action Functions ---
[1694758883966] [
  {
    "name": "move_to",
    "description": "Move to a target location",
    "parameters": {
      "type": "object",
      "properties": {
        "characterId": {
          "type": "string",
          "description": "The character ID of the character that is adding the item to the chest."
        },
        "x": {
          "type": "number",
          "description": "The X coordinate of the target location."
        },
        "y": {
          "type": "number",
          "description": "The Y coordinate of the target location."
        }
      }
    }
  },
  {
    "name": "drop_axe",
    "description": "Drop Axe onto the ground.",
    "parameters": {
      "type": "object",
      "properties": {
        "characterId": {
          "type": "string",
          "description": "The character ID of the character that is adding the item to the chest."
        },
        "itemId": {
          "type": "string",
          "description": "The item ID of the item that is being added to the chest. Must be lowercase.",
          "values": [
            "wood",
            "stone",
            "iron",
            "diamond",
            "copper",
            "coal",
            "axe",
            "pickaxe",
            "sword",
            "berries"
          ]
        }
      }
    }
  },
  {
    "name": "drop_pickaxe",
    "description": "Drop Pickaxe onto the ground.",
    "parameters": {
      "type": "object",
      "properties": {
        "characterId": {
          "type": "string",
          "description": "The character ID of the character that is adding the item to the chest."
        },
        "itemId": {
          "type": "string",
          "description": "The item ID of the item that is being added to the chest. Must be lowercase.",
          "values": [
            "wood",
            "stone",
            "iron",
            "diamond",
            "copper",
            "coal",
            "axe",
            "pickaxe",
            "sword",
            "berries"
          ]
        }
      }
    }
  },
  {
    "name": "drop_sword",
    "description": "Drop Sword onto the ground.",
    "parameters": {
      "type": "object",
      "properties": {
        "characterId": {
          "type": "string",
          "description": "The character ID of the character that is adding the item to the chest."
        },
        "itemId": {
          "type": "string",
          "description": "The item ID of the item that is being added to the chest. Must be lowercase.",
          "values": [
            "wood",
            "stone",
            "iron",
            "diamond",
            "copper",
            "coal",
            "axe",
            "pickaxe",
            "sword",
            "berries"
          ]
        }
      }
    }
  },
  {
    "name": "eat",
    "description": "Eat some food.",
    "parameters": {
      "type": "object",
      "properties": {
        "characterId": {
          "type": "string",
          "description": "The character ID of the character that is adding the item to the chest."
        },
        "foodId": {
          "type": "string",
          "description": "The food ID of the food to be eaten.",
          "values": [
            "berries"
          ]
        }
      }
    }
  },
  {
    "name": "drop_berries",
    "description": "Drop Berries onto the ground.",
    "parameters": {
      "type": "object",
      "properties": {
        "characterId": {
          "type": "string",
          "description": "The character ID of the character that is adding the item to the chest."
        },
        "itemId": {
          "type": "string",
          "description": "The item ID of the item that is being added to the chest. Must be lowercase.",
          "values": [
            "wood",
            "stone",
            "iron",
            "diamond",
            "copper",
            "coal",
            "axe",
            "pickaxe",
            "sword",
            "berries"
          ]
        }
      }
    }
  }
]
[1694758884726] [35m[CORTEX] Eleanor Wraithwind - Prior Message: [39mHey Eleanor, did you know I've found a new tree to climb? I'll be able to see everything from up there!
[1694758884726] [35m[CORTEX] Eleanor Wraithwind - Patience: [39m100
[1694758884726] [35m[CORTEX] Eleanor Wraithwind - Conversation Goal: [39mfiguring out why Eli Green started a conversation with them.
[1694758884726] [35m[CORTEX] Eleanor Wraithwind - Conversation Finished: [39mfalse
[1694758886889] [31mAgent A9 is already occupied. Skipping...[39m
[1694758888130] [35m[CORTEX] Eleanor Wraithwind - Feel: [39mI feel Eli's excitement about the new vantage point.
[1694758894880] [35m[CORTEX] Eleanor Wraithwind - Plan: [39m Eleanor will reassure Eli about her awareness of his fondness for tree climbing, and suggest that she might join him one day, as a way to bond and demonstrate that she values their friendship. She may also use this opportunity to remind Eli to remain vigilant and aware of potential threats, even while he is enjoying his favorite activity.
[1694758899261] [35m[CORTEX] Eleanor Wraithwind - Say: [39mThat's exciting news, Eli! Be sure to check that it offers good cover. And remember, the higher you climb, the further you can see... but the same goes for our enemies.

