[1695446770616] [Character] Creating Thomas
[1695446770968] [31m[createMemory][39m I should be asleep until 7am. [0]
[1695446770968] [31m[createMemory][39m It's my job to protect the village. [0]
[1695446770968] [31m[createMemory][39m I need to make sure everyone is safe. [0]
[1695446770968] [31m[createMemory][39m I do the work that no one else wants to do. [0]
[1695446770968] [31m[createMemory][39m I try to be as honest as possible. [0]
[1695446770968] [31m[createMemory][39m I'm not afraid of anything. [0]
[1695446770968] [31m[createMemory][39m I go to bed at 10pm. [0]
[1695446770968] [31m[createMemory][39m I like strawberries. [0]
[1695446770968] [31m[createMemory][39m The village location is 2, -58. [0]
[1695446770968] [31m[createMemory][39m The mine site is at 51, 17. [0]
[1695446770968] [31m[createMemory][39m The lumberyard is at 72, -55.1 [0]
[1695446770968] [31m[createMemory][39m The campsite is at 7, -8.3 [0]
[1695446770968] [31m[createMemory][39m The Nume River flows through the village. [0]
[1695446770968] [31m[createMemory][39m Nume Falls are north of the village, and west of the campsite. [0]
[1695446770968] [31m[createMemory][39m The area is surrounded by forested monutains, filled with wildlife, rivers, and lakes. [0]
[1695446782708] [Character] Thomas created (clmvl8csr0001vd8had3z67z0)
[1695446805450] [31m[createMemory][39m Thomas Smith dropped Axe at X: 55.21579, Y: -73.65495 [8.761196]
[1695446806572] [31m[createMemory][39m Thomas Smith dropped Wood at X: 55.21579, Y: -73.65495 [9.89989948]
[1695446809362] [31m[createMemory][39m Thomas Smith dropped Sword at X: 54.67129, Y: -69.75011 [12.6907167]
[1695446812401] [31m[createMemory][39m Thomas Smith picked up Sword at X: 54.14629, Y: -69.75011 [15.6907644]
