[1694759583460] [Character] Creating Thomas
[1694759583809] [31m[createMemory][39m I should be asleep until 7am. [0]
[1694759583810] [31m[createMemory][39m It's my job to protect the village. [0]
[1694759583810] [31m[createMemory][39m I need to make sure everyone is safe. [0]
[1694759583810] [31m[createMemory][39m I do the work that no one else wants to do. [0]
[1694759583810] [31m[createMemory][39m I try to be as honest as possible. [0]
[1694759583810] [31m[createMemory][39m I'm not afraid of anything. [0]
[1694759583810] [31m[createMemory][39m I go to bed at 10pm. [0]
[1694759583810] [31m[createMemory][39m I like strawberries. [0]
[1694759583810] [31m[createMemory][39m The village location is 2, -58. [0]
[1694759583810] [31m[createMemory][39m The mine site is at 51, 17. [0]
[1694759583810] [31m[createMemory][39m The lumberyard is at 72, -55.1 [0]
[1694759583810] [31m[createMemory][39m The campsite is at 7, -8.3 [0]
[1694759583810] [31m[createMemory][39m The Nume River flows through the village. [0]
[1694759583810] [31m[createMemory][39m Nume Falls are north of the village, and west of the campsite. [0]
[1694759583810] [31m[createMemory][39m The area is surrounded by forested monutains, filled with wildlife, rivers, and lakes. [0]
[1694759596043] [Character] Thomas created (clmk83jsa0001vdpgr6e41a09)
[1694759599668] [31m[createMemory][39m Thomas Smith sees James McAllister at X: 13.55, Y: -57.75. [0.0199999921]
[1694759599668] [31m[createMemory][39m Thomas Smith sees Lucy Wilde at X: 12.12, Y: -62.11. [0.0199999921]
[1694759599672] [31m[createMemory][39m Thomas Smith sees House at X: 9.44, Y: -53.9. [0.0199999921]
[1694759599709] [31m[createMemory][39m Thomas Smith sees House at X: 14.06, Y: -56.01. [0.0199999921]
[1694759599731] [31m[createMemory][39m Thomas Smith sees John Swift at X: 10.45, Y: -54.9. [0.0199999921]
[1694759607349] --- Prompt ---
[1694759607349] Character: 
- ID: A1
- Name: Thomas Smith
- Age: 32
- Occupation: Village Leader
- Personality: Brave, Calm, Honest

Location: 12.37, -57.75

Time: Day 0, 12:00 AM

Energy: Fully Rested

Hunger: Well-fed

Environment:
- James McAllister (Health: 25/25) [Location: 13.55, -57.75, Direction: W,  Distance: 1.2m]
- House (Health: 100/100) [Location: 14.06, -56.01, Direction: W,  Distance: 2.4m]
- John Swift (Health: 25/25) [Location: 10.45, -54.9, Direction: W,  Distance: 3.4m]
- Lucy Wilde (Health: 25/25) [Location: 12.12, -62.11, Direction: W,  Distance: 4.4m]
- House (Health: 100/100) [Location: 9.44, -53.9, Direction: W,  Distance: 4.8m]
- Tree (Health: 10/10) [Location: 18.3, -59.99, Direction: W,  Distance: 6.3m]
- Cedric Warborn (Health: 25/25) [Location: 4.8, -58.14, Direction: W,  Distance: 7.6m]
- Tree (Health: 10/10) [Location: 18.55, -53.24, Direction: W,  Distance: 7.7m]
- Tree (Health: 10/10) [Location: 12.6, -49.3, Direction: W,  Distance: 8.5m]
- House (Health: 100/100) [Location: 3.663626, -54.92766, Direction: W,  Distance: 9.2m]

Inventory (4/10):
- Axe x 1
- Pickaxe x 1
- Sword x 1
- Berries x 1

Tasks:
[
  {
    "task": "Catch up to James",
    "priority": 1
  },
  {
    "task": "Go to Nume Village",
    "priority": 2
  },
  {
    "task": "Maintain a healthy lifestyle",
    "priority": 3
  }
]

Memories:
- The Nume River flows through the village. [0 minutes ago]
- The area is surrounded by forested monutains, filled with wildlife, rivers, and lakes. [0 minutes ago]
- I do the work that no one else wants to do. [0 minutes ago]
- The village location is 2, -58. [0 minutes ago]
- It's my job to protect the village. [0 minutes ago]
- I go to bed at 10pm. [0 minutes ago]
- The lumberyard is at 72, -55.1 [0 minutes ago]
- I try to be as honest as possible. [0 minutes ago]
- The campsite is at 7, -8.3 [0 minutes ago]
- I need to make sure everyone is safe. [0 minutes ago]
- Thomas Smith sees James McAllister at X: 13.55, Y: -57.75. [in the future]

Available Actions:
- move_to: Move to a target location
- drop_axe: Drop Axe onto the ground.
- drop_pickaxe: Drop Pickaxe onto the ground.
- drop_sword: Drop Sword onto the ground.
- eat: Eat some food.
- drop_berries: Drop Berries onto the ground.
- start_conversation: Start a conversation with James McAllister (ID: A6).

Hitbox (what you would hit with a swing based action):
- James McAllister (Health: 25/25)

Given the available information, update your task list. Take into consideration the time of day, environment, personality of the character, and more. Replace the entire JSON array by removing completed tasks, updating existing tasks with new information and priorities, and create new tasks based on the provided info. Keep the list as concise as possible. Remember focus on the time of day to adjust priorities.
[1694759621850] --- Response ---
[1694759621850] Updated Tasks: 
[1694759621850] [
  {
    "task": "Start a conversation with James",
    "priority": 1
  },
  {
    "task": "Catch up to James",
    "priority": 2
  },
  {
    "task": "Ensure everyone's safety in the village",
    "priority": 3
  },
  {
    "task": "Go to Nume Village",
    "priority": 4
  },
  {
    "task": "Maintain a healthy lifestyle",
    "priority": 5
  },
  {
    "task": "Ensure to go to bed by 10pm",
    "priority": 6
  }
]
[1694759624250] --- Prompt ---
[1694759624256] Character: 
- ID: A1
- Name: Thomas Smith
- Age: 32
- Occupation: Village Leader
- Personality: Brave, Calm, Honest

Location: 12.37, -57.75

Time: Day 0, 12:00 AM

Energy: Fully Rested

Hunger: Well-fed

Environment:
- James McAllister (Health: 25/25) [Direction: W, Distance: 1.2m]
- House (Health: 100/100) [Direction: W, Distance: 2.4m]
- John Swift (Health: 25/25) [Direction: W, Distance: 3.4m]
- Lucy Wilde (Health: 25/25) [Direction: W, Distance: 4.4m]
- House (Health: 100/100) [Direction: W, Distance: 4.8m]
- Tree (Health: 10/10) [Direction: W, Distance: 6.3m]
- Cedric Warborn (Health: 25/25) [Direction: W, Distance: 7.6m]
- Tree (Health: 10/10) [Direction: W, Distance: 7.7m]
- Tree (Health: 10/10) [Direction: W, Distance: 8.5m]
- House (Health: 100/100) [Direction: W, Distance: 9.2m]

Inventory (4/10):
- Axe x 1
- Pickaxe x 1
- Sword x 1
- Berries x 1

Tasks:
[
  {
    "task": "Catch up to James",
    "priority": 1
  },
  {
    "task": "Go to Nume Village",
    "priority": 2
  },
  {
    "task": "Maintain a healthy lifestyle",
    "priority": 3
  }
]

Memories:
- Thomas Smith sees James McAllister at X: 13.55, Y: -57.75. [in the future]
- I need to make sure everyone is safe. [0 minutes ago]
- The campsite is at 7, -8.3 [0 minutes ago]
- I try to be as honest as possible. [0 minutes ago]
- The lumberyard is at 72, -55.1 [0 minutes ago]
- I go to bed at 10pm. [0 minutes ago]
- The village location is 2, -58. [0 minutes ago]
- I do the work that no one else wants to do. [0 minutes ago]
- The area is surrounded by forested monutains, filled with wildlife, rivers, and lakes. [0 minutes ago]
- The Nume River flows through the village. [0 minutes ago]

Hitbox (what you would hit with a swing based action):
- James McAllister (Health: 25/25)

Given the available information, pick the best available action function to accomplish your tasks.


[1694759624256] --- Action Functions ---
[1694759624256] [
  {
    "name": "move_to",
    "description": "Move to a target location",
    "parameters": {
      "type": "object",
      "properties": {
        "characterId": {
          "type": "string",
          "description": "The character ID of the character that is adding the item to the chest."
        },
        "x": {
          "type": "number",
          "description": "The X coordinate of the target location."
        },
        "y": {
          "type": "number",
          "description": "The Y coordinate of the target location."
        }
      }
    }
  },
  {
    "name": "drop_axe",
    "description": "Drop Axe onto the ground.",
    "parameters": {
      "type": "object",
      "properties": {
        "characterId": {
          "type": "string",
          "description": "The character ID of the character that is adding the item to the chest."
        },
        "itemId": {
          "type": "string",
          "description": "The item ID of the item that is being added to the chest. Must be lowercase.",
          "values": [
            "wood",
            "stone",
            "iron",
            "diamond",
            "copper",
            "coal",
            "axe",
            "pickaxe",
            "sword",
            "berries"
          ]
        }
      }
    }
  },
  {
    "name": "drop_pickaxe",
    "description": "Drop Pickaxe onto the ground.",
    "parameters": {
      "type": "object",
      "properties": {
        "characterId": {
          "type": "string",
          "description": "The character ID of the character that is adding the item to the chest."
        },
        "itemId": {
          "type": "string",
          "description": "The item ID of the item that is being added to the chest. Must be lowercase.",
          "values": [
            "wood",
            "stone",
            "iron",
            "diamond",
            "copper",
            "coal",
            "axe",
            "pickaxe",
            "sword",
            "berries"
          ]
        }
      }
    }
  },
  {
    "name": "drop_sword",
    "description": "Drop Sword onto the ground.",
    "parameters": {
      "type": "object",
      "properties": {
        "characterId": {
          "type": "string",
          "description": "The character ID of the character that is adding the item to the chest."
        },
        "itemId": {
          "type": "string",
          "description": "The item ID of the item that is being added to the chest. Must be lowercase.",
          "values": [
            "wood",
            "stone",
            "iron",
            "diamond",
            "copper",
            "coal",
            "axe",
            "pickaxe",
            "sword",
            "berries"
          ]
        }
      }
    }
  },
  {
    "name": "eat",
    "description": "Eat some food.",
    "parameters": {
      "type": "object",
      "properties": {
        "characterId": {
          "type": "string",
          "description": "The character ID of the character that is adding the item to the chest."
        },
        "foodId": {
          "type": "string",
          "description": "The food ID of the food to be eaten.",
          "values": [
            "berries"
          ]
        }
      }
    }
  },
  {
    "name": "drop_berries",
    "description": "Drop Berries onto the ground.",
    "parameters": {
      "type": "object",
      "properties": {
        "characterId": {
          "type": "string",
          "description": "The character ID of the character that is adding the item to the chest."
        },
        "itemId": {
          "type": "string",
          "description": "The item ID of the item that is being added to the chest. Must be lowercase.",
          "values": [
            "wood",
            "stone",
            "iron",
            "diamond",
            "copper",
            "coal",
            "axe",
            "pickaxe",
            "sword",
            "berries"
          ]
        }
      }
    }
  },
  {
    "name": "start_conversation",
    "description": "Start a conversation with James McAllister (ID: A6).",
    "parameters": {
      "type": "object",
      "properties": {
        "characterId": {
          "type": "string",
          "description": "The character ID of the character that is initiating the conversation."
        },
        "targetCharacterId": {
          "type": "string",
          "description": "The character ID of the target character."
        },
        "conversationGoal": {
          "type": "string",
          "description": "Describe a hypothesis for precisely what you hope to get out of this conversation with Human (5) in detail."
        }
      }
    }
  }
]
[1694759629988] [31mAgent A1 is already occupied. Skipping...[39m
[1694759632635] [31m[createMemory][39m Thomas Smith sees Harold Smith at X: 17.6042, Y: -57.25. [25.9302464]
