[1694759583461] [Character] Creating Eli
[1694759584141] [31m[createMemory][39m I need to let Thomas know I'm going to explore. He's asked me in the past to let him know just in case I get hurt or lost. [0]
[1694759584141] [31m[createMemory][39m I once found a secret clearing in the woods, it's my personal hideout now. [0]
[1694759584141] [31m[createMemory][39m The world feels so big and full of wonders, I want to see them all! [0]
[1694759584141] [31m[createMemory][39m I saw a deer up close once, our eyes met and we just stared for a moment. [0]
[1694759584141] [31m[createMemory][39m Climbing trees is my favorite! The higher I go, the bigger the world looks. [0]
[1694759584141] [31m[createMemory][39m Lucy showed me how to listen to the forest, it's like it's telling stories. [0]
[1694759584141] [31m[createMemory][39m Every rock and leaf, every bird and bug, feels like a friend to me. [0]
[1694759584141] [31m[createMemory][39m I once got lost, but the stars guided me home. They're like nature's map! [0]
[1694759584141] [31m[createMemory][39m George tells me tales of old, turning every tree and hill into an adventure. [0]
[1694759584141] [31m[createMemory][39m I made a whistle out of a reed! Nature is full of surprises. [0]
[1694759584141] [31m[createMemory][39m The woods in autumn is my favorite. All those colors... like nature's painting! [0]
[1694759584141] [31m[createMemory][39m I wish I could talk to animals. Imagine the stories they'd tell! [0]
[1694759584141] [31m[createMemory][39m I've learned to move silently. That way, nature doesn’t hide from me. [0]
[1694759584141] [31m[createMemory][39m Lucy once said every tree has a story. I'm trying to learn them all. [0]
[1694759584141] [31m[createMemory][39m Rainy days? That's when the forest sings its loudest song! [0]
[1694759584141] [31m[createMemory][39m I dreamt I could fly like a bird, seeing the world from above. Maybe one day... [0]
[1694759596093] [Character] Eli created
[1694759599376] [31m[createMemory][39m Eli Green sees Tree at X: 20.55, Y: -48.68. [0.0199999921]
[1694759599376] [31m[createMemory][39m Eli Green sees Will Turner at X: 20.13, Y: -51.21. [0.0199999921]
[1694759599376] [31m[createMemory][39m Eli Green sees Tree at X: 18.81, Y: -50.7. [0.0199999921]
[1694759599376] [31m[createMemory][39m Eli Green sees Tree Stump at X: 21.23, Y: -50.62. [0.0199999921]
[1694759599376] [31m[createMemory][39m Eli Green sees Harold Smith at X: 21.79, Y: -57.11. [0.0199999921]
[1694759599376] [31m[createMemory][39m Eli Green sees House at X: 14.06, Y: -56.01. [0.0199999921]
[1694759599376] [31m[createMemory][39m Eli Green sees Tree at X: 18.55, Y: -53.24. [0.0199999921]
[1694759599376] [31m[createMemory][39m Eli Green sees Eleanor Wraithwind at X: 23.26, Y: -49.85. [0.0199999921]
[1694759599386] [31m[createMemory][39m Eli Green sees Tree at X: 22.45, Y: -48.68. [0.0199999921]
[1694759606971] --- Prompt ---
[1694759606972] Character: 
- ID: A5
- Name: Eli Green
- Age: 12
- Occupation: Explorer
- Personality: Curious, Energetic, Kind-hearted

Location: 22.46, -53.84

Time: Day 0, 12:00 AM

Energy: Fully Rested

Hunger: Well-fed

Environment:
- Harold Smith (Health: 25/25) [Location: 21.79, -57.11, Direction: W,  Distance: 3.3m]
- Tree Stump (Health: 5/5) [Location: 21.23, -50.62, Direction: NW,  Distance: 3.4m]
- Will Turner (Health: 25/25) [Location: 20.13, -51.21, Direction: W,  Distance: 3.5m]
- Tree (Health: 10/10) [Location: 18.55, -53.24, Direction: W,  Distance: 4.0m]
- Eleanor Wraithwind (Health: 25/25) [Location: 23.26, -49.85, Direction: NW,  Distance: 4.1m]
- Tree (Health: 10/10) [Location: 18.81, -50.7, Direction: W,  Distance: 4.8m]
- Tree (Health: 10/10) [Location: 22.45, -48.68, Direction: NW,  Distance: 5.2m]
- Tree (Health: 10/10) [Location: 20.55, -48.68, Direction: NW,  Distance: 5.5m]
- Tree (Health: 10/10) [Location: 25.89, -59.87, Direction: NW,  Distance: 6.9m]
- Tree (Health: 10/10) [Location: 18.3, -59.99, Direction: W,  Distance: 7.4m]
- Tree (Health: 10/10) [Location: 21.22, -46.31001, Direction: NW,  Distance: 7.6m]
- Tree (Health: 10/10) [Location: 16.59, -48.77, Direction: W,  Distance: 7.8m]
- Tree (Health: 10/10) [Location: 18.72, -46.62, Direction: W,  Distance: 8.1m]
- Tree (Health: 10/10) [Location: 22.96, -45.28001, Direction: NW,  Distance: 8.6m]
- House (Health: 100/100) [Location: 14.06, -56.01, Direction: W,  Distance: 8.7m]

Inventory (4/10):
- Axe x 1
- Pickaxe x 1
- Sword x 1
- Berries x 1

Tasks:
[
  {
    "task": "Carry out your daily dutiies",
    "priority": 1
  },
  {
    "task": "Catch up with other villagers",
    "priority": 2
  },
  {
    "task": "Maintain a healthy lifestyle",
    "priority": 3
  }
]

Memories:
- I once found a secret clearing in the woods, it's my personal hideout now. [0 minutes ago]
- George tells me tales of old, turning every tree and hill into an adventure. [0 minutes ago]
- Rainy days? That's when the forest sings its loudest song! [0 minutes ago]
- I've learned to move silently. That way, nature doesn’t hide from me. [0 minutes ago]
- Every rock and leaf, every bird and bug, feels like a friend to me. [0 minutes ago]
- I once got lost, but the stars guided me home. They're like nature's map! [0 minutes ago]
- Lucy showed me how to listen to the forest, it's like it's telling stories. [0 minutes ago]
- The world feels so big and full of wonders, I want to see them all! [0 minutes ago]
- I made a whistle out of a reed! Nature is full of surprises. [0 minutes ago]
- I saw a deer up close once, our eyes met and we just stared for a moment. [0 minutes ago]
- Eli Green sees Tree at X: 22.45, Y: -48.68. [in the future]
- Eli Green sees Tree Stump at X: 21.23, Y: -50.62. [in the future]
- Eli Green sees Eleanor Wraithwind at X: 23.26, Y: -49.85. [in the future]

Available Actions:
- move_to: Move to a target location
- drop_axe: Drop Axe onto the ground.
- drop_pickaxe: Drop Pickaxe onto the ground.
- drop_sword: Drop Sword onto the ground.
- eat: Eat some food.
- drop_berries: Drop Berries onto the ground.

Given the available information, update your task list. Take into consideration the time of day, environment, personality of the character, and more. Replace the entire JSON array by removing completed tasks, updating existing tasks with new information and priorities, and create new tasks based on the provided info. Keep the list as concise as possible. Remember focus on the time of day to adjust priorities.
[1694759631870] [31m[createMemory][39m Eli Green no longer sees Human (6) at X: 18.9692, Y: -57.24997 [25.1469135]
[1694759634487] --- Response ---
[1694759634487] Updated Tasks: 
[1694759634497] [
  {
    "task": "Greet and catch up with villagers Harold Smith, Will Turner, and Eleanor Wraithwind",
    "priority": 1
  },
  {
    "task": "Cut wood from near trees using axe",
    "priority": 2
  },
  {
    "task": "Eat the berries to maintain energy levels",
    "priority": 3
  },
  {
    "task": "Share stories with George and learn about the history of trees",
    "priority": 4
  },
  {
    "task": "Visit secret clearing in the woods to relax and appreciate nature",
    "priority": 5
  },
  {
    "task": "Inform Lucy of new forest discoveries and learn more about forest ecology",
    "priority": 6
  },
  {
    "task": "Practice moving silently to better observe nature",
    "priority": 7
  },
  {
    "task": "Stargaze at night for navigation practice",
    "priority": 8
  },
  {
    "task": "Host a whistle-making session with reeds for other villagers",
    "priority": 9
  },
  {
    "task": "Hunt for deer using sword to bridge connection with nature",
    "priority": 10
  }
]
