[1694759584177] [31m[createMemory][39m I've scaled the highest peak in the Blackspire Range. [0]
[1694759584178] [31m[createMemory][39m My travels have taken me to forgotten civilizations. [0]
[1694759584178] [31m[createMemory][39m I've escaped several near-death situations. [0]
[1694759584178] [31m[createMemory][39m Found a rare artifact in an ancient ruin. [0]
[1694759584178] [31m[createMemory][39m My compass is more than a tool; it's a lifeline. [0]
[1694759584178] [31m[createMemory][39m I often rely on my wits rather than a weapon. [0]
[1694759584178] [31m[createMemory][39m My pack contains only the essentials for survival. [0]
[1694759584178] [31m[createMemory][39m The thrill of discovery fuels me. [0]
[1694759584178] [31m[createMemory][39m I trust no one completely; the road has taught me that. [0]
[1694759584178] [31m[createMemory][39m Navigating treacherous landscapes is second nature to me. [0]
[1694759584178] [31m[createMemory][39m I've learned a lot about local cultures and their legends. [0]
[1694759584178] [31m[createMemory][39m I've traded stories with adventurers and locals alike. [0]
[1694759584178] [31m[createMemory][39m Survival skills are as crucial as courage. [0]
[1694759584178] [31m[createMemory][39m Maps are useful, but instincts are invaluable. [0]
[1694759584178] [31m[createMemory][39m I keep a journal of my adventures; it'll be my legacy. [0]
[1694759584178] [31m[createMemory][39m Basecamp Alpha is my main hub, located at 43, 12. [0]
[1694759584178] [31m[createMemory][39m I've journeyed through the Dark Forest, its coordinates are 24, 68. [0]
[1694759584178] [31m[createMemory][39m The treacherous Snake Gorge is located at 53, -22. [0]
[1694759584178] [31m[createMemory][39m There's a hidden temple at 11, 9; it took me months to find it. [0]
[1694759584178] [31m[createMemory][39m The market at Skyline city is a great place to resupply; located at 78, 54. [0]
[1694759596211] [Character] John created
[1694759599375] [31m[createMemory][39m John Swift sees House at X: 9.44, Y: -53.9. [0.0199999921]
[1694759599376] [31m[createMemory][39m John Swift sees House at X: 3.663626, Y: -54.92766. [0.0199999921]
[1694759599376] [31m[createMemory][39m John Swift sees James McAllister at X: 13.55, Y: -57.75. [0.0199999921]
[1694759599376] [31m[createMemory][39m John Swift sees Thomas Smith at X: 12.37, Y: -57.75. [0.0199999921]
[1694759599376] [31m[createMemory][39m John Swift sees House at X: 14.06, Y: -56.01. [0.0199999921]
[1694759606879] --- Prompt ---
[1694759606879] Character: 
- ID: A8
- Name: John Swift
- Age: 28
- Occupation: Adventurer
- Personality: Courageous, Resourceful, Independent

Location: 10.45, -54.9

Time: Day 0, 12:00 AM

Energy: Fully Rested

Hunger: Well-fed

Environment:
- House (Health: 100/100) [Location: 9.44, -53.9, Direction: W,  Distance: 1.4m]
- Thomas Smith (Health: 25/25) [Location: 12.37, -57.75, Direction: W,  Distance: 3.4m]
- House (Health: 100/100) [Location: 14.06, -56.01, Direction: W,  Distance: 3.8m]
- James McAllister (Health: 25/25) [Location: 13.55, -57.75, Direction: W,  Distance: 4.2m]
- Tree (Health: 10/10) [Location: 12.6, -49.3, Direction: W,  Distance: 6.0m]
- Cedric Warborn (Health: 25/25) [Location: 4.8, -58.14, Direction: W,  Distance: 6.5m]
- House (Health: 100/100) [Location: 3.663626, -54.92766, Direction: W,  Distance: 6.8m]
- Lucy Wilde (Health: 25/25) [Location: 12.12, -62.11, Direction: W,  Distance: 7.4m]
- Tree (Health: 10/10) [Location: 8.63, -47.53, Direction: W,  Distance: 7.6m]
- Tree (Health: 10/10) [Location: 18.55, -53.24, Direction: W,  Distance: 8.3m]
- Tree (Health: 10/10) [Location: 11.9, -46.7, Direction: W,  Distance: 8.3m]
- Tree Stump (Health: 5/5) [Location: 13.63, -46.92001, Direction: W,  Distance: 8.6m]
- Tree (Health: 10/10) [Location: 16.59, -48.77, Direction: W,  Distance: 8.7m]

Inventory (4/10):
- Axe x 1
- Pickaxe x 1
- Sword x 1
- Berries x 1

Tasks:
[
  {
    "task": "Carry out your daily dutiies",
    "priority": 1
  },
  {
    "task": "Catch up with other villagers",
    "priority": 2
  },
  {
    "task": "Maintain a healthy lifestyle",
    "priority": 3
  }
]

Memories:
- Basecamp Alpha is my main hub, located at 43, 12. [0 minutes ago]
- I often rely on my wits rather than a weapon. [0 minutes ago]
- Maps are useful, but instincts are invaluable. [0 minutes ago]
- I've journeyed through the Dark Forest, its coordinates are 24, 68. [0 minutes ago]
- I've escaped several near-death situations. [0 minutes ago]
- I've traded stories with adventurers and locals alike. [0 minutes ago]
- I've scaled the highest peak in the Blackspire Range. [0 minutes ago]
- The treacherous Snake Gorge is located at 53, -22. [0 minutes ago]
- My compass is more than a tool; it's a lifeline. [0 minutes ago]
- The market at Skyline city is a great place to resupply; located at 78, 54. [0 minutes ago]
- John Swift sees House at X: 9.44, Y: -53.9. [in the future]
- John Swift sees House at X: 14.06, Y: -56.01. [in the future]

Available Actions:
- move_to: Move to a target location
- drop_axe: Drop Axe onto the ground.
- drop_pickaxe: Drop Pickaxe onto the ground.
- drop_sword: Drop Sword onto the ground.
- eat: Eat some food.
- drop_berries: Drop Berries onto the ground.

Given the available information, update your task list. Take into consideration the time of day, environment, personality of the character, and more. Replace the entire JSON array by removing completed tasks, updating existing tasks with new information and priorities, and create new tasks based on the provided info. Keep the list as concise as possible. Remember focus on the time of day to adjust priorities.
[1694759633814] --- Response ---
[1694759633814] Updated Tasks: 
[1694759633816] {}
[1694759633816] --- Prompt ---
[1694759633818] Character: 
- ID: A8
- Name: John Swift
- Age: 28
- Occupation: Adventurer
- Personality: Courageous, Resourceful, Independent

Location: 10.45, -54.9

Time: Day 0, 12:00 AM

Energy: Fully Rested

Hunger: Well-fed

Environment:
- House (Health: 100/100) [Location: 9.44, -53.9, Direction: W,  Distance: 1.4m]
- Thomas Smith (Health: 25/25) [Location: 12.37, -57.75, Direction: W,  Distance: 3.4m]
- House (Health: 100/100) [Location: 14.06, -56.01, Direction: W,  Distance: 3.8m]
- James McAllister (Health: 25/25) [Location: 13.55, -57.75, Direction: W,  Distance: 4.2m]
- Tree (Health: 10/10) [Location: 12.6, -49.3, Direction: W,  Distance: 6.0m]
- Cedric Warborn (Health: 25/25) [Location: 4.8, -58.14, Direction: W,  Distance: 6.5m]
- House (Health: 100/100) [Location: 3.663626, -54.92766, Direction: W,  Distance: 6.8m]
- Lucy Wilde (Health: 25/25) [Location: 12.12, -62.11, Direction: W,  Distance: 7.4m]
- Tree (Health: 10/10) [Location: 8.63, -47.53, Direction: W,  Distance: 7.6m]
- Tree (Health: 10/10) [Location: 18.55, -53.24, Direction: W,  Distance: 8.3m]
- Tree (Health: 10/10) [Location: 11.9, -46.7, Direction: W,  Distance: 8.3m]
- Tree Stump (Health: 5/5) [Location: 13.63, -46.92001, Direction: W,  Distance: 8.6m]
- Tree (Health: 10/10) [Location: 16.59, -48.77, Direction: W,  Distance: 8.7m]

Inventory (4/10):
- Axe x 1
- Pickaxe x 1
- Sword x 1
- Berries x 1

Tasks:
[
  {
    "task": "Carry out your daily dutiies",
    "priority": 1
  },
  {
    "task": "Catch up with other villagers",
    "priority": 2
  },
  {
    "task": "Maintain a healthy lifestyle",
    "priority": 3
  }
]

Memories:
- Basecamp Alpha is my main hub, located at 43, 12. [0 minutes ago]
- I often rely on my wits rather than a weapon. [0 minutes ago]
- Maps are useful, but instincts are invaluable. [0 minutes ago]
- I've journeyed through the Dark Forest, its coordinates are 24, 68. [0 minutes ago]
- I've escaped several near-death situations. [0 minutes ago]
- I've traded stories with adventurers and locals alike. [0 minutes ago]
- I've scaled the highest peak in the Blackspire Range. [0 minutes ago]
- The treacherous Snake Gorge is located at 53, -22. [0 minutes ago]
- My compass is more than a tool; it's a lifeline. [0 minutes ago]
- The market at Skyline city is a great place to resupply; located at 78, 54. [0 minutes ago]
- John Swift sees House at X: 9.44, Y: -53.9. [in the future]
- John Swift sees House at X: 14.06, Y: -56.01. [in the future]

Available Actions:
- move_to: Move to a target location
- drop_axe: Drop Axe onto the ground.
- drop_pickaxe: Drop Pickaxe onto the ground.
- drop_sword: Drop Sword onto the ground.
- eat: Eat some food.
- drop_berries: Drop Berries onto the ground.

Given the available information, update your task list. Take into consideration the time of day, environment, personality of the character, and more. Replace the entire JSON array by removing completed tasks, updating existing tasks with new information and priorities, and create new tasks based on the provided info. Keep the list as concise as possible. Remember focus on the time of day to adjust priorities.
[1694759634234] [31m[createMemory][39m John Swift sees Harold Smith at X: 15.23944, Y: -56.63935. [27.3802471]
