[1695446455381] [31m[createMemory][39m I should be asleep until 7am. [0]
[1695446455381] [31m[createMemory][39m It's my job to protect the village. [0]
[1695446455381] [31m[createMemory][39m I need to make sure everyone is safe. [0]
[1695446455381] [31m[createMemory][39m I do the work that no one else wants to do. [0]
[1695446455381] [31m[createMemory][39m I try to be as honest as possible. [0]
[1695446455381] [31m[createMemory][39m I'm not afraid of anything. [0]
[1695446455382] [31m[createMemory][39m I go to bed at 10pm. [0]
[1695446455382] [31m[createMemory][39m I like strawberries. [0]
[1695446455382] [31m[createMemory][39m The village location is 2, -58. [0]
[1695446455382] [31m[createMemory][39m The mine site is at 51, 17. [0]
[1695446455382] [31m[createMemory][39m The lumberyard is at 72, -55.1 [0]
[1695446455382] [31m[createMemory][39m The campsite is at 7, -8.3 [0]
[1695446455382] [31m[createMemory][39m The Nume River flows through the village. [0]
[1695446455382] [31m[createMemory][39m Nume Falls are north of the village, and west of the campsite. [0]
[1695446455382] [31m[createMemory][39m The area is surrounded by forested monutains, filled with wildlife, rivers, and lakes. [0]
[1695446467573] [Character] Thomas created (clmvl1lav0001vds8tl8nmcuh)
[1695446493623] [31m[createMemory][39m Thomas Smith dropped Axe at X: 52.6338, Y: -74.34677 [9.942054]
[1695446497102] [31m[createMemory][39m Thomas Smith dropped Wood at X: 52.6338, Y: -74.34677 [13.43025]
[1695446501082] [31m[createMemory][39m Thomas Smith dropped Pickaxe at X: 52.6338, Y: -70.60138 [17.4232941]
[1695446502405] [31m[createMemory][39m Thomas Smith dropped Sword at X: 52.6338, Y: -70.60138 [18.765707]
[1695446503315] [31m[createMemory][39m Thomas Smith dropped Berries at X: 52.6338, Y: -70.60138 [19.6299362]
[1695446504089] [31m[createMemory][39m Thomas Smith picked up Pickaxe at X: 52.35381, Y: -70.60138 [20.42386]
[1695446505434] [31m[createMemory][39m Thomas Smith picked up Sword at X: 51.51381, Y: -70.60138 [21.766201]
[1695446506290] [31m[createMemory][39m Thomas Smith picked up Berries at X: 51.51381, Y: -70.60138 [22.63081]
