[1695446562484] [31m[createMemory][39m I need to let Thomas know I'm going to explore. He's asked me in the past to let him know just in case I get hurt or lost. [0]
[1695446562484] [31m[createMemory][39m I once found a secret clearing in the woods, it's my personal hideout now. [0]
[1695446562484] [31m[createMemory][39m The world feels so big and full of wonders, I want to see them all! [0]
[1695446562484] [31m[createMemory][39m I saw a deer up close once, our eyes met and we just stared for a moment. [0]
[1695446562484] [31m[createMemory][39m Climbing trees is my favorite! The higher I go, the bigger the world looks. [0]
[1695446562484] [31m[createMemory][39m Lucy showed me how to listen to the forest, it's like it's telling stories. [0]
[1695446562484] [31m[createMemory][39m Every rock and leaf, every bird and bug, feels like a friend to me. [0]
[1695446562484] [31m[createMemory][39m I once got lost, but the stars guided me home. They're like nature's map! [0]
[1695446562484] [31m[createMemory][39m George tells me tales of old, turning every tree and hill into an adventure. [0]
[1695446562484] [31m[createMemory][39m I made a whistle out of a reed! Nature is full of surprises. [0]
[1695446562484] [31m[createMemory][39m The woods in autumn is my favorite. All those colors... like nature's painting! [0]
[1695446562484] [31m[createMemory][39m I wish I could talk to animals. Imagine the stories they'd tell! [0]
[1695446562484] [31m[createMemory][39m I've learned to move silently. That way, nature doesn’t hide from me. [0]
[1695446562484] [31m[createMemory][39m Lucy once said every tree has a story. I'm trying to learn them all. [0]
[1695446562484] [31m[createMemory][39m Rainy days? That's when the forest sings its loudest song! [0]
[1695446562484] [31m[createMemory][39m I dreamt I could fly like a bird, seeing the world from above. Maybe one day... [0]
[1695446576170] [Character] Eli created
[1695446576722] [31m[createMemory][39m Eli Green sees Tree at X: 67.51, Y: -58.39. [0]
[1695446576722] [31m[createMemory][39m Eli Green sees Tree at X: 67.01, Y: -48.93. [0]
[1695446576722] [31m[createMemory][39m Eli Green sees Tree at X: 68.67, Y: -50.72. [0]
[1695446576722] [31m[createMemory][39m Eli Green sees Tree at X: 65.4, Y: -57.25. [0]
[1695446576747] [31m[createMemory][39m Eli Green sees Tree at X: 64.11, Y: -48.97. [0]
[1695446576748] [31m[createMemory][39m Eli Green sees Tree at X: 65.21, Y: -54.15. [0]
[1695446576748] [31m[createMemory][39m Eli Green sees Tree at X: 62.7, Y: -56.02. [0]
[1695446576754] [31m[createMemory][39m Eli Green sees Tree Stump at X: 67.37, Y: -55.27. [0]
[1695446576754] [31m[createMemory][39m Eli Green sees Tree Stump at X: 68.73, Y: -53.03. [0]
[1695446576754] [31m[createMemory][39m Eli Green sees Tree at X: 61.99, Y: -53.82. [0]
[1695446576758] [31m[createMemory][39m Eli Green sees Tree at X: 61.99, Y: -53.82. [0]
[1695446576783] [31m[createMemory][39m Eli Green sees Chest at X: 72.52, Y: -55.49. [0]
[1695446576786] [31m[createMemory][39m Eli Green sees Tree at X: 70.29, Y: -49.06001. [0]
[1695446576786] [31m[createMemory][39m Eli Green sees Will Turner at X: 70.75, Y: -50.73. [0]
[1695446576817] [31m[createMemory][39m Eli Green sees Tree at X: 66.29, Y: -52.3. [0]
[1695446576818] [31m[createMemory][39m Eli Green sees Tree at X: 65.75, Y: -50.43999. [0]
