[1694674907738] [Character] Creating Will
[1694674908672] [31m[createMemory][39m Today was my first day in the mines. [0]
[1694674908672] [31m[createMemory][39m George and Thomas have been really helpful. [0]
[1694674908672] [31m[createMemory][39m The depth and darkness of the mines can be intimidating. [0]
[1694674908673] [31m[createMemory][39m I accidentally broke a pickaxe on my first day. [0]
[1694674908673] [31m[createMemory][39m The older miners have so many stories to tell. [0]
[1694674908673] [31m[createMemory][39m I've always dreamed of being a miner like my father. [0]
[1694674908673] [31m[createMemory][39m The echo in the mines is fascinating. [0]
[1694674908673] [31m[createMemory][39m I need to remember to wear my helmet at all times. [0]
[1694674908673] [31m[createMemory][39m The village has been supportive of my new journey. [0]
[1694674908673] [31m[createMemory][39m I'm still learning the different routes in the mine. [0]
[1694674908673] [31m[createMemory][39m I was startled by the sound of a mine cart today. [0]
[1694674908674] [31m[createMemory][39m It's tiring, but I'm determined to make everyone proud. [0]
[1694674908674] [31m[createMemory][39m I hope to find a rare gem or mineral soon. [0]
[1694674908674] [31m[createMemory][39m The lanterns light up the mines in such a mysterious way. [0]
[1694674908677] [31m[createMemory][39m I can't wait to tell my family about my adventures here. [0]
[1694674908677] [31m[createMemory][39m Nume Village is located west of the crossroads at 2, -58. [0]
[1694674908677] [31m[createMemory][39m I grew up in Nume Village, it's my home. (2, -58) [0]
[1694674908677] [31m[createMemory][39m The mine site is north east of Nume Village, through the forest at 51, 17. [0]
[1694674908677] [31m[createMemory][39m The lumberyard is straight east of Nume Village at 72, -55.1 [0]
[1694674908677] [31m[createMemory][39m The campsite is North, but slightly west at 7, -8.3. You'll take a left at the fork in the road. [0]
[1694674921392] [Character] Will created
[1694674921588] [31m[createMemory][39m Will Turner sees Tree at X: 31.45, Y: -34.49. [0.0199999921]
[1694674921588] [31m[createMemory][39m Will Turner sees Tree Stump at X: 30.7, Y: -35.81. [0.0199999921]
[1694674921588] [31m[createMemory][39m Will Turner sees Tree at X: 23.02, Y: -32.65. [0.0199999921]
[1694674921588] [31m[createMemory][39m Will Turner sees Tree at X: 24.38, Y: -34.45. [0.0199999921]
[1694674921588] [31m[createMemory][39m Will Turner sees Tree at X: 24.93, Y: -36.81. [0.0199999921]
[1694674921588] [31m[createMemory][39m Will Turner sees Tree at X: 25.48, Y: -39.34. [0.0199999921]
[1694674921588] [31m[createMemory][39m Will Turner sees Tree at X: 22.67, Y: -36.54. [0.0199999921]
[1694674921602] [31m[createMemory][39m Will Turner sees Tree at X: 28.28, Y: -29.76. [0.0199999921]
[1694674925724] --- Prompt ---
[1694674925726] Character: 
- ID: A3
- Name: Will Turner
- Age: 19
- Occupation: Apprentice Miner
- Personality: Curious, Eager, Naive

Location: 26.9, -34.4

Time: Day 0, 12:00 AM

Energy: Fully Rested

Hunger: Starving

Environment:
- Tree (Health: 10/10) [Location: 24.38, -34.45, Direction: NW,  Distance: 2.5m]
- Tree (Health: 10/10) [Location: 24.93, -36.81, Direction: NW,  Distance: 3.1m]
- Tree Stump (Health: 5/5) [Location: 30.7, -35.81, Direction: NW,  Distance: 4.1m]
- Tree (Health: 10/10) [Location: 23.02, -32.65, Direction: NW,  Distance: 4.3m]
- Tree (Health: 10/10) [Location: 31.45, -34.49, Direction: NW,  Distance: 4.6m]
- Tree (Health: 10/10) [Location: 22.67, -36.54, Direction: NW,  Distance: 4.7m]
- Tree (Health: 10/10) [Location: 28.28, -29.76, Direction: NW,  Distance: 4.8m]
- Tree (Health: 10/10) [Location: 25.48, -39.34, Direction: NW,  Distance: 5.1m]
- Tree (Health: 10/10) [Location: 21.1, -34.81, Direction: NW,  Distance: 5.8m]
- Tree (Health: 10/10) [Location: 32.43, -36.81211, Direction: NW,  Distance: 6.0m]
- Tree (Health: 10/10) [Location: 33.12, -33.14, Direction: NW,  Distance: 6.3m]
- Tree (Health: 10/10) [Location: 30.73, -29.31, Direction: NW,  Distance: 6.4m]
- Tree (Health: 10/10) [Location: 27.86, -27.79, Direction: NW,  Distance: 6.7m]
- Tree (Health: 10/10) [Location: 21.36, -39.43, Direction: NW,  Distance: 7.5m]
- Tree (Health: 10/10) [Location: 34.39, -34.21, Direction: NW,  Distance: 7.5m]
- Tree Stump (Health: 5/5) [Location: 20.39, -38.18, Direction: NW,  Distance: 7.5m]
- Tree (Health: 10/10) [Location: 25.76, -42.09, Direction: NW,  Distance: 7.8m]
- Tree (Health: 10/10) [Location: 29.28, -26.96, Direction: NW,  Distance: 7.8m]
- Stone Ore Deposit (Small) (Health: 5/5) [Location: 32.23, -40.35, Direction: NW,  Distance: 8.0m]
- Tree (Health: 10/10) [Location: 34.62, -38.2, Direction: NW,  Distance: 8.6m]
- Tree (Health: 10/10) [Location: 32.07, -27.45, Direction: NW,  Distance: 8.7m]

Inventory (4/10):
- Axe x 1
- Pickaxe x 1
- Sword x 1
- Berries x 1

Tasks:
[
  {
    "task": "Carry out your daily dutiies",
    "priority": 1
  },
  {
    "task": "Catch up with other villagers",
    "priority": 2
  },
  {
    "task": "Maintain a healthy lifestyle",
    "priority": 3
  }
]

Memories:
- Nume Village is located west of the crossroads at 2, -58. [0 minutes ago]
- I hope to find a rare gem or mineral soon. [0 minutes ago]
- The mine site is north east of Nume Village, through the forest at 51, 17. [0 minutes ago]
- I can't wait to tell my family about my adventures here. [0 minutes ago]
- The lumberyard is straight east of Nume Village at 72, -55.1 [0 minutes ago]
- The older miners have so many stories to tell. [0 minutes ago]
- I grew up in Nume Village, it's my home. (2, -58) [0 minutes ago]
- The echo in the mines is fascinating. [0 minutes ago]
- The depth and darkness of the mines can be intimidating. [0 minutes ago]
- The campsite is North, but slightly west at 7, -8.3. You'll take a left at the fork in the road. [0 minutes ago]
- I was startled by the sound of a mine cart today. [0 minutes ago]
- It's tiring, but I'm determined to make everyone proud. [0 minutes ago]
- Will Turner sees Tree Stump at X: 30.7, Y: -35.81. [in the future]
- Will Turner sees Tree at X: 23.02, Y: -32.65. [in the future]
- Will Turner sees Tree at X: 22.67, Y: -36.54. [in the future]

Available Actions:
- move_to: Move to a target location
- drop_axe: Drop Axe onto the ground.
- drop_pickaxe: Drop Pickaxe onto the ground.
- drop_sword: Drop Sword onto the ground.
- eat: Eat some food.
- drop_berries: Drop Berries onto the ground.

Given the available information, update your task list. Take into consideration the time of day, environment, personality of the character, and more. Replace the entire JSON array by removing completed tasks, updating existing tasks with new information and priorities, and create new tasks based on the provided info. Keep the list as concise as possible. Remember focus on the time of day to adjust priorities.
