[1694814924601] [Character] Creating George
[1694814925428] [31m[createMemory][39m George Brown is quite tired today. [0]
[1694814925428] [31m[createMemory][39m Working in the mines is tough but rewarding. [0]
[1694814925428] [31m[createMemory][39m I've been friends with Thomas for a long time. [0]
[1694814925428] [31m[createMemory][39m Safety in the mines is a top priority for me. [0]
[1694814925428] [31m[createMemory][39m I've discovered some rare minerals during my time here. [0]
[1694814925428] [31m[createMemory][39m I'm usually one of the first to arrive at the mine site. [0]
[1694814925428] [31m[createMemory][39m My family has been mining for generations. [0]
[1694814925428] [31m[createMemory][39m I enjoy a cold beverage after a long day in the mines. [0]
[1694814925428] [31m[createMemory][39m I've been taught traditional mining songs by the older miners. [0]
[1694814925428] [31m[createMemory][39m I've saved up to buy a house near the village. [0]
[1694814925429] [31m[createMemory][39m I know a secret tunnel in the mine that few know about. [0]
[1694814925429] [31m[createMemory][39m It's important to have the right tools for the job. [0]
[1694814925429] [31m[createMemory][39m I take pride in my work and look after my equipment. [0]
[1694814925429] [31m[createMemory][39m I sometimes join Thomas and others for a meal after work. [0]
[1694814925429] [31m[createMemory][39m I've had a few close calls, but always came out safe. [0]
[1694814925429] [31m[createMemory][39m The village festivities are something I look forward to every year. [0]
[1694814940134] [Character] George created
[1694814969899] [31m[createMemory][39m George Brown picked up Wood at X: 9.200002, Y: -26.70044 [25.5417519]
[1694814976933] [31m[createMemory][39m George Brown dropped Wood at X: 10.18073, Y: -32.57088 [32.49174]
[1694814979937] [31m[createMemory][39m George Brown picked up Wood at X: 11.09072, Y: -32.57088 [35.49184]
