[1694644149901] [Character] Creating Harold
[1694644150596] [31m[createMemory][39m Life on the sea teaches you the meaning of hard work and danger. [0]
[1694644150596] [31m[createMemory][39m I built my own fishing boat, took me two summers. [0]
[1694644150596] [31m[createMemory][39m Never underestimate the ocean. She’s as loving as she is fierce. [0]
[1694644150596] [31m[createMemory][39m The day I retired was bitter-sweet. I miss the sea, but I've earned my rest. [0]
[1694644150596] [31m[createMemory][39m Every wrinkle tells a story, and boy, do I have many. [0]
[1694644150596] [31m[createMemory][39m I once caught a fish so big, it could've fed the village for a week. [0]
[1694644150596] [31m[createMemory][39m Storms are nature's way of testing your mettle. I’ve faced my share. [0]
[1694644150596] [31m[createMemory][39m I've navigated by the stars, they're more reliable than any modern gadget. [0]
[1694644150596] [31m[createMemory][39m My grandson Eli reminds me of myself at his age, full of wonder. [0]
[1694644150596] [31m[createMemory][39m My old compass has never failed me. A gift from my late wife. [0]
[1694644150596] [31m[createMemory][39m You measure a man not by his words, but by his deeds. [0]
[1694644150596] [31m[createMemory][39m I’ve seen sunsets on the water that make you believe in a higher power. [0]
[1694644150596] [31m[createMemory][39m My hands may be weathered, but they’re strong and have stories to tell. [0]
[1694644150597] [31m[createMemory][39m Life has tides, high and low. The trick is to sail regardless. [0]
[1694644150597] [31m[createMemory][39m A good fisherman knows when to speak and when to listen. Mostly listen. [0]
[1694644159672] [Character] Harold created
[1694645128820] [31m[createMemory][39m Harold Smith sees House at X: 3.663626, Y: -54.92766. [0]
[1694645128880] [31m[createMemory][39m Harold Smith sees James McAllister at X: 7.15, Y: -58.08. [0]
[1694645133347] --- Prompt ---
[1694645133347] Character: 
- ID: A7
- Name: Harold Smith
- Age: 75
- Occupation: Retired Fisherman
- Personality: Wise, Stoic, Resourceful

Location: 5.9, -57.84

Time: Day 0, 12:00 AM

Energy: Fully Rested

Hunger: Hungry

Environment:
- James McAllister (Health: 25/25) [Location: 7.15, -58.08, Direction: W,  Distance: 1.3m]
- House (Health: 100/100) [Location: 3.663626, -54.92766, Direction: W,  Distance: 3.7m]
- House (Health: 100/100) [Location: 9.44, -53.9, Direction: W,  Distance: 5.3m]
- Thomas Smith (Health: 25/25) [Location: 11.27, -55.21, Direction: W,  Distance: 6.0m]

Inventory (4/10):
- Axe x 1
- Pickaxe x 1
- Sword x 1
- Berries x 1

Tasks:
[
  {
    "task": "Carry out your daily dutiies",
    "priority": 1
  },
  {
    "task": "Catch up with other villagers",
    "priority": 2
  },
  {
    "task": "Maintain a healthy lifestyle",
    "priority": 3
  }
]

Memories:
- I built my own fishing boat, took me two summers. [just now]
- Life on the sea teaches you the meaning of hard work and danger. [just now]
- Every wrinkle tells a story, and boy, do I have many. [just now]
- The day I retired was bitter-sweet. I miss the sea, but I've earned my rest. [just now]
- Storms are nature's way of testing your mettle. I’ve faced my share. [just now]
- My hands may be weathered, but they’re strong and have stories to tell. [just now]
- A good fisherman knows when to speak and when to listen. Mostly listen. [just now]
- I’ve seen sunsets on the water that make you believe in a higher power. [just now]
- My grandson Eli reminds me of myself at his age, full of wonder. [just now]
- Never underestimate the ocean. She’s as loving as she is fierce. [just now]
- Life has tides, high and low. The trick is to sail regardless. [just now]
- My old compass has never failed me. A gift from my late wife. [just now]
- I once caught a fish so big, it could've fed the village for a week. [just now]

Available Actions:
- move_to: Move to a target location
- drop_axe: Drop Axe onto the ground.
- drop_pickaxe: Drop Pickaxe onto the ground.
- drop_sword: Drop Sword onto the ground.
- eat: Eat some food.
- drop_berries: Drop Berries onto the ground.
- start_conversation: Start a conversation with James McAllister (ID: A6).

Given the available information, update your task list. Take into consideration the time of day, environment, personality of the character, and more. Replace the entire JSON array by removing completed tasks, updating existing tasks with new information and priorities, and create new tasks based on the provided info. Keep the list as concise as possible. Remember focus on the time of day to adjust priorities.
[1694645147667] --- Response ---
[1694645147667] Updated Tasks: 
[1694645147667] [
  {
    "task": "Catch up with other villagers",
    "priority": 1
  },
  {
    "task": "Eat some food",
    "priority": 2
  },
  {
    "task": "Maintain a healthy lifestyle",
    "priority": 3
  },
  {
    "task": "Find Eli and spend time with him, sharing stories and wisdom",
    "priority": 4
  },
  {
    "task": "Roam the area, reminiscing about old times",
    "priority": 5
  },
  {
    "task": "At sunset, watch the view and appreciate the beauty of the sea",
    "priority": 6
  },
  {
    "task": "Sleep at a reasonable hour for good health maintenance",
    "priority": 7
  }
]
[1694645150179] --- Prompt ---
[1694645150182] Character: 
- ID: A7
- Name: Harold Smith
- Age: 75
- Occupation: Retired Fisherman
- Personality: Wise, Stoic, Resourceful

Location: 5.9, -57.84

Time: Day 0, 12:00 AM

Energy: Fully Rested

Hunger: Hungry

Environment:
- James McAllister (Health: 25/25) [Direction: W, Distance: 1.3m]
- House (Health: 100/100) [Direction: W, Distance: 3.7m]
- House (Health: 100/100) [Direction: W, Distance: 5.3m]
- Thomas Smith (Health: 25/25) [Direction: W, Distance: 6.0m]

Inventory (4/10):
- Axe x 1
- Pickaxe x 1
- Sword x 1
- Berries x 1

Tasks:
[
  {
    "task": "Carry out your daily dutiies",
    "priority": 1
  },
  {
    "task": "Catch up with other villagers",
    "priority": 2
  },
  {
    "task": "Maintain a healthy lifestyle",
    "priority": 3
  }
]

Memories:
- Harold Smith sees House at X: 3.663626, Y: -54.92766. [just now]
- My old compass has never failed me. A gift from my late wife. [just now]
- Life has tides, high and low. The trick is to sail regardless. [just now]
- Never underestimate the ocean. She’s as loving as she is fierce. [just now]
- My grandson Eli reminds me of myself at his age, full of wonder. [just now]
- A good fisherman knows when to speak and when to listen. Mostly listen. [just now]
- My hands may be weathered, but they’re strong and have stories to tell. [just now]
- Storms are nature's way of testing your mettle. I’ve faced my share. [just now]
- The day I retired was bitter-sweet. I miss the sea, but I've earned my rest. [just now]
- Every wrinkle tells a story, and boy, do I have many. [just now]

Given the available information, pick the best available action function to accomplish your tasks.


[1694645150182] --- Action Functions ---
[1694645150184] [
  {
    "name": "move_to",
    "description": "Move to a target location",
    "parameters": {
      "type": "object",
      "properties": {
        "characterId": {
          "type": "string",
          "description": "The character ID of the character that is adding the item to the chest."
        },
        "x": {
          "type": "number",
          "description": "The X coordinate of the target location."
        },
        "y": {
          "type": "number",
          "description": "The Y coordinate of the target location."
        }
      }
    }
  },
  {
    "name": "drop_axe",
    "description": "Drop Axe onto the ground.",
    "parameters": {
      "type": "object",
      "properties": {
        "characterId": {
          "type": "string",
          "description": "The character ID of the character that is adding the item to the chest."
        },
        "itemId": {
          "type": "string",
          "description": "The item ID of the item that is being added to the chest. Must be lowercase.",
          "values": [
            "wood",
            "stone",
            "iron",
            "diamond",
            "copper",
            "coal",
            "axe",
            "pickaxe",
            "sword",
            "berries"
          ]
        }
      }
    }
  },
  {
    "name": "drop_pickaxe",
    "description": "Drop Pickaxe onto the ground.",
    "parameters": {
      "type": "object",
      "properties": {
        "characterId": {
          "type": "string",
          "description": "The character ID of the character that is adding the item to the chest."
        },
        "itemId": {
          "type": "string",
          "description": "The item ID of the item that is being added to the chest. Must be lowercase.",
          "values": [
            "wood",
            "stone",
            "iron",
            "diamond",
            "copper",
            "coal",
            "axe",
            "pickaxe",
            "sword",
            "berries"
          ]
        }
      }
    }
  },
  {
    "name": "drop_sword",
    "description": "Drop Sword onto the ground.",
    "parameters": {
      "type": "object",
      "properties": {
        "characterId": {
          "type": "string",
          "description": "The character ID of the character that is adding the item to the chest."
        },
        "itemId": {
          "type": "string",
          "description": "The item ID of the item that is being added to the chest. Must be lowercase.",
          "values": [
            "wood",
            "stone",
            "iron",
            "diamond",
            "copper",
            "coal",
            "axe",
            "pickaxe",
            "sword",
            "berries"
          ]
        }
      }
    }
  },
  {
    "name": "eat",
    "description": "Eat some food.",
    "parameters": {
      "type": "object",
      "properties": {
        "characterId": {
          "type": "string",
          "description": "The character ID of the character that is adding the item to the chest."
        },
        "foodId": {
          "type": "string",
          "description": "The food ID of the food to be eaten.",
          "values": [
            "berries"
          ]
        }
      }
    }
  },
  {
    "name": "drop_berries",
    "description": "Drop Berries onto the ground.",
    "parameters": {
      "type": "object",
      "properties": {
        "characterId": {
          "type": "string",
          "description": "The character ID of the character that is adding the item to the chest."
        },
        "itemId": {
          "type": "string",
          "description": "The item ID of the item that is being added to the chest. Must be lowercase.",
          "values": [
            "wood",
            "stone",
            "iron",
            "diamond",
            "copper",
            "coal",
            "axe",
            "pickaxe",
            "sword",
            "berries"
          ]
        }
      }
    }
  },
  {
    "name": "start_conversation",
    "description": "Start a conversation with James McAllister (ID: A6).",
    "parameters": {
      "type": "object",
      "properties": {
        "characterId": {
          "type": "string",
          "description": "The character ID of the character that is initiating the conversation."
        },
        "targetCharacterId": {
          "type": "string",
          "description": "The character ID of the target character."
        },
        "conversationGoal": {
          "type": "string",
          "description": "Describe a hypothesis for precisely what you hope to get out of this conversation with Human (5) in detail."
        }
      }
    }
  }
]
[1694645154480] [31mAgent A7 is already occupied. Skipping...[39m
[1694645154670] [31m[createMemory][39m James McAllister started a conversation with me. [26.0593624]
[1694645168777] [35m[CORTEX] Harold Smith - Prior Message: [39mHarold, you remember that coin you gave me? It’s been bringing about a river of good luck.
[1694645168777] [35m[CORTEX] Harold Smith - Patience: [39m100
[1694645168777] [35m[CORTEX] Harold Smith - Conversation Goal: [39mfiguring out why James McAllister started a conversation with them.
[1694645168777] [35m[CORTEX] Harold Smith - Conversation Finished: [39mfalse
[1694645170734] [35m[CORTEX] Harold Smith - Feel: [39mI feel glad to hear that the coin has brought you good fortune.
[1694645176120] [35m[CORTEX] Harold Smith - Plan: [39m Harold plans to share more knowledge and wisdom with James, further enriching their conversations. He might also show James his old compass, a tool that has guided him in his journeys and life decisions.
[1694645178686] [35m[CORTEX] Harold Smith - Say: [39mGood to hear, lad. Remember, fortune favors the prepared mind. It's not all down to that coin.

[1694645222161] [31m[createMemory][39m Harold gave a coin to James [26.0593624]
[1694645222161] [31m[createMemory][39m James mentioned the coin brings good luck [26.0593624]
[1694645222161] [31m[createMemory][39m  [26.0593624]
[1694645222161] [31m[createMemory][39m  [26.0593624]
