[1694757408120] [Character] Creating Will
[1694757408805] [31m[createMemory][39m Today was my first day in the mines. [0]
[1694757408805] [31m[createMemory][39m George and Thomas have been really helpful. [0]
[1694757408805] [31m[createMemory][39m The depth and darkness of the mines can be intimidating. [0]
[1694757408805] [31m[createMemory][39m I accidentally broke a pickaxe on my first day. [0]
[1694757408805] [31m[createMemory][39m The older miners have so many stories to tell. [0]
[1694757408805] [31m[createMemory][39m I've always dreamed of being a miner like my father. [0]
[1694757408805] [31m[createMemory][39m The echo in the mines is fascinating. [0]
[1694757408805] [31m[createMemory][39m I need to remember to wear my helmet at all times. [0]
[1694757408805] [31m[createMemory][39m The village has been supportive of my new journey. [0]
[1694757408805] [31m[createMemory][39m I'm still learning the different routes in the mine. [0]
[1694757408805] [31m[createMemory][39m I was startled by the sound of a mine cart today. [0]
[1694757408805] [31m[createMemory][39m It's tiring, but I'm determined to make everyone proud. [0]
[1694757408806] [31m[createMemory][39m I hope to find a rare gem or mineral soon. [0]
[1694757408806] [31m[createMemory][39m The lanterns light up the mines in such a mysterious way. [0]
[1694757408806] [31m[createMemory][39m I can't wait to tell my family about my adventures here. [0]
[1694757408806] [31m[createMemory][39m Nume Village is located west of the crossroads at 2, -58. [0]
[1694757408806] [31m[createMemory][39m I grew up in Nume Village, it's my home and located at (2, -58) [0]
[1694757408806] [31m[createMemory][39m The mine site is north east of Nume Village, through the forest at 51, 17. [0]
[1694757408806] [31m[createMemory][39m The lumberyard is straight east of Nume Village and located at 72, -55.1 [0]
[1694757408806] [31m[createMemory][39m The campsite is North, but slightly west at 7, -8.3. You'll take a left at the fork in the road. [0]
[1694757421357] [Character] Will created
[1694757473369] [31m[createMemory][39m Will Turner sees Tree at X: 16.59, Y: -48.77. [0.0199999921]
[1694757473369] [31m[createMemory][39m Will Turner sees Tree at X: 20.55, Y: -48.68. [0.0199999921]
[1694757473369] [31m[createMemory][39m Will Turner sees Tree Stump at X: 21.23, Y: -50.62. [0.0199999921]
[1694757473370] [31m[createMemory][39m Will Turner sees Tree at X: 21.22, Y: -46.31001. [0.0199999921]
[1694757473370] [31m[createMemory][39m Will Turner sees Tree at X: 18.81, Y: -50.7. [0.0199999921]
[1694757473370] [31m[createMemory][39m Will Turner sees Tree at X: 22.96, Y: -45.28001. [0.0199999921]
[1694757473370] [31m[createMemory][39m Will Turner sees Tree at X: 18.72, Y: -46.62. [0.0199999921]
[1694757473370] [31m[createMemory][39m Will Turner sees House at X: 14.06, Y: -56.01. [0.0199999921]
[1694757473370] [31m[createMemory][39m Will Turner sees Tree at X: 18.55, Y: -53.24. [0.0199999921]
