[1694757408121] [Character] Creating Eli
[1694757408771] [31m[createMemory][39m I need to let Thomas know I'm going to explore. He's asked me in the past to let him know just in case I get hurt or lost. [0]
[1694757408771] [31m[createMemory][39m I once found a secret clearing in the woods, it's my personal hideout now. [0]
[1694757408771] [31m[createMemory][39m The world feels so big and full of wonders, I want to see them all! [0]
[1694757408771] [31m[createMemory][39m I saw a deer up close once, our eyes met and we just stared for a moment. [0]
[1694757408771] [31m[createMemory][39m Climbing trees is my favorite! The higher I go, the bigger the world looks. [0]
[1694757408771] [31m[createMemory][39m Lucy showed me how to listen to the forest, it's like it's telling stories. [0]
[1694757408771] [31m[createMemory][39m Every rock and leaf, every bird and bug, feels like a friend to me. [0]
[1694757408771] [31m[createMemory][39m I once got lost, but the stars guided me home. They're like nature's map! [0]
[1694757408771] [31m[createMemory][39m George tells me tales of old, turning every tree and hill into an adventure. [0]
[1694757408771] [31m[createMemory][39m I made a whistle out of a reed! Nature is full of surprises. [0]
[1694757408771] [31m[createMemory][39m The woods in autumn is my favorite. All those colors... like nature's painting! [0]
[1694757408771] [31m[createMemory][39m I wish I could talk to animals. Imagine the stories they'd tell! [0]
[1694757408771] [31m[createMemory][39m I've learned to move silently. That way, nature doesn’t hide from me. [0]
[1694757408771] [31m[createMemory][39m Lucy once said every tree has a story. I'm trying to learn them all. [0]
[1694757408771] [31m[createMemory][39m Rainy days? That's when the forest sings its loudest song! [0]
[1694757408771] [31m[createMemory][39m I dreamt I could fly like a bird, seeing the world from above. Maybe one day... [0]
[1694757421362] [Character] Eli created
[1694757473409] [31m[createMemory][39m Eli Green sees Tree at X: 34.39, Y: -34.21. [0.0199999921]
[1694757473409] [31m[createMemory][39m Eli Green sees Tree at X: 34.62, Y: -38.2. [0.0199999921]
[1694757473409] [31m[createMemory][39m Eli Green sees Stone Ore Deposit (Small) at X: 32.23, Y: -40.35. [0.0199999921]
[1694757473409] [31m[createMemory][39m Eli Green sees Tree at X: 35.27, Y: -40.99. [0.0199999921]
[1694757473409] [31m[createMemory][39m Eli Green sees Tree at X: 36.09, Y: -35.85. [0.0199999921]
[1694757473409] [31m[createMemory][39m Eli Green sees Tree at X: 32.43, Y: -36.81211. [0.0199999921]
[1694757473409] [31m[createMemory][39m Eli Green sees Tree Stump at X: 30.7, Y: -35.81. [0.0199999921]
[1694757473409] [31m[createMemory][39m Eli Green sees Tree at X: 31.45, Y: -34.49. [0.0199999921]
