[1694757408122] [Character] Creating Eleanor
[1694757408751] [31m[createMemory][39m I never miss a target; my training ensures it. [0]
[1694757408752] [31m[createMemory][39m My bow, Windstrike, has been my companion since my teenage years. [0]
[1694757408752] [31m[createMemory][39m I've helped my village fend off countless bandit attacks. [0]
[1694757408752] [31m[createMemory][39m I can navigate the Everwood Forest without a map. [0]
[1694757408752] [31m[createMemory][39m Herbal remedies are as important to me as my arrows. [0]
[1694757408752] [31m[createMemory][39m I have a keen eye for strategy; it's saved us more than once. [0]
[1694757408752] [31m[createMemory][39m I've trained young archers in my village. [0]
[1694757408752] [31m[createMemory][39m The thrill of the hunt is a familiar friend. [0]
[1694757408752] [31m[createMemory][39m Loyalty to my allies is my unwavering principle. [0]
[1694757408752] [31m[createMemory][39m Understanding the terrain can turn the tide of any battle. [0]
[1694757408752] [31m[createMemory][39m I've crafted my own arrows from rare materials. [0]
[1694757408752] [31m[createMemory][39m I have a deep connection to the natural world around me. [0]
[1694757408752] [31m[createMemory][39m My family are renowned hunters; it runs in our blood. [0]
[1694757408752] [31m[createMemory][39m Enemy or prey, neither hear me approach. [0]
[1694757408752] [31m[createMemory][39m I keep a journal detailing different battle strategies. [0]
[1694757408752] [31m[createMemory][39m Our village is located by the Great Lake, coordinates 30, -20. [0]
[1694757408752] [31m[createMemory][39m The Everwood Forest is a sprawling wilderness at 60, 40. [0]
[1694757408752] [31m[createMemory][39m A hidden waterfall lies at the coordinates 35, -10; it's my sanctuary. [0]
[1694757408753] [31m[createMemory][39m Our enemies' base is at 50, 60. I've scouted it. [0]
[1694757408753] [31m[createMemory][39m The bustling market square is at 25, 0; where I buy rare arrow materials. [0]
[1694757421327] [Character] Eleanor created
[1694757473405] [31m[createMemory][39m Eleanor Wraithwind sees Chest at X: 37.52, Y: -48.22. [0.0199999921]
[1694757473405] [31m[createMemory][39m Eleanor Wraithwind sees Tree at X: 38.28, Y: -45.67. [0.0199999921]
[1694757473405] [31m[createMemory][39m Eleanor Wraithwind sees Tree at X: 44.75, Y: -48.82. [0.0199999921]
[1694757473405] [31m[createMemory][39m Eleanor Wraithwind sees Tree at X: 44.35, Y: -46.47. [0.0199999921]
[1694757473405] [31m[createMemory][39m Eleanor Wraithwind sees Tree Stump at X: 38.7, Y: -50.07. [0.0199999921]
[1694757473405] [31m[createMemory][39m Eleanor Wraithwind sees Tree at X: 39.4, Y: -48.08. [0.0199999921]
[1694757473405] [31m[createMemory][39m Eleanor Wraithwind sees Tree at X: 42.62, Y: -48.29. [0.0199999921]
[1694757473405] [31m[createMemory][39m Eleanor Wraithwind sees Tree Stump at X: 36.50999, Y: -46.03. [0.0199999921]
[1694757473405] [31m[createMemory][39m Eleanor Wraithwind sees Tree at X: 43.53, Y: -51.61. [0.0199999921]
[1694757473407] [31m[createMemory][39m Eleanor Wraithwind sees Tree at X: 36.04, Y: -47.68999. [0.0199999921]
[1694757473407] [31m[createMemory][39m Eleanor Wraithwind sees Tree at X: 40.72, Y: -46.88. [0.0199999921]
[1694757473407] [31m[createMemory][39m Eleanor Wraithwind sees Tree at X: 41.96, Y: -50.43. [0.0199999921]
