[1695428412437] [Character] Creating Owen
[1695428413319] [31m[createMemory][39m Harvest season is always a community event; everyone helps out. [0]
[1695428413319] [31m[createMemory][39m My farm has been in my family for generations. [0]
[1695428413319] [31m[createMemory][39m I take pride in the quality of my crops. [0]
[1695428413319] [31m[createMemory][39m Watering the fields at dawn is my daily ritual. [0]
[1695428413319] [31m[createMemory][39m I've helped build the village barn for community storage. [0]
[1695428413319] [31m[createMemory][39m My optimism helps people through tough winters. [0]
[1695428413319] [31m[createMemory][39m I've learned weather patterns to maximize crop yield. [0]
[1695428413319] [31m[createMemory][39m I've taught my children the value of hard work. [0]
[1695428413319] [31m[createMemory][39m We celebrate every successful harvest with a village feast. [0]
[1695428413320] [31m[createMemory][39m I often exchange farming tips with other local farmers. [0]
[1695428413320] [31m[createMemory][39m My tools are my most prized possessions; they've seen years of work. [0]
[1695428413320] [31m[createMemory][39m The community market is where I sell my produce. [0]
[1695428413320] [31m[createMemory][39m I've started experimenting with new types of seeds. [0]
[1695428413320] [31m[createMemory][39m I remember how my parents taught me to respect the land. [0]
[1695428413320] [31m[createMemory][39m I keep records of each harvest; helps in planning the next. [0]
[1695428413320] [31m[createMemory][39m My farm's coordinates are 15, 28; right next to the creek. [0]
[1695428413320] [31m[createMemory][39m The village square is at 5, 10; where the market is held. [0]
[1695428413320] [31m[createMemory][39m The nearby forest is at 30, 40; it's a source of wild berries. [0]
[1695428413320] [31m[createMemory][39m The village granary is at 2, 6; where we store excess produce. [0]
[1695428413321] [31m[createMemory][39m The creek that feeds my farm flows from the north at 17, 35. [0]
[1695428427553] [Character] Owen created
[1695428821605] [31m[createMemory][39m Owen Greenfield sees Tree Stump at X: 52.4, Y: -20.42. [0]
[1695428821605] [31m[createMemory][39m Owen Greenfield sees Tree at X: 45.95, Y: -21.7. [0]
[1695428821605] [31m[createMemory][39m Owen Greenfield sees Tree at X: 45.95, Y: -24.29. [0]
[1695428821605] [31m[createMemory][39m Owen Greenfield sees Tree at X: 44.01, Y: -23.64. [0]
[1695428831846] --- Prompt ---
[1695428831847] Character: 
- ID: A10
- Name: Owen Greenfield
- Age: 33
- Occupation: Farmer
- Personality: Hardworking, Optimistic, Community-Oriented

Location: 49.52, -23.51

Time: Day 0, 12:00 AM

Energy: Fully Rested

Hunger: Full

Environment:
- Tree (Health: 10/10) [Location: 45.95, -24.29, Direction: NW,  Distance: 3.7m]
- Tree (Health: 10/10) [Location: 45.95, -21.7, Direction: NW,  Distance: 4.0m]
- Tree Stump (Health: 5/5) [Location: 52.4, -20.42, Direction: N,  Distance: 4.2m]
- Tree (Health: 10/10) [Location: 44.01, -23.64, Direction: NW,  Distance: 5.5m]
- Tree (Health: 10/10) [Location: 44.62, -26.27, Direction: NW,  Distance: 5.6m]
- Tree (Health: 10/10) [Location: 46.7, -18.14, Direction: N,  Distance: 6.1m]
- Tree (Health: 10/10) [Location: 44.3, -20.42, Direction: NW,  Distance: 6.1m]
- Tree Stump (Health: 5/5) [Location: 42.31, -22.1, Direction: NW,  Distance: 7.3m]
- Tree (Health: 10/10) [Location: 44.34, -18.3, Direction: N,  Distance: 7.3m]
- Thomas Smith (Health: 25/25) [Location: 55.25, -18.75, Direction: N,  Distance: 7.4m]
- Tree (Health: 10/10) [Location: 42.4, -20.7, Direction: NW,  Distance: 7.7m]
- Tree (Health: 10/10) [Location: 47.86, -15.94, Direction: N,  Distance: 7.7m]
- Tree (Health: 10/10) [Location: 42.42, -26.71, Direction: NW,  Distance: 7.8m]
- Tree (Health: 10/10) [Location: 53.01, -30.91, Direction: NW,  Distance: 8.2m]
- Tree (Health: 10/10) [Location: 41.06, -23.01, Direction: NW,  Distance: 8.5m]
- Tree (Health: 10/10) [Location: 45.66, -15.94, Direction: N,  Distance: 8.5m]
- Tree (Health: 10/10) [Location: 42.61, -18.15, Direction: NW,  Distance: 8.7m]

Inventory (4/10):
- Axe x 1
- Pickaxe x 1
- Sword x 1
- Berries x 1

Tasks:
[
  {
    "task": "Carry out your daily dutiies",
    "priority": 1
  },
  {
    "task": "Catch up with other villagers",
    "priority": 2
  },
  {
    "task": "Maintain a healthy lifestyle",
    "priority": 3
  }
]

Memories:
- My optimism helps people through tough winters. [just now]
- I remember how my parents taught me to respect the land. [just now]
- We celebrate every successful harvest with a village feast. [just now]
- The creek that feeds my farm flows from the north at 17, 35. [just now]
- Watering the fields at dawn is my daily ritual. [just now]
- My tools are my most prized possessions; they've seen years of work. [just now]
- I've learned weather patterns to maximize crop yield. [just now]
- The village granary is at 2, 6; where we store excess produce. [just now]
- I keep records of each harvest; helps in planning the next. [just now]
- The village square is at 5, 10; where the market is held. [just now]
- The nearby forest is at 30, 40; it's a source of wild berries. [just now]

Available Actions:
- move_to: Move to a target location
- drop_axe: Drop Axe onto the ground.
- drop_pickaxe: Drop Pickaxe onto the ground.
- drop_sword: Drop Sword onto the ground.
- eat: Eat some food.
- drop_berries: Drop Berries onto the ground.

Given the available information, update your task list. Take into consideration the time of day, environment, personality of the character, and more. Replace the entire JSON array by removing completed tasks, updating existing tasks with new information and priorities, and create new tasks based on the provided info. Keep the list as concise as possible. Remember focus on the time of day to adjust priorities.
[1695428854567] --- Response ---
[1695428854567] Updated Tasks: 
[1695428854569] [
  {
    "task": "Water the fields",
    "priority": 1
  },
  {
    "task": "Harvest wild berries from the nearby forest",
    "priority": 2,
    "details": {
      "forest_location": [
        30,
        40
      ]
    }
  },
  {
    "task": "Catch up with Thomas Smith",
    "priority": 3,
    "details": {
      "thomas_location": [
        55.25,
        -18.75
      ]
    }
  },
  {
    "task": "Carry out your daily farming duties",
    "priority": 4
  },
  {
    "task": "Maintain tools",
    "priority": 5
  },
  {
    "task": "Update harvest records",
    "priority": 6
  },
  {
    "task": "Will need to replenish energy - find food",
    "priority": 7
  },
  {
    "task": "Visit the village market",
    "priority": 8,
    "details": {
      "market_location": [
        5,
        10
      ]
    }
  },
  {
    "task": "Exercise for maintaining a healthy lifestyle",
    "priority": 9
  }
]
