[1695428412436] [Character] Creating Harold
[1695428413346] [31m[createMemory][39m Life on the sea teaches you the meaning of hard work and danger. [0]
[1695428413346] [31m[createMemory][39m I built my own fishing boat, took me two summers. [0]
[1695428413347] [31m[createMemory][39m Never underestimate the ocean. She’s as loving as she is fierce. [0]
[1695428413347] [31m[createMemory][39m The day I retired was bitter-sweet. I miss the sea, but I've earned my rest. [0]
[1695428413347] [31m[createMemory][39m Every wrinkle tells a story, and boy, do I have many. [0]
[1695428413347] [31m[createMemory][39m I once caught a fish so big, it could've fed the village for a week. [0]
[1695428413347] [31m[createMemory][39m Storms are nature's way of testing your mettle. I’ve faced my share. [0]
[1695428413347] [31m[createMemory][39m I've navigated by the stars, they're more reliable than any modern gadget. [0]
[1695428413347] [31m[createMemory][39m My grandson Eli reminds me of myself at his age, full of wonder. [0]
[1695428413347] [31m[createMemory][39m My old compass has never failed me. A gift from my late wife. [0]
[1695428413347] [31m[createMemory][39m You measure a man not by his words, but by his deeds. [0]
[1695428413347] [31m[createMemory][39m I’ve seen sunsets on the water that make you believe in a higher power. [0]
[1695428413347] [31m[createMemory][39m My hands may be weathered, but they’re strong and have stories to tell. [0]
[1695428413347] [31m[createMemory][39m Life has tides, high and low. The trick is to sail regardless. [0]
[1695428413347] [31m[createMemory][39m A good fisherman knows when to speak and when to listen. Mostly listen. [0]
[1695428427279] [Character] Harold created
[1695428821606] [31m[createMemory][39m Harold Smith sees House at X: 69.94962, Y: -21.96995. [0]
[1695428821606] [31m[createMemory][39m Harold Smith sees Tree Stump at X: 69.41, Y: -25.35. [0]
[1695428831381] --- Prompt ---
[1695428831391] Character: 
- ID: A7
- Name: Harold Smith
- Age: 75
- Occupation: Retired Fisherman
- Personality: Wise, Stoic, Resourceful

Location: 72.7, -26.88

Time: Day 0, 12:00 AM

Energy: Fully Rested

Hunger: Satisfied

Environment:
- Tree Stump (Health: 5/5) [Location: 69.41, -25.35, Direction: N,  Distance: 3.6m]
- Cedric Warborn (Health: 25/25) [Location: 68.93, -22.78, Direction: N,  Distance: 5.6m]
- House (Health: 100/100) [Location: 69.94962, -21.96995, Direction: N,  Distance: 5.6m]
- Tree (Health: 10/10) [Location: 75.56, -21.2, Direction: N,  Distance: 6.4m]
- Tree (Health: 10/10) [Location: 66.48, -28.55, Direction: NW,  Distance: 6.4m]
- Tree (Health: 10/10) [Location: 65.64, -26.4, Direction: N,  Distance: 7.1m]
- Tree (Health: 10/10) [Location: 70.89, -33.77, Direction: NW,  Distance: 7.1m]
- Tree (Health: 10/10) [Location: 66.19, -31.89, Direction: NW,  Distance: 8.2m]
- Tree Stump (Health: 5/5) [Location: 67.23999, -33.25, Direction: NW,  Distance: 8.4m]
- Tree (Health: 10/10) [Location: 76.91999, -19.12, Direction: N,  Distance: 8.8m]

Inventory (4/10):
- Axe x 1
- Pickaxe x 1
- Sword x 1
- Berries x 1

Tasks:
[
  {
    "task": "Carry out your daily dutiies",
    "priority": 1
  },
  {
    "task": "Catch up with other villagers",
    "priority": 2
  },
  {
    "task": "Maintain a healthy lifestyle",
    "priority": 3
  }
]

Memories:
- My grandson Eli reminds me of myself at his age, full of wonder. [just now]
- A good fisherman knows when to speak and when to listen. Mostly listen. [just now]
- You measure a man not by his words, but by his deeds. [just now]
- Never underestimate the ocean. She’s as loving as she is fierce. [just now]
- My hands may be weathered, but they’re strong and have stories to tell. [just now]
- Life on the sea teaches you the meaning of hard work and danger. [just now]
- I’ve seen sunsets on the water that make you believe in a higher power. [just now]
- The day I retired was bitter-sweet. I miss the sea, but I've earned my rest. [just now]
- Every wrinkle tells a story, and boy, do I have many. [just now]
- I once caught a fish so big, it could've fed the village for a week. [just now]

Available Actions:
- move_to: Move to a target location
- swing_axe: Swing Axe.
- drop_axe: Drop Axe onto the ground.
- swing_pickaxe: Swing Pickaxe.
- drop_pickaxe: Drop Pickaxe onto the ground.
- swing_sword: Swing sword.
- drop_sword: Drop Sword onto the ground.
- eat: Eat some food.
- drop_berries: Drop Berries onto the ground.

Given the available information, update your task list. Take into consideration the time of day, environment, personality of the character, and more. Replace the entire JSON array by removing completed tasks, updating existing tasks with new information and priorities, and create new tasks based on the provided info. Keep the list as concise as possible. Remember focus on the time of day to adjust priorities.
[1695428845755] --- Response ---
[1695428845755] Updated Tasks: 
[1695428845755] [
  {
    "task": "Carry out your daily duties",
    "priority": 1
  },
  {
    "task": "Maintain the condition of tools",
    "priority": 2
  },
  {
    "task": "Forage for more food",
    "priority": 3
  },
  {
    "task": "Observe environment for safety",
    "priority": 4
  },
  {
    "task": "Check on Cedric Warborn",
    "priority": 5
  },
  {
    "task": "Maintain a healthy lifestyle",
    "priority": 6
  },
  {
    "task": "Rest and recuperate",
    "priority": 7
  },
  {
    "task": "Catch up with other villagers",
    "priority": 8
  }
]
[1695428852176] --- Prompt ---
[1695428852176] Character: 
- ID: A7
- Name: Harold Smith
- Age: 75
- Occupation: Retired Fisherman
- Personality: Wise, Stoic, Resourceful

Location: 72.7, -26.88

Time: Day 0, 12:00 AM

Energy: Fully Rested

Hunger: Satisfied

Environment:
- Tree Stump (Health: 5/5) [Direction: N, Distance: 3.6m]
- Cedric Warborn (Health: 25/25) [Direction: N, Distance: 5.6m]
- House (Health: 100/100) [Direction: N, Distance: 5.6m]
- Tree (Health: 10/10) [Direction: N, Distance: 6.4m]
- Tree (Health: 10/10) [Direction: NW, Distance: 6.4m]
- Tree (Health: 10/10) [Direction: N, Distance: 7.1m]
- Tree (Health: 10/10) [Direction: NW, Distance: 7.1m]
- Tree (Health: 10/10) [Direction: NW, Distance: 8.2m]
- Tree Stump (Health: 5/5) [Direction: NW, Distance: 8.4m]
- Tree (Health: 10/10) [Direction: N, Distance: 8.8m]

Inventory (4/10):
- Axe x 1
- Pickaxe x 1
- Sword x 1
- Berries x 1

Tasks:
[
  {
    "task": "Carry out your daily duties",
    "priority": 1
  },
  {
    "task": "Maintain the condition of tools",
    "priority": 2
  },
  {
    "task": "Forage for more food",
    "priority": 3
  },
  {
    "task": "Observe environment for safety",
    "priority": 4
  },
  {
    "task": "Check on Cedric Warborn",
    "priority": 5
  },
  {
    "task": "Maintain a healthy lifestyle",
    "priority": 6
  },
  {
    "task": "Rest and recuperate",
    "priority": 7
  },
  {
    "task": "Catch up with other villagers",
    "priority": 8
  }
]

Memories:
- I once caught a fish so big, it could've fed the village for a week. [just now]
- Every wrinkle tells a story, and boy, do I have many. [just now]
- The day I retired was bitter-sweet. I miss the sea, but I've earned my rest. [just now]
- I’ve seen sunsets on the water that make you believe in a higher power. [just now]
- Life on the sea teaches you the meaning of hard work and danger. [just now]
- My hands may be weathered, but they’re strong and have stories to tell. [just now]
- Never underestimate the ocean. She’s as loving as she is fierce. [just now]
- You measure a man not by his words, but by his deeds. [just now]
- A good fisherman knows when to speak and when to listen. Mostly listen. [just now]
- My grandson Eli reminds me of myself at his age, full of wonder. [just now]

Given the available information, pick the best available action function to accomplish your tasks.


[1695428852176] --- Action Functions ---
[1695428852177] [
  {
    "name": "move_to",
    "description": "Move to a target location",
    "parameters": {
      "type": "object",
      "properties": {
        "characterId": {
          "type": "string",
          "description": "The character ID of the character that is adding the item to the chest."
        },
        "x": {
          "type": "number",
          "description": "The X coordinate of the target location."
        },
        "y": {
          "type": "number",
          "description": "The Y coordinate of the target location."
        }
      }
    }
  },
  {
    "name": "swing_axe",
    "description": "Swing Axe.",
    "parameters": {
      "type": "object",
      "properties": {
        "characterId": {
          "type": "string",
          "description": "The character ID of the character that is adding the item to the chest."
        }
      }
    }
  },
  {
    "name": "drop_axe",
    "description": "Drop Axe onto the ground.",
    "parameters": {
      "type": "object",
      "properties": {
        "characterId": {
          "type": "string",
          "description": "The character ID of the character that is adding the item to the chest."
        },
        "itemId": {
          "type": "string",
          "description": "The item ID of the item that is being added to the chest. Must be lowercase.",
          "values": [
            "wood",
            "stone",
            "iron",
            "diamond",
            "copper",
            "coal",
            "axe",
            "pickaxe",
            "sword",
            "berries"
          ]
        }
      }
    }
  },
  {
    "name": "swing_pickaxe",
    "description": "Swing Pickaxe.",
    "parameters": {
      "type": "object",
      "properties": {
        "characterId": {
          "type": "string",
          "description": "The character ID of the character that is adding the item to the chest."
        }
      }
    }
  },
  {
    "name": "drop_pickaxe",
    "description": "Drop Pickaxe onto the ground.",
    "parameters": {
      "type": "object",
      "properties": {
        "characterId": {
          "type": "string",
          "description": "The character ID of the character that is adding the item to the chest."
        },
        "itemId": {
          "type": "string",
          "description": "The item ID of the item that is being added to the chest. Must be lowercase.",
          "values": [
            "wood",
            "stone",
            "iron",
            "diamond",
            "copper",
            "coal",
            "axe",
            "pickaxe",
            "sword",
            "berries"
          ]
        }
      }
    }
  },
  {
    "name": "swing_sword",
    "description": "Swing sword.",
    "parameters": {
      "type": "object",
      "properties": {
        "characterId": {
          "type": "string",
          "description": "The character ID of the character that is adding the item to the chest."
        }
      }
    }
  },
  {
    "name": "drop_sword",
    "description": "Drop Sword onto the ground.",
    "parameters": {
      "type": "object",
      "properties": {
        "characterId": {
          "type": "string",
          "description": "The character ID of the character that is adding the item to the chest."
        },
        "itemId": {
          "type": "string",
          "description": "The item ID of the item that is being added to the chest. Must be lowercase.",
          "values": [
            "wood",
            "stone",
            "iron",
            "diamond",
            "copper",
            "coal",
            "axe",
            "pickaxe",
            "sword",
            "berries"
          ]
        }
      }
    }
  },
  {
    "name": "eat",
    "description": "Eat some food.",
    "parameters": {
      "type": "object",
      "properties": {
        "characterId": {
          "type": "string",
          "description": "The character ID of the character that is adding the item to the chest."
        },
        "foodId": {
          "type": "string",
          "description": "The food ID of the food to be eaten.",
          "values": [
            "berries"
          ]
        }
      }
    }
  },
  {
    "name": "drop_berries",
    "description": "Drop Berries onto the ground.",
    "parameters": {
      "type": "object",
      "properties": {
        "characterId": {
          "type": "string",
          "description": "The character ID of the character that is adding the item to the chest."
        },
        "itemId": {
          "type": "string",
          "description": "The item ID of the item that is being added to the chest. Must be lowercase.",
          "values": [
            "wood",
            "stone",
            "iron",
            "diamond",
            "copper",
            "coal",
            "axe",
            "pickaxe",
            "sword",
            "berries"
          ]
        }
      }
    }
  }
]
[1695428856132] Checking if agent is occupied...
[1695428856132] --- Response ---
[1695428856133] {
  "role": "assistant",
  "content": "{ \"function\": \"functions.move_to\", \"arguments\": { \"characterId\": \"A7\", \"x\": 72.7, \"y\": -26.9 } }"
}
[1695428856134] {}
[1695428856134] --- Prompt ---
[1695428856134] Character: 
- ID: A7
- Name: Harold Smith
- Age: 75
- Occupation: Retired Fisherman
- Personality: Wise, Stoic, Resourceful

Location: 72.7, -26.88

Time: Day 0, 12:00 AM

Energy: Fully Rested

Hunger: Satisfied

Environment:
- Tree Stump (Health: 5/5) [Direction: N, Distance: 3.6m]
- Cedric Warborn (Health: 25/25) [Direction: N, Distance: 5.6m]
- House (Health: 100/100) [Direction: N, Distance: 5.6m]
- Tree (Health: 10/10) [Direction: N, Distance: 6.4m]
- Tree (Health: 10/10) [Direction: NW, Distance: 6.4m]
- Tree (Health: 10/10) [Direction: N, Distance: 7.1m]
- Tree (Health: 10/10) [Direction: NW, Distance: 7.1m]
- Tree (Health: 10/10) [Direction: NW, Distance: 8.2m]
- Tree Stump (Health: 5/5) [Direction: NW, Distance: 8.4m]
- Tree (Health: 10/10) [Direction: N, Distance: 8.8m]

Inventory (4/10):
- Axe x 1
- Pickaxe x 1
- Sword x 1
- Berries x 1

Tasks:
[
  {
    "task": "Carry out your daily duties",
    "priority": 1
  },
  {
    "task": "Maintain the condition of tools",
    "priority": 2
  },
  {
    "task": "Forage for more food",
    "priority": 3
  },
  {
    "task": "Observe environment for safety",
    "priority": 4
  },
  {
    "task": "Check on Cedric Warborn",
    "priority": 5
  },
  {
    "task": "Maintain a healthy lifestyle",
    "priority": 6
  },
  {
    "task": "Rest and recuperate",
    "priority": 7
  },
  {
    "task": "Catch up with other villagers",
    "priority": 8
  }
]

Memories:
- I once caught a fish so big, it could've fed the village for a week. [just now]
- Every wrinkle tells a story, and boy, do I have many. [just now]
- The day I retired was bitter-sweet. I miss the sea, but I've earned my rest. [just now]
- I’ve seen sunsets on the water that make you believe in a higher power. [just now]
- Life on the sea teaches you the meaning of hard work and danger. [just now]
- My hands may be weathered, but they’re strong and have stories to tell. [just now]
- Never underestimate the ocean. She’s as loving as she is fierce. [just now]
- You measure a man not by his words, but by his deeds. [just now]
- A good fisherman knows when to speak and when to listen. Mostly listen. [just now]
- My grandson Eli reminds me of myself at his age, full of wonder. [just now]

Given the available information, pick the best available action function to accomplish your tasks.



[1695428856134] --- Action Functions ---
[1695428856135] [
  {
    "name": "move_to",
    "description": "Move to a target location",
    "parameters": {
      "type": "object",
      "properties": {
        "characterId": {
          "type": "string",
          "description": "The character ID of the character that is adding the item to the chest."
        },
        "x": {
          "type": "number",
          "description": "The X coordinate of the target location."
        },
        "y": {
          "type": "number",
          "description": "The Y coordinate of the target location."
        }
      }
    }
  },
  {
    "name": "swing_axe",
    "description": "Swing Axe.",
    "parameters": {
      "type": "object",
      "properties": {
        "characterId": {
          "type": "string",
          "description": "The character ID of the character that is adding the item to the chest."
        }
      }
    }
  },
  {
    "name": "drop_axe",
    "description": "Drop Axe onto the ground.",
    "parameters": {
      "type": "object",
      "properties": {
        "characterId": {
          "type": "string",
          "description": "The character ID of the character that is adding the item to the chest."
        },
        "itemId": {
          "type": "string",
          "description": "The item ID of the item that is being added to the chest. Must be lowercase.",
          "values": [
            "wood",
            "stone",
            "iron",
            "diamond",
            "copper",
            "coal",
            "axe",
            "pickaxe",
            "sword",
            "berries"
          ]
        }
      }
    }
  },
  {
    "name": "swing_pickaxe",
    "description": "Swing Pickaxe.",
    "parameters": {
      "type": "object",
      "properties": {
        "characterId": {
          "type": "string",
          "description": "The character ID of the character that is adding the item to the chest."
        }
      }
    }
  },
  {
    "name": "drop_pickaxe",
    "description": "Drop Pickaxe onto the ground.",
    "parameters": {
      "type": "object",
      "properties": {
        "characterId": {
          "type": "string",
          "description": "The character ID of the character that is adding the item to the chest."
        },
        "itemId": {
          "type": "string",
          "description": "The item ID of the item that is being added to the chest. Must be lowercase.",
          "values": [
            "wood",
            "stone",
            "iron",
            "diamond",
            "copper",
            "coal",
            "axe",
            "pickaxe",
            "sword",
            "berries"
          ]
        }
      }
    }
  },
  {
    "name": "swing_sword",
    "description": "Swing sword.",
    "parameters": {
      "type": "object",
      "properties": {
        "characterId": {
          "type": "string",
          "description": "The character ID of the character that is adding the item to the chest."
        }
      }
    }
  },
  {
    "name": "drop_sword",
    "description": "Drop Sword onto the ground.",
    "parameters": {
      "type": "object",
      "properties": {
        "characterId": {
          "type": "string",
          "description": "The character ID of the character that is adding the item to the chest."
        },
        "itemId": {
          "type": "string",
          "description": "The item ID of the item that is being added to the chest. Must be lowercase.",
          "values": [
            "wood",
            "stone",
            "iron",
            "diamond",
            "copper",
            "coal",
            "axe",
            "pickaxe",
            "sword",
            "berries"
          ]
        }
      }
    }
  },
  {
    "name": "eat",
    "description": "Eat some food.",
    "parameters": {
      "type": "object",
      "properties": {
        "characterId": {
          "type": "string",
          "description": "The character ID of the character that is adding the item to the chest."
        },
        "foodId": {
          "type": "string",
          "description": "The food ID of the food to be eaten.",
          "values": [
            "berries"
          ]
        }
      }
    }
  },
  {
    "name": "drop_berries",
    "description": "Drop Berries onto the ground.",
    "parameters": {
      "type": "object",
      "properties": {
        "characterId": {
          "type": "string",
          "description": "The character ID of the character that is adding the item to the chest."
        },
        "itemId": {
          "type": "string",
          "description": "The item ID of the item that is being added to the chest. Must be lowercase.",
          "values": [
            "wood",
            "stone",
            "iron",
            "diamond",
            "copper",
            "coal",
            "axe",
            "pickaxe",
            "sword",
            "berries"
          ]
        }
      }
    }
  }
]
