[1695442274379] [Character] Creating Bryce
[1695442274946] [31m[createMemory][39m My forge is my sanctuary; it's where I feel most alive. [0]
[1695442274946] [31m[createMemory][39m I've crafted custom armor for the village guards. [0]
[1695442274946] [31m[createMemory][39m The young apprentices look up to me for guidance. [0]
[1695442274946] [31m[createMemory][39m I've refined my techniques over many years. [0]
[1695442274946] [31m[createMemory][39m A good sword is a balance of form and function. [0]
[1695442274946] [31m[createMemory][39m Villagers often come to me for advice. [0]
[1695442274946] [31m[createMemory][39m I've repaired the village bell three times in the last decade. [0]
[1695442274946] [31m[createMemory][39m My father was a miner; he taught me to appreciate metals. [0]
[1695442274946] [31m[createMemory][39m I always keep an eye out for rare ores and materials. [0]
[1695442274946] [31m[createMemory][39m Maintaining the forge is a never-ending task. [0]
[1695442274946] [31m[createMemory][39m I've witnessed the village grow and change over the years. [0]
[1695442274946] [31m[createMemory][39m My family has always been supportive of my craft. [0]
[1695442274946] [31m[createMemory][39m I often collaborate with Owen on tools for farming. [0]
[1695442274946] [31m[createMemory][39m I take great pride in my work; each piece is a part of me. [0]
[1695442274946] [31m[createMemory][39m I keep records of all the items I've crafted. [0]
[1695442274946] [31m[createMemory][39m The forge is located at coordinates 9, 12, near the marketplace. [0]
[1695442274946] [31m[createMemory][39m The village well is at coordinates 3, 5; I helped build its frame. [0]
[1695442274946] [31m[createMemory][39m The training ground is at 20, 15; I supply their weapons. [0]
[1695442274946] [31m[createMemory][39m The village gate is at 0, 0; I've reinforced it multiple times. [0]
[1695442274946] [31m[createMemory][39m The Ironhammer family home is at 10, 9; just a stone's throw from the forge. [0]
[1695442288620] [Character] Bryce created
[1695442413668] [31m[createMemory][39m Bryce Ironhammer sees Stone Ore Deposit (Large) at X: 63.34, Y: -6.809999. [0.0199999921]
[1695442413668] [31m[createMemory][39m Bryce Ironhammer sees Stone Ore Deposit (Small) at X: 62.05, Y: -5.25. [0.0199999921]
[1695442413680] [31m[createMemory][39m Bryce Ironhammer sees Tree at X: 69.89, Y: -6.34. [0.0199999921]
[1695442413680] [31m[createMemory][39m Bryce Ironhammer sees Tree at X: 65.95998, Y: -9.210001. [0.0199999921]
[1695442413680] [31m[createMemory][39m Bryce Ironhammer sees Tree at X: 65.73, Y: -11.68. [0.0199999921]
[1695442413680] [31m[createMemory][39m Bryce Ironhammer sees Stone Ore Deposit (Medium) at X: 64.41, Y: -4.48. [0.0199999921]
[1695442413680] [31m[createMemory][39m Bryce Ironhammer sees Tree at X: 68, Y: -5.779999. [0.0199999921]
[1695442413680] [31m[createMemory][39m Bryce Ironhammer sees Tree at X: 60.96, Y: -10.67. [0.0199999921]
