[1695442274370] [Character] Creating Will
[1695442275016] [31m[createMemory][39m Today was my first day in the mines. [0]
[1695442275016] [31m[createMemory][39m George and Thomas have been really helpful. [0]
[1695442275016] [31m[createMemory][39m The depth and darkness of the mines can be intimidating. [0]
[1695442275016] [31m[createMemory][39m I accidentally broke a pickaxe on my first day. [0]
[1695442275016] [31m[createMemory][39m The older miners have so many stories to tell. [0]
[1695442275016] [31m[createMemory][39m I've always dreamed of being a miner like my father. [0]
[1695442275016] [31m[createMemory][39m The echo in the mines is fascinating. [0]
[1695442275016] [31m[createMemory][39m I need to remember to wear my helmet at all times. [0]
[1695442275016] [31m[createMemory][39m The village has been supportive of my new journey. [0]
[1695442275016] [31m[createMemory][39m I'm still learning the different routes in the mine. [0]
[1695442275016] [31m[createMemory][39m I was startled by the sound of a mine cart today. [0]
[1695442275016] [31m[createMemory][39m It's tiring, but I'm determined to make everyone proud. [0]
[1695442275016] [31m[createMemory][39m I hope to find a rare gem or mineral soon. [0]
[1695442275016] [31m[createMemory][39m The lanterns light up the mines in such a mysterious way. [0]
[1695442275016] [31m[createMemory][39m I can't wait to tell my family about my adventures here. [0]
[1695442275016] [31m[createMemory][39m Nume Village is located west of the crossroads at 2, -58. [0]
[1695442275016] [31m[createMemory][39m I grew up in Nume Village, it's my home and located at (2, -58) [0]
[1695442275016] [31m[createMemory][39m The mine site is north east of Nume Village, through the forest at 51, 17. [0]
[1695442275016] [31m[createMemory][39m The lumberyard is straight east of Nume Village and located at 72, -55.1 [0]
[1695442275016] [31m[createMemory][39m The campsite is North, but slightly west at 7, -8.3. You'll take a left at the fork in the road. [0]
[1695442288608] [Character] Will created
[1695442413703] [31m[createMemory][39m Will Turner sees Tree at X: 66.29, Y: -52.3. [0.0199999921]
[1695442413703] [31m[createMemory][39m Will Turner sees Tree Stump at X: 68.73, Y: -53.03. [0.0199999921]
[1695442413703] [31m[createMemory][39m Will Turner sees Tree at X: 70.29, Y: -49.06001. [0.0199999921]
[1695442413703] [31m[createMemory][39m Will Turner sees Tree at X: 69.62001, Y: -46.21999. [0.0199999921]
[1695442413703] [31m[createMemory][39m Will Turner sees Tree at X: 67.4, Y: -46.53. [0.0199999921]
[1695442413704] [31m[createMemory][39m Will Turner sees Eli Green at X: 67.36, Y: -53.94. [0.0199999921]
[1695442413704] [31m[createMemory][39m Will Turner sees Tree Stump at X: 67.37, Y: -55.27. [0.0199999921]
[1695442413704] [31m[createMemory][39m Will Turner sees Chest at X: 72.52, Y: -55.49. [0.0199999921]
[1695442413704] [31m[createMemory][39m Will Turner sees Tree at X: 74.53, Y: -46.29. [0.0199999921]
[1695442413704] [31m[createMemory][39m Will Turner sees Tree at X: 74.62, Y: -48.26. [0.0199999921]
[1695442413704] [31m[createMemory][39m Will Turner sees Tree at X: 72.12001, Y: -46.02. [0.0199999921]
[1695442413704] [31m[createMemory][39m Will Turner sees Tree at X: 72.41, Y: -49.68999. [0.0199999921]
[1695442413704] [31m[createMemory][39m Will Turner sees Tree at X: 75.17, Y: -50.73. [0.0199999921]
[1695442413704] [31m[createMemory][39m Will Turner sees Tree Stump at X: 75.94, Y: -52.3. [0.0199999921]
[1695442413704] [31m[createMemory][39m Will Turner sees Tree Stump at X: 73.29, Y: -51.72. [0.0199999921]
[1695442413704] [31m[createMemory][39m Will Turner sees Tree at X: 65.75, Y: -50.43999. [0.0199999921]
[1695442413704] [31m[createMemory][39m Will Turner sees Tree at X: 67.01, Y: -48.93. [0.0199999921]
[1695442413704] [31m[createMemory][39m Will Turner sees Tree at X: 68.67, Y: -50.72. [0.0199999921]
