[1695442274378] [Character] Creating John
[1695442275067] [31m[createMemory][39m I've scaled the highest peak in the Blackspire Range. [0]
[1695442275067] [31m[createMemory][39m My travels have taken me to forgotten civilizations. [0]
[1695442275067] [31m[createMemory][39m I've escaped several near-death situations. [0]
[1695442275067] [31m[createMemory][39m Found a rare artifact in an ancient ruin. [0]
[1695442275067] [31m[createMemory][39m My compass is more than a tool; it's a lifeline. [0]
[1695442275067] [31m[createMemory][39m I often rely on my wits rather than a weapon. [0]
[1695442275067] [31m[createMemory][39m My pack contains only the essentials for survival. [0]
[1695442275067] [31m[createMemory][39m The thrill of discovery fuels me. [0]
[1695442275067] [31m[createMemory][39m I trust no one completely; the road has taught me that. [0]
[1695442275067] [31m[createMemory][39m Navigating treacherous landscapes is second nature to me. [0]
[1695442275067] [31m[createMemory][39m I've learned a lot about local cultures and their legends. [0]
[1695442275067] [31m[createMemory][39m I've traded stories with adventurers and locals alike. [0]
[1695442275067] [31m[createMemory][39m Survival skills are as crucial as courage. [0]
[1695442275067] [31m[createMemory][39m Maps are useful, but instincts are invaluable. [0]
[1695442275067] [31m[createMemory][39m I keep a journal of my adventures; it'll be my legacy. [0]
[1695442275067] [31m[createMemory][39m Basecamp Alpha is my main hub, located at 43, 12. [0]
[1695442275067] [31m[createMemory][39m I've journeyed through the Dark Forest, its coordinates are 24, 68. [0]
[1695442275067] [31m[createMemory][39m The treacherous Snake Gorge is located at 53, -22. [0]
[1695442275067] [31m[createMemory][39m There's a hidden temple at 11, 9; it took me months to find it. [0]
[1695442275067] [31m[createMemory][39m The market at Skyline city is a great place to resupply; located at 78, 54. [0]
[1695442288924] [Character] John created
