[1695442274379] [Character] Creating Eleanor
[1695442275048] [31m[createMemory][39m I never miss a target; my training ensures it. [0]
[1695442275048] [31m[createMemory][39m My bow, Windstrike, has been my companion since my teenage years. [0]
[1695442275048] [31m[createMemory][39m I've helped my village fend off countless bandit attacks. [0]
[1695442275048] [31m[createMemory][39m I can navigate the Everwood Forest without a map. [0]
[1695442275048] [31m[createMemory][39m Herbal remedies are as important to me as my arrows. [0]
[1695442275048] [31m[createMemory][39m I have a keen eye for strategy; it's saved us more than once. [0]
[1695442275048] [31m[createMemory][39m I've trained young archers in my village. [0]
[1695442275048] [31m[createMemory][39m The thrill of the hunt is a familiar friend. [0]
[1695442275048] [31m[createMemory][39m Loyalty to my allies is my unwavering principle. [0]
[1695442275048] [31m[createMemory][39m Understanding the terrain can turn the tide of any battle. [0]
[1695442275048] [31m[createMemory][39m I've crafted my own arrows from rare materials. [0]
[1695442275048] [31m[createMemory][39m I have a deep connection to the natural world around me. [0]
[1695442275049] [31m[createMemory][39m My family are renowned hunters; it runs in our blood. [0]
[1695442275049] [31m[createMemory][39m Enemy or prey, neither hear me approach. [0]
[1695442275049] [31m[createMemory][39m I keep a journal detailing different battle strategies. [0]
[1695442275049] [31m[createMemory][39m Our village is located by the Great Lake, coordinates 30, -20. [0]
[1695442275049] [31m[createMemory][39m The Everwood Forest is a sprawling wilderness at 60, 40. [0]
[1695442275049] [31m[createMemory][39m A hidden waterfall lies at the coordinates 35, -10; it's my sanctuary. [0]
[1695442275049] [31m[createMemory][39m Our enemies' base is at 50, 60. I've scouted it. [0]
[1695442275049] [31m[createMemory][39m The bustling market square is at 25, 0; where I buy rare arrow materials. [0]
[1695442288748] [Character] Eleanor created
[1695442413670] [31m[createMemory][39m Eleanor Wraithwind sees Tree Stump at X: 76.91, Y: -56.28. [0.0199999921]
[1695442413670] [31m[createMemory][39m Eleanor Wraithwind sees Tree Stump at X: 77.95, Y: -54.21. [0.0199999921]
[1695442413670] [31m[createMemory][39m Eleanor Wraithwind sees Tree at X: 79.84, Y: -54.62. [0.0199999921]
[1695442413703] [31m[createMemory][39m Eleanor Wraithwind sees Tree Stump at X: 75.36, Y: -54.3. [0.0199999921]
[1695442413703] [31m[createMemory][39m Eleanor Wraithwind sees Chest at X: 72.52, Y: -55.49. [0.0199999921]
[1695442413703] [31m[createMemory][39m Eleanor Wraithwind sees Tree at X: 79.46, Y: -57.43999. [0.0199999921]
[1695442413703] [31m[createMemory][39m Eleanor Wraithwind sees Tree at X: 74.62, Y: -48.26. [0.0199999921]
[1695442413703] [31m[createMemory][39m Eleanor Wraithwind sees Tree at X: 77.33, Y: -49.67. [0.0199999921]
[1695442413703] [31m[createMemory][39m Eleanor Wraithwind sees Tree at X: 81.41, Y: -49.29. [0.0199999921]
[1695442413703] [31m[createMemory][39m Eleanor Wraithwind sees Tree at X: 77.75, Y: -52.04. [0.0199999921]
[1695442413703] [31m[createMemory][39m Eleanor Wraithwind sees Tree at X: 80.34, Y: -51.63. [0.0199999921]
[1695442413703] [31m[createMemory][39m Eleanor Wraithwind sees Tree at X: 83.26, Y: -53.14. [0.0199999921]
[1695442413703] [31m[createMemory][39m Eleanor Wraithwind sees Tree at X: 75.17, Y: -50.73. [0.0199999921]
[1695442413703] [31m[createMemory][39m Eleanor Wraithwind sees Tree Stump at X: 75.94, Y: -52.3. [0.0199999921]
[1695442413703] [31m[createMemory][39m Eleanor Wraithwind sees Tree at X: 82.63, Y: -51.18. [0.0199999921]
[1695442413703] [31m[createMemory][39m Eleanor Wraithwind sees Tree Stump at X: 73.29, Y: -51.72. [0.0199999921]
