[1693892294634] [Character] Creating George
[1693892295216] [31m[createMemory][39m Working in the mines is tough but rewarding. [0]
[1693892295216] [31m[createMemory][39m I've been friends with Thomas for a long time. [0]
[1693892295216] [31m[createMemory][39m Safety in the mines is a top priority for me. [0]
[1693892295216] [31m[createMemory][39m I've discovered some rare minerals during my time here. [0]
[1693892295216] [31m[createMemory][39m I'm usually one of the first to arrive at the mine site. [0]
[1693892295216] [31m[createMemory][39m My family has been mining for generations. [0]
[1693892295216] [31m[createMemory][39m I enjoy a cold beverage after a long day in the mines. [0]
[1693892295216] [31m[createMemory][39m I've been taught traditional mining songs by the older miners. [0]
[1693892295216] [31m[createMemory][39m I've saved up to buy a house near the village. [0]
[1693892295216] [31m[createMemory][39m I know a secret tunnel in the mine that few know about. [0]
[1693892295216] [31m[createMemory][39m It's important to have the right tools for the job. [0]
[1693892295216] [31m[createMemory][39m I take pride in my work and look after my equipment. [0]
[1693892295216] [31m[createMemory][39m I sometimes join Thomas and others for a meal after work. [0]
[1693892295216] [31m[createMemory][39m I've had a few close calls, but always came out safe. [0]
[1693892295217] [31m[createMemory][39m The village festivities are something I look forward to every year. [0]
[1693892301972] [Character] George created
[1693892323719] [31m[createMemory][39m George Brown sees Coal Ore Deposit (Small) at X: 62.25, Y: 15.1. [0]
[1693892323763] [31m[createMemory][39m George Brown sees Tree at X: 67.61, Y: 9.619999. [0]
[1693892323763] [31m[createMemory][39m George Brown sees Iron Ore Deposit (Large) at X: 65.22, Y: 18.37. [0]
[1693892326758] --- Prompt ---
[1693892326759] Character: 
- ID: A2
- Name: George Brown
- Age: 28
- Occupation: Miner
- Personality: Hardworking, Loyal, Reserved

Location: 66, 13.3

Time: Day 0, 12:00 AM

Hunger: Starving

Environment:
- Tree (Health: 10/10) [Direction: N, Distance: 4.0m]
- Coal Ore Deposit (Small) (Health: 5/5) [Direction: N, Distance: 4.2m]
- Iron Ore Deposit (Large) (Health: 5/5) [Direction: N, Distance: 5.1m]
- Tree (Health: 10/10) [Direction: N, Distance: 6.0m]
- Iron Ore Deposit (Large) (Health: 5/5) [Direction: N, Distance: 6.4m]
- Coal Ore Deposit (Medium) (Health: 10/10) [Direction: N, Distance: 6.4m]
- Tree (Health: 10/10) [Direction: N, Distance: 6.5m]
- Coal Ore Deposit (Medium) (Health: 10/10) [Direction: N, Distance: 6.7m]
- Coal Ore Deposit (Small) (Health: 5/5) [Direction: N, Distance: 6.7m]
- Coal Ore Deposit (Small) (Health: 5/5) [Direction: N, Distance: 7.5m]
- Tree (Health: 10/10) [Direction: N, Distance: 7.7m]
- Iron Ore Deposit (Medium) (Health: 1/1) [Direction: N, Distance: 7.9m]

Inventory (4/10):
- Axe x 1
- Pickaxe x 1
- Sword x 1
- Berries x 1

Tasks:
[
  {
    "task": "Carry out your daily dutiies",
    "priority": 1
  },
  {
    "task": "Catch up with other villagers",
    "priority": 2
  },
  {
    "task": "Maintain a healthy lifestyle",
    "priority": 3
  }
]

Memories:
- It's important to have the right tools for the job. [just now]
- The village festivities are something I look forward to every year. [just now]
- I'm usually one of the first to arrive at the mine site. [just now]
- I know a secret tunnel in the mine that few know about. [just now]
- Working in the mines is tough but rewarding. [just now]
- My family has been mining for generations. [just now]
- I've been friends with Thomas for a long time. [just now]
- I take pride in my work and look after my equipment. [just now]
- Safety in the mines is a top priority for me. [just now]
- I've discovered some rare minerals during my time here. [just now]
- George Brown sees Iron Ore Deposit (Large) at X: 65.22, Y: 18.37. [just now]

Available Actions:
- move_to: Move to a target location
- drop_axe: Drop Axe onto the ground.
- drop_pickaxe: Drop Pickaxe onto the ground.
- drop_sword: Drop Sword onto the ground.
- eat: Eat some food.
- drop_berries: Drop Berries onto the ground.

Given the available information, update your task list. Take into consideration the time of day, environment, personality of the character, and more. Replace the entire JSON array by removing completed tasks, updating existing tasks with new information and priorities, and create new tasks based on the provided info. Keep the list as concise as possible. Remember focus on the time of day to adjust priorities.
