[1695869104692] [Character] Creating Will
[1695869105708] [31m[createMemory][39m Today was my first day in the mines. [0]
[1695869105708] [31m[createMemory][39m George and Thomas have been really helpful. [0]
[1695869105708] [31m[createMemory][39m The depth and darkness of the mines can be intimidating. [0]
[1695869105708] [31m[createMemory][39m I accidentally broke a pickaxe on my first day. [0]
[1695869105708] [31m[createMemory][39m The older miners have so many stories to tell. [0]
[1695869105708] [31m[createMemory][39m I've always dreamed of being a miner like my father. [0]
[1695869105708] [31m[createMemory][39m The echo in the mines is fascinating. [0]
[1695869105708] [31m[createMemory][39m I need to remember to wear my helmet at all times. [0]
[1695869105708] [31m[createMemory][39m The village has been supportive of my new journey. [0]
[1695869105708] [31m[createMemory][39m I'm still learning the different routes in the mine. [0]
[1695869105708] [31m[createMemory][39m I was startled by the sound of a mine cart today. [0]
[1695869105708] [31m[createMemory][39m It's tiring, but I'm determined to make everyone proud. [0]
[1695869105708] [31m[createMemory][39m I hope to find a rare gem or mineral soon. [0]
[1695869105708] [31m[createMemory][39m The lanterns light up the mines in such a mysterious way. [0]
[1695869105708] [31m[createMemory][39m I can't wait to tell my family about my adventures here. [0]
[1695869105708] [31m[createMemory][39m Nume Village is located west of the crossroads at 2, -58. [0]
[1695869105708] [31m[createMemory][39m I grew up in Nume Village, it's my home and located at (2, -58) [0]
[1695869105708] [31m[createMemory][39m The mine site is north east of Nume Village, through the forest at 51, 17. [0]
[1695869105708] [31m[createMemory][39m The lumberyard is straight east of Nume Village and located at 72, -55.1 [0]
[1695869105708] [31m[createMemory][39m The campsite is North, but slightly west at 7, -8.3. You'll take a left at the fork in the road. [0]
