[1695447621439] [31m[createMemory][39m I should be asleep until 7am. [0]
[1695447621439] [31m[createMemory][39m It's my job to protect the village. [0]
[1695447621439] [31m[createMemory][39m I need to make sure everyone is safe. [0]
[1695447621439] [31m[createMemory][39m I do the work that no one else wants to do. [0]
[1695447621439] [31m[createMemory][39m I try to be as honest as possible. [0]
[1695447621439] [31m[createMemory][39m I'm not afraid of anything. [0]
[1695447621439] [31m[createMemory][39m I go to bed at 10pm. [0]
[1695447621439] [31m[createMemory][39m I like strawberries. [0]
[1695447621440] [31m[createMemory][39m The village location is 2, -58. [0]
[1695447621440] [31m[createMemory][39m The mine site is at 51, 17. [0]
[1695447621440] [31m[createMemory][39m The lumberyard is at 72, -55.1 [0]
[1695447621440] [31m[createMemory][39m The campsite is at 7, -8.3 [0]
[1695447621440] [31m[createMemory][39m The Nume River flows through the village. [0]
[1695447621440] [31m[createMemory][39m Nume Falls are north of the village, and west of the campsite. [0]
[1695447621440] [31m[createMemory][39m The area is surrounded by forested monutains, filled with wildlife, rivers, and lakes. [0]
[1695447634954] [Character] Thomas created (clmvlql0v0001vd4z8nuger69)
[1695447655470] [31m[createMemory][39m Thomas Smith dropped Axe at X: 50.47151, Y: -72.90353 [4.080819]
[1695447661504] [31m[createMemory][39m Thomas Smith dropped Sword at X: 53.4115, Y: -73.18356 [10.9733763]
[1695447664482] [31m[createMemory][39m Thomas Smith picked up Sword at X: 54.77649, Y: -73.18356 [13.9748507]
[1695447672441] [31m[createMemory][39m Thomas Smith dropped Wood at X: 53.2425, Y: -71.76257 [21.9118023]
