[1694671732402] [Character] Creating Will
[1694671733408] [31m[createMemory][39m Today was my first day in the mines. [0]
[1694671733408] [31m[createMemory][39m George and Thomas have been really helpful. [0]
[1694671733408] [31m[createMemory][39m The depth and darkness of the mines can be intimidating. [0]
[1694671733408] [31m[createMemory][39m I accidentally broke a pickaxe on my first day. [0]
[1694671733408] [31m[createMemory][39m The older miners have so many stories to tell. [0]
[1694671733408] [31m[createMemory][39m I've always dreamed of being a miner like my father. [0]
[1694671733408] [31m[createMemory][39m The echo in the mines is fascinating. [0]
[1694671733408] [31m[createMemory][39m I need to remember to wear my helmet at all times. [0]
[1694671733408] [31m[createMemory][39m The village has been supportive of my new journey. [0]
[1694671733408] [31m[createMemory][39m I'm still learning the different routes in the mine. [0]
[1694671733408] [31m[createMemory][39m I was startled by the sound of a mine cart today. [0]
[1694671733408] [31m[createMemory][39m It's tiring, but I'm determined to make everyone proud. [0]
[1694671733408] [31m[createMemory][39m I hope to find a rare gem or mineral soon. [0]
[1694671733408] [31m[createMemory][39m The lanterns light up the mines in such a mysterious way. [0]
[1694671733408] [31m[createMemory][39m I can't wait to tell my family about my adventures here. [0]
[1694671733408] [31m[createMemory][39m Nume Village is located west of the crossroads near the Nume River at (2, -58). [0]
[1694671733408] [31m[createMemory][39m The mine site is north east of Nume Village, through the forest at 51, 17. [0]
[1694671733408] [31m[createMemory][39m The lumberyard is straight east of Nume Village at 72, -55.1 [0]
[1694671733409] [31m[createMemory][39m The campsite is North, but slightly west at 7, -8.3. You'll take a left at the fork in the road. [0]
[1694671745128] [Character] Will created
[1694671745329] [31m[createMemory][39m Will Turner sees Tree at X: 43.53, Y: -51.61. [0]
[1694671745352] [31m[createMemory][39m Will Turner sees Tree at X: 42.62, Y: -48.29. [0]
[1694671745352] [31m[createMemory][39m Will Turner sees Tree at X: 40.72, Y: -46.88. [0]
[1694671745352] [31m[createMemory][39m Will Turner sees Tree at X: 44.75, Y: -48.82. [0]
[1694671745352] [31m[createMemory][39m Will Turner sees Chest at X: 37.52, Y: -48.22. [0]
[1694671745352] [31m[createMemory][39m Will Turner sees Tree Stump at X: 38.7, Y: -50.07. [0]
[1694671745352] [31m[createMemory][39m Will Turner sees Tree at X: 39.4, Y: -48.08. [0]
[1694671745368] [31m[createMemory][39m Will Turner sees Tree at X: 45.95, Y: -51.07. [0]
[1694671745368] [31m[createMemory][39m Will Turner sees Tree at X: 41.96, Y: -50.43. [0]
[1694671745368] [31m[createMemory][39m Will Turner sees Tree at X: 36.04, Y: -47.68999. [0]
[1694671745378] [31m[createMemory][39m Will Turner sees Tree at X: 38.28, Y: -45.67. [0]
[1694671745378] [31m[createMemory][39m Will Turner sees Tree at X: 44.35, Y: -46.47. [0]
