[1694659619799] [31m[createMemory][39m Life on the sea teaches you the meaning of hard work and danger. [0]
[1694659619800] [31m[createMemory][39m I built my own fishing boat, took me two summers. [0]
[1694659619800] [31m[createMemory][39m Never underestimate the ocean. She’s as loving as she is fierce. [0]
[1694659619800] [31m[createMemory][39m The day I retired was bitter-sweet. I miss the sea, but I've earned my rest. [0]
[1694659619800] [31m[createMemory][39m Every wrinkle tells a story, and boy, do I have many. [0]
[1694659619800] [31m[createMemory][39m I once caught a fish so big, it could've fed the village for a week. [0]
[1694659619800] [31m[createMemory][39m Storms are nature's way of testing your mettle. I’ve faced my share. [0]
[1694659619800] [31m[createMemory][39m I've navigated by the stars, they're more reliable than any modern gadget. [0]
[1694659619800] [31m[createMemory][39m My grandson Eli reminds me of myself at his age, full of wonder. [0]
[1694659619800] [31m[createMemory][39m My old compass has never failed me. A gift from my late wife. [0]
[1694659619800] [31m[createMemory][39m You measure a man not by his words, but by his deeds. [0]
[1694659619800] [31m[createMemory][39m I’ve seen sunsets on the water that make you believe in a higher power. [0]
[1694659619800] [31m[createMemory][39m My hands may be weathered, but they’re strong and have stories to tell. [0]
[1694659619800] [31m[createMemory][39m Life has tides, high and low. The trick is to sail regardless. [0]
[1694659619800] [31m[createMemory][39m A good fisherman knows when to speak and when to listen. Mostly listen. [0]
[1694659632264] [Character] Harold created
[1694659632735] [31m[createMemory][39m Harold Smith sees Tree at X: -6.989999, Y: -4.169998. [0]
[1694659632735] [31m[createMemory][39m Harold Smith sees Tree at X: -6.989999, Y: -4.169998. [0]
[1694659632735] [31m[createMemory][39m Harold Smith sees Tree at X: -11.54, Y: -4.139999. [0]
[1694659632794] [31m[createMemory][39m Harold Smith sees James McAllister at X: -8.1, Y: -7.9. [0]
[1694659632808] [31m[createMemory][39m Harold Smith sees Tree at X: -4.79, Y: -10.59. [0]
[1694659632990] [31m[createMemory][39m Harold Smith sees Tree at X: -9.29, Y: -3.6. [0]
[1694659639183] --- Prompt ---
[1694659639187] Character: 
- ID: A7
- Name: Harold Smith
- Age: 75
- Occupation: Retired Fisherman
- Personality: Wise, Stoic, Resourceful

Location: -9.27, -7.93

Time: Day 0, 12:00 AM

Energy: Fully Rested

Hunger: Hungry

Environment:
- James McAllister (Health: 25/25) [Location: -8.1, -7.9, Direction: SW,  Distance: 1.2m]
- Tree (Health: 10/10) [Location: -9.29, -3.6, Direction: S,  Distance: 4.3m]
- Tree (Health: 10/10) [Location: -6.989999, -4.169998, Direction: SW,  Distance: 4.4m]
- Tree (Health: 10/10) [Location: -6.989999, -4.169998, Direction: SW,  Distance: 4.4m]
- Tree (Health: 10/10) [Location: -11.54, -4.139999, Direction: S,  Distance: 4.4m]
- Tree (Health: 10/10) [Location: -4.79, -10.59, Direction: SW,  Distance: 5.2m]
- Tree (Health: 10/10) [Location: -10.61, -1.99, Direction: S,  Distance: 6.1m]
- Tree (Health: 10/10) [Location: -4.83, -3.610001, Direction: SW,  Distance: 6.2m]
- Tree (Health: 10/10) [Location: -4.83, -3.610001, Direction: SW,  Distance: 6.2m]
- Tree (Health: 10/10) [Location: -2.84, -8.939999, Direction: W,  Distance: 6.5m]
- Tree (Health: 10/10) [Location: -6.809999, -1.599998, Direction: S,  Distance: 6.8m]
- Tree (Health: 10/10) [Location: -6.809999, -1.599998, Direction: S,  Distance: 6.8m]
- Tree (Health: 10/10) [Location: -12.18, -0.8199997, Direction: S,  Distance: 7.7m]
- Tree (Health: 10/10) [Location: -9.660001, -0.2000008, Direction: S,  Distance: 7.7m]
- Tree (Health: 10/10) [Location: -2.11, -3.52, Direction: SW,  Distance: 8.4m]
- Tree (Health: 10/10) [Location: -2.11, -3.52, Direction: SW,  Distance: 8.4m]
- Tree (Health: 10/10) [Location: -1.23, -5.309999, Direction: W,  Distance: 8.5m]
- Tree (Health: 10/10) [Location: -7.910001, 0.5200005, Direction: S,  Distance: 8.6m]
- Tree (Health: 10/10) [Location: -5.140001, -0.25, Direction: S,  Distance: 8.7m]
- Tree (Health: 10/10) [Location: -5.140001, -0.25, Direction: S,  Distance: 8.7m]

Inventory (4/10):
- Axe x 1
- Pickaxe x 1
- Sword x 1
- Berries x 1

Tasks:
[
  {
    "task": "Carry out your daily dutiies",
    "priority": 1
  },
  {
    "task": "Catch up with other villagers",
    "priority": 2
  },
  {
    "task": "Maintain a healthy lifestyle",
    "priority": 3
  }
]

Memories:
- My old compass has never failed me. A gift from my late wife. [just now]
- My grandson Eli reminds me of myself at his age, full of wonder. [just now]
- Life has tides, high and low. The trick is to sail regardless. [just now]
- I've navigated by the stars, they're more reliable than any modern gadget. [just now]
- Life on the sea teaches you the meaning of hard work and danger. [just now]
- I once caught a fish so big, it could've fed the village for a week. [just now]
- You measure a man not by his words, but by his deeds. [just now]
- Every wrinkle tells a story, and boy, do I have many. [just now]
- Storms are nature's way of testing your mettle. I’ve faced my share. [just now]
- Never underestimate the ocean. She’s as loving as she is fierce. [just now]
- Harold Smith sees Tree at X: -6.989999, Y: -4.169998. [just now]
- Harold Smith sees Tree at X: -4.79, Y: -10.59. [just now]

Available Actions:
- move_to: Move to a target location
- drop_axe: Drop Axe onto the ground.
- drop_pickaxe: Drop Pickaxe onto the ground.
- drop_sword: Drop Sword onto the ground.
- eat: Eat some food.
- drop_berries: Drop Berries onto the ground.
- start_conversation: Start a conversation with James McAllister (ID: A6).

Hitbox (what you would hit with a swing based action):
- James McAllister (Health: 25/25)

Given the available information, update your task list. Take into consideration the time of day, environment, personality of the character, and more. Replace the entire JSON array by removing completed tasks, updating existing tasks with new information and priorities, and create new tasks based on the provided info. Keep the list as concise as possible. Remember focus on the time of day to adjust priorities.
[1694659648467] --- Response ---
[1694659648467] Updated Tasks: 
[1694659648468] [
  {
    "task": "Eat berries",
    "priority": 1
  },
  {
    "task": "Start a conversation with James McAllister",
    "priority": 2
  },
  {
    "task": "Carry out your daily duties",
    "priority": 3
  },
  {
    "task": "Maintain a healthy lifestyle",
    "priority": 4
  },
  {
    "task": "Catch up with other villagers",
    "priority": 5
  }
]
[1694659651824] Occupied agent A7
[1694659652209] [31m[createMemory][39m James McAllister started a conversation with me. [14.86011]
[1694659653150] --- Prompt ---
[1694659653152] Character: 
- ID: A7
- Name: Harold Smith
- Age: 75
- Occupation: Retired Fisherman
- Personality: Wise, Stoic, Resourceful

Location: -9.27, -7.93

Time: Day 0, 12:00 AM

Energy: Fully Rested

Hunger: Hungry

Environment:
- James McAllister (Health: 25/25) [Direction: SW, Distance: 1.2m]
- Tree (Health: 10/10) [Direction: S, Distance: 4.3m]
- Tree (Health: 10/10) [Direction: SW, Distance: 4.4m]
- Tree (Health: 10/10) [Direction: SW, Distance: 4.4m]
- Tree (Health: 10/10) [Direction: S, Distance: 4.4m]
- Tree (Health: 10/10) [Direction: SW, Distance: 5.2m]
- Tree (Health: 10/10) [Direction: S, Distance: 6.1m]
- Tree (Health: 10/10) [Direction: SW, Distance: 6.2m]
- Tree (Health: 10/10) [Direction: SW, Distance: 6.2m]
- Tree (Health: 10/10) [Direction: W, Distance: 6.5m]
- Tree (Health: 10/10) [Direction: S, Distance: 6.8m]
- Tree (Health: 10/10) [Direction: S, Distance: 6.8m]
- Tree (Health: 10/10) [Direction: S, Distance: 7.7m]
- Tree (Health: 10/10) [Direction: S, Distance: 7.7m]
- Tree (Health: 10/10) [Direction: SW, Distance: 8.4m]
- Tree (Health: 10/10) [Direction: SW, Distance: 8.4m]
- Tree (Health: 10/10) [Direction: W, Distance: 8.5m]
- Tree (Health: 10/10) [Direction: S, Distance: 8.6m]
- Tree (Health: 10/10) [Direction: S, Distance: 8.7m]
- Tree (Health: 10/10) [Direction: S, Distance: 8.7m]

Inventory (4/10):
- Axe x 1
- Pickaxe x 1
- Sword x 1
- Berries x 1

Tasks:
[
  {
    "task": "Carry out your daily dutiies",
    "priority": 1
  },
  {
    "task": "Catch up with other villagers",
    "priority": 2
  },
  {
    "task": "Maintain a healthy lifestyle",
    "priority": 3
  }
]

Memories:
- Harold Smith sees Tree at X: -4.79, Y: -10.59. [just now]
- Harold Smith sees Tree at X: -6.989999, Y: -4.169998. [just now]
- Never underestimate the ocean. She’s as loving as she is fierce. [just now]
- Storms are nature's way of testing your mettle. I’ve faced my share. [just now]
- Every wrinkle tells a story, and boy, do I have many. [just now]
- You measure a man not by his words, but by his deeds. [just now]
- I once caught a fish so big, it could've fed the village for a week. [just now]
- Life on the sea teaches you the meaning of hard work and danger. [just now]
- I've navigated by the stars, they're more reliable than any modern gadget. [just now]
- My old compass has never failed me. A gift from my late wife. [just now]

Hitbox (what you would hit with a swing based action):
- James McAllister (Health: 25/25)

Given the available information, pick the best available action function to accomplish your tasks.


[1694659653152] --- Action Functions ---
[1694659653155] [
  {
    "name": "move_to",
    "description": "Move to a target location",
    "parameters": {
      "type": "object",
      "properties": {
        "characterId": {
          "type": "string",
          "description": "The character ID of the character that is adding the item to the chest."
        },
        "x": {
          "type": "number",
          "description": "The X coordinate of the target location."
        },
        "y": {
          "type": "number",
          "description": "The Y coordinate of the target location."
        }
      }
    }
  },
  {
    "name": "drop_axe",
    "description": "Drop Axe onto the ground.",
    "parameters": {
      "type": "object",
      "properties": {
        "characterId": {
          "type": "string",
          "description": "The character ID of the character that is adding the item to the chest."
        },
        "itemId": {
          "type": "string",
          "description": "The item ID of the item that is being added to the chest. Must be lowercase.",
          "values": [
            "wood",
            "stone",
            "iron",
            "diamond",
            "copper",
            "coal",
            "axe",
            "pickaxe",
            "sword",
            "berries"
          ]
        }
      }
    }
  },
  {
    "name": "drop_pickaxe",
    "description": "Drop Pickaxe onto the ground.",
    "parameters": {
      "type": "object",
      "properties": {
        "characterId": {
          "type": "string",
          "description": "The character ID of the character that is adding the item to the chest."
        },
        "itemId": {
          "type": "string",
          "description": "The item ID of the item that is being added to the chest. Must be lowercase.",
          "values": [
            "wood",
            "stone",
            "iron",
            "diamond",
            "copper",
            "coal",
            "axe",
            "pickaxe",
            "sword",
            "berries"
          ]
        }
      }
    }
  },
  {
    "name": "drop_sword",
    "description": "Drop Sword onto the ground.",
    "parameters": {
      "type": "object",
      "properties": {
        "characterId": {
          "type": "string",
          "description": "The character ID of the character that is adding the item to the chest."
        },
        "itemId": {
          "type": "string",
          "description": "The item ID of the item that is being added to the chest. Must be lowercase.",
          "values": [
            "wood",
            "stone",
            "iron",
            "diamond",
            "copper",
            "coal",
            "axe",
            "pickaxe",
            "sword",
            "berries"
          ]
        }
      }
    }
  },
  {
    "name": "eat",
    "description": "Eat some food.",
    "parameters": {
      "type": "object",
      "properties": {
        "characterId": {
          "type": "string",
          "description": "The character ID of the character that is adding the item to the chest."
        },
        "foodId": {
          "type": "string",
          "description": "The food ID of the food to be eaten.",
          "values": [
            "berries"
          ]
        }
      }
    }
  },
  {
    "name": "drop_berries",
    "description": "Drop Berries onto the ground.",
    "parameters": {
      "type": "object",
      "properties": {
        "characterId": {
          "type": "string",
          "description": "The character ID of the character that is adding the item to the chest."
        },
        "itemId": {
          "type": "string",
          "description": "The item ID of the item that is being added to the chest. Must be lowercase.",
          "values": [
            "wood",
            "stone",
            "iron",
            "diamond",
            "copper",
            "coal",
            "axe",
            "pickaxe",
            "sword",
            "berries"
          ]
        }
      }
    }
  },
  {
    "name": "start_conversation",
    "description": "Start a conversation with James McAllister (ID: A6).",
    "parameters": {
      "type": "object",
      "properties": {
        "characterId": {
          "type": "string",
          "description": "The character ID of the character that is initiating the conversation."
        },
        "targetCharacterId": {
          "type": "string",
          "description": "The character ID of the target character."
        },
        "conversationGoal": {
          "type": "string",
          "description": "Describe a hypothesis for precisely what you hope to get out of this conversation with Human (5) in detail."
        }
      }
    }
  }
]
[1694659656120] [31mAgent A7 is already occupied. Skipping...[39m
[1694659661626] [35m[CORTEX] Harold Smith - Prior Message: [39mHey there! How are you?
[1694659661627] [35m[CORTEX] Harold Smith - Patience: [39m100
[1694659661627] [35m[CORTEX] Harold Smith - Conversation Goal: [39mFigure out why James McAllister started a conversation with me.
[1694659661627] [35m[CORTEX] Harold Smith - Conversation Finished: [39mfalse
[1694659663652] [35m[CORTEX] Harold Smith - Feel: [39mI feel fine, just another day in paradise.
[1694659676380] [35m[CORTEX] Harold Smith - Plan: [39m Harold plans to continue his quiet, peaceful life in the village, sharing wisdom and advising those who seek it. His days are filled with simple tasks like maintaining his own boat, mending fishing nets, and occasionally, telling tales from his fishing days. Every evening, he enjoys gazing at the stars, remembering the times when they were his navigation map across the vast seas. One can always find him by the shoreline, whether it's rain or shine, lost in his thoughts and occasional words of wisdom.
[1694659679135] [35m[CORTEX] Harold Smith - Say: [39mFit as an old fiddle, son. How can I help you today?

[1694659710790] [35m[CORTEX] Harold Smith - Prior Message: [39mI'm looking for a fishing rod, do you know where I can find one?
[1694659710791] [35m[CORTEX] Harold Smith - Patience: [39m100
[1694659710791] [35m[CORTEX] Harold Smith - Conversation Goal: [39mFigure out why James McAllister started a conversation with me.
[1694659710791] [35m[CORTEX] Harold Smith - Conversation Finished: [39mfalse
[1694659712967] [35m[CORTEX] Harold Smith - Feel: [39mHarold Smith feels glad that he could potentially help someone.
[1694659715499] [35m[CORTEX] Harold Smith - Explain: [39mJames McAllister started a conversation with me
[1694659716634] [35m[CORTEX] Harold Smith - Did I make progress? [39m[yes]
[1694659717770] [35m[CORTEX] Harold Smith - Did I accomplish my goal? [39m[yes]
[1694659723607] [35m[CORTEX] Harold Smith - Explain: [39mHarold believes in passing on practical wisdom. When James seeks his help in finding a fishing rod, Harold sees an opportunity to guide James, not just in fishing but perhaps teaching him a few life lessons as well. Thus, he is inclined to keep the conversation going.
[1694659724878] [35m[CORTEX] Harold Smith - Should I end the conversation? [39m[no]
[1694659732468] [35m[CORTEX] Harold Smith - Plan: [39m give James McAllister advice on the best types of fishing rods and where he might be able to find one
[1694659737077] [35m[CORTEX] Harold Smith - Say: [39mHmm, I might have an old rod in my shed. It's not much to look at, but it's got character, just like its previous owner.  Would you like to see it?

