[1694757621421] [Character] Creating George
[1694757622208] [31m[createMemory][39m George Brown is quite tired today. [0]
[1694757622208] [31m[createMemory][39m Working in the mines is tough but rewarding. [0]
[1694757622208] [31m[createMemory][39m I've been friends with Thomas for a long time. [0]
[1694757622208] [31m[createMemory][39m Safety in the mines is a top priority for me. [0]
[1694757622208] [31m[createMemory][39m I've discovered some rare minerals during my time here. [0]
[1694757622208] [31m[createMemory][39m I'm usually one of the first to arrive at the mine site. [0]
[1694757622208] [31m[createMemory][39m My family has been mining for generations. [0]
[1694757622208] [31m[createMemory][39m I enjoy a cold beverage after a long day in the mines. [0]
[1694757622208] [31m[createMemory][39m I've been taught traditional mining songs by the older miners. [0]
[1694757622208] [31m[createMemory][39m I've saved up to buy a house near the village. [0]
[1694757622208] [31m[createMemory][39m I know a secret tunnel in the mine that few know about. [0]
[1694757622208] [31m[createMemory][39m It's important to have the right tools for the job. [0]
[1694757622208] [31m[createMemory][39m I take pride in my work and look after my equipment. [0]
[1694757622208] [31m[createMemory][39m I sometimes join Thomas and others for a meal after work. [0]
[1694757622208] [31m[createMemory][39m I've had a few close calls, but always came out safe. [0]
[1694757622209] [31m[createMemory][39m The village festivities are something I look forward to every year. [0]
[1694757634607] [Character] George created
[1694757664352] [31m[createMemory][39m George Brown sees Stone Ore Deposit (Small) at X: 45.73, Y: 15.31. [0.0199999921]
[1694757664352] [31m[createMemory][39m George Brown sees Stone Ore Deposit (Medium) at X: 46.05, Y: 17.85. [0.0199999921]
[1694757664352] [31m[createMemory][39m George Brown sees Stone Ore Deposit (Small) at X: 46.53, Y: 21.65. [0.0199999921]
[1694757664352] [31m[createMemory][39m George Brown sees Stone Ore Deposit (Large) at X: 44.3, Y: 20.36. [0.0199999921]
[1694757664352] [31m[createMemory][39m George Brown sees Stone Ore Deposit (Small) at X: 47.58, Y: 19.17. [0.0199999921]
[1694757664352] [31m[createMemory][39m George Brown sees Copper Ore Deposit (Small) at X: 50.43, Y: 20.71. [0.0199999921]
[1694757664352] [31m[createMemory][39m George Brown sees Stone Ore Deposit (Medium) at X: 42.53862, Y: 17.00157. [0.0199999921]
[1694757664352] [31m[createMemory][39m George Brown sees Chest at X: 50.52, Y: 14.5. [0.0199999921]
[1694757670496] --- Prompt ---
[1694757670497] Character: 
- ID: A2
- Name: George Brown
- Age: 28
- Occupation: Miner
- Personality: Hardworking, Loyal, Reserved

Location: 48.02, 17.64

Time: Day 0, 12:00 AM

Energy: Fully Rested

Hunger: Starving

Environment:
- Stone Ore Deposit (Small) (Health: 5/5) [Location: 47.58, 19.17, Direction: N,  Distance: 1.6m]
- Stone Ore Deposit (Medium) (Health: 10/10) [Location: 46.05, 17.85, Direction: N,  Distance: 2.0m]
- Stone Ore Deposit (Small) (Health: 5/5) [Location: 45.73, 15.31, Direction: N,  Distance: 3.3m]
- Copper Ore Deposit (Small) (Health: 5/5) [Location: 50.43, 20.71, Direction: N,  Distance: 3.9m]
- Chest (Health: 10/10) [Location: 50.52, 14.5, Direction: N,  Distance: 4.0m]
- Stone Ore Deposit (Small) (Health: 5/5) [Location: 46.53, 21.65, Direction: NE,  Distance: 4.3m]
- Stone Ore Deposit (Large) (Health: 10/10) [Location: 44.3, 20.36, Direction: NE,  Distance: 4.6m]
- Stone Ore Deposit (Medium) (Health: 10/10) [Location: 42.53862, 17.00157, Direction: N,  Distance: 5.5m]
- Copper Ore Deposit (Small) (Health: 5/5) [Location: 49.03, 23.52, Direction: NE,  Distance: 6.0m]
- Copper Ore Deposit (Small) (Health: 5/5) [Location: 53.88, 19.83, Direction: N,  Distance: 6.3m]
- Copper Ore Deposit (Small) (Health: 5/5) [Location: 45.17, 23.28, Direction: NE,  Distance: 6.3m]
- Coal Ore Deposit (Small) (Health: 5/5) [Location: 54.64, 16.97, Direction: N,  Distance: 6.7m]
- Copper Ore Deposit (Medium) (Health: 10/10) [Location: 52.01, 23.05, Direction: NE,  Distance: 6.7m]
- Copper Ore Deposit (Medium) (Health: 10/10) [Location: 53.76, 21.7, Direction: N,  Distance: 7.0m]
- Tree (Health: 10/10) [Location: 47.72001, 10.21, Direction: N,  Distance: 7.4m]
- Stone Ore Deposit (Large) (Health: 10/10) [Location: 40.75, 19.74, Direction: NE,  Distance: 7.6m]
- Stone Ore Deposit (Small) (Health: 5/5) [Location: 41.33658, 13.99647, Direction: N,  Distance: 7.6m]
- Copper Ore Deposit (Large) (Health: 20/20) [Location: 47.23, 25.46, Direction: NE,  Distance: 7.9m]
- Tree (Health: 10/10) [Location: 52.41, 11.03, Direction: N,  Distance: 7.9m]
- Tree (Health: 10/10) [Location: 45.24001, 10.2, Direction: N,  Distance: 7.9m]
- Stone Ore Deposit (Large) (Health: 10/10) [Location: 41.29, 22.52, Direction: NE,  Distance: 8.3m]
- Copper Ore Deposit (Large) (Health: 20/20) [Location: 50.38, 26.11, Direction: NE,  Distance: 8.8m]

Inventory (4/10):
- Axe x 1
- Pickaxe x 1
- Sword x 1
- Berries x 1

Tasks:
[
  {
    "task": "Carry out your daily dutiies",
    "priority": 1
  },
  {
    "task": "Catch up with other villagers",
    "priority": 2
  },
  {
    "task": "Maintain a healthy lifestyle",
    "priority": 3
  }
]

Memories:
- I'm usually one of the first to arrive at the mine site. [0 minutes ago]
- I've been taught traditional mining songs by the older miners. [0 minutes ago]
- The village festivities are something I look forward to every year. [0 minutes ago]
- I've had a few close calls, but always came out safe. [0 minutes ago]
- I take pride in my work and look after my equipment. [0 minutes ago]
- I know a secret tunnel in the mine that few know about. [0 minutes ago]
- I've discovered some rare minerals during my time here. [0 minutes ago]
- I enjoy a cold beverage after a long day in the mines. [0 minutes ago]
- It's important to have the right tools for the job. [0 minutes ago]
- George Brown is quite tired today. [0 minutes ago]
- Safety in the mines is a top priority for me. [0 minutes ago]

Available Actions:
- move_to: Move to a target location
- swing_axe: Swing Axe.
- drop_axe: Drop Axe onto the ground.
- swing_pickaxe: Swing Pickaxe.
- drop_pickaxe: Drop Pickaxe onto the ground.
- swing_sword: Swing sword.
- drop_sword: Drop Sword onto the ground.
- eat: Eat some food.
- drop_berries: Drop Berries onto the ground.

Given the available information, update your task list. Take into consideration the time of day, environment, personality of the character, and more. Replace the entire JSON array by removing completed tasks, updating existing tasks with new information and priorities, and create new tasks based on the provided info. Keep the list as concise as possible. Remember focus on the time of day to adjust priorities.
