[1694757622122] [31m[createMemory][39m Today was my first day in the mines. [0]
[1694757622122] [31m[createMemory][39m George and Thomas have been really helpful. [0]
[1694757622122] [31m[createMemory][39m The depth and darkness of the mines can be intimidating. [0]
[1694757622122] [31m[createMemory][39m I accidentally broke a pickaxe on my first day. [0]
[1694757622122] [31m[createMemory][39m The older miners have so many stories to tell. [0]
[1694757622122] [31m[createMemory][39m I've always dreamed of being a miner like my father. [0]
[1694757622122] [31m[createMemory][39m The echo in the mines is fascinating. [0]
[1694757622122] [31m[createMemory][39m I need to remember to wear my helmet at all times. [0]
[1694757622122] [31m[createMemory][39m The village has been supportive of my new journey. [0]
[1694757622122] [31m[createMemory][39m I'm still learning the different routes in the mine. [0]
[1694757622122] [31m[createMemory][39m I was startled by the sound of a mine cart today. [0]
[1694757622122] [31m[createMemory][39m It's tiring, but I'm determined to make everyone proud. [0]
[1694757622122] [31m[createMemory][39m I hope to find a rare gem or mineral soon. [0]
[1694757622122] [31m[createMemory][39m The lanterns light up the mines in such a mysterious way. [0]
[1694757622122] [31m[createMemory][39m I can't wait to tell my family about my adventures here. [0]
[1694757622122] [31m[createMemory][39m Nume Village is located west of the crossroads at 2, -58. [0]
[1694757622123] [31m[createMemory][39m I grew up in Nume Village, it's my home and located at (2, -58) [0]
[1694757622123] [31m[createMemory][39m The mine site is north east of Nume Village, through the forest at 51, 17. [0]
[1694757622123] [31m[createMemory][39m The lumberyard is straight east of Nume Village and located at 72, -55.1 [0]
[1694757622123] [31m[createMemory][39m The campsite is North, but slightly west at 7, -8.3. You'll take a left at the fork in the road. [0]
[1694757634448] [Character] Will created
[1694757664352] [31m[createMemory][39m Will Turner sees Tree at X: 16.59, Y: -48.77. [0.0199999921]
[1694757664352] [31m[createMemory][39m Will Turner sees Tree at X: 20.55, Y: -48.68. [0.0199999921]
[1694757664352] [31m[createMemory][39m Will Turner sees Tree Stump at X: 21.23, Y: -50.62. [0.0199999921]
[1694757664353] [31m[createMemory][39m Will Turner sees Tree at X: 21.22, Y: -46.31001. [0.0199999921]
[1694757664353] [31m[createMemory][39m Will Turner sees Tree at X: 18.81, Y: -50.7. [0.0199999921]
[1694757664353] [31m[createMemory][39m Will Turner sees Tree at X: 22.96, Y: -45.28001. [0.0199999921]
[1694757664353] [31m[createMemory][39m Will Turner sees Tree at X: 18.72, Y: -46.62. [0.0199999921]
[1694757664353] [31m[createMemory][39m Will Turner sees House at X: 14.06, Y: -56.01. [0.0199999921]
[1694757664353] [31m[createMemory][39m Will Turner sees Tree at X: 18.55, Y: -53.24. [0.0199999921]
[1694757670761] --- Prompt ---
[1694757670763] Character: 
- ID: A3
- Name: Will Turner
- Age: 19
- Occupation: Apprentice Miner
- Personality: Curious, Eager, Naive

Location: 20.32, -50.5

Time: Day 0, 12:00 AM

Energy: Fully Rested

Hunger: Well-fed

Environment:
- Tree Stump (Health: 5/5) [Location: 21.23, -50.62, Direction: NW,  Distance: 0.92m]
- Tree (Health: 10/10) [Location: 18.81, -50.7, Direction: W,  Distance: 1.5m]
- Tree (Health: 10/10) [Location: 20.55, -48.68, Direction: NW,  Distance: 1.8m]
- Tree (Health: 10/10) [Location: 18.55, -53.24, Direction: W,  Distance: 3.3m]
- Tree (Health: 10/10) [Location: 16.59, -48.77, Direction: W,  Distance: 4.1m]
- Tree (Health: 10/10) [Location: 18.72, -46.62, Direction: W,  Distance: 4.2m]
- Tree (Health: 10/10) [Location: 21.22, -46.31001, Direction: NW,  Distance: 4.3m]
- Tree (Health: 10/10) [Location: 22.96, -45.28001, Direction: NW,  Distance: 5.8m]
- Tree (Health: 10/10) [Location: 15.83, -45.28211, Direction: W,  Distance: 6.9m]
- Tree (Health: 10/10) [Location: 20.9, -43.26, Direction: NW,  Distance: 7.3m]
- Tree (Health: 10/10) [Location: 18.4, -43.46, Direction: NW,  Distance: 7.3m]
- Tree Stump (Health: 5/5) [Location: 13.63, -46.92001, Direction: W,  Distance: 7.6m]
- Tree (Health: 10/10) [Location: 12.6, -49.3, Direction: W,  Distance: 7.8m]
- Tree (Health: 10/10) [Location: 25.76, -44.33, Direction: NW,  Distance: 8.2m]
- House (Health: 100/100) [Location: 14.06, -56.01, Direction: W,  Distance: 8.3m]
- Tree (Health: 10/10) [Location: 23.13, -42.43, Direction: NW,  Distance: 8.5m]
- House (Health: 100/100) [Location: 9.44, -53.9, Direction: W,  Distance: 11m]

Inventory (4/10):
- Axe x 1
- Pickaxe x 1
- Sword x 1
- Berries x 1

Tasks:
[
  {
    "task": "Carry out your daily dutiies",
    "priority": 1
  },
  {
    "task": "Catch up with other villagers",
    "priority": 2
  },
  {
    "task": "Maintain a healthy lifestyle",
    "priority": 3
  }
]

Memories:
- The depth and darkness of the mines can be intimidating. [0 minutes ago]
- Today was my first day in the mines. [0 minutes ago]
- Nume Village is located west of the crossroads at 2, -58. [0 minutes ago]
- The lumberyard is straight east of Nume Village and located at 72, -55.1 [0 minutes ago]
- The village has been supportive of my new journey. [0 minutes ago]
- I hope to find a rare gem or mineral soon. [0 minutes ago]
- I was startled by the sound of a mine cart today. [0 minutes ago]
- I need to remember to wear my helmet at all times. [0 minutes ago]
- I've always dreamed of being a miner like my father. [0 minutes ago]
- I accidentally broke a pickaxe on my first day. [0 minutes ago]
- The mine site is north east of Nume Village, through the forest at 51, 17. [0 minutes ago]

Available Actions:
- move_to: Move to a target location
- drop_axe: Drop Axe onto the ground.
- drop_pickaxe: Drop Pickaxe onto the ground.
- drop_sword: Drop Sword onto the ground.
- eat: Eat some food.
- drop_berries: Drop Berries onto the ground.

Hitbox (what you would hit with a swing based action):
- Tree Stump (Health: 5/5)

Given the available information, update your task list. Take into consideration the time of day, environment, personality of the character, and more. Replace the entire JSON array by removing completed tasks, updating existing tasks with new information and priorities, and create new tasks based on the provided info. Keep the list as concise as possible. Remember focus on the time of day to adjust priorities.
[1694757681747] --- Response ---
[1694757681747] Updated Tasks: 
[1694757681748] [
  {
    "task": "Carry out your daily duties",
    "priority": 1
  },
  {
    "task": "Maintain a healthy lifestyle",
    "priority": 2
  },
  {
    "task": "Catch up with other villagers",
    "priority": 3
  },
  {
    "task": "Try to Improve Mining Skills",
    "priority": 4
  },
  {
    "task": "Maintain Tools",
    "priority": 5
  }
]
