[1694757621427] [Character] Creating Lucy
[1694757622206] [31m[createMemory][39m The feel of the axe in my hand is like an extension of myself. [0]
[1694757622207] [31m[createMemory][39m I remember the tallest tree I've ever felled, stood mighty for over a century. [0]
[1694757622207] [31m[createMemory][39m The forest whispers its secrets if you're patient enough to listen. [0]
[1694757622207] [31m[createMemory][39m The village depends on our timber, it's a responsibility I don't take lightly. [0]
[1694757622207] [31m[createMemory][39m Thomas once tried to chop wood, it was amusing to say the least. [0]
[1694757622207] [31m[createMemory][39m Nothing beats the smell of fresh-cut timber in the morning. [0]
[1694757622207] [31m[createMemory][39m I've carved symbols on some trees, marking special moments of my life. [0]
[1694757622207] [31m[createMemory][39m Will reminds me of when I was young, eager to learn and prove myself. [0]
[1694757622207] [31m[createMemory][39m I've saved more than a few animals stuck or hurt, the forest is their home. [0]
[1694757622207] [31m[createMemory][39m George and I have shared tales over campfires many nights. [0]
[1694757622207] [31m[createMemory][39m Rain or shine, the trees await and work must be done. [0]
[1694757622207] [31m[createMemory][39m I respect the forest, only taking what's necessary and planting twice as much. [0]
[1694757622207] [31m[createMemory][39m Every lumberjack has a favorite axe; mine's named 'Whisper'. [0]
[1694757622207] [31m[createMemory][39m The creaking sound a tree makes just before it falls is both eerie and beautiful. [0]
[1694757622207] [31m[createMemory][39m At times, the forest feels alive, watching, and I'm just a small part of its vast story. [0]
[1694757634628] [Character] Lucy created
[1694757670660] --- Prompt ---
[1694757670663] Character: 
- ID: A4
- Name: Lucy Wilde
- Age: 35
- Occupation: Lumberjack
- Personality: Stoic, Resourceful, Witty

Location: 8.73, -62.46

Time: Day 0, 12:00 AM

Energy: Fully Rested

Hunger: Starving

Environment:
- Tree (Health: 10/10) [Location: 10.63, -67.41, Direction: W,  Distance: 5.3m]
- Tree (Health: 10/10) [Location: 8.59, -67.92, Direction: W,  Distance: 5.5m]
- Tree (Health: 10/10) [Location: 8.59, -67.92, Direction: W,  Distance: 5.5m]
- Cedric Warborn (Health: 25/25) [Location: 4.8, -58.14, Direction: W,  Distance: 5.8m]
- Tree (Health: 10/10) [Location: 2.75, -62.47, Direction: W,  Distance: 6.0m]
- Tree (Health: 10/10) [Location: 5.28, -67.75, Direction: W,  Distance: 6.3m]
- Tree (Health: 10/10) [Location: 3.57, -66.16, Direction: W,  Distance: 6.3m]
- Tree (Health: 10/10) [Location: 13.38, -67.32, Direction: W,  Distance: 6.7m]
- John Swift (Health: 25/25) [Location: 8.42, -54.8, Direction: W,  Distance: 7.7m]
- Tree (Health: 10/10) [Location: 7.93, -70.34, Direction: W,  Distance: 7.9m]
- Tree (Health: 10/10) [Location: 11.01, -70.07, Direction: W,  Distance: 7.9m]
- Tree (Health: 10/10) [Location: 0.3800001, -64.07, Direction: W,  Distance: 8.5m]
- House (Health: 100/100) [Location: 3.663626, -54.92766, Direction: W,  Distance: 9.1m]

Inventory (4/10):
- Axe x 1
- Pickaxe x 1
- Sword x 1
- Berries x 1

Tasks:
[
  {
    "task": "Carry out your daily dutiies",
    "priority": 1
  },
  {
    "task": "Catch up with other villagers",
    "priority": 2
  },
  {
    "task": "Maintain a healthy lifestyle",
    "priority": 3
  }
]

Memories:
- George and I have shared tales over campfires many nights. [just now]
- I've saved more than a few animals stuck or hurt, the forest is their home. [just now]
- The forest whispers its secrets if you're patient enough to listen. [just now]
- At times, the forest feels alive, watching, and I'm just a small part of its vast story. [just now]
- Nothing beats the smell of fresh-cut timber in the morning. [just now]
- Every lumberjack has a favorite axe; mine's named 'Whisper'. [just now]
- The creaking sound a tree makes just before it falls is both eerie and beautiful. [just now]
- I've carved symbols on some trees, marking special moments of my life. [just now]
- Will reminds me of when I was young, eager to learn and prove myself. [just now]
- Thomas once tried to chop wood, it was amusing to say the least. [just now]

Available Actions:
- move_to: Move to a target location
- drop_axe: Drop Axe onto the ground.
- drop_pickaxe: Drop Pickaxe onto the ground.
- drop_sword: Drop Sword onto the ground.
- eat: Eat some food.
- drop_berries: Drop Berries onto the ground.

Given the available information, update your task list. Take into consideration the time of day, environment, personality of the character, and more. Replace the entire JSON array by removing completed tasks, updating existing tasks with new information and priorities, and create new tasks based on the provided info. Keep the list as concise as possible. Remember focus on the time of day to adjust priorities.
