[1694757621448] [Character] Creating Eleanor
[1694757622148] [31m[createMemory][39m I never miss a target; my training ensures it. [0]
[1694757622148] [31m[createMemory][39m My bow, Windstrike, has been my companion since my teenage years. [0]
[1694757622148] [31m[createMemory][39m I've helped my village fend off countless bandit attacks. [0]
[1694757622148] [31m[createMemory][39m I can navigate the Everwood Forest without a map. [0]
[1694757622148] [31m[createMemory][39m Herbal remedies are as important to me as my arrows. [0]
[1694757622148] [31m[createMemory][39m I have a keen eye for strategy; it's saved us more than once. [0]
[1694757622148] [31m[createMemory][39m I've trained young archers in my village. [0]
[1694757622148] [31m[createMemory][39m The thrill of the hunt is a familiar friend. [0]
[1694757622148] [31m[createMemory][39m Loyalty to my allies is my unwavering principle. [0]
[1694757622148] [31m[createMemory][39m Understanding the terrain can turn the tide of any battle. [0]
[1694757622148] [31m[createMemory][39m I've crafted my own arrows from rare materials. [0]
[1694757622148] [31m[createMemory][39m I have a deep connection to the natural world around me. [0]
[1694757622148] [31m[createMemory][39m My family are renowned hunters; it runs in our blood. [0]
[1694757622148] [31m[createMemory][39m Enemy or prey, neither hear me approach. [0]
[1694757622148] [31m[createMemory][39m I keep a journal detailing different battle strategies. [0]
[1694757622148] [31m[createMemory][39m Our village is located by the Great Lake, coordinates 30, -20. [0]
[1694757622148] [31m[createMemory][39m The Everwood Forest is a sprawling wilderness at 60, 40. [0]
[1694757622148] [31m[createMemory][39m A hidden waterfall lies at the coordinates 35, -10; it's my sanctuary. [0]
[1694757622148] [31m[createMemory][39m Our enemies' base is at 50, 60. I've scouted it. [0]
[1694757622148] [31m[createMemory][39m The bustling market square is at 25, 0; where I buy rare arrow materials. [0]
[1694757634607] [Character] Eleanor created
[1694757664349] [31m[createMemory][39m Eleanor Wraithwind sees Chest at X: 37.52, Y: -48.22. [0.0199999921]
[1694757664349] [31m[createMemory][39m Eleanor Wraithwind sees Tree at X: 38.28, Y: -45.67. [0.0199999921]
[1694757664349] [31m[createMemory][39m Eleanor Wraithwind sees Tree at X: 44.75, Y: -48.82. [0.0199999921]
[1694757664349] [31m[createMemory][39m Eleanor Wraithwind sees Tree at X: 44.35, Y: -46.47. [0.0199999921]
[1694757664349] [31m[createMemory][39m Eleanor Wraithwind sees Tree Stump at X: 38.7, Y: -50.07. [0.0199999921]
[1694757664349] [31m[createMemory][39m Eleanor Wraithwind sees Tree at X: 39.4, Y: -48.08. [0.0199999921]
[1694757664349] [31m[createMemory][39m Eleanor Wraithwind sees Tree at X: 42.62, Y: -48.29. [0.0199999921]
[1694757664349] [31m[createMemory][39m Eleanor Wraithwind sees Tree Stump at X: 36.50999, Y: -46.03. [0.0199999921]
[1694757664349] [31m[createMemory][39m Eleanor Wraithwind sees Tree at X: 43.53, Y: -51.61. [0.0199999921]
[1694757664349] [31m[createMemory][39m Eleanor Wraithwind sees Tree at X: 36.04, Y: -47.68999. [0.0199999921]
[1694757664349] [31m[createMemory][39m Eleanor Wraithwind sees Tree at X: 40.72, Y: -46.88. [0.0199999921]
[1694757664349] [31m[createMemory][39m Eleanor Wraithwind sees Tree at X: 41.96, Y: -50.43. [0.0199999921]
[1694757670292] --- Prompt ---
[1694757670293] Character: 
- ID: A9
- Name: Eleanor Wraithwind
- Age: 25
- Occupation: Archer
- Personality: Calm, Strategic, Loyal

Location: 39.79, -50.15

Time: Day 0, 12:00 AM

Energy: Fully Rested

Hunger: Starving

Environment:
- Tree Stump (Health: 5/5) [Location: 38.7, -50.07, Direction: NW,  Distance: 1.1m]
- Tree (Health: 10/10) [Location: 39.4, -48.08, Direction: NW,  Distance: 2.1m]
- Tree (Health: 10/10) [Location: 41.96, -50.43, Direction: NW,  Distance: 2.2m]
- Chest (Health: 10/10) [Location: 37.52, -48.22, Direction: NW,  Distance: 3.0m]
- Tree (Health: 10/10) [Location: 42.62, -48.29, Direction: NW,  Distance: 3.4m]
- Tree (Health: 10/10) [Location: 40.72, -46.88, Direction: NW,  Distance: 3.4m]
- Tree (Health: 10/10) [Location: 43.53, -51.61, Direction: NW,  Distance: 4.0m]
- Tree (Health: 10/10) [Location: 36.04, -47.68999, Direction: NW,  Distance: 4.5m]
- Tree (Health: 10/10) [Location: 38.28, -45.67, Direction: NW,  Distance: 4.7m]
- Tree (Health: 10/10) [Location: 44.75, -48.82, Direction: NW,  Distance: 5.1m]
- Tree Stump (Health: 5/5) [Location: 36.50999, -46.03, Direction: NW,  Distance: 5.3m]
- Tree (Health: 10/10) [Location: 39.8, -44.33, Direction: NW,  Distance: 5.8m]
- Tree (Health: 10/10) [Location: 44.35, -46.47, Direction: NW,  Distance: 5.9m]
- Tree (Health: 10/10) [Location: 42.65, -44.83, Direction: NW,  Distance: 6.0m]
- Tree (Health: 10/10) [Location: 45.95, -51.07, Direction: NW,  Distance: 6.2m]
- Tree (Health: 10/10) [Location: 36.37, -44.45, Direction: NW,  Distance: 6.6m]
- Tree (Health: 10/10) [Location: 46.71, -48.82, Direction: NW,  Distance: 7.0m]
- Tree (Health: 10/10) [Location: 46.48, -46.86, Direction: NW,  Distance: 7.5m]
- Tree (Health: 10/10) [Location: 44.46999, -44.24, Direction: NW,  Distance: 7.5m]
- Tree Stump (Health: 5/5) [Location: 47, -52.43, Direction: NW,  Distance: 7.6m]
- Tree (Health: 10/10) [Location: 41.31, -42.68, Direction: NW,  Distance: 7.6m]
- Tree (Health: 10/10) [Location: 41.31, -42.68, Direction: NW,  Distance: 7.6m]
- Tree Stump (Health: 5/5) [Location: 38.74, -41.81, Direction: NW,  Distance: 8.4m]
- Tree (Health: 10/10) [Location: 44.22, -42.59, Direction: NW,  Distance: 8.8m]

Inventory (4/10):
- Axe x 1
- Pickaxe x 1
- Sword x 1
- Berries x 1

Tasks:
[
  {
    "task": "Carry out your daily dutiies",
    "priority": 1
  },
  {
    "task": "Catch up with other villagers",
    "priority": 2
  },
  {
    "task": "Maintain a healthy lifestyle",
    "priority": 3
  }
]

Memories:
- I keep a journal detailing different battle strategies. [0 minutes ago]
- The bustling market square is at 25, 0; where I buy rare arrow materials. [0 minutes ago]
- Our village is located by the Great Lake, coordinates 30, -20. [0 minutes ago]
- Loyalty to my allies is my unwavering principle. [0 minutes ago]
- Herbal remedies are as important to me as my arrows. [0 minutes ago]
- The thrill of the hunt is a familiar friend. [0 minutes ago]
- I never miss a target; my training ensures it. [0 minutes ago]
- I've helped my village fend off countless bandit attacks. [0 minutes ago]
- A hidden waterfall lies at the coordinates 35, -10; it's my sanctuary. [0 minutes ago]
- My family are renowned hunters; it runs in our blood. [0 minutes ago]
- Understanding the terrain can turn the tide of any battle. [0 minutes ago]
- Our enemies' base is at 50, 60. I've scouted it. [0 minutes ago]
- I have a deep connection to the natural world around me. [0 minutes ago]

Available Actions:
- move_to: Move to a target location
- swing_axe: Swing Axe.
- drop_axe: Drop Axe onto the ground.
- swing_pickaxe: Swing Pickaxe.
- drop_pickaxe: Drop Pickaxe onto the ground.
- swing_sword: Swing sword.
- drop_sword: Drop Sword onto the ground.
- eat: Eat some food.
- drop_berries: Drop Berries onto the ground.

Given the available information, update your task list. Take into consideration the time of day, environment, personality of the character, and more. Replace the entire JSON array by removing completed tasks, updating existing tasks with new information and priorities, and create new tasks based on the provided info. Keep the list as concise as possible. Remember focus on the time of day to adjust priorities.
