[1694757716936] [Character] Creating James
[1694757717616] [31m[createMemory][39m First sale I ever made was a pocket watch. Still got the knack for timepieces. [0]
[1694757717616] [31m[createMemory][39m I've visited so many towns, I could draw a map from memory. [0]
[1694757717616] [31m[createMemory][39m Every road has its bumps. Literally. My cart’s wheels are proof. [0]
[1694757717616] [31m[createMemory][39m I always have a joke up my sleeve. Lightens the mood and loosens wallets. [0]
[1694757717616] [31m[createMemory][39m I have a sixth sense for what people want. Makes for good business. [0]
[1694757717616] [31m[createMemory][39m Harold once told me, 'Even a salesman could learn from the sea.' He’s not wrong. [0]
[1694757717616] [31m[createMemory][39m If I’m not selling, I’m learning. Everyone’s got something to teach. [0]
[1694757717619] [31m[createMemory][39m Eli’s curiosity reminds me of my younger days. Hope he keeps it. [0]
[1694757717619] [31m[createMemory][39m Met a craftsman who made the most exquisite jewelry. Talked him into a partnership. [0]
[1694757717619] [31m[createMemory][39m You can't just sell a product; you sell dreams, comfort, a better tomorrow. [0]
[1694757717619] [31m[createMemory][39m I carry a lucky coin. Hasn’t failed me yet. [0]
[1694757717619] [31m[createMemory][39m Some folks call it selling. I call it helping people make decisions. [0]
[1694757717619] [31m[createMemory][39m My biggest sale? A grand piano. Don't ask how I managed to carry it. [0]
[1694757717619] [31m[createMemory][39m No one knows it, but I can play the harmonica. Helps pass the lonely roads. [0]
[1694757717619] [31m[createMemory][39m I’ve learned to spot a deal from a dud. The eyes always give it away. [0]
[1694757729352] [Character] James created
[1694757775177] [35m[CORTEX] James McAllister - Prior Message: [39mListen here, James. The sea, like life, is full of tides. We've got our highs and lows, but remember, it's never the same water. Change is inevitable.
[1694757775177] [35m[CORTEX] James McAllister - Patience: [39m100
[1694757775177] [35m[CORTEX] James McAllister - Conversation Goal: [39mfiguring out why Harold Smith started a conversation with them.
[1694757775177] [35m[CORTEX] James McAllister - Conversation Finished: [39mfalse
[1694757783030] [35m[CORTEX] James McAllister - Feel: [39mListen here, James. The sea, like life, is full of tides. We've got our highs and lows, but remember, it's never the same water. Change is inevitable.
[1694757788379] [35m[CORTEX] James McAllister - Plan: [39m James plans to respond to Harold's advice about change being inevitable, and tie it into his own experience and philosophy as a salesman who constantly adapts to changing markets and customer demands.
[1694757793098] [35m[CORTEX] James McAllister - Say: [39mAin't that the truth, Harold. Just like the sea, markets ebb and flow. It's about keeping your footing when the waters shift. Change keeps things interesting, wouldn't you say?

