[1695429344300] [Character] Creating Thomas
[1695429344745] [31m[createMemory][39m I should be asleep until 7am. [0]
[1695429344745] [31m[createMemory][39m It's my job to protect the village. [0]
[1695429344745] [31m[createMemory][39m I need to make sure everyone is safe. [0]
[1695429344745] [31m[createMemory][39m I do the work that no one else wants to do. [0]
[1695429344745] [31m[createMemory][39m I try to be as honest as possible. [0]
[1695429344745] [31m[createMemory][39m I'm not afraid of anything. [0]
[1695429344745] [31m[createMemory][39m I go to bed at 10pm. [0]
[1695429344745] [31m[createMemory][39m I like strawberries. [0]
[1695429344745] [31m[createMemory][39m The village location is 2, -58. [0]
[1695429344745] [31m[createMemory][39m The mine site is at 51, 17. [0]
[1695429344745] [31m[createMemory][39m The lumberyard is at 72, -55.1 [0]
[1695429344745] [31m[createMemory][39m The campsite is at 7, -8.3 [0]
[1695429344745] [31m[createMemory][39m The Nume River flows through the village. [0]
[1695429344745] [31m[createMemory][39m Nume Falls are north of the village, and west of the campsite. [0]
[1695429344745] [31m[createMemory][39m The area is surrounded by forested monutains, filled with wildlife, rivers, and lakes. [0]
[1695429360052] [Character] Thomas created (clmvauuk30001vdvtfnhpsqin)
[1695429376331] [31m[createMemory][39m Thomas Smith sees Lucy Wilde at X: 56.59, Y: -18.82. [0]
[1695429376354] [31m[createMemory][39m Thomas Smith sees Tree Stump at X: 52.4, Y: -20.42. [0]
[1695429376385] [31m[createMemory][39m Thomas Smith sees Tree at X: 59.01, Y: -15.07. [0]
[1695429376438] [31m[createMemory][39m Thomas Smith sees Tree at X: 56.09, Y: -15.63. [0]
[1695429376453] [31m[createMemory][39m Thomas Smith sees Tree at X: 54.01, Y: -15.6. [0]
[1695429387825] --- Prompt ---
[1695429387828] Character: 
- ID: A1
- Name: Thomas Smith
- Age: 32
- Occupation: Village Leader
- Personality: Brave, Calm, Honest

Location: 55.25, -18.75

Time: Day 0, 12:00 AM

Energy: Fully Rested

Hunger: Full

Environment:
- Lucy Wilde (Health: 25/25) [Location: 56.59, -18.82, Direction: N,  Distance: 1.3m]
- Tree (Health: 10/10) [Location: 56.09, -15.63, Direction: N,  Distance: 3.2m]
- Tree Stump (Health: 5/5) [Location: 52.4, -20.42, Direction: N,  Distance: 3.3m]
- Tree (Health: 10/10) [Location: 54.01, -15.6, Direction: N,  Distance: 3.4m]
- Tree (Health: 10/10) [Location: 59.01, -15.07, Direction: N,  Distance: 5.3m]
- Tree (Health: 10/10) [Location: 54.59, -12.8, Direction: N,  Distance: 6.0m]
- Tree (Health: 10/10) [Location: 57.2, -12.75, Direction: N,  Distance: 6.3m]
- Tree (Health: 10/10) [Location: 58.89, -24.2, Direction: N,  Distance: 6.6m]
- House (Health: 100/100) [Location: 59.514, -24.01099, Direction: N,  Distance: 6.8m]
- Tree (Health: 10/10) [Location: 52.03, -12.2, Direction: N,  Distance: 7.3m]
- Owen Greenfield (Health: 25/25) [Location: 49.52, -23.51, Direction: NW,  Distance: 7.4m]
- Tree (Health: 10/10) [Location: 61.04, -13.46, Direction: N,  Distance: 7.8m]
- Tree (Health: 10/10) [Location: 47.86, -15.94, Direction: N,  Distance: 7.9m]
- Tree (Health: 10/10) [Location: 54.53, -10.85, Direction: N,  Distance: 7.9m]
- Tree (Health: 10/10) [Location: 59.02, -26.06, Direction: NW,  Distance: 8.2m]
- Tree (Health: 10/10) [Location: 58.3, -10.95, Direction: N,  Distance: 8.4m]
- Tree (Health: 10/10) [Location: 46.7, -18.14, Direction: N,  Distance: 8.6m]

Inventory (4/10):
- Axe x 1
- Pickaxe x 1
- Sword x 1
- Berries x 1

Tasks:
[
  {
    "task": "Catch up with Lucy",
    "priority": 1
  },
  {
    "task": "Go to Nume Village",
    "priority": 2
  },
  {
    "task": "Maintain a healthy lifestyle",
    "priority": 3
  }
]

Memories:
- The mine site is at 51, 17. [just now]
- The lumberyard is at 72, -55.1 [just now]
- The campsite is at 7, -8.3 [just now]
- I'm not afraid of anything. [just now]
- The village location is 2, -58. [just now]
- I should be asleep until 7am. [just now]
- The Nume River flows through the village. [just now]
- I try to be as honest as possible. [just now]
- I go to bed at 10pm. [just now]
- I like strawberries. [just now]
- I need to make sure everyone is safe. [just now]

Available Actions:
- move_to: Move to a target location
- drop_axe: Drop Axe onto the ground.
- drop_pickaxe: Drop Pickaxe onto the ground.
- drop_sword: Drop Sword onto the ground.
- eat: Eat some food.
- drop_berries: Drop Berries onto the ground.
- start_conversation: Start a conversation with Lucy Wilde (ID: A4).

Hitbox (what you would hit with a swing based action):
- Lucy Wilde (Health: 25/25)

Given the available information, update your task list. Take into consideration the time of day, environment, personality of the character, and more. Replace the entire JSON array by removing completed tasks, updating existing tasks with new information and priorities, and create new tasks based on the provided info. Keep the list as concise as possible. Remember focus on the time of day to adjust priorities.
[1695429402073] --- Response ---
[1695429402073] Updated Tasks: 
[1695429402073] [
  {
    "task": "Catch up with Lucy",
    "priority": 1
  },
  {
    "task": "Start conversation with Lucy Wilde",
    "priority": 2
  },
  {
    "task": "Go to Nume Village",
    "priority": 3
  },
  {
    "task": "Gather resources from lumberyard",
    "priority": 4,
    "details": {
      "location": "72, -55.1"
    }
  },
  {
    "task": "Maintain a healthy lifestyle",
    "priority": 5
  },
  {
    "task": "Ensure everyone's safety",
    "priority": 6
  },
  {
    "task": "Sleep by 10pm",
    "priority": 7
  }
]
[1695429409490] --- Prompt ---
[1695429409490] Character: 
- ID: A1
- Name: Thomas Smith
- Age: 32
- Occupation: Village Leader
- Personality: Brave, Calm, Honest

Location: 55.25, -18.75

Time: Day 0, 12:00 AM

Energy: Fully Rested

Hunger: Full

Environment:
- Lucy Wilde (Health: 25/25) [Direction: N, Distance: 1.3m]
- Tree (Health: 10/10) [Direction: N, Distance: 3.2m]
- Tree Stump (Health: 5/5) [Direction: N, Distance: 3.3m]
- Tree (Health: 10/10) [Direction: N, Distance: 3.4m]
- Tree (Health: 10/10) [Direction: N, Distance: 5.3m]
- Tree (Health: 10/10) [Direction: N, Distance: 6.0m]
- Tree (Health: 10/10) [Direction: N, Distance: 6.3m]
- Tree (Health: 10/10) [Direction: N, Distance: 6.6m]
- House (Health: 100/100) [Direction: N, Distance: 6.8m]
- Tree (Health: 10/10) [Direction: N, Distance: 7.3m]
- Owen Greenfield (Health: 25/25) [Direction: NW, Distance: 7.4m]
- Tree (Health: 10/10) [Direction: N, Distance: 7.8m]
- Tree (Health: 10/10) [Direction: N, Distance: 7.9m]
- Tree (Health: 10/10) [Direction: N, Distance: 7.9m]
- Tree (Health: 10/10) [Direction: NW, Distance: 8.2m]
- Tree (Health: 10/10) [Direction: N, Distance: 8.4m]
- Tree (Health: 10/10) [Direction: N, Distance: 8.6m]

Inventory (4/10):
- Axe x 1
- Pickaxe x 1
- Sword x 1
- Berries x 1

Tasks:
[
  {
    "task": "Catch up with Lucy",
    "priority": 1
  },
  {
    "task": "Start conversation with Lucy Wilde",
    "priority": 2
  },
  {
    "task": "Go to Nume Village",
    "priority": 3
  },
  {
    "task": "Gather resources from lumberyard",
    "priority": 4
  },
  {
    "task": "Maintain a healthy lifestyle",
    "priority": 5
  },
  {
    "task": "Ensure everyone's safety",
    "priority": 6
  },
  {
    "task": "Sleep by 10pm",
    "priority": 7
  }
]

Memories:
- I go to bed at 10pm. [just now]
- The Nume River flows through the village. [just now]
- The campsite is at 7, -8.3 [just now]
- The mine site is at 51, 17. [just now]
- Thomas Smith sees Tree at X: 59.01, Y: -15.07. [just now]
- Thomas Smith sees Tree at X: 56.09, Y: -15.63. [just now]
- Thomas Smith sees Tree Stump at X: 52.4, Y: -20.42. [just now]
- I need to make sure everyone is safe. [just now]
- I like strawberries. [just now]
- I try to be as honest as possible. [just now]

Hitbox (what you would hit with a swing based action):
- Lucy Wilde (Health: 25/25)

Given the available information, pick the best available action function to accomplish your tasks. Avoid actions that are too similar and repeating.


[1695429409490] --- Action Functions ---
[1695429409490] [
  {
    "name": "move_to",
    "description": "Move to a target location",
    "parameters": {
      "type": "object",
      "properties": {
        "characterId": {
          "type": "string",
          "description": "The character ID of the character that is adding the item to the chest."
        },
        "x": {
          "type": "number",
          "description": "The X coordinate of the target location."
        },
        "y": {
          "type": "number",
          "description": "The Y coordinate of the target location."
        }
      }
    }
  },
  {
    "name": "drop_axe",
    "description": "Drop Axe onto the ground.",
    "parameters": {
      "type": "object",
      "properties": {
        "characterId": {
          "type": "string",
          "description": "The character ID of the character that is adding the item to the chest."
        },
        "itemId": {
          "type": "string",
          "description": "The item ID of the item that is being added to the chest. Must be lowercase.",
          "values": [
            "wood",
            "stone",
            "iron",
            "diamond",
            "copper",
            "coal",
            "axe",
            "pickaxe",
            "sword",
            "berries"
          ]
        }
      }
    }
  },
  {
    "name": "drop_pickaxe",
    "description": "Drop Pickaxe onto the ground.",
    "parameters": {
      "type": "object",
      "properties": {
        "characterId": {
          "type": "string",
          "description": "The character ID of the character that is adding the item to the chest."
        },
        "itemId": {
          "type": "string",
          "description": "The item ID of the item that is being added to the chest. Must be lowercase.",
          "values": [
            "wood",
            "stone",
            "iron",
            "diamond",
            "copper",
            "coal",
            "axe",
            "pickaxe",
            "sword",
            "berries"
          ]
        }
      }
    }
  },
  {
    "name": "drop_sword",
    "description": "Drop Sword onto the ground.",
    "parameters": {
      "type": "object",
      "properties": {
        "characterId": {
          "type": "string",
          "description": "The character ID of the character that is adding the item to the chest."
        },
        "itemId": {
          "type": "string",
          "description": "The item ID of the item that is being added to the chest. Must be lowercase.",
          "values": [
            "wood",
            "stone",
            "iron",
            "diamond",
            "copper",
            "coal",
            "axe",
            "pickaxe",
            "sword",
            "berries"
          ]
        }
      }
    }
  },
  {
    "name": "eat",
    "description": "Eat some food.",
    "parameters": {
      "type": "object",
      "properties": {
        "characterId": {
          "type": "string",
          "description": "The character ID of the character that is adding the item to the chest."
        },
        "foodId": {
          "type": "string",
          "description": "The food ID of the food to be eaten.",
          "values": [
            "berries"
          ]
        }
      }
    }
  },
  {
    "name": "drop_berries",
    "description": "Drop Berries onto the ground.",
    "parameters": {
      "type": "object",
      "properties": {
        "characterId": {
          "type": "string",
          "description": "The character ID of the character that is adding the item to the chest."
        },
        "itemId": {
          "type": "string",
          "description": "The item ID of the item that is being added to the chest. Must be lowercase.",
          "values": [
            "wood",
            "stone",
            "iron",
            "diamond",
            "copper",
            "coal",
            "axe",
            "pickaxe",
            "sword",
            "berries"
          ]
        }
      }
    }
  },
  {
    "name": "start_conversation",
    "description": "Start a conversation with Lucy Wilde (ID: A4).",
    "parameters": {
      "type": "object",
      "properties": {
        "characterId": {
          "type": "string",
          "description": "The character ID of the character that is initiating the conversation."
        },
        "targetCharacterId": {
          "type": "string",
          "description": "The character ID of the target character."
        },
        "conversationGoal": {
          "type": "string",
          "description": "Describe a hypothesis for precisely what you hope to get out of this conversation with Human (3) in detail."
        }
      }
    }
  }
]
[1695429412470] Occupied agent A1
[1695429412686] [31m[createMemory][39m Lucy Wilde started a conversation with me. [29.2161942]
[1695429412758] Checking if agent is occupied...
[1695429412759] [31mAgent A1 is already occupied. Skipping...[39m
[1695429418157] [31m[createMemory][39m Thomas Smith sees James McAllister at X: 50.75, Y: -20.99973. [34.3328629]
[1695429422163] [31m[createMemory][39m Thomas Smith sees George Brown at X: 60.28958, Y: -19.75088. [37.8828621]
[1695429424179] [35m[CORTEX] Thomas Smith - Prior Message: [39mThomas, listen to this. The forest, it sings a song only few can hear. Pay attention and it'll tell us what it needs and what it can give.
[1695429424179] [35m[CORTEX] Thomas Smith - Patience: [39m100
[1695429424179] [35m[CORTEX] Thomas Smith - Conversation Goal: [39mfiguring out why Lucy Wilde started a conversation with them.
[1695429424179] [35m[CORTEX] Thomas Smith - Conversation Finished: [39mfalse
[1695429428781] [35m[CORTEX] Thomas Smith - Feel: [39mThese are the memories I have related to Lucy Wilde's previous message
[1695429433114] [35m[CORTEX] Thomas Smith - Plan: [39m Thomas Smith will heed Lucy Wilde's cryptic advice, trying to decipher the song of the forest. He'll gather the villagers to discuss these words and integrate them into his leadership. Still, he'll maintain a careful control, ensuring that his power is intact even as he listens to the message of the wilderness.
[1695429437794] [35m[CORTEX] Thomas Smith - Say: [39mLucy, nature has been speaking since the dawn of time. Some of us have just forgotten how to listen. I'll take your words to heart, but remember, I'm the conductor of this orchestra.

[1695429446801] [31m[createMemory][39m Thomas Smith sees Cedric Warborn at X: 60.50008, Y: -18.26002. [61.14953]
[1695429453434] [31m[createMemory][39m Thomas Smith no longer sees Human (11) at X: 50.41272, Y: -16.41252 [67.33286]
[1695429468851] [31m[createMemory][39m The forest, it sings a song only few can hear [29.23286]
[1695429468851] [31m[createMemory][39m Pay attention and it'll tell us what it needs and what it can give [29.23286]
[1695429477287] --- Conversation Task Update Prompt ---
[1695429477287] Character: 
- ID: A1
- Name: Thomas Smith
- Age: 32
- Occupation: Village Leader
- Personality: Brave, Calm, Honest

Action items & memories from conversation just now:
- The forest, it sings a song only few can hear
- Pay attention and it'll tell us what it needs and what it can give
Tasks:
[
  {
    "task": "Catch up with Lucy",
    "priority": 1
  },
  {
    "task": "Start conversation with Lucy Wilde",
    "priority": 2
  },
  {
    "task": "Go to Nume Village",
    "priority": 3
  },
  {
    "task": "Gather resources from lumberyard",
    "priority": 4
  },
  {
    "task": "Maintain a healthy lifestyle",
    "priority": 5
  },
  {
    "task": "Ensure everyone's safety",
    "priority": 6
  },
  {
    "task": "Sleep by 10pm",
    "priority": 7
  }
]

Given the available information from a conversation you just had, update your task list, placing priority on the conversation action items & memories. Replace the entire JSON array by removing completed tasks, updating existing tasks with new information and priorities, and create new tasks based on the provided info. Keep the list as concise as possible. The result must be sorted by priority, with the highest priority task at the top.
[1695429490263] --- Response ---
[1695429490263] Updated Tasks: 
[1695429490264] [
  {
    "task": "Commune with the forest to understand its needs and potential offerings",
    "priority": 1
  },
  {
    "task": "Catch up with Lucy",
    "priority": 2
  },
  {
    "task": "Start conversation with Lucy Wilde",
    "priority": 3
  },
  {
    "task": "Go to Nume Village",
    "priority": 4
  },
  {
    "task": "Gather resources from lumberyard",
    "priority": 5
  },
  {
    "task": "Ensure everyone's safety",
    "priority": 6
  },
  {
    "task": "Maintain a healthy lifestyle",
    "priority": 7
  },
  {
    "task": "Sleep by 10pm",
    "priority": 8
  }
]
