[1694756711206] [Character] Creating James
[1694756712010] [31m[createMemory][39m First sale I ever made was a pocket watch. Still got the knack for timepieces. [0]
[1694756712010] [31m[createMemory][39m I've visited so many towns, I could draw a map from memory. [0]
[1694756712010] [31m[createMemory][39m Every road has its bumps. Literally. My cart’s wheels are proof. [0]
[1694756712010] [31m[createMemory][39m I always have a joke up my sleeve. Lightens the mood and loosens wallets. [0]
[1694756712010] [31m[createMemory][39m I have a sixth sense for what people want. Makes for good business. [0]
[1694756712010] [31m[createMemory][39m Harold once told me, 'Even a salesman could learn from the sea.' He’s not wrong. [0]
[1694756712010] [31m[createMemory][39m If I’m not selling, I’m learning. Everyone’s got something to teach. [0]
[1694756712010] [31m[createMemory][39m Eli’s curiosity reminds me of my younger days. Hope he keeps it. [0]
[1694756712010] [31m[createMemory][39m Met a craftsman who made the most exquisite jewelry. Talked him into a partnership. [0]
[1694756712010] [31m[createMemory][39m You can't just sell a product; you sell dreams, comfort, a better tomorrow. [0]
[1694756712010] [31m[createMemory][39m I carry a lucky coin. Hasn’t failed me yet. [0]
[1694756712010] [31m[createMemory][39m Some folks call it selling. I call it helping people make decisions. [0]
[1694756712010] [31m[createMemory][39m My biggest sale? A grand piano. Don't ask how I managed to carry it. [0]
[1694756712010] [31m[createMemory][39m No one knows it, but I can play the harmonica. Helps pass the lonely roads. [0]
[1694756712010] [31m[createMemory][39m I’ve learned to spot a deal from a dud. The eyes always give it away. [0]
[1694756725081] [Character] James created
[1694757217639] [35m[CORTEX] James McAllister - Prior Message: [39mLife is a vast ocean, James. It’s full of storms and calm waters. The trick is to stay the course and never lose sight of your compass.
[1694757217639] [35m[CORTEX] James McAllister - Patience: [39m100
[1694757217639] [35m[CORTEX] James McAllister - Conversation Goal: [39mfiguring out why Harold Smith started a conversation with them.
[1694757217639] [35m[CORTEX] James McAllister - Conversation Finished: [39mfalse
[1694757221072] [35m[CORTEX] James McAllister - Feel: [39mI feel intrigued by Harold's perspective on life.
[1694757225451] [35m[CORTEX] James McAllister - Plan: [39m I plan to respond to Harold with a thoughtful remark, perhaps tying in a bit of relatable wisdom I've gained from my own journeys. Plus, a joke or two wouldn't hurt.
[1694757232516] [35m[CORTEX] James McAllister - Say: [39mYou're not wrong about the ocean, Harold. But, as a salesman, I see life more as a market - full of buyers and sellers, exchanges and opportunities. You just have to know your product... and your jokes. Did you hear about the sea captain who tried to sell iceberg ice? Almost made a killing, but the product had a tendency to 'melt away' under pressure!

