[1694759172645] [Character] Creating George
[1694759172960] [31m[createMemory][39m George Brown is quite tired today. [0]
[1694759172961] [31m[createMemory][39m Working in the mines is tough but rewarding. [0]
[1694759172961] [31m[createMemory][39m I've been friends with Thomas for a long time. [0]
[1694759172961] [31m[createMemory][39m Safety in the mines is a top priority for me. [0]
[1694759172961] [31m[createMemory][39m I've discovered some rare minerals during my time here. [0]
[1694759172961] [31m[createMemory][39m I'm usually one of the first to arrive at the mine site. [0]
[1694759172961] [31m[createMemory][39m My family has been mining for generations. [0]
[1694759172961] [31m[createMemory][39m I enjoy a cold beverage after a long day in the mines. [0]
[1694759172961] [31m[createMemory][39m I've been taught traditional mining songs by the older miners. [0]
[1694759172961] [31m[createMemory][39m I've saved up to buy a house near the village. [0]
[1694759172961] [31m[createMemory][39m I know a secret tunnel in the mine that few know about. [0]
[1694759172961] [31m[createMemory][39m It's important to have the right tools for the job. [0]
[1694759172961] [31m[createMemory][39m I take pride in my work and look after my equipment. [0]
[1694759172961] [31m[createMemory][39m I sometimes join Thomas and others for a meal after work. [0]
[1694759172961] [31m[createMemory][39m I've had a few close calls, but always came out safe. [0]
[1694759172961] [31m[createMemory][39m The village festivities are something I look forward to every year. [0]
[1694759184365] [Character] George created
[1694759232514] [31m[createMemory][39m George Brown sees Stone Ore Deposit (Small) at X: 45.73, Y: 15.31. [0]
[1694759232514] [31m[createMemory][39m George Brown sees Stone Ore Deposit (Medium) at X: 46.05, Y: 17.85. [0]
[1694759232514] [31m[createMemory][39m George Brown sees Stone Ore Deposit (Small) at X: 46.53, Y: 21.65. [0]
[1694759232514] [31m[createMemory][39m George Brown sees Stone Ore Deposit (Large) at X: 44.3, Y: 20.36. [0]
[1694759232514] [31m[createMemory][39m George Brown sees Stone Ore Deposit (Small) at X: 47.58, Y: 19.17. [0]
[1694759232514] [31m[createMemory][39m George Brown sees Copper Ore Deposit (Small) at X: 50.43, Y: 20.71. [0]
[1694759232514] [31m[createMemory][39m George Brown sees Stone Ore Deposit (Medium) at X: 42.53862, Y: 17.00157. [0]
[1694759232514] [31m[createMemory][39m George Brown sees Chest at X: 50.52, Y: 14.5. [0]
