[1694759172648] [Character] Creating Eli
[1694759173360] [31m[createMemory][39m I need to let Thomas know I'm going to explore. He's asked me in the past to let him know just in case I get hurt or lost. [0]
[1694759173360] [31m[createMemory][39m I once found a secret clearing in the woods, it's my personal hideout now. [0]
[1694759173360] [31m[createMemory][39m The world feels so big and full of wonders, I want to see them all! [0]
[1694759173360] [31m[createMemory][39m I saw a deer up close once, our eyes met and we just stared for a moment. [0]
[1694759173360] [31m[createMemory][39m Climbing trees is my favorite! The higher I go, the bigger the world looks. [0]
[1694759173360] [31m[createMemory][39m Lucy showed me how to listen to the forest, it's like it's telling stories. [0]
[1694759173360] [31m[createMemory][39m Every rock and leaf, every bird and bug, feels like a friend to me. [0]
[1694759173360] [31m[createMemory][39m I once got lost, but the stars guided me home. They're like nature's map! [0]
[1694759173360] [31m[createMemory][39m George tells me tales of old, turning every tree and hill into an adventure. [0]
[1694759173360] [31m[createMemory][39m I made a whistle out of a reed! Nature is full of surprises. [0]
[1694759173360] [31m[createMemory][39m The woods in autumn is my favorite. All those colors... like nature's painting! [0]
[1694759173360] [31m[createMemory][39m I wish I could talk to animals. Imagine the stories they'd tell! [0]
[1694759173360] [31m[createMemory][39m I've learned to move silently. That way, nature doesn’t hide from me. [0]
[1694759173360] [31m[createMemory][39m Lucy once said every tree has a story. I'm trying to learn them all. [0]
[1694759173360] [31m[createMemory][39m Rainy days? That's when the forest sings its loudest song! [0]
[1694759173360] [31m[createMemory][39m I dreamt I could fly like a bird, seeing the world from above. Maybe one day... [0]
[1694759185892] [Character] Eli created
[1694759232379] [31m[createMemory][39m Eli Green sees Tree at X: 20.55, Y: -48.68. [0]
[1694759232509] [31m[createMemory][39m Eli Green sees Will Turner at X: 20.13, Y: -51.21. [0]
[1694759232512] [31m[createMemory][39m Eli Green sees Tree at X: 18.81, Y: -50.7. [0]
[1694759232513] [31m[createMemory][39m Eli Green sees Tree Stump at X: 21.23, Y: -50.62. [0]
[1694759232513] [31m[createMemory][39m Eli Green sees House at X: 14.06, Y: -56.01. [0]
[1694759232513] [31m[createMemory][39m Eli Green sees Tree at X: 18.55, Y: -53.24. [0]
[1694759232513] [31m[createMemory][39m Eli Green sees Eleanor Wraithwind at X: 23.26, Y: -49.85. [0]
[1694759232513] [31m[createMemory][39m Eli Green sees Tree at X: 22.45, Y: -48.68. [0]
