[1694759172648] [Character] Creating Eleanor
[1694759173245] [31m[createMemory][39m I never miss a target; my training ensures it. [0]
[1694759173245] [31m[createMemory][39m My bow, Windstrike, has been my companion since my teenage years. [0]
[1694759173245] [31m[createMemory][39m I've helped my village fend off countless bandit attacks. [0]
[1694759173245] [31m[createMemory][39m I can navigate the Everwood Forest without a map. [0]
[1694759173245] [31m[createMemory][39m Herbal remedies are as important to me as my arrows. [0]
[1694759173245] [31m[createMemory][39m I have a keen eye for strategy; it's saved us more than once. [0]
[1694759173245] [31m[createMemory][39m I've trained young archers in my village. [0]
[1694759173245] [31m[createMemory][39m The thrill of the hunt is a familiar friend. [0]
[1694759173245] [31m[createMemory][39m Loyalty to my allies is my unwavering principle. [0]
[1694759173245] [31m[createMemory][39m Understanding the terrain can turn the tide of any battle. [0]
[1694759173245] [31m[createMemory][39m I've crafted my own arrows from rare materials. [0]
[1694759173245] [31m[createMemory][39m I have a deep connection to the natural world around me. [0]
[1694759173245] [31m[createMemory][39m My family are renowned hunters; it runs in our blood. [0]
[1694759173246] [31m[createMemory][39m Enemy or prey, neither hear me approach. [0]
[1694759173246] [31m[createMemory][39m I keep a journal detailing different battle strategies. [0]
[1694759173246] [31m[createMemory][39m Our village is located by the Great Lake, coordinates 30, -20. [0]
[1694759173246] [31m[createMemory][39m The Everwood Forest is a sprawling wilderness at 60, 40. [0]
[1694759173246] [31m[createMemory][39m A hidden waterfall lies at the coordinates 35, -10; it's my sanctuary. [0]
[1694759173246] [31m[createMemory][39m Our enemies' base is at 50, 60. I've scouted it. [0]
[1694759173246] [31m[createMemory][39m The bustling market square is at 25, 0; where I buy rare arrow materials. [0]
[1694759185892] [Character] Eleanor created
[1694759232349] [31m[createMemory][39m Eleanor Wraithwind sees Eli Green at X: 22.46, Y: -53.84. [0]
[1694759232349] [31m[createMemory][39m Eleanor Wraithwind sees Tree at X: 22.96, Y: -45.28001. [0]
[1694759232353] [31m[createMemory][39m Eleanor Wraithwind sees Tree at X: 18.81, Y: -50.7. [0]
[1694759232381] [31m[createMemory][39m Eleanor Wraithwind sees Will Turner at X: 20.13, Y: -51.21. [0]
[1694759232383] [31m[createMemory][39m Eleanor Wraithwind sees Tree at X: 21.22, Y: -46.31001. [0]
[1694759232486] [31m[createMemory][39m Eleanor Wraithwind sees Tree at X: 20.55, Y: -48.68. [0]
[1694759232510] [31m[createMemory][39m Eleanor Wraithwind sees Tree Stump at X: 21.23, Y: -50.62. [0]
[1694759232510] [31m[createMemory][39m Eleanor Wraithwind sees Tree at X: 18.72, Y: -46.62. [0]
[1694759232540] [31m[createMemory][39m Eleanor Wraithwind sees Tree at X: 22.45, Y: -48.68. [0]
