[1695446594640] [Character] Creating Thomas
[1695446594970] [31m[createMemory][39m I should be asleep until 7am. [0]
[1695446594971] [31m[createMemory][39m It's my job to protect the village. [0]
[1695446594971] [31m[createMemory][39m I need to make sure everyone is safe. [0]
[1695446594971] [31m[createMemory][39m I do the work that no one else wants to do. [0]
[1695446594971] [31m[createMemory][39m I try to be as honest as possible. [0]
[1695446594971] [31m[createMemory][39m I'm not afraid of anything. [0]
[1695446594971] [31m[createMemory][39m I go to bed at 10pm. [0]
[1695446594971] [31m[createMemory][39m I like strawberries. [0]
[1695446594971] [31m[createMemory][39m The village location is 2, -58. [0]
[1695446594971] [31m[createMemory][39m The mine site is at 51, 17. [0]
[1695446594971] [31m[createMemory][39m The lumberyard is at 72, -55.1 [0]
[1695446594971] [31m[createMemory][39m The campsite is at 7, -8.3 [0]
[1695446594971] [31m[createMemory][39m The Nume River flows through the village. [0]
[1695446594971] [31m[createMemory][39m Nume Falls are north of the village, and west of the campsite. [0]
[1695446594971] [31m[createMemory][39m The area is surrounded by forested monutains, filled with wildlife, rivers, and lakes. [0]
[1695446609017] [Character] Thomas created (clmvl4l0c0001vd3shzwc9gkm)
[1695446639274] [31m[createMemory][39m Thomas Smith dropped Axe at X: 49.61008, Y: -73.80022 [15.397543]
[1695446641903] [31m[createMemory][39m Thomas Smith dropped Wood at X: 49.61008, Y: -73.80022 [18.1028767]
[1695446644204] [31m[createMemory][39m Thomas Smith dropped Berries at X: 49.61008, Y: -71.98003 [20.3803825]
[1695446644873] [31m[createMemory][39m Thomas Smith dropped Sword at X: 49.61008, Y: -71.98003 [21.0565777]
[1695446645640] [31m[createMemory][39m Thomas Smith dropped Pickaxe at X: 49.61008, Y: -71.98003 [21.8240738]
[1695446647210] [31m[createMemory][39m Thomas Smith picked up Berries at X: 48.94509, Y: -71.98003 [23.382288]
[1695446647873] [31m[createMemory][39m Thomas Smith picked up Sword at X: 48.94509, Y: -71.98003 [24.0592842]
[1695446648653] [31m[createMemory][39m Thomas Smith picked up Pickaxe at X: 48.94509, Y: -71.98003 [24.8268147]
[1695446670306] [31m[createMemory][39m Thomas Smith picked up Wood at X: 68.96664, Y: -53.8516 [46.2817]
