[1695446594648] [Character] Creating Cedric
[1695446595269] [31m[createMemory][39m I’ve fought in three major campaigns during my youth. [0]
[1695446595269] [31m[createMemory][39m I spend my mornings meditating, reflecting on life’s complexities. [0]
[1695446595269] [31m[createMemory][39m I’ve mentored several of the village’s young men and women. [0]
[1695446595269] [31m[createMemory][39m My home has a collection of artifacts from my time as a soldier. [0]
[1695446595269] [31m[createMemory][39m The village festival every spring is a tradition I helped start. [0]
[1695446595269] [31m[createMemory][39m People often seek my counsel for settling disputes. [0]
[1695446595269] [31m[createMemory][39m I’ve learned the value of diplomacy over brute force. [0]
[1695446595269] [31m[createMemory][39m I've authored several scrolls on strategy and leadership. [0]
[1695446595269] [31m[createMemory][39m The woods to the north are full of medicinal herbs. [0]
[1695446595269] [31m[createMemory][39m I have an old battle wound that acts up during the winter. [0]
[1695446595269] [31m[createMemory][39m I enjoy listening to the blacksmith’s tales; reminds me of the forge of life. [0]
[1695446595269] [31m[createMemory][39m I've seen leaders rise and fall; humility is key to greatness. [0]
[1695446595269] [31m[createMemory][39m My children have moved to distant lands; they write often. [0]
[1695446595269] [31m[createMemory][39m I've helped construct some of the village’s most iconic structures. [0]
[1695446595269] [31m[createMemory][39m I find solace in reading the ancient texts kept in the village library. [0]
[1695446595269] [31m[createMemory][39m My abode is at coordinates 8, 17; near the Wisdom Oak tree. [0]
[1695446595269] [31m[createMemory][39m The village library is at coordinates 12, 6; I visit often. [0]
[1695446595270] [31m[createMemory][39m The Wisdom Oak tree stands tall at 6, 20; a symbol of the village's age. [0]
[1695446595270] [31m[createMemory][39m The old battleground is at 35, 40; a reminder of past conflicts. [0]
[1695446595270] [31m[createMemory][39m The village cemetery is at 1, 28; I've laid many old friends to rest there. [0]
[1695446609154] [Character] Cedric created
