[1695427873833] [Character] Creating Bryce
[1695427874468] [31m[createMemory][39m My forge is my sanctuary; it's where I feel most alive. [0]
[1695427874468] [31m[createMemory][39m I've crafted custom armor for the village guards. [0]
[1695427874469] [31m[createMemory][39m The young apprentices look up to me for guidance. [0]
[1695427874469] [31m[createMemory][39m I've refined my techniques over many years. [0]
[1695427874469] [31m[createMemory][39m A good sword is a balance of form and function. [0]
[1695427874469] [31m[createMemory][39m Villagers often come to me for advice. [0]
[1695427874469] [31m[createMemory][39m I've repaired the village bell three times in the last decade. [0]
[1695427874469] [31m[createMemory][39m My father was a miner; he taught me to appreciate metals. [0]
[1695427874469] [31m[createMemory][39m I always keep an eye out for rare ores and materials. [0]
[1695427874469] [31m[createMemory][39m Maintaining the forge is a never-ending task. [0]
[1695427874469] [31m[createMemory][39m I've witnessed the village grow and change over the years. [0]
[1695427874469] [31m[createMemory][39m My family has always been supportive of my craft. [0]
[1695427874469] [31m[createMemory][39m I often collaborate with Owen on tools for farming. [0]
[1695427874469] [31m[createMemory][39m I take great pride in my work; each piece is a part of me. [0]
[1695427874469] [31m[createMemory][39m I keep records of all the items I've crafted. [0]
[1695427874469] [31m[createMemory][39m The forge is located at coordinates 9, 12, near the marketplace. [0]
[1695427874469] [31m[createMemory][39m The village well is at coordinates 3, 5; I helped build its frame. [0]
[1695427874470] [31m[createMemory][39m The training ground is at 20, 15; I supply their weapons. [0]
[1695427874470] [31m[createMemory][39m The village gate is at 0, 0; I've reinforced it multiple times. [0]
[1695427874470] [31m[createMemory][39m The Ironhammer family home is at 10, 9; just a stone's throw from the forge. [0]
[1695427887422] [Character] Bryce created
[1695427907391] [31m[createMemory][39m Bryce Ironhammer sees Tree at X: 45.95, Y: -21.7. [0]
[1695427907419] [31m[createMemory][39m Bryce Ironhammer sees Tree at X: 45.95, Y: -24.29. [0]
[1695427907419] [31m[createMemory][39m Bryce Ironhammer sees Tree Stump at X: 52.4, Y: -20.42. [0]
[1695427916090] --- Prompt ---
[1695427916091] Character: 
- ID: A11
- Name: Bryce Ironhammer
- Age: 42
- Occupation: Blacksmith
- Personality: Skilled, Wise, Resilient

Location: 49.7, -23.57

Time: Day 0, 12:00 AM

Energy: Fully Rested

Hunger: Satisfied

Environment:
- Tree (Health: 10/10) [Location: 45.95, -24.29, Direction: NW,  Distance: 3.8m]
- Tree Stump (Health: 5/5) [Location: 52.4, -20.42, Direction: N,  Distance: 4.1m]
- Tree (Health: 10/10) [Location: 45.95, -21.7, Direction: NW,  Distance: 4.2m]
- Will Turner (Health: 25/25) [Location: 53.8, -26.34, Direction: NW,  Distance: 4.9m]
- Tree (Health: 10/10) [Location: 44.01, -23.64, Direction: NW,  Distance: 5.7m]
- Tree (Health: 10/10) [Location: 44.62, -26.27, Direction: NW,  Distance: 5.8m]
- Tree (Health: 10/10) [Location: 46.7, -18.14, Direction: N,  Distance: 6.2m]
- Tree (Health: 10/10) [Location: 44.3, -20.42, Direction: NW,  Distance: 6.3m]
- Thomas Smith (Health: 25/25) [Location: 55.25, -18.75, Direction: N,  Distance: 7.4m]
- Tree (Health: 10/10) [Location: 44.34, -18.3, Direction: N,  Distance: 7.5m]
- Tree Stump (Health: 5/5) [Location: 42.31, -22.1, Direction: NW,  Distance: 7.5m]
- Tree (Health: 10/10) [Location: 42.4, -20.7, Direction: NW,  Distance: 7.8m]
- Tree (Health: 10/10) [Location: 47.86, -15.94, Direction: N,  Distance: 7.8m]
- Tree (Health: 10/10) [Location: 42.42, -26.71, Direction: NW,  Distance: 7.9m]
- Tree (Health: 10/10) [Location: 53.01, -30.91, Direction: NW,  Distance: 8.1m]
- Lucy Wilde (Health: 25/25) [Location: 56.59, -18.82, Direction: N,  Distance: 8.4m]
- Tree (Health: 10/10) [Location: 45.66, -15.94, Direction: N,  Distance: 8.6m]
- Tree (Health: 10/10) [Location: 41.06, -23.01, Direction: NW,  Distance: 8.7m]
- Tree (Health: 10/10) [Location: 42.61, -18.15, Direction: NW,  Distance: 8.9m]

Inventory (4/10):
- Axe x 1
- Pickaxe x 1
- Sword x 1
- Berries x 1

Tasks:
[
  {
    "task": "Mine stone",
    "priority": 1
  },
  {
    "task": "Catch up with other villagers",
    "priority": 2
  },
  {
    "task": "Maintain a healthy lifestyle",
    "priority": 3
  }
]

Memories:
- My forge is my sanctuary; it's where I feel most alive. [just now]
- Villagers often come to me for advice. [just now]
- The village gate is at 0, 0; I've reinforced it multiple times. [just now]
- I've refined my techniques over many years. [just now]
- Maintaining the forge is a never-ending task. [just now]
- A good sword is a balance of form and function. [just now]
- The forge is located at coordinates 9, 12, near the marketplace. [just now]
- I keep records of all the items I've crafted. [just now]
- The village well is at coordinates 3, 5; I helped build its frame. [just now]
- The young apprentices look up to me for guidance. [just now]
- I take great pride in my work; each piece is a part of me. [just now]
- The Ironhammer family home is at 10, 9; just a stone's throw from the forge. [just now]
- Bryce Ironhammer sees Tree at X: 45.95, Y: -21.7. [just now]

Available Actions:
- move_to: Move to a target location
- drop_axe: Drop Axe onto the ground.
- drop_pickaxe: Drop Pickaxe onto the ground.
- drop_sword: Drop Sword onto the ground.
- eat: Eat some food.
- drop_berries: Drop Berries onto the ground.

Given the available information, update your task list. Take into consideration the time of day, environment, personality of the character, and more. Replace the entire JSON array by removing completed tasks, updating existing tasks with new information and priorities, and create new tasks based on the provided info. Keep the list as concise as possible. Remember focus on the time of day to adjust priorities.
[1695427923817] --- Response ---
[1695427923817] Updated Tasks: 
[1695427923817] [
  {
    "task": "Mine stone",
    "priority": 1
  },
  {
    "task": "Catch up with other villagers",
    "priority": 2
  },
  {
    "task": "Eat some food",
    "priority": 3
  },
  {
    "task": "Move to a target location",
    "priority": 4
  },
  {
    "task": "Maintain a healthy lifestyle",
    "priority": 5
  },
  {
    "task": "Return to the forge",
    "priority": 6
  }
]
[1695427928810] --- Prompt ---
[1695427928813] Character: 
- ID: A11
- Name: Bryce Ironhammer
- Age: 42
- Occupation: Blacksmith
- Personality: Skilled, Wise, Resilient

Location: 49.7, -23.57

Time: Day 0, 12:00 AM

Energy: Fully Rested

Hunger: Satisfied

Environment:
- Tree (Health: 10/10) [Direction: NW, Distance: 3.8m]
- Tree Stump (Health: 5/5) [Direction: N, Distance: 4.1m]
- Tree (Health: 10/10) [Direction: NW, Distance: 4.2m]
- Will Turner (Health: 25/25) [Direction: NW, Distance: 4.9m]
- Tree (Health: 10/10) [Direction: NW, Distance: 5.7m]
- Tree (Health: 10/10) [Direction: NW, Distance: 5.8m]
- Tree (Health: 10/10) [Direction: N, Distance: 6.2m]
- Tree (Health: 10/10) [Direction: NW, Distance: 6.3m]
- Thomas Smith (Health: 25/25) [Direction: N, Distance: 7.4m]
- Tree (Health: 10/10) [Direction: N, Distance: 7.5m]
- Tree Stump (Health: 5/5) [Direction: NW, Distance: 7.5m]
- Tree (Health: 10/10) [Direction: NW, Distance: 7.8m]
- Tree (Health: 10/10) [Direction: N, Distance: 7.8m]
- Tree (Health: 10/10) [Direction: NW, Distance: 7.9m]
- Tree (Health: 10/10) [Direction: NW, Distance: 8.1m]
- Lucy Wilde (Health: 25/25) [Direction: N, Distance: 8.4m]
- Tree (Health: 10/10) [Direction: N, Distance: 8.6m]
- Tree (Health: 10/10) [Direction: NW, Distance: 8.7m]
- Tree (Health: 10/10) [Direction: NW, Distance: 8.9m]

Inventory (4/10):
- Axe x 1
- Pickaxe x 1
- Sword x 1
- Berries x 1

Tasks:
[
  {
    "task": "Mine stone",
    "priority": 1
  },
  {
    "task": "Catch up with other villagers",
    "priority": 2
  },
  {
    "task": "Eat some food",
    "priority": 3
  },
  {
    "task": "Move to a target location",
    "priority": 4
  },
  {
    "task": "Maintain a healthy lifestyle",
    "priority": 5
  },
  {
    "task": "Return to the forge",
    "priority": 6
  }
]

Memories:
- Bryce Ironhammer sees Tree at X: 45.95, Y: -21.7. [just now]
- The Ironhammer family home is at 10, 9; just a stone's throw from the forge. [just now]
- The young apprentices look up to me for guidance. [just now]
- The village well is at coordinates 3, 5; I helped build its frame. [just now]
- The forge is located at coordinates 9, 12, near the marketplace. [just now]
- A good sword is a balance of form and function. [just now]
- Maintaining the forge is a never-ending task. [just now]
- I've refined my techniques over many years. [just now]
- The village gate is at 0, 0; I've reinforced it multiple times. [just now]
- My forge is my sanctuary; it's where I feel most alive. [just now]

Given the available information, pick the best available action function to accomplish your tasks.


[1695427928814] --- Action Functions ---
[1695427928814] [
  {
    "name": "move_to",
    "description": "Move to a target location",
    "parameters": {
      "type": "object",
      "properties": {
        "characterId": {
          "type": "string",
          "description": "The character ID of the character that is adding the item to the chest."
        },
        "x": {
          "type": "number",
          "description": "The X coordinate of the target location."
        },
        "y": {
          "type": "number",
          "description": "The Y coordinate of the target location."
        }
      }
    }
  },
  {
    "name": "drop_axe",
    "description": "Drop Axe onto the ground.",
    "parameters": {
      "type": "object",
      "properties": {
        "characterId": {
          "type": "string",
          "description": "The character ID of the character that is adding the item to the chest."
        },
        "itemId": {
          "type": "string",
          "description": "The item ID of the item that is being added to the chest. Must be lowercase.",
          "values": [
            "wood",
            "stone",
            "iron",
            "diamond",
            "copper",
            "coal",
            "axe",
            "pickaxe",
            "sword",
            "berries"
          ]
        }
      }
    }
  },
  {
    "name": "drop_pickaxe",
    "description": "Drop Pickaxe onto the ground.",
    "parameters": {
      "type": "object",
      "properties": {
        "characterId": {
          "type": "string",
          "description": "The character ID of the character that is adding the item to the chest."
        },
        "itemId": {
          "type": "string",
          "description": "The item ID of the item that is being added to the chest. Must be lowercase.",
          "values": [
            "wood",
            "stone",
            "iron",
            "diamond",
            "copper",
            "coal",
            "axe",
            "pickaxe",
            "sword",
            "berries"
          ]
        }
      }
    }
  },
  {
    "name": "drop_sword",
    "description": "Drop Sword onto the ground.",
    "parameters": {
      "type": "object",
      "properties": {
        "characterId": {
          "type": "string",
          "description": "The character ID of the character that is adding the item to the chest."
        },
        "itemId": {
          "type": "string",
          "description": "The item ID of the item that is being added to the chest. Must be lowercase.",
          "values": [
            "wood",
            "stone",
            "iron",
            "diamond",
            "copper",
            "coal",
            "axe",
            "pickaxe",
            "sword",
            "berries"
          ]
        }
      }
    }
  },
  {
    "name": "eat",
    "description": "Eat some food.",
    "parameters": {
      "type": "object",
      "properties": {
        "characterId": {
          "type": "string",
          "description": "The character ID of the character that is adding the item to the chest."
        },
        "foodId": {
          "type": "string",
          "description": "The food ID of the food to be eaten.",
          "values": [
            "berries"
          ]
        }
      }
    }
  },
  {
    "name": "drop_berries",
    "description": "Drop Berries onto the ground.",
    "parameters": {
      "type": "object",
      "properties": {
        "characterId": {
          "type": "string",
          "description": "The character ID of the character that is adding the item to the chest."
        },
        "itemId": {
          "type": "string",
          "description": "The item ID of the item that is being added to the chest. Must be lowercase.",
          "values": [
            "wood",
            "stone",
            "iron",
            "diamond",
            "copper",
            "coal",
            "axe",
            "pickaxe",
            "sword",
            "berries"
          ]
        }
      }
    }
  }
]
[1695427939691] [31m[createMemory][39m Bryce Ironhammer sees Will Turner at X: 53.79576, Y: -26.37474. [25.2056332]
[1695427939760] [31m[createMemory][39m Bryce Ironhammer no longer sees Human (2) at X: 53.78729, Y: -26.44423 [25.2556343]
