[1694815206977] [31m[createMemory][39m I’ve fought in three major campaigns during my youth. [0]
[1694815206977] [31m[createMemory][39m I spend my mornings meditating, reflecting on life’s complexities. [0]
[1694815206977] [31m[createMemory][39m I’ve mentored several of the village’s young men and women. [0]
[1694815206977] [31m[createMemory][39m My home has a collection of artifacts from my time as a soldier. [0]
[1694815206977] [31m[createMemory][39m The village festival every spring is a tradition I helped start. [0]
[1694815206977] [31m[createMemory][39m People often seek my counsel for settling disputes. [0]
[1694815206977] [31m[createMemory][39m I’ve learned the value of diplomacy over brute force. [0]
[1694815206977] [31m[createMemory][39m I've authored several scrolls on strategy and leadership. [0]
[1694815206977] [31m[createMemory][39m The woods to the north are full of medicinal herbs. [0]
[1694815206977] [31m[createMemory][39m I have an old battle wound that acts up during the winter. [0]
[1694815206977] [31m[createMemory][39m I enjoy listening to the blacksmith’s tales; reminds me of the forge of life. [0]
[1694815206977] [31m[createMemory][39m I've seen leaders rise and fall; humility is key to greatness. [0]
[1694815206977] [31m[createMemory][39m My children have moved to distant lands; they write often. [0]
[1694815206978] [31m[createMemory][39m I've helped construct some of the village’s most iconic structures. [0]
[1694815206978] [31m[createMemory][39m I find solace in reading the ancient texts kept in the village library. [0]
[1694815206978] [31m[createMemory][39m My abode is at coordinates 8, 17; near the Wisdom Oak tree. [0]
[1694815206978] [31m[createMemory][39m The village library is at coordinates 12, 6; I visit often. [0]
[1694815206978] [31m[createMemory][39m The Wisdom Oak tree stands tall at 6, 20; a symbol of the village's age. [0]
[1694815206978] [31m[createMemory][39m The old battleground is at 35, 40; a reminder of past conflicts. [0]
[1694815206978] [31m[createMemory][39m The village cemetery is at 1, 28; I've laid many old friends to rest there. [0]
[1694815221965] [Character] Cedric created
[1694815223267] [31m[createMemory][39m Cedric Warborn sees George Brown at X: 6.9, Y: -57.4. [0]
[1694815223267] [31m[createMemory][39m Cedric Warborn sees Tree at X: 2.75, Y: -62.47. [0]
[1694815223269] [31m[createMemory][39m Cedric Warborn sees Thomas Smith at X: 6, Y: -55.63. [0]
[1694815223331] [31m[createMemory][39m Cedric Warborn sees House at X: 3.663626, Y: -54.92766. [0]
[1694815231402] --- Prompt ---
[1694815231402] Character: 
- ID: A12
- Name: Cedric Warborn
- Age: 65
- Occupation: Retired Soldier, Village Mentor
- Personality: Sage, Observant, Stoic

Location: 4.8, -58.14

Time: Day 0, 12:00 AM

Energy: Fully Rested

Hunger: Satisfied

Environment:
- George Brown (Health: 25/25) [Location: 6.9, -57.4, Direction: W,  Distance: 2.2m]
- Thomas Smith (Health: 25/25) [Location: 6, -55.63, Direction: W,  Distance: 2.8m]
- House (Health: 100/100) [Location: 3.663626, -54.92766, Direction: W,  Distance: 3.4m]
- Tree (Health: 10/10) [Location: 2.75, -62.47, Direction: W,  Distance: 4.8m]
- House (Health: 100/100) [Location: 9.44, -53.9, Direction: W,  Distance: 6.3m]
- Tree (Health: 10/10) [Location: -0.29, -62.41, Direction: W,  Distance: 6.6m]
- Tree (Health: 10/10) [Location: -1.900001, -55.92, Direction: W,  Distance: 7.1m]
- John Swift (Health: 25/25) [Location: 11.68, -55.79, Direction: W,  Distance: 7.3m]
- Tree (Health: 10/10) [Location: 0.3800001, -64.07, Direction: W,  Distance: 7.4m]
- Tree (Health: 10/10) [Location: -0.6500006, -52.92, Direction: W,  Distance: 7.5m]
- Tree (Health: 10/10) [Location: 3.57, -66.16, Direction: W,  Distance: 8.1m]
- Tree (Health: 10/10) [Location: 1.349999, -50.67, Direction: W,  Distance: 8.2m]

Inventory (4/10):
- Axe x 1
- Pickaxe x 1
- Sword x 1
- Berries x 1

Tasks:
[
  {
    "task": "Carry out your daily dutiies",
    "priority": 1
  },
  {
    "task": "Catch up with other villagers",
    "priority": 2
  },
  {
    "task": "Maintain a healthy lifestyle",
    "priority": 3
  }
]

Memories:
- I enjoy listening to the blacksmith’s tales; reminds me of the forge of life. [just now]
- The village library is at coordinates 12, 6; I visit often. [just now]
- My abode is at coordinates 8, 17; near the Wisdom Oak tree. [just now]
- The old battleground is at 35, 40; a reminder of past conflicts. [just now]
- I’ve learned the value of diplomacy over brute force. [just now]
- My home has a collection of artifacts from my time as a soldier. [just now]
- The village cemetery is at 1, 28; I've laid many old friends to rest there. [just now]
- I've helped construct some of the village’s most iconic structures. [just now]
- I spend my mornings meditating, reflecting on life’s complexities. [just now]
- My children have moved to distant lands; they write often. [just now]
- Cedric Warborn sees George Brown at X: 6.9, Y: -57.4. [just now]
- Cedric Warborn sees Tree at X: 2.75, Y: -62.47. [just now]

Available Actions:
- move_to: Move to a target location
- drop_axe: Drop Axe onto the ground.
- drop_pickaxe: Drop Pickaxe onto the ground.
- drop_sword: Drop Sword onto the ground.
- eat: Eat some food.
- drop_berries: Drop Berries onto the ground.
- start_conversation: Start a conversation with George Brown (ID: A2).

Given the available information, update your task list. Take into consideration the time of day, environment, personality of the character, and more. Replace the entire JSON array by removing completed tasks, updating existing tasks with new information and priorities, and create new tasks based on the provided info. Keep the list as concise as possible. Remember focus on the time of day to adjust priorities.
[1694815260809] [31m[createMemory][39m Cedric Warborn sees John Swift at X: 9.65132, Y: -55.75011. [37.56002]
[1694815262388] --- Response ---
[1694815262388] Updated Tasks: 
[1694815262389] [
  {
    "task": "Carry out your daily duties",
    "priority": 1,
    "details": {
      "subtasks": [
        {
          "task": "Visit village library",
          "location": "12, 6"
        },
        {
          "task": "Attend to Wisdom Oak tree",
          "location": "8, 17"
        },
        {
          "task": "Check on village structures",
          "location": "Various"
        }
      ]
    }
  },
  {
    "task": "Catch up with other villagers",
    "priority": 2,
    "details": {
      "notes": "Start a conversation with George Brown"
    }
  },
  {
    "task": "Maintain a healthy lifestyle",
    "priority": 3,
    "details": {
      "subtasks": [
        {
          "task": "Eat breakfast",
          "notes": "Consume Berries"
        },
        {
          "task": "Meditation",
          "time": "Day 0, 5:00 AM - 6:00 AM"
        }
      ]
    }
  },
  {
    "task": "Prepare for evening",
    "priority": 4,
    "details": {
      "subtasks": [
        {
          "task": "Secure belongings",
          "notes": "Check Sword, Axe, and Pickaxe before nightfall."
        },
        {
          "task": "Ensure home security",
          "location": "8, 17"
        }
      ]
    }
  },
  {
    "task": "Visit the village cemetery",
    "priority": 5,
    "details": {
      "notes": "Pay respects at 1, 28; remember old friends"
    }
  },
  {
    "task": "Reflect on past conflicts",
    "priority": 6,
    "details": {
      "notes": "Visit old battleground at 35, 40; remember the value of diplomacy"
    }
  }
]
[1694815265903] --- Prompt ---
[1694815265903] Character: 
- ID: A12
- Name: Cedric Warborn
- Age: 65
- Occupation: Retired Soldier, Village Mentor
- Personality: Sage, Observant, Stoic

Location: 4.8, -58.14

Time: Day 0, 12:00 AM

Energy: Fully Rested

Hunger: Satisfied

Environment:
- George Brown (Health: 25/25) [Direction: W, Distance: 2.2m]
- Thomas Smith (Health: 25/25) [Direction: W, Distance: 2.8m]
- House (Health: 100/100) [Direction: W, Distance: 3.4m]
- Tree (Health: 10/10) [Direction: W, Distance: 4.8m]
- House (Health: 100/100) [Direction: W, Distance: 6.3m]
- Tree (Health: 10/10) [Direction: W, Distance: 6.6m]
- Tree (Health: 10/10) [Direction: W, Distance: 7.1m]
- John Swift (Health: 25/25) [Direction: W, Distance: 7.3m]
- Tree (Health: 10/10) [Direction: W, Distance: 7.4m]
- Tree (Health: 10/10) [Direction: W, Distance: 7.5m]
- Tree (Health: 10/10) [Direction: W, Distance: 8.1m]
- Tree (Health: 10/10) [Direction: W, Distance: 8.2m]

Inventory (4/10):
- Axe x 1
- Pickaxe x 1
- Sword x 1
- Berries x 1

Tasks:
[
  {
    "task": "Carry out your daily dutiies",
    "priority": 1
  },
  {
    "task": "Catch up with other villagers",
    "priority": 2
  },
  {
    "task": "Maintain a healthy lifestyle",
    "priority": 3
  }
]

Memories:
- The village festival every spring is a tradition I helped start. [just now]
- Cedric Warborn sees Tree at X: 2.75, Y: -62.47. [just now]
- Cedric Warborn sees George Brown at X: 6.9, Y: -57.4. [just now]
- The woods to the north are full of medicinal herbs. [just now]
- I've helped construct some of the village’s most iconic structures. [just now]
- The village cemetery is at 1, 28; I've laid many old friends to rest there. [just now]
- I’ve learned the value of diplomacy over brute force. [just now]
- The old battleground is at 35, 40; a reminder of past conflicts. [just now]
- My abode is at coordinates 8, 17; near the Wisdom Oak tree. [just now]
- The village library is at coordinates 12, 6; I visit often. [just now]

Given the available information, pick the best available action function to accomplish your tasks.


[1694815265903] --- Action Functions ---
[1694815265903] [
  {
    "name": "move_to",
    "description": "Move to a target location",
    "parameters": {
      "type": "object",
      "properties": {
        "characterId": {
          "type": "string",
          "description": "The character ID of the character that is adding the item to the chest."
        },
        "x": {
          "type": "number",
          "description": "The X coordinate of the target location."
        },
        "y": {
          "type": "number",
          "description": "The Y coordinate of the target location."
        }
      }
    }
  },
  {
    "name": "drop_axe",
    "description": "Drop Axe onto the ground.",
    "parameters": {
      "type": "object",
      "properties": {
        "characterId": {
          "type": "string",
          "description": "The character ID of the character that is adding the item to the chest."
        },
        "itemId": {
          "type": "string",
          "description": "The item ID of the item that is being added to the chest. Must be lowercase.",
          "values": [
            "wood",
            "stone",
            "iron",
            "diamond",
            "copper",
            "coal",
            "axe",
            "pickaxe",
            "sword",
            "berries"
          ]
        }
      }
    }
  },
  {
    "name": "drop_pickaxe",
    "description": "Drop Pickaxe onto the ground.",
    "parameters": {
      "type": "object",
      "properties": {
        "characterId": {
          "type": "string",
          "description": "The character ID of the character that is adding the item to the chest."
        },
        "itemId": {
          "type": "string",
          "description": "The item ID of the item that is being added to the chest. Must be lowercase.",
          "values": [
            "wood",
            "stone",
            "iron",
            "diamond",
            "copper",
            "coal",
            "axe",
            "pickaxe",
            "sword",
            "berries"
          ]
        }
      }
    }
  },
  {
    "name": "drop_sword",
    "description": "Drop Sword onto the ground.",
    "parameters": {
      "type": "object",
      "properties": {
        "characterId": {
          "type": "string",
          "description": "The character ID of the character that is adding the item to the chest."
        },
        "itemId": {
          "type": "string",
          "description": "The item ID of the item that is being added to the chest. Must be lowercase.",
          "values": [
            "wood",
            "stone",
            "iron",
            "diamond",
            "copper",
            "coal",
            "axe",
            "pickaxe",
            "sword",
            "berries"
          ]
        }
      }
    }
  },
  {
    "name": "eat",
    "description": "Eat some food.",
    "parameters": {
      "type": "object",
      "properties": {
        "characterId": {
          "type": "string",
          "description": "The character ID of the character that is adding the item to the chest."
        },
        "foodId": {
          "type": "string",
          "description": "The food ID of the food to be eaten.",
          "values": [
            "berries"
          ]
        }
      }
    }
  },
  {
    "name": "drop_berries",
    "description": "Drop Berries onto the ground.",
    "parameters": {
      "type": "object",
      "properties": {
        "characterId": {
          "type": "string",
          "description": "The character ID of the character that is adding the item to the chest."
        },
        "itemId": {
          "type": "string",
          "description": "The item ID of the item that is being added to the chest. Must be lowercase.",
          "values": [
            "wood",
            "stone",
            "iron",
            "diamond",
            "copper",
            "coal",
            "axe",
            "pickaxe",
            "sword",
            "berries"
          ]
        }
      }
    }
  },
  {
    "name": "start_conversation",
    "description": "Start a conversation with George Brown (ID: A2).",
    "parameters": {
      "type": "object",
      "properties": {
        "characterId": {
          "type": "string",
          "description": "The character ID of the character that is initiating the conversation."
        },
        "targetCharacterId": {
          "type": "string",
          "description": "The character ID of the target character."
        },
        "conversationGoal": {
          "type": "string",
          "description": "Describe a hypothesis for precisely what you hope to get out of this conversation with Human (1) in detail."
        }
      }
    }
  }
]
[1694815269697] [31m[createMemory][39m George Brown started a conversation with me. [46.43778]
[1694815270546] [31mAgent A12 is already occupied. Skipping...[39m
[1694815279659] [35m[CORTEX] Cedric Warborn - Prior Message: [39mCedric, how goes it? Miss the sun yet?
[1694815279659] [35m[CORTEX] Cedric Warborn - Patience: [39m100
[1694815279659] [35m[CORTEX] Cedric Warborn - Conversation Goal: [39mfiguring out why George Brown started a conversation with them.
[1694815279659] [35m[CORTEX] Cedric Warborn - Conversation Finished: [39mfalse
[1694815283278] [35m[CORTEX] Cedric Warborn - Feel: [39mI feel content, George. The sun's absence is but a reminder of life's inevitable ebb and flow.
[1694815287973] [35m[CORTEX] Cedric Warborn - Plan: [39m Cedric is planning to respond to George's question about missing the sun. He will philosophically reflect on the changing nature of life and express his contentment with it.
[1694815291576] [35m[CORTEX] Cedric Warborn - Say: [39mI feel content, George. The sun's absence is but a reminder of life's inevitable ebb and flow.

[1694815313013] [35m[CORTEX] Cedric Warborn - Prior Message: [39mCedric, any news from the village? You know I'm aspiring to buy a house there.
[1694815313013] [35m[CORTEX] Cedric Warborn - Patience: [39m100
[1694815313013] [35m[CORTEX] Cedric Warborn - Conversation Goal: [39mfiguring out why George Brown started a conversation with them.
[1694815313013] [35m[CORTEX] Cedric Warborn - Conversation Finished: [39mfalse
[1694815323030] --- Prompt ---
[1694815323033] Character: 
- ID: A12
- Name: Cedric Warborn
- Age: 65
- Occupation: Retired Soldier, Village Mentor
- Personality: Sage, Observant, Stoic

Location: 4.8, -58.14

Time: Day 0, 7:20 AM

Energy: Fully Rested

Hunger: Satisfied

Environment:
- George Brown (Health: 15/25) [Direction: W, Distance: 0.27m]
- Thomas Smith (Health: 25/25) [Direction: W, Distance: 1.5m]
- John Swift (Health: 25/25) [Direction: W, Distance: 3.0m]
- House (Health: 100/100) [Direction: W, Distance: 3.4m]
- Tree (Health: 10/10) [Direction: W, Distance: 4.8m]
- House (Health: 100/100) [Direction: W, Distance: 6.3m]
- Tree (Health: 10/10) [Direction: W, Distance: 6.6m]
- Tree (Health: 10/10) [Direction: W, Distance: 7.1m]
- Tree (Health: 10/10) [Direction: W, Distance: 7.4m]
- Tree (Health: 10/10) [Direction: W, Distance: 7.5m]
- Tree (Health: 10/10) [Direction: W, Distance: 8.1m]
- Tree (Health: 10/10) [Direction: W, Distance: 8.2m]

Inventory (4/10):
- Axe x 1
- Pickaxe x 1
- Sword x 1
- Berries x 1

Tasks:
[
  {
    "task": "Carry out your daily dutiies",
    "priority": 1
  },
  {
    "task": "Catch up with other villagers",
    "priority": 2
  },
  {
    "task": "Maintain a healthy lifestyle",
    "priority": 3
  }
]

Memories:
- Cedric Warborn sees Tree at X: 2.75, Y: -62.47. [7 hours ago]
- The village festival every spring is a tradition I helped start. [7 hours ago]
- The Wisdom Oak tree stands tall at 6, 20; a symbol of the village's age. [7 hours ago]
- The woods to the north are full of medicinal herbs. [7 hours ago]
- The village cemetery is at 1, 28; I've laid many old friends to rest there. [7 hours ago]
- I’ve learned the value of diplomacy over brute force. [7 hours ago]
- The old battleground is at 35, 40; a reminder of past conflicts. [7 hours ago]
- My abode is at coordinates 8, 17; near the Wisdom Oak tree. [7 hours ago]
- The village library is at coordinates 12, 6; I visit often. [7 hours ago]
- I enjoy listening to the blacksmith’s tales; reminds me of the forge of life. [7 hours ago]

Hitbox (what you would hit with a swing based action):
- Thomas Smith (Health: 25/25)
- George Brown (Health: 15/25)

Given the available information, pick the best available action function to accomplish your tasks.


[1694815323034] --- Action Functions ---
[1694815323034] [
  {
    "name": "move_to",
    "description": "Move to a target location",
    "parameters": {
      "type": "object",
      "properties": {
        "characterId": {
          "type": "string",
          "description": "The character ID of the character that is adding the item to the chest."
        },
        "x": {
          "type": "number",
          "description": "The X coordinate of the target location."
        },
        "y": {
          "type": "number",
          "description": "The Y coordinate of the target location."
        }
      }
    }
  },
  {
    "name": "drop_axe",
    "description": "Drop Axe onto the ground.",
    "parameters": {
      "type": "object",
      "properties": {
        "characterId": {
          "type": "string",
          "description": "The character ID of the character that is adding the item to the chest."
        },
        "itemId": {
          "type": "string",
          "description": "The item ID of the item that is being added to the chest. Must be lowercase.",
          "values": [
            "wood",
            "stone",
            "iron",
            "diamond",
            "copper",
            "coal",
            "axe",
            "pickaxe",
            "sword",
            "berries"
          ]
        }
      }
    }
  },
  {
    "name": "drop_pickaxe",
    "description": "Drop Pickaxe onto the ground.",
    "parameters": {
      "type": "object",
      "properties": {
        "characterId": {
          "type": "string",
          "description": "The character ID of the character that is adding the item to the chest."
        },
        "itemId": {
          "type": "string",
          "description": "The item ID of the item that is being added to the chest. Must be lowercase.",
          "values": [
            "wood",
            "stone",
            "iron",
            "diamond",
            "copper",
            "coal",
            "axe",
            "pickaxe",
            "sword",
            "berries"
          ]
        }
      }
    }
  },
  {
    "name": "drop_sword",
    "description": "Drop Sword onto the ground.",
    "parameters": {
      "type": "object",
      "properties": {
        "characterId": {
          "type": "string",
          "description": "The character ID of the character that is adding the item to the chest."
        },
        "itemId": {
          "type": "string",
          "description": "The item ID of the item that is being added to the chest. Must be lowercase.",
          "values": [
            "wood",
            "stone",
            "iron",
            "diamond",
            "copper",
            "coal",
            "axe",
            "pickaxe",
            "sword",
            "berries"
          ]
        }
      }
    }
  },
  {
    "name": "eat",
    "description": "Eat some food.",
    "parameters": {
      "type": "object",
      "properties": {
        "characterId": {
          "type": "string",
          "description": "The character ID of the character that is adding the item to the chest."
        },
        "foodId": {
          "type": "string",
          "description": "The food ID of the food to be eaten.",
          "values": [
            "berries"
          ]
        }
      }
    }
  },
  {
    "name": "drop_berries",
    "description": "Drop Berries onto the ground.",
    "parameters": {
      "type": "object",
      "properties": {
        "characterId": {
          "type": "string",
          "description": "The character ID of the character that is adding the item to the chest."
        },
        "itemId": {
          "type": "string",
          "description": "The item ID of the item that is being added to the chest. Must be lowercase.",
          "values": [
            "wood",
            "stone",
            "iron",
            "diamond",
            "copper",
            "coal",
            "axe",
            "pickaxe",
            "sword",
            "berries"
          ]
        }
      }
    }
  },
  {
    "name": "start_conversation",
    "description": "Start a conversation with Thomas Smith (ID: A1).",
    "parameters": {
      "type": "object",
      "properties": {
        "characterId": {
          "type": "string",
          "description": "The character ID of the character that is initiating the conversation."
        },
        "targetCharacterId": {
          "type": "string",
          "description": "The character ID of the target character."
        },
        "conversationGoal": {
          "type": "string",
          "description": "Describe a hypothesis for precisely what you hope to get out of this conversation with Human in detail."
        }
      }
    }
  },
  {
    "name": "start_conversation",
    "description": "Start a conversation with George Brown (ID: A2).",
    "parameters": {
      "type": "object",
      "properties": {
        "characterId": {
          "type": "string",
          "description": "The character ID of the character that is initiating the conversation."
        },
        "targetCharacterId": {
          "type": "string",
          "description": "The character ID of the target character."
        },
        "conversationGoal": {
          "type": "string",
          "description": "Describe a hypothesis for precisely what you hope to get out of this conversation with Human (1) in detail."
        }
      }
    }
  }
]
[1694815325594] [35m[CORTEX] Cedric Warborn - Feel: [39mI feel the energy of the village. There's news of a property for sale near the Wisdom Oak tree. It could be perfect for George.
[1694815326664] [31mAgent A12 is already occupied. Skipping...[39m
[1694815334237] [35m[CORTEX] Cedric Warborn - Explain: [39mGeorge Brown has shown interest in buying a house in our village. Cedric recalls that there might be a property for sale near the Wisdom Oak tree. This information could be of significant value to George and push him closer to his goal. Also, the house's proximity to the Wisdom Oak tree aligns with George's temperament and aspirations - quiet, meditative, and rooted in nature and history, much like the tree itself. Thus, Cedric concludes that sharing this information with George would indeed be making progress towards his aim.
[1694815335654] [35m[CORTEX] Cedric Warborn - Did I make progress? [39m[yes]
[1694815337038] [35m[CORTEX] Cedric Warborn - Did I accomplish my goal? [39m[yes]
[1694815341774] [35m[CORTEX] Cedric Warborn - Explain: [39mGeorge Brown is interested in buying a house in the village, and Cedric Warborn knows of a property that just went up for sale. He decides it is important to share this information with George Brown to help him achieve his goal.
[1694815342794] [35m[CORTEX] Cedric Warborn - Should I end the conversation? [39m[yes]
[1694815349012] [35m[CORTEX] Cedric Warborn Goodbye: [39mGeorge, there's promising news. A property near the Wisdom Oak tree, close to my own abode, recently came up for sale. It was built with love and care, like every home in our village. The winds singing through the branches of the old oak would be your lullaby. I believe it could be just what you're looking for.
