[1695429618594] [Character] Creating Lucy
[1695429619268] [31m[createMemory][39m The feel of the axe in my hand is like an extension of myself. [0]
[1695429619268] [31m[createMemory][39m I remember the tallest tree I've ever felled, stood mighty for over a century. [0]
[1695429619268] [31m[createMemory][39m The forest whispers its secrets if you're patient enough to listen. [0]
[1695429619268] [31m[createMemory][39m The village depends on our timber, it's a responsibility I don't take lightly. [0]
[1695429619268] [31m[createMemory][39m Thomas once tried to chop wood, it was amusing to say the least. [0]
[1695429619268] [31m[createMemory][39m Nothing beats the smell of fresh-cut timber in the morning. [0]
[1695429619268] [31m[createMemory][39m I've carved symbols on some trees, marking special moments of my life. [0]
[1695429619268] [31m[createMemory][39m Will reminds me of when I was young, eager to learn and prove myself. [0]
[1695429619268] [31m[createMemory][39m I've saved more than a few animals stuck or hurt, the forest is their home. [0]
[1695429619268] [31m[createMemory][39m George and I have shared tales over campfires many nights. [0]
[1695429619268] [31m[createMemory][39m Rain or shine, the trees await and work must be done. [0]
[1695429619268] [31m[createMemory][39m I respect the forest, only taking what's necessary and planting twice as much. [0]
[1695429619268] [31m[createMemory][39m Every lumberjack has a favorite axe; mine's named 'Whisper'. [0]
[1695429619268] [31m[createMemory][39m The creaking sound a tree makes just before it falls is both eerie and beautiful. [0]
[1695429619268] [31m[createMemory][39m At times, the forest feels alive, watching, and I'm just a small part of its vast story. [0]
[1695429632223] [Character] Lucy created
[1695429642194] [31m[createMemory][39m Lucy Wilde sees Tree Stump at X: 52.4, Y: -20.42. [0.0199999921]
[1695429642334] [31m[createMemory][39m Lucy Wilde sees House at X: 59.514, Y: -24.01099. [0.0199999921]
[1695429642334] [31m[createMemory][39m Lucy Wilde sees Tree at X: 59.01, Y: -15.07. [0.0199999921]
[1695429642340] [31m[createMemory][39m Lucy Wilde sees Thomas Smith at X: 55.25, Y: -18.75. [0.0199999921]
[1695429642352] [31m[createMemory][39m Lucy Wilde sees Tree at X: 56.09, Y: -15.63. [0.0199999921]
[1695429642352] [31m[createMemory][39m Lucy Wilde sees Tree at X: 54.01, Y: -15.6. [0.0199999921]
[1695429651538] --- Prompt ---
[1695429651538] Character: 
- ID: A4
- Name: Lucy Wilde
- Age: 35
- Occupation: Lumberjack
- Personality: Stoic, Resourceful, Witty

Location: 56.59, -18.82

Time: Day 0, 12:00 AM

Energy: Fully Rested

Hunger: Starving

Environment:
- Thomas Smith (Health: 25/25) [Location: 55.25, -18.75, Direction: N,  Distance: 1.3m]
- Tree (Health: 10/10) [Location: 56.09, -15.63, Direction: N,  Distance: 3.2m]
- Tree (Health: 10/10) [Location: 54.01, -15.6, Direction: N,  Distance: 4.1m]
- Tree (Health: 10/10) [Location: 59.01, -15.07, Direction: N,  Distance: 4.5m]
- Tree Stump (Health: 5/5) [Location: 52.4, -20.42, Direction: N,  Distance: 4.5m]
- Tree (Health: 10/10) [Location: 58.89, -24.2, Direction: N,  Distance: 5.9m]
- House (Health: 100/100) [Location: 59.514, -24.01099, Direction: N,  Distance: 6.0m]
- Tree (Health: 10/10) [Location: 57.2, -12.75, Direction: N,  Distance: 6.1m]
- Tree (Health: 10/10) [Location: 54.59, -12.8, Direction: N,  Distance: 6.3m]
- Tree (Health: 10/10) [Location: 61.04, -13.46, Direction: N,  Distance: 7.0m]
- George Brown (Health: 25/25) [Location: 64.12, -20.02, Direction: N,  Distance: 7.6m]
- Tree (Health: 10/10) [Location: 59.02, -26.06, Direction: NW,  Distance: 7.6m]
- Tree (Health: 10/10) [Location: 52.03, -12.2, Direction: N,  Distance: 8.0m]
- Tree (Health: 10/10) [Location: 58.3, -10.95, Direction: N,  Distance: 8.1m]
- Tree (Health: 10/10) [Location: 54.53, -10.85, Direction: N,  Distance: 8.2m]
- Tree (Health: 10/10) [Location: 63.59, -13.96, Direction: N,  Distance: 8.5m]

Inventory (4/10):
- Axe x 1
- Pickaxe x 1
- Sword x 1
- Berries x 1

Tasks:
[
  {
    "task": "Catch up with Thomas",
    "priority": 1
  },
  {
    "task": "Catch up with other villagers",
    "priority": 2
  },
  {
    "task": "Maintain a healthy lifestyle",
    "priority": 3
  }
]

Memories:
- The feel of the axe in my hand is like an extension of myself. [0 minutes ago]
- Every lumberjack has a favorite axe; mine's named 'Whisper'. [0 minutes ago]
- Thomas once tried to chop wood, it was amusing to say the least. [0 minutes ago]
- George and I have shared tales over campfires many nights. [0 minutes ago]
- I respect the forest, only taking what's necessary and planting twice as much. [0 minutes ago]
- I remember the tallest tree I've ever felled, stood mighty for over a century. [0 minutes ago]
- I've carved symbols on some trees, marking special moments of my life. [0 minutes ago]
- At times, the forest feels alive, watching, and I'm just a small part of its vast story. [0 minutes ago]
- Rain or shine, the trees await and work must be done. [0 minutes ago]
- The forest whispers its secrets if you're patient enough to listen. [0 minutes ago]
- Lucy Wilde sees Tree at X: 59.01, Y: -15.07. [in the future]
- Lucy Wilde sees Tree at X: 54.01, Y: -15.6. [in the future]

Available Actions:
- move_to: Move to a target location
- drop_axe: Drop Axe onto the ground.
- drop_pickaxe: Drop Pickaxe onto the ground.
- drop_sword: Drop Sword onto the ground.
- eat: Eat some food.
- drop_berries: Drop Berries onto the ground.
- start_conversation: Start a conversation with Thomas Smith (ID: A1).

Given the available information, update your task list. Take into consideration the time of day, environment, personality of the character, and more. Replace the entire JSON array by removing completed tasks, updating existing tasks with new information and priorities, and create new tasks based on the provided info. Keep the list as concise as possible. Remember focus on the time of day to adjust priorities.
[1695429660243] --- Response ---
[1695429660243] Updated Tasks: 
[1695429660244] [
  {
    "task": "Catch up with Thomas",
    "priority": 1
  },
  {
    "task": "Eat berries to satiate hunger",
    "priority": 2
  },
  {
    "task": "Chop down tree for firewood",
    "priority": 3
  },
  {
    "task": "Catch up with other villagers for social needs",
    "priority": 4
  },
  {
    "task": "Move to house for shelter",
    "priority": 5
  },
  {
    "task": "Maintain a healthy lifestyle by resting in time",
    "priority": 6
  }
]
[1695429665104] --- Prompt ---
[1695429665110] Character: 
- ID: A4
- Name: Lucy Wilde
- Age: 35
- Occupation: Lumberjack
- Personality: Stoic, Resourceful, Witty

Location: 56.59, -18.82

Time: Day 0, 12:00 AM

Energy: Fully Rested

Hunger: Starving

Environment:
- Thomas Smith (Health: 25/25) [Direction: N, Distance: 1.3m]
- Tree (Health: 10/10) [Direction: N, Distance: 3.2m]
- Tree (Health: 10/10) [Direction: N, Distance: 4.1m]
- Tree (Health: 10/10) [Direction: N, Distance: 4.5m]
- Tree Stump (Health: 5/5) [Direction: N, Distance: 4.5m]
- Tree (Health: 10/10) [Direction: N, Distance: 5.9m]
- House (Health: 100/100) [Direction: N, Distance: 6.0m]
- Tree (Health: 10/10) [Direction: N, Distance: 6.1m]
- Tree (Health: 10/10) [Direction: N, Distance: 6.3m]
- Tree (Health: 10/10) [Direction: N, Distance: 7.0m]
- George Brown (Health: 25/25) [Direction: N, Distance: 7.6m]
- Tree (Health: 10/10) [Direction: NW, Distance: 7.6m]
- Tree (Health: 10/10) [Direction: N, Distance: 8.0m]
- Tree (Health: 10/10) [Direction: N, Distance: 8.1m]
- Tree (Health: 10/10) [Direction: N, Distance: 8.2m]
- Tree (Health: 10/10) [Direction: N, Distance: 8.5m]

Inventory (4/10):
- Axe x 1
- Pickaxe x 1
- Sword x 1
- Berries x 1

Tasks:
[
  {
    "task": "Catch up with Thomas",
    "priority": 1
  },
  {
    "task": "Eat berries to satiate hunger",
    "priority": 2
  },
  {
    "task": "Chop down tree for firewood",
    "priority": 3
  },
  {
    "task": "Catch up with other villagers for social needs",
    "priority": 4
  },
  {
    "task": "Move to house for shelter",
    "priority": 5
  },
  {
    "task": "Maintain a healthy lifestyle by resting in time",
    "priority": 6
  }
]

Memories:
- Lucy Wilde sees Tree at X: 54.01, Y: -15.6. [in the future]
- Lucy Wilde sees Tree at X: 59.01, Y: -15.07. [in the future]
- At times, the forest feels alive, watching, and I'm just a small part of its vast story. [0 minutes ago]
- I've carved symbols on some trees, marking special moments of my life. [0 minutes ago]
- I remember the tallest tree I've ever felled, stood mighty for over a century. [0 minutes ago]
- I respect the forest, only taking what's necessary and planting twice as much. [0 minutes ago]
- George and I have shared tales over campfires many nights. [0 minutes ago]
- Thomas once tried to chop wood, it was amusing to say the least. [0 minutes ago]
- Every lumberjack has a favorite axe; mine's named 'Whisper'. [0 minutes ago]
- The feel of the axe in my hand is like an extension of myself. [0 minutes ago]

Given the available information, pick the best available action function to accomplish your tasks. Avoid actions that are too similar and repeating.


[1695429665111] --- Action Functions ---
[1695429665111] [
  {
    "name": "move_to",
    "description": "Move to a target location",
    "parameters": {
      "type": "object",
      "properties": {
        "characterId": {
          "type": "string",
          "description": "The character ID of the character that is adding the item to the chest."
        },
        "x": {
          "type": "number",
          "description": "The X coordinate of the target location."
        },
        "y": {
          "type": "number",
          "description": "The Y coordinate of the target location."
        }
      }
    }
  },
  {
    "name": "drop_axe",
    "description": "Drop Axe onto the ground.",
    "parameters": {
      "type": "object",
      "properties": {
        "characterId": {
          "type": "string",
          "description": "The character ID of the character that is adding the item to the chest."
        },
        "itemId": {
          "type": "string",
          "description": "The item ID of the item that is being added to the chest. Must be lowercase.",
          "values": [
            "wood",
            "stone",
            "iron",
            "diamond",
            "copper",
            "coal",
            "axe",
            "pickaxe",
            "sword",
            "berries"
          ]
        }
      }
    }
  },
  {
    "name": "drop_pickaxe",
    "description": "Drop Pickaxe onto the ground.",
    "parameters": {
      "type": "object",
      "properties": {
        "characterId": {
          "type": "string",
          "description": "The character ID of the character that is adding the item to the chest."
        },
        "itemId": {
          "type": "string",
          "description": "The item ID of the item that is being added to the chest. Must be lowercase.",
          "values": [
            "wood",
            "stone",
            "iron",
            "diamond",
            "copper",
            "coal",
            "axe",
            "pickaxe",
            "sword",
            "berries"
          ]
        }
      }
    }
  },
  {
    "name": "drop_sword",
    "description": "Drop Sword onto the ground.",
    "parameters": {
      "type": "object",
      "properties": {
        "characterId": {
          "type": "string",
          "description": "The character ID of the character that is adding the item to the chest."
        },
        "itemId": {
          "type": "string",
          "description": "The item ID of the item that is being added to the chest. Must be lowercase.",
          "values": [
            "wood",
            "stone",
            "iron",
            "diamond",
            "copper",
            "coal",
            "axe",
            "pickaxe",
            "sword",
            "berries"
          ]
        }
      }
    }
  },
  {
    "name": "eat",
    "description": "Eat some food.",
    "parameters": {
      "type": "object",
      "properties": {
        "characterId": {
          "type": "string",
          "description": "The character ID of the character that is adding the item to the chest."
        },
        "foodId": {
          "type": "string",
          "description": "The food ID of the food to be eaten.",
          "values": [
            "berries"
          ]
        }
      }
    }
  },
  {
    "name": "drop_berries",
    "description": "Drop Berries onto the ground.",
    "parameters": {
      "type": "object",
      "properties": {
        "characterId": {
          "type": "string",
          "description": "The character ID of the character that is adding the item to the chest."
        },
        "itemId": {
          "type": "string",
          "description": "The item ID of the item that is being added to the chest. Must be lowercase.",
          "values": [
            "wood",
            "stone",
            "iron",
            "diamond",
            "copper",
            "coal",
            "axe",
            "pickaxe",
            "sword",
            "berries"
          ]
        }
      }
    }
  },
  {
    "name": "start_conversation",
    "description": "Start a conversation with Thomas Smith (ID: A1).",
    "parameters": {
      "type": "object",
      "properties": {
        "characterId": {
          "type": "string",
          "description": "The character ID of the character that is initiating the conversation."
        },
        "targetCharacterId": {
          "type": "string",
          "description": "The character ID of the target character."
        },
        "conversationGoal": {
          "type": "string",
          "description": "Describe a hypothesis for precisely what you hope to get out of this conversation with Human in detail."
        }
      }
    }
  }
]
[1695429666987] Occupied agent A4
[1695429667173] [31m[createMemory][39m Thomas Smith started a conversation with me. [25.05945]
[1695429668655] Checking if agent is occupied...
[1695429668655] [31mAgent A4 is already occupied. Skipping...[39m
[1695429672445] [31m[createMemory][39m Lucy Wilde sees Owen Greenfield at X: 51.53281, Y: -19.79473. [30.2829037]
[1695429678092] [35m[CORTEX] Lucy Wilde - Prior Message: [39mLucy, my dear, I've been hearing about your endeavors. I must say, your actions seem...doubtful. You look weary too. Don't you think it's time everyone came together and followed a single, steadfast leadership?
[1695429678093] [35m[CORTEX] Lucy Wilde - Patience: [39m100
[1695429678093] [35m[CORTEX] Lucy Wilde - Conversation Goal: [39mfiguring out why Thomas Smith started a conversation with them.
[1695429678093] [35m[CORTEX] Lucy Wilde - Conversation Finished: [39mfalse
[1695429680591] [31m[createMemory][39m Lucy Wilde sees James McAllister at X: 51.53027, Y: -19.7965. [38.4808]
[1695429682379] [35m[CORTEX] Lucy Wilde - Feel: [39mI feel scrutinized and somewhat misunderstood by Thomas's perspective of my actions. His suggestion of a singular leadership feels somewhat reductive of the dynamic and varied responsibilities we all hold in the village.
[1695429683088] [31m[createMemory][39m Lucy Wilde sees George Brown at X: 61.65186, Y: -19.80717. [40.9610138]
[1695429684694] [35m[CORTEX] Lucy Wilde - Plan: [39m Lucy plans to explain her point of view to Thomas and suggest that varied roles can coexist without the need for a singular leadership.
[1695429686383] [31m[createMemory][39m Lucy Wilde no longer sees Human (5) at X: 61.64306, Y: -19.75 [44.26161]
[1695429688877] [35m[CORTEX] Lucy Wilde - Say: [39mThomas, each of us contributes to the village in our own unique way. A single leadership doesn't account for our varied responsibilities and dynamically evolving needs. We are not weary, rather we are strengthened in our diversity. We need a village, not a hierarchy.

[1695429689942] [31m[createMemory][39m Lucy Wilde no longer sees Human (1) at X: 51.53962, Y: -19.75 [47.7419777]
