[1695797932697] [Character] Creating Thomas
[1695797933069] [31m[createMemory][39m I should be asleep until 7am. [0]
[1695797933069] [31m[createMemory][39m It's my job to protect the village. [0]
[1695797933069] [31m[createMemory][39m I need to make sure everyone is safe. [0]
[1695797933070] [31m[createMemory][39m I do the work that no one else wants to do. [0]
[1695797933070] [31m[createMemory][39m I try to be as honest as possible. [0]
[1695797933070] [31m[createMemory][39m I'm not afraid of anything. [0]
[1695797933070] [31m[createMemory][39m I go to bed at 10pm. [0]
[1695797933070] [31m[createMemory][39m I like strawberries. [0]
[1695797933070] [31m[createMemory][39m The village location is 2, -58. [0]
[1695797933070] [31m[createMemory][39m The mine site is at 51, 17. [0]
[1695797933070] [31m[createMemory][39m The lumberyard is at 72, -55.1 [0]
[1695797933070] [31m[createMemory][39m The campsite is at 7, -8.3 [0]
[1695797933070] [31m[createMemory][39m The Nume River flows through the village. [0]
[1695797933070] [31m[createMemory][39m Nume Falls are north of the village, and west of the campsite. [0]
[1695797933070] [31m[createMemory][39m The area is surrounded by forested monutains, filled with wildlife, rivers, and lakes. [0]
[1695797944906] [Character] Thomas created (cln1eaz6n0001vdul2hkwr34q)
[1695798010746] [31m[createMemory][39m Thomas Smith picked up Wood at X: 67.24691, Y: -51.72031 [31.8806248]
[1695798013486] [31m[createMemory][39m Thomas Smith picked up Wood at X: 67.54391, Y: -50.83356 [34.6021156]
[1695798016611] [31m[createMemory][39m Thomas Smith picked up Wood at X: 67.08886, Y: -50.83356 [37.74224]
[1695798037067] [31m[createMemory][39m Thomas Smith picked up Wood at X: 75.95251, Y: -50.22283 [58.2008057]
[1695798040908] [31m[createMemory][39m Thomas Smith picked up Wood at X: 75.32598, Y: -47.00634 [62.02303]
[1695798046724] [31m[createMemory][39m Thomas Smith dropped Wood at X: 76.47933, Y: -53.22255 [67.85566]
[1695798048231] [31m[createMemory][39m Thomas Smith dropped Wood at X: 76.02428, Y: -53.22255 [69.35458]
[1695798049376] [31m[createMemory][39m Thomas Smith dropped Wood at X: 76.02428, Y: -53.22255 [70.49671]
[1695798050189] [31m[createMemory][39m Thomas Smith dropped Wood at X: 76.02428, Y: -53.22255 [71.30722]
[1695798051118] [31m[createMemory][39m Thomas Smith dropped Wood at X: 76.02428, Y: -53.22255 [72.232666]
[1695798051932] [31m[createMemory][39m Thomas Smith dropped Wood at X: 76.02428, Y: -53.22255 [73.03649]
