[1694640754747] [31m[createMemory][39m Life on the sea teaches you the meaning of hard work and danger. [0]
[1694640754747] [31m[createMemory][39m I built my own fishing boat, took me two summers. [0]
[1694640754747] [31m[createMemory][39m Never underestimate the ocean. She’s as loving as she is fierce. [0]
[1694640754747] [31m[createMemory][39m The day I retired was bitter-sweet. I miss the sea, but I've earned my rest. [0]
[1694640754747] [31m[createMemory][39m Every wrinkle tells a story, and boy, do I have many. [0]
[1694640754747] [31m[createMemory][39m I once caught a fish so big, it could've fed the village for a week. [0]
[1694640754747] [31m[createMemory][39m Storms are nature's way of testing your mettle. I’ve faced my share. [0]
[1694640754747] [31m[createMemory][39m I've navigated by the stars, they're more reliable than any modern gadget. [0]
[1694640754747] [31m[createMemory][39m My grandson Eli reminds me of myself at his age, full of wonder. [0]
[1694640754747] [31m[createMemory][39m My old compass has never failed me. A gift from my late wife. [0]
[1694640754747] [31m[createMemory][39m You measure a man not by his words, but by his deeds. [0]
[1694640754747] [31m[createMemory][39m I’ve seen sunsets on the water that make you believe in a higher power. [0]
[1694640754747] [31m[createMemory][39m My hands may be weathered, but they’re strong and have stories to tell. [0]
[1694640754748] [31m[createMemory][39m Life has tides, high and low. The trick is to sail regardless. [0]
[1694640754748] [31m[createMemory][39m A good fisherman knows when to speak and when to listen. Mostly listen. [0]
[1694640762955] [Character] Harold created
[1694640793320] [31m[createMemory][39m Harold Smith sees House at X: 3.663626, Y: -54.92766. [0]
[1694640793321] [31m[createMemory][39m Harold Smith sees James McAllister at X: 7.15, Y: -58.08. [0]
[1694640797667] --- Prompt ---
[1694640797668] Character: 
- ID: A7
- Name: Harold Smith
- Age: 75
- Occupation: Retired Fisherman
- Personality: Wise, Stoic, Resourceful

Location: 5.9, -57.84

Time: Day 0, 12:00 AM

Energy: Fully Rested

Hunger: Hungry

Environment:
- James McAllister (Health: 25/25) [Location: 7.15, -58.08, Direction: W,  Distance: 1.3m]
- House (Health: 100/100) [Location: 3.663626, -54.92766, Direction: W,  Distance: 3.7m]
- House (Health: 100/100) [Location: 9.44, -53.9, Direction: W,  Distance: 5.3m]
- Thomas Smith (Health: 25/25) [Location: 11.27, -55.21, Direction: W,  Distance: 6.0m]

Inventory (4/10):
- Axe x 1
- Pickaxe x 1
- Sword x 1
- Berries x 1

Tasks:
[
  {
    "task": "Carry out your daily dutiies",
    "priority": 1
  },
  {
    "task": "Catch up with other villagers",
    "priority": 2
  },
  {
    "task": "Maintain a healthy lifestyle",
    "priority": 3
  }
]

Memories:
- I once caught a fish so big, it could've fed the village for a week. [just now]
- My grandson Eli reminds me of myself at his age, full of wonder. [just now]
- I’ve seen sunsets on the water that make you believe in a higher power. [just now]
- The day I retired was bitter-sweet. I miss the sea, but I've earned my rest. [just now]
- Never underestimate the ocean. She’s as loving as she is fierce. [just now]
- I've navigated by the stars, they're more reliable than any modern gadget. [just now]
- My old compass has never failed me. A gift from my late wife. [just now]
- Storms are nature's way of testing your mettle. I’ve faced my share. [just now]
- Life has tides, high and low. The trick is to sail regardless. [just now]
- You measure a man not by his words, but by his deeds. [just now]

Available Actions:
- move_to: Move to a target location
- drop_axe: Drop Axe onto the ground.
- drop_pickaxe: Drop Pickaxe onto the ground.
- drop_sword: Drop Sword onto the ground.
- eat: Eat some food.
- drop_berries: Drop Berries onto the ground.
- start_conversation: Start a conversation with James McAllister (ID: A6).

Given the available information, update your task list. Take into consideration the time of day, environment, personality of the character, and more. Replace the entire JSON array by removing completed tasks, updating existing tasks with new information and priorities, and create new tasks based on the provided info. Keep the list as concise as possible. Remember focus on the time of day to adjust priorities.
[1694640816041] [31m[createMemory][39m James McAllister started a conversation with me. [22.0135841]
[1694640829883] [35m[CORTEX] Harold Smith - Prior Message: [39mHarold, my friend! You ever heard the one about the seagull and the fisherman?
[1694640829883] [35m[CORTEX] Harold Smith - Patience: [39m100
[1694640829883] [35m[CORTEX] Harold Smith - Conversation Goal: [39mfiguring out why James McAllister started a conversation with them.
[1694640829883] [35m[CORTEX] Harold Smith - Conversation Finished: [39mfalse
[1694640832127] [35m[CORTEX] Harold Smith - Feel: [39mIntrigued to learn a new story
[1694640834801] [35m[CORTEX] Harold Smith - Plan: [39m Harold Smith is eager to hear the story about the seagull and the fisherman from James McAllister
[1694640837614] [35m[CORTEX] Harold Smith - Say: [39mCan't say I have, James. Why don't you enlighten me?

[1694640873403] [35m[CORTEX] Harold Smith - Prior Message: [39mSo Harold, tell me about your most thrilling adventure at sea. I bet it's a tale worth hearing.
[1694640873403] [35m[CORTEX] Harold Smith - Patience: [39m100
[1694640873403] [35m[CORTEX] Harold Smith - Conversation Goal: [39mfiguring out why James McAllister started a conversation with them.
[1694640873403] [35m[CORTEX] Harold Smith - Conversation Finished: [39mfalse
[1694640875914] [35m[CORTEX] Harold Smith - Feel: [39mA sense of excitement runs through Harold Smith as he prepares to delve into memories of his most thrilling sea adventure
