[1694757490799] [Character] Creating Eli
[1694757491446] [31m[createMemory][39m I need to let Thomas know I'm going to explore. He's asked me in the past to let him know just in case I get hurt or lost. [0]
[1694757491446] [31m[createMemory][39m I once found a secret clearing in the woods, it's my personal hideout now. [0]
[1694757491446] [31m[createMemory][39m The world feels so big and full of wonders, I want to see them all! [0]
[1694757491446] [31m[createMemory][39m I saw a deer up close once, our eyes met and we just stared for a moment. [0]
[1694757491446] [31m[createMemory][39m Climbing trees is my favorite! The higher I go, the bigger the world looks. [0]
[1694757491446] [31m[createMemory][39m Lucy showed me how to listen to the forest, it's like it's telling stories. [0]
[1694757491446] [31m[createMemory][39m Every rock and leaf, every bird and bug, feels like a friend to me. [0]
[1694757491446] [31m[createMemory][39m I once got lost, but the stars guided me home. They're like nature's map! [0]
[1694757491446] [31m[createMemory][39m George tells me tales of old, turning every tree and hill into an adventure. [0]
[1694757491446] [31m[createMemory][39m I made a whistle out of a reed! Nature is full of surprises. [0]
[1694757491446] [31m[createMemory][39m The woods in autumn is my favorite. All those colors... like nature's painting! [0]
[1694757491446] [31m[createMemory][39m I wish I could talk to animals. Imagine the stories they'd tell! [0]
[1694757491446] [31m[createMemory][39m I've learned to move silently. That way, nature doesn’t hide from me. [0]
[1694757491446] [31m[createMemory][39m Lucy once said every tree has a story. I'm trying to learn them all. [0]
[1694757491446] [31m[createMemory][39m Rainy days? That's when the forest sings its loudest song! [0]
[1694757491446] [31m[createMemory][39m I dreamt I could fly like a bird, seeing the world from above. Maybe one day... [0]
[1694757503487] [Character] Eli created
[1694757572542] [31m[createMemory][39m Eli Green sees Tree at X: 36.09, Y: -35.85. [0.0199999921]
[1694757572542] [31m[createMemory][39m Eli Green sees Tree at X: 32.43, Y: -36.81211. [0.0199999921]
[1694757572543] [31m[createMemory][39m Eli Green sees Tree Stump at X: 30.7, Y: -35.81. [0.0199999921]
[1694757572547] [31m[createMemory][39m Eli Green sees Tree at X: 34.39, Y: -34.21. [0.0199999921]
[1694757572548] [31m[createMemory][39m Eli Green sees Tree at X: 31.45, Y: -34.49. [0.0199999921]
[1694757572548] [31m[createMemory][39m Eli Green sees Tree at X: 35.27, Y: -40.99. [0.0199999921]
[1694757572558] [31m[createMemory][39m Eli Green sees Stone Ore Deposit (Small) at X: 32.23, Y: -40.35. [0.0199999921]
[1694757572575] [31m[createMemory][39m Eli Green sees Tree at X: 34.62, Y: -38.2. [0.0199999921]
[1694757578684] --- Prompt ---
[1694757578686] Character: 
- ID: A5
- Name: Eli Green
- Age: 12
- Occupation: Explorer
- Personality: Curious, Energetic, Kind-hearted

Location: 31.64, -39.45

Time: Day 0, 12:00 AM

Energy: Fully Rested

Hunger: Well-fed

Environment:
- Stone Ore Deposit (Small) (Health: 5/5) [Location: 32.23, -40.35, Direction: NW,  Distance: 1.1m]
- Tree (Health: 10/10) [Location: 32.43, -36.81211, Direction: NW,  Distance: 2.8m]
- Tree (Health: 10/10) [Location: 34.62, -38.2, Direction: NW,  Distance: 3.2m]
- Tree Stump (Health: 5/5) [Location: 30.7, -35.81, Direction: NW,  Distance: 3.8m]
- Tree (Health: 10/10) [Location: 35.27, -40.99, Direction: NW,  Distance: 3.9m]
- Tree (Health: 10/10) [Location: 31.45, -34.49, Direction: NW,  Distance: 5.0m]
- Tree (Health: 10/10) [Location: 36.09, -35.85, Direction: NW,  Distance: 5.7m]
- Tree (Health: 10/10) [Location: 34.39, -34.21, Direction: NW,  Distance: 5.9m]
- Tree (Health: 10/10) [Location: 37.45, -38.2, Direction: NW,  Distance: 5.9m]
- Owen Greenfield (Health: 25/25) [Location: 31.45, -45.5, Direction: NW,  Distance: 6.1m]
- Tree (Health: 10/10) [Location: 37.69, -40.45, Direction: NW,  Distance: 6.1m]
- Tree (Health: 10/10) [Location: 25.48, -39.34, Direction: NW,  Distance: 6.2m]
- Tree (Health: 10/10) [Location: 25.76, -42.09, Direction: NW,  Distance: 6.4m]
- Tree (Health: 10/10) [Location: 33.12, -33.14, Direction: NW,  Distance: 6.5m]
- Tree (Health: 10/10) [Location: 36.37, -44.45, Direction: NW,  Distance: 6.9m]
- Tree (Health: 10/10) [Location: 36.21, -34.08, Direction: NW,  Distance: 7.1m]
- Tree (Health: 10/10) [Location: 24.93, -36.81, Direction: NW,  Distance: 7.2m]
- Tree (Health: 10/10) [Location: 38.22, -36.24, Direction: NW,  Distance: 7.3m]
- Tree Stump (Health: 5/5) [Location: 38.74, -41.81, Direction: NW,  Distance: 7.5m]
- Tree (Health: 10/10) [Location: 25.76, -44.33, Direction: NW,  Distance: 7.6m]
- Tree Stump (Health: 5/5) [Location: 36.50999, -46.03, Direction: NW,  Distance: 8.2m]
- Tree (Health: 10/10) [Location: 24.38, -34.45, Direction: NW,  Distance: 8.8m]

Inventory (4/10):
- Axe x 1
- Pickaxe x 1
- Sword x 1
- Berries x 1

Tasks:
[
  {
    "task": "Carry out your daily dutiies",
    "priority": 1
  },
  {
    "task": "Catch up with other villagers",
    "priority": 2
  },
  {
    "task": "Maintain a healthy lifestyle",
    "priority": 3
  }
]

Memories:
- The woods in autumn is my favorite. All those colors... like nature's painting! [0 minutes ago]
- Climbing trees is my favorite! The higher I go, the bigger the world looks. [0 minutes ago]
- Rainy days? That's when the forest sings its loudest song! [0 minutes ago]
- I need to let Thomas know I'm going to explore. He's asked me in the past to let him know just in case I get hurt or lost. [0 minutes ago]
- The world feels so big and full of wonders, I want to see them all! [0 minutes ago]
- I wish I could talk to animals. Imagine the stories they'd tell! [0 minutes ago]
- Lucy once said every tree has a story. I'm trying to learn them all. [0 minutes ago]
- George tells me tales of old, turning every tree and hill into an adventure. [0 minutes ago]
- Every rock and leaf, every bird and bug, feels like a friend to me. [0 minutes ago]
- I once got lost, but the stars guided me home. They're like nature's map! [0 minutes ago]
- Eli Green sees Tree at X: 36.09, Y: -35.85. [in the future]
- Eli Green sees Tree Stump at X: 30.7, Y: -35.81. [in the future]

Available Actions:
- move_to: Move to a target location
- drop_axe: Drop Axe onto the ground.
- drop_pickaxe: Drop Pickaxe onto the ground.
- drop_sword: Drop Sword onto the ground.
- eat: Eat some food.
- drop_berries: Drop Berries onto the ground.

Given the available information, update your task list. Take into consideration the time of day, environment, personality of the character, and more. Replace the entire JSON array by removing completed tasks, updating existing tasks with new information and priorities, and create new tasks based on the provided info. Keep the list as concise as possible. Remember focus on the time of day to adjust priorities.
[1694757603530] [31m[createMemory][39m Eli Green sees Owen Greenfield at X: 29.31127, Y: -43.5856. [25.06461]
[1694757608273] [31m[createMemory][39m Eli Green no longer sees Human (9) at X: 27.25002, Y: -36.265 [29.6146088]
