[1694758301132] [Character] Creating James
[1694758301846] [31m[createMemory][39m First sale I ever made was a pocket watch. Still got the knack for timepieces. [0]
[1694758301847] [31m[createMemory][39m I've visited so many towns, I could draw a map from memory. [0]
[1694758301847] [31m[createMemory][39m Every road has its bumps. Literally. My cart’s wheels are proof. [0]
[1694758301847] [31m[createMemory][39m I always have a joke up my sleeve. Lightens the mood and loosens wallets. [0]
[1694758301847] [31m[createMemory][39m I have a sixth sense for what people want. Makes for good business. [0]
[1694758301847] [31m[createMemory][39m Harold once told me, 'Even a salesman could learn from the sea.' He’s not wrong. [0]
[1694758301847] [31m[createMemory][39m If I’m not selling, I’m learning. Everyone’s got something to teach. [0]
[1694758301847] [31m[createMemory][39m Eli’s curiosity reminds me of my younger days. Hope he keeps it. [0]
[1694758301847] [31m[createMemory][39m Met a craftsman who made the most exquisite jewelry. Talked him into a partnership. [0]
[1694758301847] [31m[createMemory][39m You can't just sell a product; you sell dreams, comfort, a better tomorrow. [0]
[1694758301847] [31m[createMemory][39m I carry a lucky coin. Hasn’t failed me yet. [0]
[1694758301847] [31m[createMemory][39m Some folks call it selling. I call it helping people make decisions. [0]
[1694758301847] [31m[createMemory][39m My biggest sale? A grand piano. Don't ask how I managed to carry it. [0]
[1694758301847] [31m[createMemory][39m No one knows it, but I can play the harmonica. Helps pass the lonely roads. [0]
[1694758301847] [31m[createMemory][39m I’ve learned to spot a deal from a dud. The eyes always give it away. [0]
[1694758314105] [Character] James created
[1694758366344] [35m[CORTEX] James McAllister - Prior Message: [39mThe world's like the ocean, James. It's vast, sometimes frightening, but just like I navigated the seas, you too can navigate life. It's all about understanding the currents and having the right compass.
[1694758366344] [35m[CORTEX] James McAllister - Patience: [39m100
[1694758366344] [35m[CORTEX] James McAllister - Conversation Goal: [39mfiguring out why Harold Smith started a conversation with them.
[1694758366344] [35m[CORTEX] James McAllister - Conversation Finished: [39mfalse
[1694758371241] [35m[CORTEX] James McAllister - Feel: [39mHarold's advice about navigating life much like the sea intrigued James, making him feel a sense of deep respect and newfound wisdom coming from the old seaman.
[1694758375589] [35m[CORTEX] James McAllister - Plan: [39m James plans to share how he views the world as a marketplace full of opportunities and how he navigates it using his wit and instinct as a compass.
[1694758380713] [35m[CORTEX] James McAllister - Say: [39mCouldn't have put it better myself, Harold. Like your seas, my world's also vast and sometimes challenging. But instead of a compass, I navigate it with a keen eye for opportunity and a knack for conversation. It's about understanding the people.

[1694758409767] [35m[CORTEX] James McAllister - Prior Message: [39mYou're right, James. Just as every sea has its unique currents, every person has their unique strengths. It's great to see you've found yours. Remember though, even in our vast seas, we're all interconnected. Our actions always create ripples.
[1694758409767] [35m[CORTEX] James McAllister - Patience: [39m100
[1694758409767] [35m[CORTEX] James McAllister - Conversation Goal: [39mfiguring out why Harold Smith started a conversation with them.
[1694758409767] [35m[CORTEX] James McAllister - Conversation Finished: [39mfalse
[1694758426311] [35m[CORTEX] James McAllister - Feel: [39mYou're right, James. Just as every sea has its unique currents, every person has their unique strengths. It's great to see you've found yours. Remember though, even in our vast seas, we're all interconnected. Our actions always create ripples.
