[1694675345375] [Character] Creating Will
[1694675346286] [31m[createMemory][39m Today was my first day in the mines. [0]
[1694675346286] [31m[createMemory][39m George and Thomas have been really helpful. [0]
[1694675346286] [31m[createMemory][39m The depth and darkness of the mines can be intimidating. [0]
[1694675346286] [31m[createMemory][39m I accidentally broke a pickaxe on my first day. [0]
[1694675346286] [31m[createMemory][39m The older miners have so many stories to tell. [0]
[1694675346286] [31m[createMemory][39m I've always dreamed of being a miner like my father. [0]
[1694675346286] [31m[createMemory][39m The echo in the mines is fascinating. [0]
[1694675346286] [31m[createMemory][39m I need to remember to wear my helmet at all times. [0]
[1694675346286] [31m[createMemory][39m The village has been supportive of my new journey. [0]
[1694675346286] [31m[createMemory][39m I'm still learning the different routes in the mine. [0]
[1694675346286] [31m[createMemory][39m I was startled by the sound of a mine cart today. [0]
[1694675346286] [31m[createMemory][39m It's tiring, but I'm determined to make everyone proud. [0]
[1694675346286] [31m[createMemory][39m I hope to find a rare gem or mineral soon. [0]
[1694675346286] [31m[createMemory][39m The lanterns light up the mines in such a mysterious way. [0]
[1694675346286] [31m[createMemory][39m I can't wait to tell my family about my adventures here. [0]
[1694675346286] [31m[createMemory][39m Nume Village is located west of the crossroads at 2, -58. [0]
[1694675346286] [31m[createMemory][39m I grew up in Nume Village, it's my home. (2, -58) [0]
[1694675346287] [31m[createMemory][39m The mine site is north east of Nume Village, through the forest at 51, 17. [0]
[1694675346287] [31m[createMemory][39m The lumberyard is straight east of Nume Village at 72, -55.1 [0]
[1694675346287] [31m[createMemory][39m The campsite is North, but slightly west at 7, -8.3. You'll take a left at the fork in the road. [0]
[1694675358304] [Character] Will created
[1694675358389] [31m[createMemory][39m Will Turner sees Tree at X: 42.62, Y: -48.29. [0.0199999921]
[1694675358389] [31m[createMemory][39m Will Turner sees Tree at X: 40.72, Y: -46.88. [0.0199999921]
[1694675358389] [31m[createMemory][39m Will Turner sees Tree at X: 44.75, Y: -48.82. [0.0199999921]
[1694675358389] [31m[createMemory][39m Will Turner sees Chest at X: 37.52, Y: -48.22. [0.0199999921]
[1694675358389] [31m[createMemory][39m Will Turner sees Tree Stump at X: 38.7, Y: -50.07. [0.0199999921]
[1694675358390] [31m[createMemory][39m Will Turner sees Tree at X: 39.4, Y: -48.08. [0.0199999921]
[1694675358396] [31m[createMemory][39m Will Turner sees Tree at X: 43.53, Y: -51.61. [0.0199999921]
[1694675358396] [31m[createMemory][39m Will Turner sees Tree at X: 45.95, Y: -51.07. [0.0199999921]
[1694675358396] [31m[createMemory][39m Will Turner sees Tree at X: 41.96, Y: -50.43. [0.0199999921]
[1694675358396] [31m[createMemory][39m Will Turner sees Tree at X: 36.04, Y: -47.68999. [0.0199999921]
[1694675358396] [31m[createMemory][39m Will Turner sees Tree at X: 38.28, Y: -45.67. [0.0199999921]
[1694675358396] [31m[createMemory][39m Will Turner sees Tree at X: 44.35, Y: -46.47. [0.0199999921]
[1694675362533] --- Prompt ---
[1694675362539] Character: 
- ID: A3
- Name: Will Turner
- Age: 19
- Occupation: Apprentice Miner
- Personality: Curious, Eager, Naive

Location: 40.7, -50.62

Time: Day 0, 12:00 AM

Energy: Fully Rested

Hunger: Starving

Environment:
- Tree (Health: 10/10) [Location: 41.96, -50.43, Direction: NW,  Distance: 1.3m]
- Tree Stump (Health: 5/5) [Location: 38.7, -50.07, Direction: NW,  Distance: 2.1m]
- Tree (Health: 10/10) [Location: 39.4, -48.08, Direction: NW,  Distance: 2.9m]
- Tree (Health: 10/10) [Location: 43.53, -51.61, Direction: NW,  Distance: 3.0m]
- Tree (Health: 10/10) [Location: 42.62, -48.29, Direction: NW,  Distance: 3.0m]
- Tree (Health: 10/10) [Location: 40.72, -46.88, Direction: NW,  Distance: 3.7m]
- Chest (Health: 10/10) [Location: 37.52, -48.22, Direction: NW,  Distance: 4.0m]
- Tree (Health: 10/10) [Location: 44.75, -48.82, Direction: NW,  Distance: 4.4m]
- Tree (Health: 10/10) [Location: 45.95, -51.07, Direction: NW,  Distance: 5.3m]
- Tree (Health: 10/10) [Location: 36.04, -47.68999, Direction: NW,  Distance: 5.5m]
- Tree (Health: 10/10) [Location: 38.28, -45.67, Direction: NW,  Distance: 5.5m]
- Tree (Health: 10/10) [Location: 44.35, -46.47, Direction: NW,  Distance: 5.5m]
- Tree (Health: 10/10) [Location: 42.65, -44.83, Direction: NW,  Distance: 6.1m]
- Tree Stump (Health: 5/5) [Location: 36.50999, -46.03, Direction: NW,  Distance: 6.2m]
- Tree (Health: 10/10) [Location: 46.71, -48.82, Direction: NW,  Distance: 6.3m]
- Tree (Health: 10/10) [Location: 39.8, -44.33, Direction: NW,  Distance: 6.4m]
- Tree Stump (Health: 5/5) [Location: 47, -52.43, Direction: NW,  Distance: 6.6m]
- Tree (Health: 10/10) [Location: 46.48, -46.86, Direction: NW,  Distance: 6.9m]
- Tree (Health: 10/10) [Location: 44.46999, -44.24, Direction: NW,  Distance: 7.4m]
- Tree (Health: 10/10) [Location: 36.37, -44.45, Direction: NW,  Distance: 7.5m]
- Tree (Health: 10/10) [Location: 41.31, -42.68, Direction: NW,  Distance: 8.0m]
- Tree (Health: 10/10) [Location: 41.31, -42.68, Direction: NW,  Distance: 8.0m]
- Tree (Health: 10/10) [Location: 48.96, -48.82, Direction: NW,  Distance: 8.5m]
- Tree (Health: 10/10) [Location: 49.3, -51, Direction: NW,  Distance: 8.6m]
- Tree (Health: 10/10) [Location: 49.3, -51, Direction: NW,  Distance: 8.6m]
- Tree (Health: 10/10) [Location: 44.22, -42.59, Direction: NW,  Distance: 8.8m]

Inventory (4/10):
- Axe x 1
- Pickaxe x 1
- Sword x 1
- Berries x 1

Tasks:
[
  {
    "task": "Carry out your daily dutiies",
    "priority": 1
  },
  {
    "task": "Catch up with other villagers",
    "priority": 2
  },
  {
    "task": "Maintain a healthy lifestyle",
    "priority": 3
  }
]

Memories:
- I'm still learning the different routes in the mine. [0 minutes ago]
- The village has been supportive of my new journey. [0 minutes ago]
- I grew up in Nume Village, it's my home. (2, -58) [0 minutes ago]
- The campsite is North, but slightly west at 7, -8.3. You'll take a left at the fork in the road. [0 minutes ago]
- I can't wait to tell my family about my adventures here. [0 minutes ago]
- I've always dreamed of being a miner like my father. [0 minutes ago]
- The older miners have so many stories to tell. [0 minutes ago]
- The lanterns light up the mines in such a mysterious way. [0 minutes ago]
- The mine site is north east of Nume Village, through the forest at 51, 17. [0 minutes ago]
- The echo in the mines is fascinating. [0 minutes ago]
- Will Turner sees Tree Stump at X: 38.7, Y: -50.07. [in the future]

Available Actions:
- move_to: Move to a target location
- swing_axe: Swing Axe.
- drop_axe: Drop Axe onto the ground.
- swing_pickaxe: Swing Pickaxe.
- drop_pickaxe: Drop Pickaxe onto the ground.
- swing_sword: Swing sword.
- drop_sword: Drop Sword onto the ground.
- eat: Eat some food.
- drop_berries: Drop Berries onto the ground.

Given the available information, update your task list. Take into consideration the time of day, environment, personality of the character, and more. Replace the entire JSON array by removing completed tasks, updating existing tasks with new information and priorities, and create new tasks based on the provided info. Keep the list as concise as possible. Remember focus on the time of day to adjust priorities.
[1694675376415] --- Response ---
[1694675376415] Updated Tasks: 
[1694675376416] [
  {
    "task": "Eat some food",
    "priority": 1
  },
  {
    "task": "Carry out your daily duties",
    "priority": 2
  },
  {
    "task": "Search for fruits or other food in the forest",
    "priority": 3
  },
  {
    "task": "Catch up with other villagers",
    "priority": 4
  },
  {
    "task": "Investigate the chest at Location: 37.52, -48.22",
    "priority": 5
  },
  {
    "task": "Maintain a healthy lifestyle",
    "priority": 6
  }
]
[1694675378694] [31m[createMemory][39m Will Turner sees Thomas Smith at X: 36.15347, Y: -52.78655. [22.2415771]
[1694675380388] --- Prompt ---
[1694675380398] Character: 
- ID: A3
- Name: Will Turner
- Age: 19
- Occupation: Apprentice Miner
- Personality: Curious, Eager, Naive

Location: 40.7, -50.62

Time: Day 0, 12:00 AM

Energy: Fully Rested

Hunger: Starving

Environment:
- Tree (Health: 10/10) [Direction: NW, Distance: 1.3m]
- Tree Stump (Health: 5/5) [Direction: NW, Distance: 2.1m]
- Tree (Health: 10/10) [Direction: NW, Distance: 2.9m]
- Tree (Health: 10/10) [Direction: NW, Distance: 3.0m]
- Tree (Health: 10/10) [Direction: NW, Distance: 3.0m]
- Tree (Health: 10/10) [Direction: NW, Distance: 3.7m]
- Chest (Health: 10/10) [Direction: NW, Distance: 4.0m]
- Tree (Health: 10/10) [Direction: NW, Distance: 4.4m]
- Tree (Health: 10/10) [Direction: NW, Distance: 5.3m]
- Tree (Health: 10/10) [Direction: NW, Distance: 5.5m]
- Tree (Health: 10/10) [Direction: NW, Distance: 5.5m]
- Tree (Health: 10/10) [Direction: NW, Distance: 5.5m]
- Tree (Health: 10/10) [Direction: NW, Distance: 6.1m]
- Tree Stump (Health: 5/5) [Direction: NW, Distance: 6.2m]
- Tree (Health: 10/10) [Direction: NW, Distance: 6.3m]
- Tree (Health: 10/10) [Direction: NW, Distance: 6.4m]
- Tree Stump (Health: 5/5) [Direction: NW, Distance: 6.6m]
- Tree (Health: 10/10) [Direction: NW, Distance: 6.9m]
- Tree (Health: 10/10) [Direction: NW, Distance: 7.4m]
- Tree (Health: 10/10) [Direction: NW, Distance: 7.5m]
- Tree (Health: 10/10) [Direction: NW, Distance: 8.0m]
- Tree (Health: 10/10) [Direction: NW, Distance: 8.0m]
- Tree (Health: 10/10) [Direction: NW, Distance: 8.5m]
- Tree (Health: 10/10) [Direction: NW, Distance: 8.6m]
- Tree (Health: 10/10) [Direction: NW, Distance: 8.6m]
- Tree (Health: 10/10) [Direction: NW, Distance: 8.8m]

Inventory (4/10):
- Axe x 1
- Pickaxe x 1
- Sword x 1
- Berries x 1

Tasks:
[
  {
    "task": "Carry out your daily dutiies",
    "priority": 1
  },
  {
    "task": "Catch up with other villagers",
    "priority": 2
  },
  {
    "task": "Maintain a healthy lifestyle",
    "priority": 3
  }
]

Memories:
- Will Turner sees Tree at X: 38.28, Y: -45.67. [in the future]
- Will Turner sees Tree at X: 36.04, Y: -47.68999. [in the future]
- Will Turner sees Chest at X: 37.52, Y: -48.22. [in the future]
- I was startled by the sound of a mine cart today. [0 minutes ago]
- The echo in the mines is fascinating. [0 minutes ago]
- The mine site is north east of Nume Village, through the forest at 51, 17. [0 minutes ago]
- The lanterns light up the mines in such a mysterious way. [0 minutes ago]
- I've always dreamed of being a miner like my father. [0 minutes ago]
- I can't wait to tell my family about my adventures here. [0 minutes ago]
- The village has been supportive of my new journey. [0 minutes ago]

Given the available information, pick the best available action function to accomplish your tasks.


[1694675380402] --- Action Functions ---
[1694675380404] [
  {
    "name": "move_to",
    "description": "Move to a target location",
    "parameters": {
      "type": "object",
      "properties": {
        "characterId": {
          "type": "string",
          "description": "The character ID of the character that is adding the item to the chest."
        },
        "x": {
          "type": "number",
          "description": "The X coordinate of the target location."
        },
        "y": {
          "type": "number",
          "description": "The Y coordinate of the target location."
        }
      }
    }
  },
  {
    "name": "swing_axe",
    "description": "Swing Axe.",
    "parameters": {
      "type": "object",
      "properties": {
        "characterId": {
          "type": "string",
          "description": "The character ID of the character that is adding the item to the chest."
        }
      }
    }
  },
  {
    "name": "drop_axe",
    "description": "Drop Axe onto the ground.",
    "parameters": {
      "type": "object",
      "properties": {
        "characterId": {
          "type": "string",
          "description": "The character ID of the character that is adding the item to the chest."
        },
        "itemId": {
          "type": "string",
          "description": "The item ID of the item that is being added to the chest. Must be lowercase.",
          "values": [
            "wood",
            "stone",
            "iron",
            "diamond",
            "copper",
            "coal",
            "axe",
            "pickaxe",
            "sword",
            "berries"
          ]
        }
      }
    }
  },
  {
    "name": "swing_pickaxe",
    "description": "Swing Pickaxe.",
    "parameters": {
      "type": "object",
      "properties": {
        "characterId": {
          "type": "string",
          "description": "The character ID of the character that is adding the item to the chest."
        }
      }
    }
  },
  {
    "name": "drop_pickaxe",
    "description": "Drop Pickaxe onto the ground.",
    "parameters": {
      "type": "object",
      "properties": {
        "characterId": {
          "type": "string",
          "description": "The character ID of the character that is adding the item to the chest."
        },
        "itemId": {
          "type": "string",
          "description": "The item ID of the item that is being added to the chest. Must be lowercase.",
          "values": [
            "wood",
            "stone",
            "iron",
            "diamond",
            "copper",
            "coal",
            "axe",
            "pickaxe",
            "sword",
            "berries"
          ]
        }
      }
    }
  },
  {
    "name": "swing_sword",
    "description": "Swing sword.",
    "parameters": {
      "type": "object",
      "properties": {
        "characterId": {
          "type": "string",
          "description": "The character ID of the character that is adding the item to the chest."
        }
      }
    }
  },
  {
    "name": "drop_sword",
    "description": "Drop Sword onto the ground.",
    "parameters": {
      "type": "object",
      "properties": {
        "characterId": {
          "type": "string",
          "description": "The character ID of the character that is adding the item to the chest."
        },
        "itemId": {
          "type": "string",
          "description": "The item ID of the item that is being added to the chest. Must be lowercase.",
          "values": [
            "wood",
            "stone",
            "iron",
            "diamond",
            "copper",
            "coal",
            "axe",
            "pickaxe",
            "sword",
            "berries"
          ]
        }
      }
    }
  },
  {
    "name": "eat",
    "description": "Eat some food.",
    "parameters": {
      "type": "object",
      "properties": {
        "characterId": {
          "type": "string",
          "description": "The character ID of the character that is adding the item to the chest."
        },
        "foodId": {
          "type": "string",
          "description": "The food ID of the food to be eaten.",
          "values": [
            "berries"
          ]
        }
      }
    }
  },
  {
    "name": "drop_berries",
    "description": "Drop Berries onto the ground.",
    "parameters": {
      "type": "object",
      "properties": {
        "characterId": {
          "type": "string",
          "description": "The character ID of the character that is adding the item to the chest."
        },
        "itemId": {
          "type": "string",
          "description": "The item ID of the item that is being added to the chest. Must be lowercase.",
          "values": [
            "wood",
            "stone",
            "iron",
            "diamond",
            "copper",
            "coal",
            "axe",
            "pickaxe",
            "sword",
            "berries"
          ]
        }
      }
    }
  }
]
[1694675381471] Occupied agent A3
[1694675381815] [31m[createMemory][39m Thomas Smith started a conversation with me. [25.3546963]
[1694675383490] [31mAgent A3 is already occupied. Skipping...[39m
[1694675399005] [35m[CORTEX] Will Turner - Prior Message: [39mHey there! Do you know where I can find Nume Village? I'm not super familar with the area
[1694675399006] [35m[CORTEX] Will Turner - Patience: [39m100
[1694675399006] [35m[CORTEX] Will Turner - Conversation Goal: [39mFigure out why Thomas Smith started a conversation with me.
[1694675399006] [35m[CORTEX] Will Turner - Conversation Finished: [39mfalse
[1694675402967] [35m[CORTEX] Will Turner - Feel: [39mI feel excited about sharing the location of Nume Village
[1694675410255] [35m[CORTEX] Will Turner - Plan: [39m I'm planning to tell Thomas Smith about how to reach Nume Village. According to my knowledge the village is at North East through the forest. The mine site at 51, 17 could be a reference point for him.
[1694675415921] [35m[CORTEX] Will Turner - Say: [39mSure, Nume Village is northeast from here. You can use the mine site as a landmark, it's at coordinates 51, 17. Just keep heading through the forest, you can't miss it.

