[1695369763412] [31m[createMemory][39m I've scaled the highest peak in the Blackspire Range. [0]
[1695369763412] [31m[createMemory][39m My travels have taken me to forgotten civilizations. [0]
[1695369763412] [31m[createMemory][39m I've escaped several near-death situations. [0]
[1695369763412] [31m[createMemory][39m Found a rare artifact in an ancient ruin. [0]
[1695369763412] [31m[createMemory][39m My compass is more than a tool; it's a lifeline. [0]
[1695369763412] [31m[createMemory][39m I often rely on my wits rather than a weapon. [0]
[1695369763412] [31m[createMemory][39m My pack contains only the essentials for survival. [0]
[1695369763412] [31m[createMemory][39m The thrill of discovery fuels me. [0]
[1695369763412] [31m[createMemory][39m I trust no one completely; the road has taught me that. [0]
[1695369763412] [31m[createMemory][39m Navigating treacherous landscapes is second nature to me. [0]
[1695369763412] [31m[createMemory][39m I've learned a lot about local cultures and their legends. [0]
[1695369763412] [31m[createMemory][39m I've traded stories with adventurers and locals alike. [0]
[1695369763412] [31m[createMemory][39m Survival skills are as crucial as courage. [0]
[1695369763413] [31m[createMemory][39m Maps are useful, but instincts are invaluable. [0]
[1695369763413] [31m[createMemory][39m I keep a journal of my adventures; it'll be my legacy. [0]
[1695369763413] [31m[createMemory][39m Basecamp Alpha is my main hub, located at 43, 12. [0]
[1695369763413] [31m[createMemory][39m I've journeyed through the Dark Forest, its coordinates are 24, 68. [0]
[1695369763414] [31m[createMemory][39m The treacherous Snake Gorge is located at 53, -22. [0]
[1695369763414] [31m[createMemory][39m There's a hidden temple at 11, 9; it took me months to find it. [0]
[1695369763414] [31m[createMemory][39m The market at Skyline city is a great place to resupply; located at 78, 54. [0]
[1695369776136] [Character] John created
[1695369787073] [31m[createMemory][39m John Swift sees Tree at X: 86.38, Y: -29.74. [0]
[1695369787073] [31m[createMemory][39m John Swift sees Harold Smith at X: 85.76, Y: -25.2. [0]
[1695369794820] --- Prompt ---
[1695369794821] Character: 
- ID: A8
- Name: John Swift
- Age: 28
- Occupation: Adventurer
- Personality: Courageous, Resourceful, Independent

Location: 86.86, -25.06

Time: Day 0, 12:00 AM

Energy: Fully Rested

Hunger: Full

Environment:
- Harold Smith (Health: 25/25) [Location: 85.76, -25.2, Direction: N,  Distance: 1.1m]
- Tree (Health: 10/10) [Location: 86.38, -29.74, Direction: N,  Distance: 4.7m]
- Tree (Health: 10/10) [Location: 90.05, -31.45, Direction: N,  Distance: 7.1m]
- Tree (Health: 10/10) [Location: 84.09999, -17.98, Direction: N,  Distance: 7.6m]

Inventory (4/10):
- Axe x 1
- Pickaxe x 1
- Sword x 1
- Berries x 1

Tasks:
[
  {
    "task": "Carry out your daily dutiies",
    "priority": 1
  },
  {
    "task": "Catch up with other villagers",
    "priority": 2
  },
  {
    "task": "Maintain a healthy lifestyle",
    "priority": 3
  }
]

Memories:
- Survival skills are as crucial as courage. [just now]
- Basecamp Alpha is my main hub, located at 43, 12. [just now]
- There's a hidden temple at 11, 9; it took me months to find it. [just now]
- I keep a journal of my adventures; it'll be my legacy. [just now]
- I often rely on my wits rather than a weapon. [just now]
- I've learned a lot about local cultures and their legends. [just now]
- The treacherous Snake Gorge is located at 53, -22. [just now]
- The thrill of discovery fuels me. [just now]
- I've traded stories with adventurers and locals alike. [just now]
- I've scaled the highest peak in the Blackspire Range. [just now]
- I've escaped several near-death situations. [just now]
- John Swift sees Harold Smith at X: 85.76, Y: -25.2. [just now]

Available Actions:
- move_to: Move to a target location
- drop_axe: Drop Axe onto the ground.
- drop_pickaxe: Drop Pickaxe onto the ground.
- drop_sword: Drop Sword onto the ground.
- eat: Eat some food.
- drop_berries: Drop Berries onto the ground.
- start_conversation: Start a conversation with Harold Smith (ID: A7).

Given the available information, update your task list. Take into consideration the time of day, environment, personality of the character, and more. Replace the entire JSON array by removing completed tasks, updating existing tasks with new information and priorities, and create new tasks based on the provided info. Keep the list as concise as possible. Remember focus on the time of day to adjust priorities.
[1695369815190] --- Response ---
[1695369815190] Updated Tasks: 
[1695369815191] [
  {
    "task": "start_conversation with Harold Smith",
    "priority": 1
  },
  {
    "task": "Maintain a healthy lifestyle",
    "priority": 2
  },
  {
    "task": "Move to Basecamp Alpha (Location: 43, 12)",
    "priority": 3
  },
  {
    "task": "Explore the hidden temple at 11, 9",
    "priority": 4
  },
  {
    "task": "Write in my journal about today's experiences",
    "priority": 5
  },
  {
    "task": "Avoid Snake Gorge (Location: 53, -22)",
    "priority": 6
  },
  {
    "task": "Revisit Blackspire Range and reminisce about previous adventures",
    "priority": 7
  }
]
[1695369817659] --- Prompt ---
[1695369817667] Character: 
- ID: A8
- Name: John Swift
- Age: 28
- Occupation: Adventurer
- Personality: Courageous, Resourceful, Independent

Location: 86.86, -25.06

Time: Day 0, 12:00 AM

Energy: Fully Rested

Hunger: Full

Environment:
- Harold Smith (Health: 25/25) [Direction: N, Distance: 1.1m]
- Tree (Health: 10/10) [Direction: N, Distance: 4.7m]
- Tree (Health: 10/10) [Direction: N, Distance: 7.1m]
- Tree (Health: 10/10) [Direction: N, Distance: 7.6m]

Inventory (4/10):
- Axe x 1
- Pickaxe x 1
- Sword x 1
- Berries x 1

Tasks:
[
  {
    "task": "Carry out your daily dutiies",
    "priority": 1
  },
  {
    "task": "Catch up with other villagers",
    "priority": 2
  },
  {
    "task": "Maintain a healthy lifestyle",
    "priority": 3
  }
]

Memories:
- John Swift sees Harold Smith at X: 85.76, Y: -25.2. [just now]
- I've escaped several near-death situations. [just now]
- I've scaled the highest peak in the Blackspire Range. [just now]
- I've traded stories with adventurers and locals alike. [just now]
- The treacherous Snake Gorge is located at 53, -22. [just now]
- I've learned a lot about local cultures and their legends. [just now]
- I keep a journal of my adventures; it'll be my legacy. [just now]
- There's a hidden temple at 11, 9; it took me months to find it. [just now]
- Basecamp Alpha is my main hub, located at 43, 12. [just now]
- Survival skills are as crucial as courage. [just now]

Given the available information, pick the best available action function to accomplish your tasks.


[1695369817668] --- Action Functions ---
[1695369817668] [
  {
    "name": "move_to",
    "description": "Move to a target location",
    "parameters": {
      "type": "object",
      "properties": {
        "characterId": {
          "type": "string",
          "description": "The character ID of the character that is adding the item to the chest."
        },
        "x": {
          "type": "number",
          "description": "The X coordinate of the target location."
        },
        "y": {
          "type": "number",
          "description": "The Y coordinate of the target location."
        }
      }
    }
  },
  {
    "name": "drop_axe",
    "description": "Drop Axe onto the ground.",
    "parameters": {
      "type": "object",
      "properties": {
        "characterId": {
          "type": "string",
          "description": "The character ID of the character that is adding the item to the chest."
        },
        "itemId": {
          "type": "string",
          "description": "The item ID of the item that is being added to the chest. Must be lowercase.",
          "values": [
            "wood",
            "stone",
            "iron",
            "diamond",
            "copper",
            "coal",
            "axe",
            "pickaxe",
            "sword",
            "berries"
          ]
        }
      }
    }
  },
  {
    "name": "drop_pickaxe",
    "description": "Drop Pickaxe onto the ground.",
    "parameters": {
      "type": "object",
      "properties": {
        "characterId": {
          "type": "string",
          "description": "The character ID of the character that is adding the item to the chest."
        },
        "itemId": {
          "type": "string",
          "description": "The item ID of the item that is being added to the chest. Must be lowercase.",
          "values": [
            "wood",
            "stone",
            "iron",
            "diamond",
            "copper",
            "coal",
            "axe",
            "pickaxe",
            "sword",
            "berries"
          ]
        }
      }
    }
  },
  {
    "name": "drop_sword",
    "description": "Drop Sword onto the ground.",
    "parameters": {
      "type": "object",
      "properties": {
        "characterId": {
          "type": "string",
          "description": "The character ID of the character that is adding the item to the chest."
        },
        "itemId": {
          "type": "string",
          "description": "The item ID of the item that is being added to the chest. Must be lowercase.",
          "values": [
            "wood",
            "stone",
            "iron",
            "diamond",
            "copper",
            "coal",
            "axe",
            "pickaxe",
            "sword",
            "berries"
          ]
        }
      }
    }
  },
  {
    "name": "eat",
    "description": "Eat some food.",
    "parameters": {
      "type": "object",
      "properties": {
        "characterId": {
          "type": "string",
          "description": "The character ID of the character that is adding the item to the chest."
        },
        "foodId": {
          "type": "string",
          "description": "The food ID of the food to be eaten.",
          "values": [
            "berries"
          ]
        }
      }
    }
  },
  {
    "name": "drop_berries",
    "description": "Drop Berries onto the ground.",
    "parameters": {
      "type": "object",
      "properties": {
        "characterId": {
          "type": "string",
          "description": "The character ID of the character that is adding the item to the chest."
        },
        "itemId": {
          "type": "string",
          "description": "The item ID of the item that is being added to the chest. Must be lowercase.",
          "values": [
            "wood",
            "stone",
            "iron",
            "diamond",
            "copper",
            "coal",
            "axe",
            "pickaxe",
            "sword",
            "berries"
          ]
        }
      }
    }
  },
  {
    "name": "start_conversation",
    "description": "Start a conversation with Harold Smith (ID: A7).",
    "parameters": {
      "type": "object",
      "properties": {
        "characterId": {
          "type": "string",
          "description": "The character ID of the character that is initiating the conversation."
        },
        "targetCharacterId": {
          "type": "string",
          "description": "The character ID of the target character."
        },
        "conversationGoal": {
          "type": "string",
          "description": "Describe a hypothesis for precisely what you hope to get out of this conversation with Human (6) in detail."
        }
      }
    }
  }
]
[1695369817995] [31m[createMemory][39m Harold Smith started a conversation with me. [24.0464954]
[1695369822370] [31mAgent A8 is already occupied. Skipping...[39m
[1695369833637] [35m[CORTEX] John Swift - Prior Message: [39mJohn, life's like sailing. It's not about avoiding the storm, but about learning to dance in the rain.
[1695369833637] [35m[CORTEX] John Swift - Patience: [39m100
[1695369833637] [35m[CORTEX] John Swift - Conversation Goal: [39mfiguring out why Harold Smith started a conversation with them.
[1695369833637] [35m[CORTEX] John Swift - Conversation Finished: [39mfalse
[1695369837733] [35m[CORTEX] John Swift - Feel: [39mLife's like sailing. It's not about avoiding the storm, but about learning to dance in the rain.
[1695369843396] [35m[CORTEX] John Swift - Plan: [39m John is planning to share his perspective on Harold's metaphor about life and sailing. He will draw from his own experiences as an adventurer to resonate with this idea.
[1695369848621] [35m[CORTEX] John Swift - Say: [39mAye, Harold, I see truth in your words. Storms will always come, what matters is how we weather them. It's much like my adventures, no?

[1695369888750] [35m[CORTEX] John Swift - Prior Message: [39mJohn, remember the course doesn't always run smooth. There will be squalls and monstrous waves, just as in life. But don't let them scare you. They're not obstacles, they're teachers. And the sea, like life, is never conquered. We just grow to become better sailors.
[1695369888750] [35m[CORTEX] John Swift - Patience: [39m100
[1695369888750] [35m[CORTEX] John Swift - Conversation Goal: [39mfiguring out why Harold Smith started a conversation with them.
[1695369888750] [35m[CORTEX] John Swift - Conversation Finished: [39mfalse
[1695369896049] [35m[CORTEX] John Swift - Feel: [39mJohn, remember the course doesn't always run smooth. There will be squalls and monstrous waves, just as in life. But don't let them scare you. They're not obstacles, they're teachers. And the sea, like life, is never conquered. We just grow to become better sailors.
[1695369902080] [35m[CORTEX] John Swift - Explain: [39mHarold Smith sharing wisdom about facing challenges in life and comparing it with sailing. Squalls and waves are equivalent to life's adversities. Just like sailing, life is never fully conquered; instead, we become better at handling its challenges.
[1695369903572] [35m[CORTEX] John Swift - Did I make progress? [39m[yes]
[1695369905318] [35m[CORTEX] John Swift - Did I accomplish my goal? [39m[yes]
[1695369911289] [35m[CORTEX] John Swift - Explain: [39mJohn appreciates Harold Smith's wisdom and metaphor about life's challenges being like squalls and waves during sailing. He values such lessons that align with his own experiences as an adventurer. He contemplates on adding more to the conversation to explore their shared understanding.
[1695369912721] [35m[CORTEX] John Swift - Should I end the conversation? [39m[no]
[1695369925880] [35m[CORTEX] John Swift - Plan: [39m John Swift is planning to respond to Harold Smith's metaphor about the challenges in life. He agrees with the analogy and intends to express his agreement by sharing examples from his own life and adventures. He believes that this can help foster a deeper bond between them.
