[1695370565535] [31m[createMemory][39m I should be asleep until 7am. [0]
[1695370565535] [31m[createMemory][39m It's my job to protect the village. [0]
[1695370565536] [31m[createMemory][39m I need to make sure everyone is safe. [0]
[1695370565536] [31m[createMemory][39m I do the work that no one else wants to do. [0]
[1695370565536] [31m[createMemory][39m I try to be as honest as possible. [0]
[1695370565536] [31m[createMemory][39m I'm not afraid of anything. [0]
[1695370565536] [31m[createMemory][39m I go to bed at 10pm. [0]
[1695370565536] [31m[createMemory][39m I like strawberries. [0]
[1695370565536] [31m[createMemory][39m The village location is 2, -58. [0]
[1695370565536] [31m[createMemory][39m The mine site is at 51, 17. [0]
[1695370565536] [31m[createMemory][39m The lumberyard is at 72, -55.1 [0]
[1695370565536] [31m[createMemory][39m The campsite is at 7, -8.3 [0]
[1695370565536] [31m[createMemory][39m The Nume River flows through the village. [0]
[1695370565536] [31m[createMemory][39m Nume Falls are north of the village, and west of the campsite. [0]
[1695370565536] [31m[createMemory][39m The area is surrounded by forested monutains, filled with wildlife, rivers, and lakes. [0]
[1695370576551] [Character] Thomas created (clmubv0c10001vd5slsjwr5u1)
[1695370741804] [31m[createMemory][39m Thomas Smith sees Lucy Wilde at X: 56.59, Y: -18.82. [0]
[1695370741804] [31m[createMemory][39m Thomas Smith sees Tree Stump at X: 52.4, Y: -20.42. [0]
[1695370741804] [31m[createMemory][39m Thomas Smith sees Tree at X: 56.09, Y: -15.63. [0]
[1695370741805] [31m[createMemory][39m Thomas Smith sees Tree at X: 59.01, Y: -15.07. [0]
[1695370741816] [31m[createMemory][39m Thomas Smith sees Tree at X: 54.01, Y: -15.6. [0]
[1695370744358] --- Prompt ---
[1695370744369] Character: 
- ID: A1
- Name: Thomas Smith
- Age: 32
- Occupation: Village Leader
- Personality: Brave, Calm, Honest

Location: 55.25, -18.75

Time: Day 0, 12:00 AM

Energy: Fully Rested

Hunger: Full

Environment:
- Lucy Wilde (Health: 25/25) [Location: 56.59, -18.82, Direction: N,  Distance: 1.3m]
- Tree (Health: 10/10) [Location: 56.09, -15.63, Direction: N,  Distance: 3.2m]
- Tree Stump (Health: 5/5) [Location: 52.4, -20.42, Direction: N,  Distance: 3.3m]
- Tree (Health: 10/10) [Location: 54.01, -15.6, Direction: N,  Distance: 3.4m]
- Tree (Health: 10/10) [Location: 59.01, -15.07, Direction: N,  Distance: 5.3m]
- Tree (Health: 10/10) [Location: 54.59, -12.8, Direction: N,  Distance: 6.0m]
- Tree (Health: 10/10) [Location: 57.2, -12.75, Direction: N,  Distance: 6.3m]
- Tree (Health: 10/10) [Location: 58.89, -24.2, Direction: N,  Distance: 6.6m]
- House (Health: 100/100) [Location: 59.514, -24.01099, Direction: N,  Distance: 6.8m]
- Tree (Health: 10/10) [Location: 52.03, -12.2, Direction: N,  Distance: 7.3m]
- Tree (Health: 10/10) [Location: 61.04, -13.46, Direction: N,  Distance: 7.8m]
- Tree (Health: 10/10) [Location: 47.86, -15.94, Direction: N,  Distance: 7.9m]
- Tree (Health: 10/10) [Location: 54.53, -10.85, Direction: N,  Distance: 7.9m]
- Tree (Health: 10/10) [Location: 59.02, -26.06, Direction: NW,  Distance: 8.2m]
- Tree (Health: 10/10) [Location: 58.3, -10.95, Direction: N,  Distance: 8.4m]
- Tree (Health: 10/10) [Location: 46.7, -18.14, Direction: N,  Distance: 8.6m]

Inventory (4/10):
- Axe x 1
- Pickaxe x 1
- Sword x 1
- Berries x 1

Tasks:
[
  {
    "task": "Catch up to James",
    "priority": 1
  },
  {
    "task": "Go to Nume Village",
    "priority": 2
  },
  {
    "task": "Maintain a healthy lifestyle",
    "priority": 3
  }
]

Memories:
- The campsite is at 7, -8.3 [just now]
- The Nume River flows through the village. [just now]
- I need to make sure everyone is safe. [just now]
- The lumberyard is at 72, -55.1 [just now]
- The village location is 2, -58. [just now]
- Nume Falls are north of the village, and west of the campsite. [just now]
- I try to be as honest as possible. [just now]
- I go to bed at 10pm. [just now]
- The area is surrounded by forested monutains, filled with wildlife, rivers, and lakes. [just now]
- It's my job to protect the village. [just now]
- I do the work that no one else wants to do. [just now]
- The mine site is at 51, 17. [just now]
- Thomas Smith sees Tree at X: 59.01, Y: -15.07. [just now]

Available Actions:
- move_to: Move to a target location
- drop_axe: Drop Axe onto the ground.
- drop_pickaxe: Drop Pickaxe onto the ground.
- drop_sword: Drop Sword onto the ground.
- eat: Eat some food.
- drop_berries: Drop Berries onto the ground.
- start_conversation: Start a conversation with Lucy Wilde (ID: A4).

Hitbox (what you would hit with a swing based action):
- Lucy Wilde (Health: 25/25)

Given the available information, update your task list. Take into consideration the time of day, environment, personality of the character, and more. Replace the entire JSON array by removing completed tasks, updating existing tasks with new information and priorities, and create new tasks based on the provided info. Keep the list as concise as possible. Remember focus on the time of day to adjust priorities.
